[2025-01-15T14:34:20.466+0000] {local_task_job_runner.py:120} INFO - ::group::Pre task execution logs
[2025-01-15T14:34:20.558+0000] {taskinstance.py:2076} INFO - Dependencies all met for dep_context=non-requeueable deps ti=<TaskInstance: Data_Ingestions_transactions.spark_submit_task manual__2025-01-15T14:34:17.841764+00:00 [queued]>
[2025-01-15T14:34:20.585+0000] {taskinstance.py:2076} INFO - Dependencies all met for dep_context=requeueable deps ti=<TaskInstance: Data_Ingestions_transactions.spark_submit_task manual__2025-01-15T14:34:17.841764+00:00 [queued]>
[2025-01-15T14:34:20.587+0000] {taskinstance.py:2306} INFO - Starting attempt 1 of 1
[2025-01-15T14:34:20.620+0000] {taskinstance.py:2330} INFO - Executing <Task(SparkSubmitOperator): spark_submit_task> on 2025-01-15 14:34:17.841764+00:00
[2025-01-15T14:34:20.626+0000] {standard_task_runner.py:63} INFO - Started process 656 to run task
[2025-01-15T14:34:20.631+0000] {standard_task_runner.py:90} INFO - Running: ['airflow', 'tasks', 'run', 'Data_Ingestions_transactions', 'spark_submit_task', 'manual__2025-01-15T14:34:17.841764+00:00', '--job-id', '19', '--raw', '--subdir', 'DAGS_FOLDER/Data_Ingestions_transactions.py', '--cfg-path', '/tmp/tmpnm5h60tc']
[2025-01-15T14:34:20.635+0000] {standard_task_runner.py:91} INFO - Job 19: Subtask spark_submit_task
[2025-01-15T14:34:20.703+0000] {task_command.py:426} INFO - Running <TaskInstance: Data_Ingestions_transactions.spark_submit_task manual__2025-01-15T14:34:17.841764+00:00 [running]> on host airflow-scheduler
[2025-01-15T14:34:20.811+0000] {taskinstance.py:2648} INFO - Exporting env vars: AIRFLOW_CTX_DAG_OWNER='Ajied(WhatsApp), Ajied(Email)' AIRFLOW_CTX_DAG_ID='Data_Ingestions_transactions' AIRFLOW_CTX_TASK_ID='spark_submit_task' AIRFLOW_CTX_EXECUTION_DATE='2025-01-15T14:34:17.841764+00:00' AIRFLOW_CTX_TRY_NUMBER='1' AIRFLOW_CTX_DAG_RUN_ID='manual__2025-01-15T14:34:17.841764+00:00'
[2025-01-15T14:34:20.813+0000] {taskinstance.py:430} INFO - ::endgroup::
[2025-01-15T14:34:20.824+0000] {base.py:84} INFO - Using connection ID 'spark_main' for task execution.
[2025-01-15T14:34:20.826+0000] {spark_submit.py:474} INFO - Spark-Submit cmd: spark-submit --master spark://spark-master:7077 --jars /spark-scripts/jars/jars_postgresql-42.2.20.jar --name arrow-spark /spark-scripts/data_ingestion_transactions.py
[2025-01-15T14:34:23.426+0000] {spark_submit.py:641} INFO - 25/01/15 14:34:23 WARN NativeCodeLoader: Unable to load native-hadoop library for your platform... using builtin-java classes where applicable
[2025-01-15T14:34:24.903+0000] {spark_submit.py:641} INFO - 25/01/15 14:34:24 INFO SparkContext: Running Spark version 3.5.4
[2025-01-15T14:34:24.904+0000] {spark_submit.py:641} INFO - 25/01/15 14:34:24 INFO SparkContext: OS info Linux, 5.15.153.1-microsoft-standard-WSL2, amd64
[2025-01-15T14:34:24.905+0000] {spark_submit.py:641} INFO - 25/01/15 14:34:24 INFO SparkContext: Java version 17.0.13
[2025-01-15T14:34:24.939+0000] {spark_submit.py:641} INFO - 25/01/15 14:34:24 INFO ResourceUtils: ==============================================================
[2025-01-15T14:34:24.940+0000] {spark_submit.py:641} INFO - 25/01/15 14:34:24 INFO ResourceUtils: No custom resources configured for spark.driver.
[2025-01-15T14:34:24.940+0000] {spark_submit.py:641} INFO - 25/01/15 14:34:24 INFO ResourceUtils: ==============================================================
[2025-01-15T14:34:24.941+0000] {spark_submit.py:641} INFO - 25/01/15 14:34:24 INFO SparkContext: Submitted application: arrow-spark
[2025-01-15T14:34:24.966+0000] {spark_submit.py:641} INFO - 25/01/15 14:34:24 INFO ResourceProfile: Default ResourceProfile created, executor resources: Map(memory -> name: memory, amount: 1024, script: , vendor: , offHeap -> name: offHeap, amount: 0, script: , vendor: ), task resources: Map(cpus -> name: cpus, amount: 1.0)
[2025-01-15T14:34:24.977+0000] {spark_submit.py:641} INFO - 25/01/15 14:34:24 INFO ResourceProfile: Limiting resource is cpu
[2025-01-15T14:34:24.978+0000] {spark_submit.py:641} INFO - 25/01/15 14:34:24 INFO ResourceProfileManager: Added ResourceProfile id: 0
[2025-01-15T14:34:25.038+0000] {spark_submit.py:641} INFO - 25/01/15 14:34:25 INFO SecurityManager: Changing view acls to: airflow
[2025-01-15T14:34:25.039+0000] {spark_submit.py:641} INFO - 25/01/15 14:34:25 INFO SecurityManager: Changing modify acls to: airflow
[2025-01-15T14:34:25.039+0000] {spark_submit.py:641} INFO - 25/01/15 14:34:25 INFO SecurityManager: Changing view acls groups to:
[2025-01-15T14:34:25.040+0000] {spark_submit.py:641} INFO - 25/01/15 14:34:25 INFO SecurityManager: Changing modify acls groups to:
[2025-01-15T14:34:25.041+0000] {spark_submit.py:641} INFO - 25/01/15 14:34:25 INFO SecurityManager: SecurityManager: authentication disabled; ui acls disabled; users with view permissions: airflow; groups with view permissions: EMPTY; users with modify permissions: airflow; groups with modify permissions: EMPTY
[2025-01-15T14:34:25.283+0000] {spark_submit.py:641} INFO - 25/01/15 14:34:25 INFO Utils: Successfully started service 'sparkDriver' on port 39627.
[2025-01-15T14:34:25.313+0000] {spark_submit.py:641} INFO - 25/01/15 14:34:25 INFO SparkEnv: Registering MapOutputTracker
[2025-01-15T14:34:25.350+0000] {spark_submit.py:641} INFO - 25/01/15 14:34:25 INFO SparkEnv: Registering BlockManagerMaster
[2025-01-15T14:34:25.366+0000] {spark_submit.py:641} INFO - 25/01/15 14:34:25 INFO BlockManagerMasterEndpoint: Using org.apache.spark.storage.DefaultTopologyMapper for getting topology information
[2025-01-15T14:34:25.367+0000] {spark_submit.py:641} INFO - 25/01/15 14:34:25 INFO BlockManagerMasterEndpoint: BlockManagerMasterEndpoint up
[2025-01-15T14:34:25.371+0000] {spark_submit.py:641} INFO - 25/01/15 14:34:25 INFO SparkEnv: Registering BlockManagerMasterHeartbeat
[2025-01-15T14:34:25.395+0000] {spark_submit.py:641} INFO - 25/01/15 14:34:25 INFO DiskBlockManager: Created local directory at /tmp/blockmgr-8f8d8ca7-e668-4674-97dc-3402ae530769
[2025-01-15T14:34:25.418+0000] {spark_submit.py:641} INFO - 25/01/15 14:34:25 INFO MemoryStore: MemoryStore started with capacity 434.4 MiB
[2025-01-15T14:34:25.443+0000] {spark_submit.py:641} INFO - 25/01/15 14:34:25 INFO SparkEnv: Registering OutputCommitCoordinator
[2025-01-15T14:34:25.566+0000] {spark_submit.py:641} INFO - 25/01/15 14:34:25 INFO JettyUtils: Start Jetty 0.0.0.0:4040 for SparkUI
[2025-01-15T14:34:25.637+0000] {spark_submit.py:641} INFO - 25/01/15 14:34:25 INFO Utils: Successfully started service 'SparkUI' on port 4040.
[2025-01-15T14:34:25.675+0000] {spark_submit.py:641} INFO - 25/01/15 14:34:25 ERROR SparkContext: Failed to add /opt/bitnami/spark/jars/postgresql-42.2.18.jar to Spark environment
[2025-01-15T14:34:25.676+0000] {spark_submit.py:641} INFO - java.io.FileNotFoundException: Jar /opt/bitnami/spark/jars/postgresql-42.2.18.jar not found
[2025-01-15T14:34:25.677+0000] {spark_submit.py:641} INFO - at org.apache.spark.SparkContext.addLocalJarFile$1(SparkContext.scala:2095)
[2025-01-15T14:34:25.678+0000] {spark_submit.py:641} INFO - at org.apache.spark.SparkContext.addJar(SparkContext.scala:2151)
[2025-01-15T14:34:25.678+0000] {spark_submit.py:641} INFO - at org.apache.spark.SparkContext.$anonfun$new$15(SparkContext.scala:521)
[2025-01-15T14:34:25.679+0000] {spark_submit.py:641} INFO - at org.apache.spark.SparkContext.$anonfun$new$15$adapted(SparkContext.scala:521)
[2025-01-15T14:34:25.680+0000] {spark_submit.py:641} INFO - at scala.collection.mutable.ResizableArray.foreach(ResizableArray.scala:62)
[2025-01-15T14:34:25.680+0000] {spark_submit.py:641} INFO - at scala.collection.mutable.ResizableArray.foreach$(ResizableArray.scala:55)
[2025-01-15T14:34:25.681+0000] {spark_submit.py:641} INFO - at scala.collection.mutable.ArrayBuffer.foreach(ArrayBuffer.scala:49)
[2025-01-15T14:34:25.681+0000] {spark_submit.py:641} INFO - at org.apache.spark.SparkContext.<init>(SparkContext.scala:521)
[2025-01-15T14:34:25.682+0000] {spark_submit.py:641} INFO - at org.apache.spark.api.java.JavaSparkContext.<init>(JavaSparkContext.scala:58)
[2025-01-15T14:34:25.682+0000] {spark_submit.py:641} INFO - at java.base/jdk.internal.reflect.NativeConstructorAccessorImpl.newInstance0(Native Method)
[2025-01-15T14:34:25.683+0000] {spark_submit.py:641} INFO - at java.base/jdk.internal.reflect.NativeConstructorAccessorImpl.newInstance(NativeConstructorAccessorImpl.java:77)
[2025-01-15T14:34:25.684+0000] {spark_submit.py:641} INFO - at java.base/jdk.internal.reflect.DelegatingConstructorAccessorImpl.newInstance(DelegatingConstructorAccessorImpl.java:45)
[2025-01-15T14:34:25.685+0000] {spark_submit.py:641} INFO - at java.base/java.lang.reflect.Constructor.newInstanceWithCaller(Constructor.java:500)
[2025-01-15T14:34:25.685+0000] {spark_submit.py:641} INFO - at java.base/java.lang.reflect.Constructor.newInstance(Constructor.java:481)
[2025-01-15T14:34:25.686+0000] {spark_submit.py:641} INFO - at py4j.reflection.MethodInvoker.invoke(MethodInvoker.java:247)
[2025-01-15T14:34:25.687+0000] {spark_submit.py:641} INFO - at py4j.reflection.ReflectionEngine.invoke(ReflectionEngine.java:374)
[2025-01-15T14:34:25.687+0000] {spark_submit.py:641} INFO - at py4j.Gateway.invoke(Gateway.java:238)
[2025-01-15T14:34:25.688+0000] {spark_submit.py:641} INFO - at py4j.commands.ConstructorCommand.invokeConstructor(ConstructorCommand.java:80)
[2025-01-15T14:34:25.689+0000] {spark_submit.py:641} INFO - at py4j.commands.ConstructorCommand.execute(ConstructorCommand.java:69)
[2025-01-15T14:34:25.689+0000] {spark_submit.py:641} INFO - at py4j.ClientServerConnection.waitForCommands(ClientServerConnection.java:182)
[2025-01-15T14:34:25.690+0000] {spark_submit.py:641} INFO - at py4j.ClientServerConnection.run(ClientServerConnection.java:106)
[2025-01-15T14:34:25.691+0000] {spark_submit.py:641} INFO - at java.base/java.lang.Thread.run(Thread.java:840)
[2025-01-15T14:34:25.755+0000] {spark_submit.py:641} INFO - 25/01/15 14:34:25 INFO StandaloneAppClient$ClientEndpoint: Connecting to master spark://spark-master:7077...
[2025-01-15T14:34:25.802+0000] {spark_submit.py:641} INFO - 25/01/15 14:34:25 INFO TransportClientFactory: Successfully created connection to spark-master/172.18.0.4:7077 after 26 ms (0 ms spent in bootstraps)
[2025-01-15T14:34:45.768+0000] {spark_submit.py:641} INFO - 25/01/15 14:34:45 INFO StandaloneAppClient$ClientEndpoint: Connecting to master spark://spark-master:7077...
[2025-01-15T14:35:05.767+0000] {spark_submit.py:641} INFO - 25/01/15 14:35:05 INFO StandaloneAppClient$ClientEndpoint: Connecting to master spark://spark-master:7077...
[2025-01-15T14:35:25.779+0000] {spark_submit.py:641} INFO - 25/01/15 14:35:25 ERROR StandaloneSchedulerBackend: Application has been killed. Reason: All masters are unresponsive! Giving up.
[2025-01-15T14:35:25.781+0000] {spark_submit.py:641} INFO - 25/01/15 14:35:25 WARN StandaloneSchedulerBackend: Application ID is not initialized yet.
[2025-01-15T14:35:25.815+0000] {spark_submit.py:641} INFO - 25/01/15 14:35:25 INFO Utils: Successfully started service 'org.apache.spark.network.netty.NettyBlockTransferService' on port 44495.
[2025-01-15T14:35:25.817+0000] {spark_submit.py:641} INFO - 25/01/15 14:35:25 INFO NettyBlockTransferService: Server created on airflow-scheduler:44495
[2025-01-15T14:35:25.821+0000] {spark_submit.py:641} INFO - 25/01/15 14:35:25 INFO BlockManager: Using org.apache.spark.storage.RandomBlockReplicationPolicy for block replication policy
[2025-01-15T14:35:25.844+0000] {spark_submit.py:641} INFO - 25/01/15 14:35:25 INFO BlockManagerMaster: Registering BlockManager BlockManagerId(driver, airflow-scheduler, 44495, None)
[2025-01-15T14:35:25.858+0000] {spark_submit.py:641} INFO - 25/01/15 14:35:25 INFO BlockManagerMasterEndpoint: Registering block manager airflow-scheduler:44495 with 434.4 MiB RAM, BlockManagerId(driver, airflow-scheduler, 44495, None)
[2025-01-15T14:35:25.864+0000] {spark_submit.py:641} INFO - 25/01/15 14:35:25 INFO BlockManagerMaster: Registered BlockManager BlockManagerId(driver, airflow-scheduler, 44495, None)
[2025-01-15T14:35:25.867+0000] {spark_submit.py:641} INFO - 25/01/15 14:35:25 INFO BlockManager: Initialized BlockManager: BlockManagerId(driver, airflow-scheduler, 44495, None)
[2025-01-15T14:35:26.080+0000] {spark_submit.py:641} INFO - 25/01/15 14:35:26 INFO StandaloneSchedulerBackend: SchedulerBackend is ready for scheduling beginning after reached minRegisteredResourcesRatio: 0.0
[2025-01-15T14:35:26.358+0000] {spark_submit.py:641} INFO - 25/01/15 14:35:26 WARN StandaloneAppClient$ClientEndpoint: Drop UnregisterApplication(null) because has not yet connected to master
[2025-01-15T14:35:28.835+0000] {spark_submit.py:641} INFO - Traceback (most recent call last):
[2025-01-15T14:35:28.836+0000] {spark_submit.py:641} INFO - File "/spark-scripts/data_ingestion_transactions.py", line 47, in <module>
[2025-01-15T14:35:28.840+0000] {spark_submit.py:641} INFO - transactions_dataset.write.mode("overwrite").jdbc(jdbc_url, 'public.transactions', properties=jdbc_properties)
[2025-01-15T14:35:28.841+0000] {spark_submit.py:641} INFO - File "/home/airflow/.local/lib/python3.10/site-packages/pyspark/python/lib/pyspark.zip/pyspark/sql/readwriter.py", line 1984, in jdbc
[2025-01-15T14:35:28.842+0000] {spark_submit.py:641} INFO - File "/home/airflow/.local/lib/python3.10/site-packages/pyspark/python/lib/py4j-0.10.9.7-src.zip/py4j/java_gateway.py", line 1322, in __call__
[2025-01-15T14:35:28.843+0000] {spark_submit.py:641} INFO - File "/home/airflow/.local/lib/python3.10/site-packages/pyspark/python/lib/pyspark.zip/pyspark/errors/exceptions/captured.py", line 179, in deco
[2025-01-15T14:35:28.844+0000] {spark_submit.py:641} INFO - File "/home/airflow/.local/lib/python3.10/site-packages/pyspark/python/lib/py4j-0.10.9.7-src.zip/py4j/protocol.py", line 326, in get_return_value
[2025-01-15T14:35:28.894+0000] {spark_submit.py:641} INFO - py4j.protocol.Py4JJavaError: An error occurred while calling o41.jdbc.
[2025-01-15T14:35:28.896+0000] {spark_submit.py:641} INFO - : java.lang.IllegalStateException: Cannot call methods on a stopped SparkContext.
[2025-01-15T14:35:28.898+0000] {spark_submit.py:641} INFO - This stopped SparkContext was created at:
[2025-01-15T14:35:28.900+0000] {spark_submit.py:641} INFO - 
[2025-01-15T14:35:28.901+0000] {spark_submit.py:641} INFO - org.apache.spark.api.java.JavaSparkContext.<init>(JavaSparkContext.scala:58)
[2025-01-15T14:35:28.903+0000] {spark_submit.py:641} INFO - java.base/jdk.internal.reflect.NativeConstructorAccessorImpl.newInstance0(Native Method)
[2025-01-15T14:35:28.905+0000] {spark_submit.py:641} INFO - java.base/jdk.internal.reflect.NativeConstructorAccessorImpl.newInstance(NativeConstructorAccessorImpl.java:77)
[2025-01-15T14:35:28.907+0000] {spark_submit.py:641} INFO - java.base/jdk.internal.reflect.DelegatingConstructorAccessorImpl.newInstance(DelegatingConstructorAccessorImpl.java:45)
[2025-01-15T14:35:28.909+0000] {spark_submit.py:641} INFO - java.base/java.lang.reflect.Constructor.newInstanceWithCaller(Constructor.java:500)
[2025-01-15T14:35:28.911+0000] {spark_submit.py:641} INFO - java.base/java.lang.reflect.Constructor.newInstance(Constructor.java:481)
[2025-01-15T14:35:28.913+0000] {spark_submit.py:641} INFO - py4j.reflection.MethodInvoker.invoke(MethodInvoker.java:247)
[2025-01-15T14:35:28.915+0000] {spark_submit.py:641} INFO - py4j.reflection.ReflectionEngine.invoke(ReflectionEngine.java:374)
[2025-01-15T14:35:28.917+0000] {spark_submit.py:641} INFO - py4j.Gateway.invoke(Gateway.java:238)
[2025-01-15T14:35:28.919+0000] {spark_submit.py:641} INFO - py4j.commands.ConstructorCommand.invokeConstructor(ConstructorCommand.java:80)
[2025-01-15T14:35:28.921+0000] {spark_submit.py:641} INFO - py4j.commands.ConstructorCommand.execute(ConstructorCommand.java:69)
[2025-01-15T14:35:28.924+0000] {spark_submit.py:641} INFO - py4j.ClientServerConnection.waitForCommands(ClientServerConnection.java:182)
[2025-01-15T14:35:28.926+0000] {spark_submit.py:641} INFO - py4j.ClientServerConnection.run(ClientServerConnection.java:106)
[2025-01-15T14:35:28.928+0000] {spark_submit.py:641} INFO - java.base/java.lang.Thread.run(Thread.java:840)
[2025-01-15T14:35:28.930+0000] {spark_submit.py:641} INFO - 
[2025-01-15T14:35:28.932+0000] {spark_submit.py:641} INFO - The currently active SparkContext was created at:
[2025-01-15T14:35:28.934+0000] {spark_submit.py:641} INFO - 
[2025-01-15T14:35:28.936+0000] {spark_submit.py:641} INFO - (No active SparkContext.)
[2025-01-15T14:35:28.938+0000] {spark_submit.py:641} INFO - 
[2025-01-15T14:35:28.940+0000] {spark_submit.py:641} INFO - at org.apache.spark.SparkContext.assertNotStopped(SparkContext.scala:122)
[2025-01-15T14:35:28.942+0000] {spark_submit.py:641} INFO - at org.apache.spark.SparkContext.broadcastInternal(SparkContext.scala:1654)
[2025-01-15T14:35:28.944+0000] {spark_submit.py:641} INFO - at org.apache.spark.SparkContext.broadcast(SparkContext.scala:1639)
[2025-01-15T14:35:28.946+0000] {spark_submit.py:641} INFO - at org.apache.spark.sql.execution.datasources.csv.CSVFileFormat.buildReader(CSVFileFormat.scala:102)
[2025-01-15T14:35:28.948+0000] {spark_submit.py:641} INFO - at org.apache.spark.sql.execution.datasources.FileFormat.buildReaderWithPartitionValues(FileFormat.scala:138)
[2025-01-15T14:35:28.950+0000] {spark_submit.py:641} INFO - at org.apache.spark.sql.execution.datasources.FileFormat.buildReaderWithPartitionValues$(FileFormat.scala:129)
[2025-01-15T14:35:28.952+0000] {spark_submit.py:641} INFO - at org.apache.spark.sql.execution.datasources.TextBasedFileFormat.buildReaderWithPartitionValues(FileFormat.scala:346)
[2025-01-15T14:35:28.955+0000] {spark_submit.py:641} INFO - at org.apache.spark.sql.execution.FileSourceScanExec.inputRDD$lzycompute(DataSourceScanExec.scala:548)
[2025-01-15T14:35:28.957+0000] {spark_submit.py:641} INFO - at org.apache.spark.sql.execution.FileSourceScanExec.inputRDD(DataSourceScanExec.scala:537)
[2025-01-15T14:35:28.959+0000] {spark_submit.py:641} INFO - at org.apache.spark.sql.execution.FileSourceScanExec.doExecute(DataSourceScanExec.scala:575)
[2025-01-15T14:35:28.961+0000] {spark_submit.py:641} INFO - at org.apache.spark.sql.execution.SparkPlan.$anonfun$execute$1(SparkPlan.scala:195)
[2025-01-15T14:35:28.964+0000] {spark_submit.py:641} INFO - at org.apache.spark.sql.execution.SparkPlan.$anonfun$executeQuery$1(SparkPlan.scala:246)
[2025-01-15T14:35:28.966+0000] {spark_submit.py:641} INFO - at org.apache.spark.rdd.RDDOperationScope$.withScope(RDDOperationScope.scala:151)
[2025-01-15T14:35:28.968+0000] {spark_submit.py:641} INFO - at org.apache.spark.sql.execution.SparkPlan.executeQuery(SparkPlan.scala:243)
[2025-01-15T14:35:28.970+0000] {spark_submit.py:641} INFO - at org.apache.spark.sql.execution.SparkPlan.execute(SparkPlan.scala:191)
[2025-01-15T14:35:28.972+0000] {spark_submit.py:641} INFO - at org.apache.spark.sql.execution.DeserializeToObjectExec.doExecute(objects.scala:93)
[2025-01-15T14:35:28.974+0000] {spark_submit.py:641} INFO - at org.apache.spark.sql.execution.SparkPlan.$anonfun$execute$1(SparkPlan.scala:195)
[2025-01-15T14:35:28.976+0000] {spark_submit.py:641} INFO - at org.apache.spark.sql.execution.SparkPlan.$anonfun$executeQuery$1(SparkPlan.scala:246)
[2025-01-15T14:35:28.978+0000] {spark_submit.py:641} INFO - at org.apache.spark.rdd.RDDOperationScope$.withScope(RDDOperationScope.scala:151)
[2025-01-15T14:35:28.980+0000] {spark_submit.py:641} INFO - at org.apache.spark.sql.execution.SparkPlan.executeQuery(SparkPlan.scala:243)
[2025-01-15T14:35:28.982+0000] {spark_submit.py:641} INFO - at org.apache.spark.sql.execution.SparkPlan.execute(SparkPlan.scala:191)
[2025-01-15T14:35:28.984+0000] {spark_submit.py:641} INFO - at org.apache.spark.sql.execution.QueryExecution.toRdd$lzycompute(QueryExecution.scala:207)
[2025-01-15T14:35:28.986+0000] {spark_submit.py:641} INFO - at org.apache.spark.sql.execution.QueryExecution.toRdd(QueryExecution.scala:206)
[2025-01-15T14:35:28.988+0000] {spark_submit.py:641} INFO - at org.apache.spark.sql.Dataset.rdd$lzycompute(Dataset.scala:3851)
[2025-01-15T14:35:28.990+0000] {spark_submit.py:641} INFO - at org.apache.spark.sql.Dataset.rdd(Dataset.scala:3849)
[2025-01-15T14:35:28.992+0000] {spark_submit.py:641} INFO - at org.apache.spark.sql.Dataset.$anonfun$foreachPartition$1(Dataset.scala:3516)
[2025-01-15T14:35:28.994+0000] {spark_submit.py:641} INFO - at scala.runtime.java8.JFunction0$mcV$sp.apply(JFunction0$mcV$sp.java:23)
[2025-01-15T14:35:28.996+0000] {spark_submit.py:641} INFO - at org.apache.spark.sql.Dataset.$anonfun$withNewRDDExecutionId$1(Dataset.scala:4310)
[2025-01-15T14:35:28.998+0000] {spark_submit.py:641} INFO - at org.apache.spark.sql.execution.SQLExecution$.$anonfun$withNewExecutionId$6(SQLExecution.scala:125)
[2025-01-15T14:35:29.000+0000] {spark_submit.py:641} INFO - at org.apache.spark.sql.execution.SQLExecution$.withSQLConfPropagated(SQLExecution.scala:201)
[2025-01-15T14:35:29.002+0000] {spark_submit.py:641} INFO - at org.apache.spark.sql.execution.SQLExecution$.$anonfun$withNewExecutionId$1(SQLExecution.scala:108)
[2025-01-15T14:35:29.005+0000] {spark_submit.py:641} INFO - at org.apache.spark.sql.SparkSession.withActive(SparkSession.scala:900)
[2025-01-15T14:35:29.007+0000] {spark_submit.py:641} INFO - at org.apache.spark.sql.execution.SQLExecution$.withNewExecutionId(SQLExecution.scala:66)
[2025-01-15T14:35:29.009+0000] {spark_submit.py:641} INFO - at org.apache.spark.sql.Dataset.withNewRDDExecutionId(Dataset.scala:4308)
[2025-01-15T14:35:29.011+0000] {spark_submit.py:641} INFO - at org.apache.spark.sql.Dataset.foreachPartition(Dataset.scala:3516)
[2025-01-15T14:35:29.013+0000] {spark_submit.py:641} INFO - at org.apache.spark.sql.execution.datasources.jdbc.JdbcUtils$.saveTable(JdbcUtils.scala:903)
[2025-01-15T14:35:29.015+0000] {spark_submit.py:641} INFO - at org.apache.spark.sql.execution.datasources.jdbc.JdbcRelationProvider.createRelation(JdbcRelationProvider.scala:82)
[2025-01-15T14:35:29.018+0000] {spark_submit.py:641} INFO - at org.apache.spark.sql.execution.datasources.SaveIntoDataSourceCommand.run(SaveIntoDataSourceCommand.scala:48)
[2025-01-15T14:35:29.020+0000] {spark_submit.py:641} INFO - at org.apache.spark.sql.execution.command.ExecutedCommandExec.sideEffectResult$lzycompute(commands.scala:75)
[2025-01-15T14:35:29.022+0000] {spark_submit.py:641} INFO - at org.apache.spark.sql.execution.command.ExecutedCommandExec.sideEffectResult(commands.scala:73)
[2025-01-15T14:35:29.025+0000] {spark_submit.py:641} INFO - at org.apache.spark.sql.execution.command.ExecutedCommandExec.executeCollect(commands.scala:84)
[2025-01-15T14:35:29.027+0000] {spark_submit.py:641} INFO - at org.apache.spark.sql.execution.QueryExecution$$anonfun$eagerlyExecuteCommands$1.$anonfun$applyOrElse$1(QueryExecution.scala:107)
[2025-01-15T14:35:29.029+0000] {spark_submit.py:641} INFO - at org.apache.spark.sql.execution.SQLExecution$.$anonfun$withNewExecutionId$6(SQLExecution.scala:125)
[2025-01-15T14:35:29.030+0000] {spark_submit.py:641} INFO - at org.apache.spark.sql.execution.SQLExecution$.withSQLConfPropagated(SQLExecution.scala:201)
[2025-01-15T14:35:29.033+0000] {spark_submit.py:641} INFO - at org.apache.spark.sql.execution.SQLExecution$.$anonfun$withNewExecutionId$1(SQLExecution.scala:108)
[2025-01-15T14:35:29.035+0000] {spark_submit.py:641} INFO - at org.apache.spark.sql.SparkSession.withActive(SparkSession.scala:900)
[2025-01-15T14:35:29.037+0000] {spark_submit.py:641} INFO - at org.apache.spark.sql.execution.SQLExecution$.withNewExecutionId(SQLExecution.scala:66)
[2025-01-15T14:35:29.040+0000] {spark_submit.py:641} INFO - at org.apache.spark.sql.execution.QueryExecution$$anonfun$eagerlyExecuteCommands$1.applyOrElse(QueryExecution.scala:107)
[2025-01-15T14:35:29.042+0000] {spark_submit.py:641} INFO - at org.apache.spark.sql.execution.QueryExecution$$anonfun$eagerlyExecuteCommands$1.applyOrElse(QueryExecution.scala:98)
[2025-01-15T14:35:29.044+0000] {spark_submit.py:641} INFO - at org.apache.spark.sql.catalyst.trees.TreeNode.$anonfun$transformDownWithPruning$1(TreeNode.scala:461)
[2025-01-15T14:35:29.046+0000] {spark_submit.py:641} INFO - at org.apache.spark.sql.catalyst.trees.CurrentOrigin$.withOrigin(origin.scala:76)
[2025-01-15T14:35:29.048+0000] {spark_submit.py:641} INFO - at org.apache.spark.sql.catalyst.trees.TreeNode.transformDownWithPruning(TreeNode.scala:461)
[2025-01-15T14:35:29.050+0000] {spark_submit.py:641} INFO - at org.apache.spark.sql.catalyst.plans.logical.LogicalPlan.org$apache$spark$sql$catalyst$plans$logical$AnalysisHelper$$super$transformDownWithPruning(LogicalPlan.scala:32)
[2025-01-15T14:35:29.052+0000] {spark_submit.py:641} INFO - at org.apache.spark.sql.catalyst.plans.logical.AnalysisHelper.transformDownWithPruning(AnalysisHelper.scala:267)
[2025-01-15T14:35:29.054+0000] {spark_submit.py:641} INFO - at org.apache.spark.sql.catalyst.plans.logical.AnalysisHelper.transformDownWithPruning$(AnalysisHelper.scala:263)
[2025-01-15T14:35:29.056+0000] {spark_submit.py:641} INFO - at org.apache.spark.sql.catalyst.plans.logical.LogicalPlan.transformDownWithPruning(LogicalPlan.scala:32)
[2025-01-15T14:35:29.057+0000] {spark_submit.py:641} INFO - at org.apache.spark.sql.catalyst.plans.logical.LogicalPlan.transformDownWithPruning(LogicalPlan.scala:32)
[2025-01-15T14:35:29.060+0000] {spark_submit.py:641} INFO - at org.apache.spark.sql.catalyst.trees.TreeNode.transformDown(TreeNode.scala:437)
[2025-01-15T14:35:29.062+0000] {spark_submit.py:641} INFO - at org.apache.spark.sql.execution.QueryExecution.eagerlyExecuteCommands(QueryExecution.scala:98)
[2025-01-15T14:35:29.064+0000] {spark_submit.py:641} INFO - at org.apache.spark.sql.execution.QueryExecution.commandExecuted$lzycompute(QueryExecution.scala:85)
[2025-01-15T14:35:29.067+0000] {spark_submit.py:641} INFO - at org.apache.spark.sql.execution.QueryExecution.commandExecuted(QueryExecution.scala:83)
[2025-01-15T14:35:29.069+0000] {spark_submit.py:641} INFO - at org.apache.spark.sql.execution.QueryExecution.assertCommandExecuted(QueryExecution.scala:142)
[2025-01-15T14:35:29.070+0000] {spark_submit.py:641} INFO - at org.apache.spark.sql.DataFrameWriter.runCommand(DataFrameWriter.scala:869)
[2025-01-15T14:35:29.073+0000] {spark_submit.py:641} INFO - at org.apache.spark.sql.DataFrameWriter.saveToV1Source(DataFrameWriter.scala:391)
[2025-01-15T14:35:29.075+0000] {spark_submit.py:641} INFO - at org.apache.spark.sql.DataFrameWriter.saveInternal(DataFrameWriter.scala:364)
[2025-01-15T14:35:29.077+0000] {spark_submit.py:641} INFO - at org.apache.spark.sql.DataFrameWriter.save(DataFrameWriter.scala:251)
[2025-01-15T14:35:29.079+0000] {spark_submit.py:641} INFO - at org.apache.spark.sql.DataFrameWriter.jdbc(DataFrameWriter.scala:766)
[2025-01-15T14:35:29.081+0000] {spark_submit.py:641} INFO - at java.base/jdk.internal.reflect.NativeMethodAccessorImpl.invoke0(Native Method)
[2025-01-15T14:35:29.083+0000] {spark_submit.py:641} INFO - at java.base/jdk.internal.reflect.NativeMethodAccessorImpl.invoke(NativeMethodAccessorImpl.java:77)
[2025-01-15T14:35:29.084+0000] {spark_submit.py:641} INFO - at java.base/jdk.internal.reflect.DelegatingMethodAccessorImpl.invoke(DelegatingMethodAccessorImpl.java:43)
[2025-01-15T14:35:29.087+0000] {spark_submit.py:641} INFO - at java.base/java.lang.reflect.Method.invoke(Method.java:569)
[2025-01-15T14:35:29.089+0000] {spark_submit.py:641} INFO - at py4j.reflection.MethodInvoker.invoke(MethodInvoker.java:244)
[2025-01-15T14:35:29.091+0000] {spark_submit.py:641} INFO - at py4j.reflection.ReflectionEngine.invoke(ReflectionEngine.java:374)
[2025-01-15T14:35:29.093+0000] {spark_submit.py:641} INFO - at py4j.Gateway.invoke(Gateway.java:282)
[2025-01-15T14:35:29.095+0000] {spark_submit.py:641} INFO - at py4j.commands.AbstractCommand.invokeMethod(AbstractCommand.java:132)
[2025-01-15T14:35:29.097+0000] {spark_submit.py:641} INFO - at py4j.commands.CallCommand.execute(CallCommand.java:79)
[2025-01-15T14:35:29.099+0000] {spark_submit.py:641} INFO - at py4j.ClientServerConnection.waitForCommands(ClientServerConnection.java:182)
[2025-01-15T14:35:29.101+0000] {spark_submit.py:641} INFO - at py4j.ClientServerConnection.run(ClientServerConnection.java:106)
[2025-01-15T14:35:29.103+0000] {spark_submit.py:641} INFO - at java.base/java.lang.Thread.run(Thread.java:840)
[2025-01-15T14:35:29.105+0000] {spark_submit.py:641} INFO - 
[2025-01-15T14:35:29.260+0000] {taskinstance.py:441} INFO - ::group::Post task execution logs
[2025-01-15T14:35:29.302+0000] {taskinstance.py:2905} ERROR - Task failed with exception
Traceback (most recent call last):
  File "/home/airflow/.local/lib/python3.10/site-packages/airflow/models/taskinstance.py", line 465, in _execute_task
    result = _execute_callable(context=context, **execute_callable_kwargs)
  File "/home/airflow/.local/lib/python3.10/site-packages/airflow/models/taskinstance.py", line 432, in _execute_callable
    return execute_callable(context=context, **execute_callable_kwargs)
  File "/home/airflow/.local/lib/python3.10/site-packages/airflow/models/baseoperator.py", line 401, in wrapper
    return func(self, *args, **kwargs)
  File "/home/airflow/.local/lib/python3.10/site-packages/airflow/providers/apache/spark/operators/spark_submit.py", line 177, in execute
    self._hook.submit(self.application)
  File "/home/airflow/.local/lib/python3.10/site-packages/airflow/providers/apache/spark/hooks/spark_submit.py", line 567, in submit
    raise AirflowException(
airflow.exceptions.AirflowException: Cannot execute: spark-submit --master spark://spark-master:7077 --jars /spark-scripts/jars/jars_postgresql-42.2.20.jar --name arrow-spark /spark-scripts/data_ingestion_transactions.py. Error code is: 1.
[2025-01-15T14:35:29.314+0000] {taskinstance.py:1206} INFO - Marking task as FAILED. dag_id=Data_Ingestions_transactions, task_id=spark_submit_task, run_id=manual__2025-01-15T14:34:17.841764+00:00, execution_date=20250115T143417, start_date=20250115T143420, end_date=20250115T143529
[2025-01-15T14:35:29.355+0000] {standard_task_runner.py:110} ERROR - Failed to execute job 19 for task spark_submit_task (Cannot execute: spark-submit --master spark://spark-master:7077 --jars /spark-scripts/jars/jars_postgresql-42.2.20.jar --name arrow-spark /spark-scripts/data_ingestion_transactions.py. Error code is: 1.; 656)
[2025-01-15T14:35:29.374+0000] {local_task_job_runner.py:240} INFO - Task exited with return code 1
[2025-01-15T14:35:29.435+0000] {taskinstance.py:3503} INFO - 0 downstream tasks scheduled from follow-on schedule check
[2025-01-15T14:35:29.446+0000] {local_task_job_runner.py:222} INFO - ::endgroup::
