[2025-01-16T03:38:47.566+0000] {local_task_job_runner.py:120} INFO - ::group::Pre task execution logs
[2025-01-16T03:38:47.761+0000] {taskinstance.py:2076} INFO - Dependencies all met for dep_context=non-requeueable deps ti=<TaskInstance: Data_Ingestions_produts.spark_submit_task manual__2025-01-16T03:38:35.609471+00:00 [queued]>
[2025-01-16T03:38:47.788+0000] {taskinstance.py:2076} INFO - Dependencies all met for dep_context=requeueable deps ti=<TaskInstance: Data_Ingestions_produts.spark_submit_task manual__2025-01-16T03:38:35.609471+00:00 [queued]>
[2025-01-16T03:38:47.790+0000] {taskinstance.py:2306} INFO - Starting attempt 1 of 1
[2025-01-16T03:38:47.833+0000] {taskinstance.py:2330} INFO - Executing <Task(SparkSubmitOperator): spark_submit_task> on 2025-01-16 03:38:35.609471+00:00
[2025-01-16T03:38:47.861+0000] {standard_task_runner.py:63} INFO - Started process 248 to run task
[2025-01-16T03:38:47.908+0000] {standard_task_runner.py:90} INFO - Running: ['airflow', 'tasks', 'run', 'Data_Ingestions_produts', 'spark_submit_task', 'manual__2025-01-16T03:38:35.609471+00:00', '--job-id', '4', '--raw', '--subdir', 'DAGS_FOLDER/Data_Ingestions_produts.py', '--cfg-path', '/tmp/tmpyd7mhfjl']
[2025-01-16T03:38:47.927+0000] {standard_task_runner.py:91} INFO - Job 4: Subtask spark_submit_task
[2025-01-16T03:38:48.304+0000] {task_command.py:426} INFO - Running <TaskInstance: Data_Ingestions_produts.spark_submit_task manual__2025-01-16T03:38:35.609471+00:00 [running]> on host airflow-scheduler
[2025-01-16T03:38:48.844+0000] {taskinstance.py:2648} INFO - Exporting env vars: AIRFLOW_CTX_DAG_OWNER='Ajied(WhatsApp), Ajied(Email)' AIRFLOW_CTX_DAG_ID='Data_Ingestions_produts' AIRFLOW_CTX_TASK_ID='spark_submit_task' AIRFLOW_CTX_EXECUTION_DATE='2025-01-16T03:38:35.609471+00:00' AIRFLOW_CTX_TRY_NUMBER='1' AIRFLOW_CTX_DAG_RUN_ID='manual__2025-01-16T03:38:35.609471+00:00'
[2025-01-16T03:38:48.849+0000] {taskinstance.py:430} INFO - ::endgroup::
[2025-01-16T03:38:48.869+0000] {base.py:84} INFO - Using connection ID 'spark_main' for task execution.
[2025-01-16T03:38:48.871+0000] {spark_submit.py:474} INFO - Spark-Submit cmd: spark-submit --master spark://spark-master:7077 --jars /spark-scripts/jars/jars_postgresql-42.2.20.jar --name arrow-spark /spark-scripts/data_ingestion_products.py
[2025-01-16T03:38:55.586+0000] {spark_submit.py:641} INFO - 25/01/16 03:38:55 WARN NativeCodeLoader: Unable to load native-hadoop library for your platform... using builtin-java classes where applicable
[2025-01-16T03:39:00.341+0000] {spark_submit.py:641} INFO - 25/01/16 03:39:00 INFO SparkContext: Running Spark version 3.3.2
[2025-01-16T03:39:00.421+0000] {spark_submit.py:641} INFO - 25/01/16 03:39:00 INFO ResourceUtils: ==============================================================
[2025-01-16T03:39:00.422+0000] {spark_submit.py:641} INFO - 25/01/16 03:39:00 INFO ResourceUtils: No custom resources configured for spark.driver.
[2025-01-16T03:39:00.423+0000] {spark_submit.py:641} INFO - 25/01/16 03:39:00 INFO ResourceUtils: ==============================================================
[2025-01-16T03:39:00.424+0000] {spark_submit.py:641} INFO - 25/01/16 03:39:00 INFO SparkContext: Submitted application: Data Ingestion
[2025-01-16T03:39:00.523+0000] {spark_submit.py:641} INFO - 25/01/16 03:39:00 INFO ResourceProfile: Default ResourceProfile created, executor resources: Map(cores -> name: cores, amount: 1, script: , vendor: , memory -> name: memory, amount: 1024, script: , vendor: , offHeap -> name: offHeap, amount: 0, script: , vendor: ), task resources: Map(cpus -> name: cpus, amount: 1.0)
[2025-01-16T03:39:00.549+0000] {spark_submit.py:641} INFO - 25/01/16 03:39:00 INFO ResourceProfile: Limiting resource is cpu
[2025-01-16T03:39:00.550+0000] {spark_submit.py:641} INFO - 25/01/16 03:39:00 INFO ResourceProfileManager: Added ResourceProfile id: 0
[2025-01-16T03:39:00.797+0000] {spark_submit.py:641} INFO - 25/01/16 03:39:00 INFO SecurityManager: Changing view acls to: airflow
[2025-01-16T03:39:00.800+0000] {spark_submit.py:641} INFO - 25/01/16 03:39:00 INFO SecurityManager: Changing modify acls to: airflow
[2025-01-16T03:39:00.802+0000] {spark_submit.py:641} INFO - 25/01/16 03:39:00 INFO SecurityManager: Changing view acls groups to:
[2025-01-16T03:39:00.805+0000] {spark_submit.py:641} INFO - 25/01/16 03:39:00 INFO SecurityManager: Changing modify acls groups to:
[2025-01-16T03:39:00.810+0000] {spark_submit.py:641} INFO - 25/01/16 03:39:00 INFO SecurityManager: SecurityManager: authentication disabled; ui acls disabled; users  with view permissions: Set(airflow); groups with view permissions: Set(); users  with modify permissions: Set(airflow); groups with modify permissions: Set()
[2025-01-16T03:39:02.353+0000] {spark_submit.py:641} INFO - 25/01/16 03:39:02 INFO Utils: Successfully started service 'sparkDriver' on port 33657.
[2025-01-16T03:39:02.530+0000] {spark_submit.py:641} INFO - 25/01/16 03:39:02 INFO SparkEnv: Registering MapOutputTracker
[2025-01-16T03:39:02.719+0000] {spark_submit.py:641} INFO - 25/01/16 03:39:02 INFO SparkEnv: Registering BlockManagerMaster
[2025-01-16T03:39:02.827+0000] {spark_submit.py:641} INFO - 25/01/16 03:39:02 INFO BlockManagerMasterEndpoint: Using org.apache.spark.storage.DefaultTopologyMapper for getting topology information
[2025-01-16T03:39:02.829+0000] {spark_submit.py:641} INFO - 25/01/16 03:39:02 INFO BlockManagerMasterEndpoint: BlockManagerMasterEndpoint up
[2025-01-16T03:39:02.841+0000] {spark_submit.py:641} INFO - 25/01/16 03:39:02 INFO SparkEnv: Registering BlockManagerMasterHeartbeat
[2025-01-16T03:39:02.930+0000] {spark_submit.py:641} INFO - 25/01/16 03:39:02 INFO DiskBlockManager: Created local directory at /tmp/blockmgr-65e7a84c-e516-4576-b5f4-af77c630ac16
[2025-01-16T03:39:03.021+0000] {spark_submit.py:641} INFO - 25/01/16 03:39:03 INFO MemoryStore: MemoryStore started with capacity 434.4 MiB
[2025-01-16T03:39:03.059+0000] {spark_submit.py:641} INFO - 25/01/16 03:39:03 INFO SparkEnv: Registering OutputCommitCoordinator
[2025-01-16T03:39:03.629+0000] {spark_submit.py:641} INFO - 25/01/16 03:39:03 INFO Utils: Successfully started service 'SparkUI' on port 4040.
[2025-01-16T03:39:03.746+0000] {spark_submit.py:641} INFO - 25/01/16 03:39:03 ERROR SparkContext: Failed to add /opt/bitnami/spark/jars/postgresql-42.2.18.jar to Spark environment
[2025-01-16T03:39:03.746+0000] {spark_submit.py:641} INFO - java.io.FileNotFoundException: Jar /opt/bitnami/spark/jars/postgresql-42.2.18.jar not found
[2025-01-16T03:39:03.747+0000] {spark_submit.py:641} INFO - at org.apache.spark.SparkContext.addLocalJarFile$1(SparkContext.scala:1959)
[2025-01-16T03:39:03.748+0000] {spark_submit.py:641} INFO - at org.apache.spark.SparkContext.addJar(SparkContext.scala:2014)
[2025-01-16T03:39:03.748+0000] {spark_submit.py:641} INFO - at org.apache.spark.SparkContext.$anonfun$new$12(SparkContext.scala:507)
[2025-01-16T03:39:03.749+0000] {spark_submit.py:641} INFO - at org.apache.spark.SparkContext.$anonfun$new$12$adapted(SparkContext.scala:507)
[2025-01-16T03:39:03.750+0000] {spark_submit.py:641} INFO - at scala.collection.mutable.ResizableArray.foreach(ResizableArray.scala:62)
[2025-01-16T03:39:03.750+0000] {spark_submit.py:641} INFO - at scala.collection.mutable.ResizableArray.foreach$(ResizableArray.scala:55)
[2025-01-16T03:39:03.751+0000] {spark_submit.py:641} INFO - at scala.collection.mutable.ArrayBuffer.foreach(ArrayBuffer.scala:49)
[2025-01-16T03:39:03.751+0000] {spark_submit.py:641} INFO - at org.apache.spark.SparkContext.<init>(SparkContext.scala:507)
[2025-01-16T03:39:03.752+0000] {spark_submit.py:641} INFO - at org.apache.spark.api.java.JavaSparkContext.<init>(JavaSparkContext.scala:58)
[2025-01-16T03:39:03.752+0000] {spark_submit.py:641} INFO - at java.base/jdk.internal.reflect.NativeConstructorAccessorImpl.newInstance0(Native Method)
[2025-01-16T03:39:03.753+0000] {spark_submit.py:641} INFO - at java.base/jdk.internal.reflect.NativeConstructorAccessorImpl.newInstance(NativeConstructorAccessorImpl.java:77)
[2025-01-16T03:39:03.754+0000] {spark_submit.py:641} INFO - at java.base/jdk.internal.reflect.DelegatingConstructorAccessorImpl.newInstance(DelegatingConstructorAccessorImpl.java:45)
[2025-01-16T03:39:03.754+0000] {spark_submit.py:641} INFO - at java.base/java.lang.reflect.Constructor.newInstanceWithCaller(Constructor.java:500)
[2025-01-16T03:39:03.756+0000] {spark_submit.py:641} INFO - at java.base/java.lang.reflect.Constructor.newInstance(Constructor.java:481)
[2025-01-16T03:39:03.757+0000] {spark_submit.py:641} INFO - at py4j.reflection.MethodInvoker.invoke(MethodInvoker.java:247)
[2025-01-16T03:39:03.757+0000] {spark_submit.py:641} INFO - at py4j.reflection.ReflectionEngine.invoke(ReflectionEngine.java:357)
[2025-01-16T03:39:03.758+0000] {spark_submit.py:641} INFO - at py4j.Gateway.invoke(Gateway.java:238)
[2025-01-16T03:39:03.758+0000] {spark_submit.py:641} INFO - at py4j.commands.ConstructorCommand.invokeConstructor(ConstructorCommand.java:80)
[2025-01-16T03:39:03.759+0000] {spark_submit.py:641} INFO - at py4j.commands.ConstructorCommand.execute(ConstructorCommand.java:69)
[2025-01-16T03:39:03.759+0000] {spark_submit.py:641} INFO - at py4j.ClientServerConnection.waitForCommands(ClientServerConnection.java:182)
[2025-01-16T03:39:03.760+0000] {spark_submit.py:641} INFO - at py4j.ClientServerConnection.run(ClientServerConnection.java:106)
[2025-01-16T03:39:03.760+0000] {spark_submit.py:641} INFO - at java.base/java.lang.Thread.run(Thread.java:840)
[2025-01-16T03:39:04.044+0000] {spark_submit.py:641} INFO - 25/01/16 03:39:04 INFO StandaloneAppClient$ClientEndpoint: Connecting to master spark://spark-master:7077...
[2025-01-16T03:39:04.192+0000] {spark_submit.py:641} INFO - 25/01/16 03:39:04 INFO TransportClientFactory: Successfully created connection to spark-master/172.18.0.2:7077 after 86 ms (0 ms spent in bootstraps)
[2025-01-16T03:39:05.321+0000] {spark_submit.py:641} INFO - 25/01/16 03:39:05 INFO StandaloneSchedulerBackend: Connected to Spark cluster with app ID app-20250116033905-0001
[2025-01-16T03:39:05.338+0000] {spark_submit.py:641} INFO - 25/01/16 03:39:05 INFO Utils: Successfully started service 'org.apache.spark.network.netty.NettyBlockTransferService' on port 37113.
[2025-01-16T03:39:05.339+0000] {spark_submit.py:641} INFO - 25/01/16 03:39:05 INFO NettyBlockTransferService: Server created on airflow-scheduler:37113
[2025-01-16T03:39:05.342+0000] {spark_submit.py:641} INFO - 25/01/16 03:39:05 INFO BlockManager: Using org.apache.spark.storage.RandomBlockReplicationPolicy for block replication policy
[2025-01-16T03:39:05.344+0000] {spark_submit.py:641} INFO - 25/01/16 03:39:05 INFO StandaloneAppClient$ClientEndpoint: Executor added: app-20250116033905-0001/0 on worker-20250116033507-172.18.0.3-45821 (172.18.0.3:45821) with 1 core(s)
[2025-01-16T03:39:05.348+0000] {spark_submit.py:641} INFO - 25/01/16 03:39:05 INFO StandaloneSchedulerBackend: Granted executor ID app-20250116033905-0001/0 on hostPort 172.18.0.3:45821 with 1 core(s), 1024.0 MiB RAM
[2025-01-16T03:39:05.365+0000] {spark_submit.py:641} INFO - 25/01/16 03:39:05 INFO BlockManagerMaster: Registering BlockManager BlockManagerId(driver, airflow-scheduler, 37113, None)
[2025-01-16T03:39:05.372+0000] {spark_submit.py:641} INFO - 25/01/16 03:39:05 INFO BlockManagerMasterEndpoint: Registering block manager airflow-scheduler:37113 with 434.4 MiB RAM, BlockManagerId(driver, airflow-scheduler, 37113, None)
[2025-01-16T03:39:05.375+0000] {spark_submit.py:641} INFO - 25/01/16 03:39:05 INFO BlockManagerMaster: Registered BlockManager BlockManagerId(driver, airflow-scheduler, 37113, None)
[2025-01-16T03:39:05.378+0000] {spark_submit.py:641} INFO - 25/01/16 03:39:05 INFO BlockManager: Initialized BlockManager: BlockManagerId(driver, airflow-scheduler, 37113, None)
[2025-01-16T03:39:05.826+0000] {spark_submit.py:641} INFO - 25/01/16 03:39:05 INFO StandaloneAppClient$ClientEndpoint: Executor updated: app-20250116033905-0001/0 is now RUNNING
[2025-01-16T03:39:05.882+0000] {spark_submit.py:641} INFO - 25/01/16 03:39:05 INFO StandaloneSchedulerBackend: SchedulerBackend is ready for scheduling beginning after reached minRegisteredResourcesRatio: 0.0
[2025-01-16T03:39:21.444+0000] {spark_submit.py:641} INFO - Products Dataset:
[2025-01-16T03:39:22.090+0000] {spark_submit.py:641} INFO - +------------------+--------------------+--------------------+--------------------+--------------------+
[2025-01-16T03:39:22.091+0000] {spark_submit.py:641} INFO - |        product_id|        product_name|            category|        manufacturer|          base_price|
[2025-01-16T03:39:22.092+0000] {spark_submit.py:641} INFO - +------------------+--------------------+--------------------+--------------------+--------------------+
[2025-01-16T03:39:22.092+0000] {spark_submit.py:641} INFO - |     PROD-a7e8c7dd|       Books Item 72|               Books|             EcoTech|              475.85|
[2025-01-16T03:39:22.093+0000] {spark_submit.py:641} INFO - |     PROD-a9a7608e|Sports & Outdoors...|   Sports & Outdoors|        GlobalBrands|                hear|
[2025-01-16T03:39:22.093+0000] {spark_submit.py:641} INFO - |     PROD-38e2b395|Home & Kitchen It...|      Home & Kitchen|                -683|              235.03|
[2025-01-16T03:39:22.094+0000] {spark_submit.py:641} INFO - |     PROD-048762fb|Home & Kitchen It...|      Home & Kitchen|GlobalBrands_NOIS...|               20.09|
[2025-01-16T03:39:22.094+0000] {spark_submit.py:641} INFO - |Too often trouble.|      Books Item 192|               Books|        GlobalBrands|              469.89|
[2025-01-16T03:39:22.094+0000] {spark_submit.py:641} INFO - |     PROD-1f031ffb|                -605|               Books|        FashionHouse|               99.87|
[2025-01-16T03:39:22.095+0000] {spark_submit.py:641} INFO - |     PROD-83498373|Beauty & Personal...|Beauty & Personal...|           TechGiant|               13.46|
[2025-01-16T03:39:22.095+0000] {spark_submit.py:641} INFO - |     PROD-ac904d51|                -193|      Home & Kitchen|        GlobalBrands|              309.81|
[2025-01-16T03:39:22.096+0000] {spark_submit.py:641} INFO - |PROD-69b00429_head|      Books Item 958|                Bo  |           SportsPro|              189.52|
[2025-01-16T03:39:22.096+0000] {spark_submit.py:641} INFO - |     PROD-db9600bd|                null|Beauty & Personal...|         LuxuryGoods|MISSING_DATA_a207...|
[2025-01-16T03:39:22.097+0000] {spark_submit.py:641} INFO - +------------------+--------------------+--------------------+--------------------+--------------------+
[2025-01-16T03:39:22.097+0000] {spark_submit.py:641} INFO - only showing top 10 rows
[2025-01-16T03:39:22.098+0000] {spark_submit.py:641} INFO - 
[2025-01-16T03:39:22.321+0000] {taskinstance.py:441} INFO - ::group::Post task execution logs
[2025-01-16T03:39:22.358+0000] {taskinstance.py:1206} INFO - Marking task as SUCCESS. dag_id=Data_Ingestions_produts, task_id=spark_submit_task, run_id=manual__2025-01-16T03:38:35.609471+00:00, execution_date=20250116T033835, start_date=20250116T033847, end_date=20250116T033922
[2025-01-16T03:39:22.429+0000] {local_task_job_runner.py:240} INFO - Task exited with return code 0
[2025-01-16T03:39:22.469+0000] {taskinstance.py:3503} INFO - 0 downstream tasks scheduled from follow-on schedule check
[2025-01-16T03:39:22.473+0000] {local_task_job_runner.py:222} INFO - ::endgroup::
