[2025-01-15T14:21:42.748+0000] {local_task_job_runner.py:120} INFO - ::group::Pre task execution logs
[2025-01-15T14:21:42.789+0000] {taskinstance.py:2076} INFO - Dependencies all met for dep_context=non-requeueable deps ti=<TaskInstance: Data_Ingestions_produts.spark_submit_task manual__2025-01-15T14:21:40.061541+00:00 [queued]>
[2025-01-15T14:21:42.802+0000] {taskinstance.py:2076} INFO - Dependencies all met for dep_context=requeueable deps ti=<TaskInstance: Data_Ingestions_produts.spark_submit_task manual__2025-01-15T14:21:40.061541+00:00 [queued]>
[2025-01-15T14:21:42.803+0000] {taskinstance.py:2306} INFO - Starting attempt 1 of 1
[2025-01-15T14:21:42.821+0000] {taskinstance.py:2330} INFO - Executing <Task(SparkSubmitOperator): spark_submit_task> on 2025-01-15 14:21:40.061541+00:00
[2025-01-15T14:21:42.826+0000] {standard_task_runner.py:63} INFO - Started process 217 to run task
[2025-01-15T14:21:42.832+0000] {standard_task_runner.py:90} INFO - Running: ['airflow', 'tasks', 'run', 'Data_Ingestions_produts', 'spark_submit_task', 'manual__2025-01-15T14:21:40.061541+00:00', '--job-id', '18', '--raw', '--subdir', 'DAGS_FOLDER/Data_Ingestions_produts.py', '--cfg-path', '/tmp/tmp2nj2r3xt']
[2025-01-15T14:21:42.835+0000] {standard_task_runner.py:91} INFO - Job 18: Subtask spark_submit_task
[2025-01-15T14:21:42.904+0000] {task_command.py:426} INFO - Running <TaskInstance: Data_Ingestions_produts.spark_submit_task manual__2025-01-15T14:21:40.061541+00:00 [running]> on host airflow-scheduler
[2025-01-15T14:21:43.014+0000] {taskinstance.py:2648} INFO - Exporting env vars: AIRFLOW_CTX_DAG_OWNER='Ajied(WhatsApp), Ajied(Email)' AIRFLOW_CTX_DAG_ID='Data_Ingestions_produts' AIRFLOW_CTX_TASK_ID='spark_submit_task' AIRFLOW_CTX_EXECUTION_DATE='2025-01-15T14:21:40.061541+00:00' AIRFLOW_CTX_TRY_NUMBER='1' AIRFLOW_CTX_DAG_RUN_ID='manual__2025-01-15T14:21:40.061541+00:00'
[2025-01-15T14:21:43.016+0000] {taskinstance.py:430} INFO - ::endgroup::
[2025-01-15T14:21:43.026+0000] {base.py:84} INFO - Using connection ID 'spark_main' for task execution.
[2025-01-15T14:21:43.028+0000] {spark_submit.py:474} INFO - Spark-Submit cmd: spark-submit --master spark://spark-master:7077 --jars /spark-scripts/jars/jars_postgresql-42.2.20.jar --name arrow-spark /spark-scripts/data_ingestion_products.py
[2025-01-15T14:21:46.661+0000] {spark_submit.py:641} INFO - 25/01/15 14:21:46 WARN NativeCodeLoader: Unable to load native-hadoop library for your platform... using builtin-java classes where applicable
[2025-01-15T14:21:49.163+0000] {spark_submit.py:641} INFO - 25/01/15 14:21:49 INFO SparkContext: Running Spark version 3.5.4
[2025-01-15T14:21:49.164+0000] {spark_submit.py:641} INFO - 25/01/15 14:21:49 INFO SparkContext: OS info Linux, 5.15.153.1-microsoft-standard-WSL2, amd64
[2025-01-15T14:21:49.164+0000] {spark_submit.py:641} INFO - 25/01/15 14:21:49 INFO SparkContext: Java version 17.0.13
[2025-01-15T14:21:49.197+0000] {spark_submit.py:641} INFO - 25/01/15 14:21:49 INFO ResourceUtils: ==============================================================
[2025-01-15T14:21:49.198+0000] {spark_submit.py:641} INFO - 25/01/15 14:21:49 INFO ResourceUtils: No custom resources configured for spark.driver.
[2025-01-15T14:21:49.199+0000] {spark_submit.py:641} INFO - 25/01/15 14:21:49 INFO ResourceUtils: ==============================================================
[2025-01-15T14:21:49.200+0000] {spark_submit.py:641} INFO - 25/01/15 14:21:49 INFO SparkContext: Submitted application: arrow-spark
[2025-01-15T14:21:49.229+0000] {spark_submit.py:641} INFO - 25/01/15 14:21:49 INFO ResourceProfile: Default ResourceProfile created, executor resources: Map(memory -> name: memory, amount: 1024, script: , vendor: , offHeap -> name: offHeap, amount: 0, script: , vendor: ), task resources: Map(cpus -> name: cpus, amount: 1.0)
[2025-01-15T14:21:49.239+0000] {spark_submit.py:641} INFO - 25/01/15 14:21:49 INFO ResourceProfile: Limiting resource is cpu
[2025-01-15T14:21:49.239+0000] {spark_submit.py:641} INFO - 25/01/15 14:21:49 INFO ResourceProfileManager: Added ResourceProfile id: 0
[2025-01-15T14:21:49.317+0000] {spark_submit.py:641} INFO - 25/01/15 14:21:49 INFO SecurityManager: Changing view acls to: airflow
[2025-01-15T14:21:49.318+0000] {spark_submit.py:641} INFO - 25/01/15 14:21:49 INFO SecurityManager: Changing modify acls to: airflow
[2025-01-15T14:21:49.319+0000] {spark_submit.py:641} INFO - 25/01/15 14:21:49 INFO SecurityManager: Changing view acls groups to:
[2025-01-15T14:21:49.320+0000] {spark_submit.py:641} INFO - 25/01/15 14:21:49 INFO SecurityManager: Changing modify acls groups to:
[2025-01-15T14:21:49.320+0000] {spark_submit.py:641} INFO - 25/01/15 14:21:49 INFO SecurityManager: SecurityManager: authentication disabled; ui acls disabled; users with view permissions: airflow; groups with view permissions: EMPTY; users with modify permissions: airflow; groups with modify permissions: EMPTY
[2025-01-15T14:21:49.658+0000] {spark_submit.py:641} INFO - 25/01/15 14:21:49 INFO Utils: Successfully started service 'sparkDriver' on port 39313.
[2025-01-15T14:21:49.705+0000] {spark_submit.py:641} INFO - 25/01/15 14:21:49 INFO SparkEnv: Registering MapOutputTracker
[2025-01-15T14:21:49.756+0000] {spark_submit.py:641} INFO - 25/01/15 14:21:49 INFO SparkEnv: Registering BlockManagerMaster
[2025-01-15T14:21:49.783+0000] {spark_submit.py:641} INFO - 25/01/15 14:21:49 INFO BlockManagerMasterEndpoint: Using org.apache.spark.storage.DefaultTopologyMapper for getting topology information
[2025-01-15T14:21:49.783+0000] {spark_submit.py:641} INFO - 25/01/15 14:21:49 INFO BlockManagerMasterEndpoint: BlockManagerMasterEndpoint up
[2025-01-15T14:21:49.788+0000] {spark_submit.py:641} INFO - 25/01/15 14:21:49 INFO SparkEnv: Registering BlockManagerMasterHeartbeat
[2025-01-15T14:21:49.832+0000] {spark_submit.py:641} INFO - 25/01/15 14:21:49 INFO DiskBlockManager: Created local directory at /tmp/blockmgr-6166aea5-f35c-420a-b8e9-ff048186da28
[2025-01-15T14:21:49.851+0000] {spark_submit.py:641} INFO - 25/01/15 14:21:49 INFO MemoryStore: MemoryStore started with capacity 434.4 MiB
[2025-01-15T14:21:49.873+0000] {spark_submit.py:641} INFO - 25/01/15 14:21:49 INFO SparkEnv: Registering OutputCommitCoordinator
[2025-01-15T14:21:50.084+0000] {spark_submit.py:641} INFO - 25/01/15 14:21:50 INFO JettyUtils: Start Jetty 0.0.0.0:4040 for SparkUI
[2025-01-15T14:21:50.192+0000] {spark_submit.py:641} INFO - 25/01/15 14:21:50 INFO Utils: Successfully started service 'SparkUI' on port 4040.
[2025-01-15T14:21:50.241+0000] {spark_submit.py:641} INFO - 25/01/15 14:21:50 ERROR SparkContext: Failed to add /opt/bitnami/spark/jars/postgresql-42.2.18.jar to Spark environment
[2025-01-15T14:21:50.242+0000] {spark_submit.py:641} INFO - java.io.FileNotFoundException: Jar /opt/bitnami/spark/jars/postgresql-42.2.18.jar not found
[2025-01-15T14:21:50.243+0000] {spark_submit.py:641} INFO - at org.apache.spark.SparkContext.addLocalJarFile$1(SparkContext.scala:2095)
[2025-01-15T14:21:50.244+0000] {spark_submit.py:641} INFO - at org.apache.spark.SparkContext.addJar(SparkContext.scala:2151)
[2025-01-15T14:21:50.244+0000] {spark_submit.py:641} INFO - at org.apache.spark.SparkContext.$anonfun$new$15(SparkContext.scala:521)
[2025-01-15T14:21:50.245+0000] {spark_submit.py:641} INFO - at org.apache.spark.SparkContext.$anonfun$new$15$adapted(SparkContext.scala:521)
[2025-01-15T14:21:50.246+0000] {spark_submit.py:641} INFO - at scala.collection.mutable.ResizableArray.foreach(ResizableArray.scala:62)
[2025-01-15T14:21:50.247+0000] {spark_submit.py:641} INFO - at scala.collection.mutable.ResizableArray.foreach$(ResizableArray.scala:55)
[2025-01-15T14:21:50.248+0000] {spark_submit.py:641} INFO - at scala.collection.mutable.ArrayBuffer.foreach(ArrayBuffer.scala:49)
[2025-01-15T14:21:50.248+0000] {spark_submit.py:641} INFO - at org.apache.spark.SparkContext.<init>(SparkContext.scala:521)
[2025-01-15T14:21:50.249+0000] {spark_submit.py:641} INFO - at org.apache.spark.api.java.JavaSparkContext.<init>(JavaSparkContext.scala:58)
[2025-01-15T14:21:50.250+0000] {spark_submit.py:641} INFO - at java.base/jdk.internal.reflect.NativeConstructorAccessorImpl.newInstance0(Native Method)
[2025-01-15T14:21:50.250+0000] {spark_submit.py:641} INFO - at java.base/jdk.internal.reflect.NativeConstructorAccessorImpl.newInstance(NativeConstructorAccessorImpl.java:77)
[2025-01-15T14:21:50.251+0000] {spark_submit.py:641} INFO - at java.base/jdk.internal.reflect.DelegatingConstructorAccessorImpl.newInstance(DelegatingConstructorAccessorImpl.java:45)
[2025-01-15T14:21:50.252+0000] {spark_submit.py:641} INFO - at java.base/java.lang.reflect.Constructor.newInstanceWithCaller(Constructor.java:500)
[2025-01-15T14:21:50.252+0000] {spark_submit.py:641} INFO - at java.base/java.lang.reflect.Constructor.newInstance(Constructor.java:481)
[2025-01-15T14:21:50.253+0000] {spark_submit.py:641} INFO - at py4j.reflection.MethodInvoker.invoke(MethodInvoker.java:247)
[2025-01-15T14:21:50.254+0000] {spark_submit.py:641} INFO - at py4j.reflection.ReflectionEngine.invoke(ReflectionEngine.java:374)
[2025-01-15T14:21:50.255+0000] {spark_submit.py:641} INFO - at py4j.Gateway.invoke(Gateway.java:238)
[2025-01-15T14:21:50.255+0000] {spark_submit.py:641} INFO - at py4j.commands.ConstructorCommand.invokeConstructor(ConstructorCommand.java:80)
[2025-01-15T14:21:50.256+0000] {spark_submit.py:641} INFO - at py4j.commands.ConstructorCommand.execute(ConstructorCommand.java:69)
[2025-01-15T14:21:50.256+0000] {spark_submit.py:641} INFO - at py4j.ClientServerConnection.waitForCommands(ClientServerConnection.java:182)
[2025-01-15T14:21:50.257+0000] {spark_submit.py:641} INFO - at py4j.ClientServerConnection.run(ClientServerConnection.java:106)
[2025-01-15T14:21:50.258+0000] {spark_submit.py:641} INFO - at java.base/java.lang.Thread.run(Thread.java:840)
[2025-01-15T14:21:50.354+0000] {spark_submit.py:641} INFO - 25/01/15 14:21:50 INFO StandaloneAppClient$ClientEndpoint: Connecting to master spark://spark-master:7077...
[2025-01-15T14:21:50.416+0000] {spark_submit.py:641} INFO - 25/01/15 14:21:50 INFO TransportClientFactory: Successfully created connection to spark-master/172.18.0.4:7077 after 35 ms (0 ms spent in bootstraps)
[2025-01-15T14:22:10.358+0000] {spark_submit.py:641} INFO - 25/01/15 14:22:10 INFO StandaloneAppClient$ClientEndpoint: Connecting to master spark://spark-master:7077...
[2025-01-15T14:22:30.357+0000] {spark_submit.py:641} INFO - 25/01/15 14:22:30 INFO StandaloneAppClient$ClientEndpoint: Connecting to master spark://spark-master:7077...
[2025-01-15T14:22:50.361+0000] {spark_submit.py:641} INFO - 25/01/15 14:22:50 ERROR StandaloneSchedulerBackend: Application has been killed. Reason: All masters are unresponsive! Giving up.
[2025-01-15T14:22:50.363+0000] {spark_submit.py:641} INFO - 25/01/15 14:22:50 WARN StandaloneSchedulerBackend: Application ID is not initialized yet.
[2025-01-15T14:22:50.403+0000] {spark_submit.py:641} INFO - 25/01/15 14:22:50 INFO Utils: Successfully started service 'org.apache.spark.network.netty.NettyBlockTransferService' on port 46551.
[2025-01-15T14:22:50.405+0000] {spark_submit.py:641} INFO - 25/01/15 14:22:50 INFO NettyBlockTransferService: Server created on airflow-scheduler:46551
[2025-01-15T14:22:50.411+0000] {spark_submit.py:641} INFO - 25/01/15 14:22:50 INFO BlockManager: Using org.apache.spark.storage.RandomBlockReplicationPolicy for block replication policy
[2025-01-15T14:22:50.433+0000] {spark_submit.py:641} INFO - 25/01/15 14:22:50 INFO BlockManagerMaster: Registering BlockManager BlockManagerId(driver, airflow-scheduler, 46551, None)
[2025-01-15T14:22:50.447+0000] {spark_submit.py:641} INFO - 25/01/15 14:22:50 INFO BlockManagerMasterEndpoint: Registering block manager airflow-scheduler:46551 with 434.4 MiB RAM, BlockManagerId(driver, airflow-scheduler, 46551, None)
[2025-01-15T14:22:50.456+0000] {spark_submit.py:641} INFO - 25/01/15 14:22:50 INFO BlockManagerMaster: Registered BlockManager BlockManagerId(driver, airflow-scheduler, 46551, None)
[2025-01-15T14:22:50.460+0000] {spark_submit.py:641} INFO - 25/01/15 14:22:50 INFO BlockManager: Initialized BlockManager: BlockManagerId(driver, airflow-scheduler, 46551, None)
[2025-01-15T14:22:50.734+0000] {spark_submit.py:641} INFO - 25/01/15 14:22:50 INFO StandaloneSchedulerBackend: SchedulerBackend is ready for scheduling beginning after reached minRegisteredResourcesRatio: 0.0
[2025-01-15T14:22:51.043+0000] {spark_submit.py:641} INFO - 25/01/15 14:22:51 WARN StandaloneAppClient$ClientEndpoint: Drop UnregisterApplication(null) because has not yet connected to master
[2025-01-15T14:22:53.336+0000] {spark_submit.py:641} INFO - Products Dataset:
[2025-01-15T14:22:54.317+0000] {spark_submit.py:641} INFO - Traceback (most recent call last):
[2025-01-15T14:22:54.318+0000] {spark_submit.py:641} INFO - File "/spark-scripts/data_ingestion_products.py", line 53, in <module>
[2025-01-15T14:22:54.322+0000] {spark_submit.py:641} INFO - products_dataset.show(10)
[2025-01-15T14:22:54.322+0000] {spark_submit.py:641} INFO - File "/home/airflow/.local/lib/python3.10/site-packages/pyspark/python/lib/pyspark.zip/pyspark/sql/dataframe.py", line 947, in show
[2025-01-15T14:22:54.323+0000] {spark_submit.py:641} INFO - File "/home/airflow/.local/lib/python3.10/site-packages/pyspark/python/lib/pyspark.zip/pyspark/sql/dataframe.py", line 965, in _show_string
[2025-01-15T14:22:54.324+0000] {spark_submit.py:641} INFO - File "/home/airflow/.local/lib/python3.10/site-packages/pyspark/python/lib/py4j-0.10.9.7-src.zip/py4j/java_gateway.py", line 1322, in __call__
[2025-01-15T14:22:54.324+0000] {spark_submit.py:641} INFO - File "/home/airflow/.local/lib/python3.10/site-packages/pyspark/python/lib/pyspark.zip/pyspark/errors/exceptions/captured.py", line 179, in deco
[2025-01-15T14:22:54.325+0000] {spark_submit.py:641} INFO - File "/home/airflow/.local/lib/python3.10/site-packages/pyspark/python/lib/py4j-0.10.9.7-src.zip/py4j/protocol.py", line 326, in get_return_value
[2025-01-15T14:22:54.326+0000] {spark_submit.py:641} INFO - py4j.protocol.Py4JJavaError: An error occurred while calling o38.showString.
[2025-01-15T14:22:54.326+0000] {spark_submit.py:641} INFO - : java.lang.IllegalStateException: Cannot call methods on a stopped SparkContext.
[2025-01-15T14:22:54.327+0000] {spark_submit.py:641} INFO - This stopped SparkContext was created at:
[2025-01-15T14:22:54.328+0000] {spark_submit.py:641} INFO - 
[2025-01-15T14:22:54.328+0000] {spark_submit.py:641} INFO - org.apache.spark.api.java.JavaSparkContext.<init>(JavaSparkContext.scala:58)
[2025-01-15T14:22:54.329+0000] {spark_submit.py:641} INFO - java.base/jdk.internal.reflect.NativeConstructorAccessorImpl.newInstance0(Native Method)
[2025-01-15T14:22:54.329+0000] {spark_submit.py:641} INFO - java.base/jdk.internal.reflect.NativeConstructorAccessorImpl.newInstance(NativeConstructorAccessorImpl.java:77)
[2025-01-15T14:22:54.330+0000] {spark_submit.py:641} INFO - java.base/jdk.internal.reflect.DelegatingConstructorAccessorImpl.newInstance(DelegatingConstructorAccessorImpl.java:45)
[2025-01-15T14:22:54.330+0000] {spark_submit.py:641} INFO - java.base/java.lang.reflect.Constructor.newInstanceWithCaller(Constructor.java:500)
[2025-01-15T14:22:54.331+0000] {spark_submit.py:641} INFO - java.base/java.lang.reflect.Constructor.newInstance(Constructor.java:481)
[2025-01-15T14:22:54.332+0000] {spark_submit.py:641} INFO - py4j.reflection.MethodInvoker.invoke(MethodInvoker.java:247)
[2025-01-15T14:22:54.332+0000] {spark_submit.py:641} INFO - py4j.reflection.ReflectionEngine.invoke(ReflectionEngine.java:374)
[2025-01-15T14:22:54.333+0000] {spark_submit.py:641} INFO - py4j.Gateway.invoke(Gateway.java:238)
[2025-01-15T14:22:54.333+0000] {spark_submit.py:641} INFO - py4j.commands.ConstructorCommand.invokeConstructor(ConstructorCommand.java:80)
[2025-01-15T14:22:54.334+0000] {spark_submit.py:641} INFO - py4j.commands.ConstructorCommand.execute(ConstructorCommand.java:69)
[2025-01-15T14:22:54.335+0000] {spark_submit.py:641} INFO - py4j.ClientServerConnection.waitForCommands(ClientServerConnection.java:182)
[2025-01-15T14:22:54.335+0000] {spark_submit.py:641} INFO - py4j.ClientServerConnection.run(ClientServerConnection.java:106)
[2025-01-15T14:22:54.335+0000] {spark_submit.py:641} INFO - java.base/java.lang.Thread.run(Thread.java:840)
[2025-01-15T14:22:54.336+0000] {spark_submit.py:641} INFO - 
[2025-01-15T14:22:54.336+0000] {spark_submit.py:641} INFO - The currently active SparkContext was created at:
[2025-01-15T14:22:54.337+0000] {spark_submit.py:641} INFO - 
[2025-01-15T14:22:54.337+0000] {spark_submit.py:641} INFO - (No active SparkContext.)
[2025-01-15T14:22:54.337+0000] {spark_submit.py:641} INFO - 
[2025-01-15T14:22:54.338+0000] {spark_submit.py:641} INFO - at org.apache.spark.SparkContext.assertNotStopped(SparkContext.scala:122)
[2025-01-15T14:22:54.338+0000] {spark_submit.py:641} INFO - at org.apache.spark.SparkContext.broadcastInternal(SparkContext.scala:1654)
[2025-01-15T14:22:54.339+0000] {spark_submit.py:641} INFO - at org.apache.spark.SparkContext.broadcast(SparkContext.scala:1639)
[2025-01-15T14:22:54.339+0000] {spark_submit.py:641} INFO - at org.apache.spark.sql.execution.datasources.csv.CSVFileFormat.buildReader(CSVFileFormat.scala:102)
[2025-01-15T14:22:54.340+0000] {spark_submit.py:641} INFO - at org.apache.spark.sql.execution.datasources.FileFormat.buildReaderWithPartitionValues(FileFormat.scala:138)
[2025-01-15T14:22:54.340+0000] {spark_submit.py:641} INFO - at org.apache.spark.sql.execution.datasources.FileFormat.buildReaderWithPartitionValues$(FileFormat.scala:129)
[2025-01-15T14:22:54.341+0000] {spark_submit.py:641} INFO - at org.apache.spark.sql.execution.datasources.TextBasedFileFormat.buildReaderWithPartitionValues(FileFormat.scala:346)
[2025-01-15T14:22:54.341+0000] {spark_submit.py:641} INFO - at org.apache.spark.sql.execution.FileSourceScanExec.inputRDD$lzycompute(DataSourceScanExec.scala:548)
[2025-01-15T14:22:54.342+0000] {spark_submit.py:641} INFO - at org.apache.spark.sql.execution.FileSourceScanExec.inputRDD(DataSourceScanExec.scala:537)
[2025-01-15T14:22:54.342+0000] {spark_submit.py:641} INFO - at org.apache.spark.sql.execution.FileSourceScanExec.doExecute(DataSourceScanExec.scala:575)
[2025-01-15T14:22:54.343+0000] {spark_submit.py:641} INFO - at org.apache.spark.sql.execution.SparkPlan.$anonfun$execute$1(SparkPlan.scala:195)
[2025-01-15T14:22:54.343+0000] {spark_submit.py:641} INFO - at org.apache.spark.sql.execution.SparkPlan.$anonfun$executeQuery$1(SparkPlan.scala:246)
[2025-01-15T14:22:54.343+0000] {spark_submit.py:641} INFO - at org.apache.spark.rdd.RDDOperationScope$.withScope(RDDOperationScope.scala:151)
[2025-01-15T14:22:54.344+0000] {spark_submit.py:641} INFO - at org.apache.spark.sql.execution.SparkPlan.executeQuery(SparkPlan.scala:243)
[2025-01-15T14:22:54.344+0000] {spark_submit.py:641} INFO - at org.apache.spark.sql.execution.SparkPlan.execute(SparkPlan.scala:191)
[2025-01-15T14:22:54.345+0000] {spark_submit.py:641} INFO - at org.apache.spark.sql.execution.InputAdapter.inputRDD(WholeStageCodegenExec.scala:527)
[2025-01-15T14:22:54.346+0000] {spark_submit.py:641} INFO - at org.apache.spark.sql.execution.InputRDDCodegen.inputRDDs(WholeStageCodegenExec.scala:455)
[2025-01-15T14:22:54.346+0000] {spark_submit.py:641} INFO - at org.apache.spark.sql.execution.InputRDDCodegen.inputRDDs$(WholeStageCodegenExec.scala:454)
[2025-01-15T14:22:54.347+0000] {spark_submit.py:641} INFO - at org.apache.spark.sql.execution.InputAdapter.inputRDDs(WholeStageCodegenExec.scala:498)
[2025-01-15T14:22:54.347+0000] {spark_submit.py:641} INFO - at org.apache.spark.sql.execution.ProjectExec.inputRDDs(basicPhysicalOperators.scala:51)
[2025-01-15T14:22:54.348+0000] {spark_submit.py:641} INFO - at org.apache.spark.sql.execution.WholeStageCodegenExec.doExecute(WholeStageCodegenExec.scala:751)
[2025-01-15T14:22:54.348+0000] {spark_submit.py:641} INFO - at org.apache.spark.sql.execution.SparkPlan.$anonfun$execute$1(SparkPlan.scala:195)
[2025-01-15T14:22:54.349+0000] {spark_submit.py:641} INFO - at org.apache.spark.sql.execution.SparkPlan.$anonfun$executeQuery$1(SparkPlan.scala:246)
[2025-01-15T14:22:54.349+0000] {spark_submit.py:641} INFO - at org.apache.spark.rdd.RDDOperationScope$.withScope(RDDOperationScope.scala:151)
[2025-01-15T14:22:54.349+0000] {spark_submit.py:641} INFO - at org.apache.spark.sql.execution.SparkPlan.executeQuery(SparkPlan.scala:243)
[2025-01-15T14:22:54.350+0000] {spark_submit.py:641} INFO - at org.apache.spark.sql.execution.SparkPlan.execute(SparkPlan.scala:191)
[2025-01-15T14:22:54.350+0000] {spark_submit.py:641} INFO - at org.apache.spark.sql.execution.SparkPlan.getByteArrayRdd(SparkPlan.scala:364)
[2025-01-15T14:22:54.351+0000] {spark_submit.py:641} INFO - at org.apache.spark.sql.execution.SparkPlan.executeTake(SparkPlan.scala:498)
[2025-01-15T14:22:54.351+0000] {spark_submit.py:641} INFO - at org.apache.spark.sql.execution.SparkPlan.executeTake(SparkPlan.scala:483)
[2025-01-15T14:22:54.352+0000] {spark_submit.py:641} INFO - at org.apache.spark.sql.execution.CollectLimitExec.executeCollect(limit.scala:61)
[2025-01-15T14:22:54.352+0000] {spark_submit.py:641} INFO - at org.apache.spark.sql.Dataset.collectFromPlan(Dataset.scala:4333)
[2025-01-15T14:22:54.353+0000] {spark_submit.py:641} INFO - at org.apache.spark.sql.Dataset.$anonfun$head$1(Dataset.scala:3316)
[2025-01-15T14:22:54.353+0000] {spark_submit.py:641} INFO - at org.apache.spark.sql.Dataset.$anonfun$withAction$2(Dataset.scala:4323)
[2025-01-15T14:22:54.354+0000] {spark_submit.py:641} INFO - at org.apache.spark.sql.execution.QueryExecution$.withInternalError(QueryExecution.scala:546)
[2025-01-15T14:22:54.354+0000] {spark_submit.py:641} INFO - at org.apache.spark.sql.Dataset.$anonfun$withAction$1(Dataset.scala:4321)
[2025-01-15T14:22:54.355+0000] {spark_submit.py:641} INFO - at org.apache.spark.sql.execution.SQLExecution$.$anonfun$withNewExecutionId$6(SQLExecution.scala:125)
[2025-01-15T14:22:54.355+0000] {spark_submit.py:641} INFO - at org.apache.spark.sql.execution.SQLExecution$.withSQLConfPropagated(SQLExecution.scala:201)
[2025-01-15T14:22:54.356+0000] {spark_submit.py:641} INFO - at org.apache.spark.sql.execution.SQLExecution$.$anonfun$withNewExecutionId$1(SQLExecution.scala:108)
[2025-01-15T14:22:54.356+0000] {spark_submit.py:641} INFO - at org.apache.spark.sql.SparkSession.withActive(SparkSession.scala:900)
[2025-01-15T14:22:54.357+0000] {spark_submit.py:641} INFO - at org.apache.spark.sql.execution.SQLExecution$.withNewExecutionId(SQLExecution.scala:66)
[2025-01-15T14:22:54.358+0000] {spark_submit.py:641} INFO - at org.apache.spark.sql.Dataset.withAction(Dataset.scala:4321)
[2025-01-15T14:22:54.358+0000] {spark_submit.py:641} INFO - at org.apache.spark.sql.Dataset.head(Dataset.scala:3316)
[2025-01-15T14:22:54.359+0000] {spark_submit.py:641} INFO - at org.apache.spark.sql.Dataset.take(Dataset.scala:3539)
[2025-01-15T14:22:54.359+0000] {spark_submit.py:641} INFO - at org.apache.spark.sql.Dataset.getRows(Dataset.scala:280)
[2025-01-15T14:22:54.360+0000] {spark_submit.py:641} INFO - at org.apache.spark.sql.Dataset.showString(Dataset.scala:315)
[2025-01-15T14:22:54.360+0000] {spark_submit.py:641} INFO - at java.base/jdk.internal.reflect.NativeMethodAccessorImpl.invoke0(Native Method)
[2025-01-15T14:22:54.361+0000] {spark_submit.py:641} INFO - at java.base/jdk.internal.reflect.NativeMethodAccessorImpl.invoke(NativeMethodAccessorImpl.java:77)
[2025-01-15T14:22:54.361+0000] {spark_submit.py:641} INFO - at java.base/jdk.internal.reflect.DelegatingMethodAccessorImpl.invoke(DelegatingMethodAccessorImpl.java:43)
[2025-01-15T14:22:54.362+0000] {spark_submit.py:641} INFO - at java.base/java.lang.reflect.Method.invoke(Method.java:569)
[2025-01-15T14:22:54.362+0000] {spark_submit.py:641} INFO - at py4j.reflection.MethodInvoker.invoke(MethodInvoker.java:244)
[2025-01-15T14:22:54.363+0000] {spark_submit.py:641} INFO - at py4j.reflection.ReflectionEngine.invoke(ReflectionEngine.java:374)
[2025-01-15T14:22:54.363+0000] {spark_submit.py:641} INFO - at py4j.Gateway.invoke(Gateway.java:282)
[2025-01-15T14:22:54.364+0000] {spark_submit.py:641} INFO - at py4j.commands.AbstractCommand.invokeMethod(AbstractCommand.java:132)
[2025-01-15T14:22:54.364+0000] {spark_submit.py:641} INFO - at py4j.commands.CallCommand.execute(CallCommand.java:79)
[2025-01-15T14:22:54.365+0000] {spark_submit.py:641} INFO - at py4j.ClientServerConnection.waitForCommands(ClientServerConnection.java:182)
[2025-01-15T14:22:54.366+0000] {spark_submit.py:641} INFO - at py4j.ClientServerConnection.run(ClientServerConnection.java:106)
[2025-01-15T14:22:54.366+0000] {spark_submit.py:641} INFO - at java.base/java.lang.Thread.run(Thread.java:840)
[2025-01-15T14:22:54.367+0000] {spark_submit.py:641} INFO - 
[2025-01-15T14:22:54.416+0000] {taskinstance.py:441} INFO - ::group::Post task execution logs
[2025-01-15T14:22:54.426+0000] {taskinstance.py:2905} ERROR - Task failed with exception
Traceback (most recent call last):
  File "/home/airflow/.local/lib/python3.10/site-packages/airflow/models/taskinstance.py", line 465, in _execute_task
    result = _execute_callable(context=context, **execute_callable_kwargs)
  File "/home/airflow/.local/lib/python3.10/site-packages/airflow/models/taskinstance.py", line 432, in _execute_callable
    return execute_callable(context=context, **execute_callable_kwargs)
  File "/home/airflow/.local/lib/python3.10/site-packages/airflow/models/baseoperator.py", line 401, in wrapper
    return func(self, *args, **kwargs)
  File "/home/airflow/.local/lib/python3.10/site-packages/airflow/providers/apache/spark/operators/spark_submit.py", line 177, in execute
    self._hook.submit(self.application)
  File "/home/airflow/.local/lib/python3.10/site-packages/airflow/providers/apache/spark/hooks/spark_submit.py", line 567, in submit
    raise AirflowException(
airflow.exceptions.AirflowException: Cannot execute: spark-submit --master spark://spark-master:7077 --jars /spark-scripts/jars/jars_postgresql-42.2.20.jar --name arrow-spark /spark-scripts/data_ingestion_products.py. Error code is: 1.
[2025-01-15T14:22:54.442+0000] {taskinstance.py:1206} INFO - Marking task as FAILED. dag_id=Data_Ingestions_produts, task_id=spark_submit_task, run_id=manual__2025-01-15T14:21:40.061541+00:00, execution_date=20250115T142140, start_date=20250115T142142, end_date=20250115T142254
[2025-01-15T14:22:54.459+0000] {standard_task_runner.py:110} ERROR - Failed to execute job 18 for task spark_submit_task (Cannot execute: spark-submit --master spark://spark-master:7077 --jars /spark-scripts/jars/jars_postgresql-42.2.20.jar --name arrow-spark /spark-scripts/data_ingestion_products.py. Error code is: 1.; 217)
[2025-01-15T14:22:54.505+0000] {local_task_job_runner.py:240} INFO - Task exited with return code 1
[2025-01-15T14:22:54.529+0000] {taskinstance.py:3503} INFO - 0 downstream tasks scheduled from follow-on schedule check
[2025-01-15T14:22:54.535+0000] {local_task_job_runner.py:222} INFO - ::endgroup::
