[2025-01-17T14:16:17.544+0000] {local_task_job_runner.py:120} INFO - ::group::Pre task execution logs
[2025-01-17T14:16:17.888+0000] {taskinstance.py:2076} INFO - Dependencies all met for dep_context=non-requeueable deps ti=<TaskInstance: e_commerce.Dataset manual__2025-01-17T14:16:15.235321+00:00 [queued]>
[2025-01-17T14:16:17.899+0000] {taskinstance.py:2076} INFO - Dependencies all met for dep_context=requeueable deps ti=<TaskInstance: e_commerce.Dataset manual__2025-01-17T14:16:15.235321+00:00 [queued]>
[2025-01-17T14:16:17.910+0000] {taskinstance.py:2306} INFO - Starting attempt 1 of 1
[2025-01-17T14:16:17.932+0000] {taskinstance.py:2330} INFO - Executing <Task(SparkSubmitOperator): Dataset> on 2025-01-17 14:16:15.235321+00:00
[2025-01-17T14:16:17.939+0000] {standard_task_runner.py:63} INFO - Started process 1124 to run task
[2025-01-17T14:16:17.945+0000] {standard_task_runner.py:90} INFO - Running: ['airflow', 'tasks', 'run', 'e_commerce', 'Dataset', 'manual__2025-01-17T14:16:15.235321+00:00', '--job-id', '167', '--raw', '--subdir', 'DAGS_FOLDER/e_commerce.py', '--cfg-path', '/tmp/tmpy_8z_a_7']
[2025-01-17T14:16:17.950+0000] {standard_task_runner.py:91} INFO - Job 167: Subtask Dataset
[2025-01-17T14:16:18.040+0000] {task_command.py:426} INFO - Running <TaskInstance: e_commerce.Dataset manual__2025-01-17T14:16:15.235321+00:00 [running]> on host airflow-scheduler
[2025-01-17T14:16:18.196+0000] {taskinstance.py:2648} INFO - Exporting env vars: AIRFLOW_CTX_DAG_OWNER='Ajied(WhatsApp), Ajied(Email)' AIRFLOW_CTX_DAG_ID='e_commerce' AIRFLOW_CTX_TASK_ID='Dataset' AIRFLOW_CTX_EXECUTION_DATE='2025-01-17T14:16:15.235321+00:00' AIRFLOW_CTX_TRY_NUMBER='1' AIRFLOW_CTX_DAG_RUN_ID='manual__2025-01-17T14:16:15.235321+00:00'
[2025-01-17T14:16:18.198+0000] {taskinstance.py:430} INFO - ::endgroup::
[2025-01-17T14:16:18.209+0000] {base.py:84} INFO - Using connection ID 'spark_main' for task execution.
[2025-01-17T14:16:18.211+0000] {spark_submit.py:474} INFO - Spark-Submit cmd: spark-submit --master spark://spark-master:7077 --jars /spark-scripts/jars/jars_postgresql-42.2.20.jar --name arrow-spark /spark-scripts/ecommerce.py
[2025-01-17T14:16:21.478+0000] {spark_submit.py:641} INFO - 25/01/17 14:16:21 WARN NativeCodeLoader: Unable to load native-hadoop library for your platform... using builtin-java classes where applicable
[2025-01-17T14:16:23.020+0000] {spark_submit.py:641} INFO - 25/01/17 14:16:23 INFO SparkContext: Running Spark version 3.3.2
[2025-01-17T14:16:23.051+0000] {spark_submit.py:641} INFO - 25/01/17 14:16:23 INFO ResourceUtils: ==============================================================
[2025-01-17T14:16:23.052+0000] {spark_submit.py:641} INFO - 25/01/17 14:16:23 INFO ResourceUtils: No custom resources configured for spark.driver.
[2025-01-17T14:16:23.053+0000] {spark_submit.py:641} INFO - 25/01/17 14:16:23 INFO ResourceUtils: ==============================================================
[2025-01-17T14:16:23.053+0000] {spark_submit.py:641} INFO - 25/01/17 14:16:23 INFO SparkContext: Submitted application: Data Ingestion
[2025-01-17T14:16:23.081+0000] {spark_submit.py:641} INFO - 25/01/17 14:16:23 INFO ResourceProfile: Default ResourceProfile created, executor resources: Map(cores -> name: cores, amount: 1, script: , vendor: , memory -> name: memory, amount: 1024, script: , vendor: , offHeap -> name: offHeap, amount: 0, script: , vendor: ), task resources: Map(cpus -> name: cpus, amount: 1.0)
[2025-01-17T14:16:23.090+0000] {spark_submit.py:641} INFO - 25/01/17 14:16:23 INFO ResourceProfile: Limiting resource is cpu
[2025-01-17T14:16:23.091+0000] {spark_submit.py:641} INFO - 25/01/17 14:16:23 INFO ResourceProfileManager: Added ResourceProfile id: 0
[2025-01-17T14:16:23.172+0000] {spark_submit.py:641} INFO - 25/01/17 14:16:23 INFO SecurityManager: Changing view acls to: airflow
[2025-01-17T14:16:23.172+0000] {spark_submit.py:641} INFO - 25/01/17 14:16:23 INFO SecurityManager: Changing modify acls to: airflow
[2025-01-17T14:16:23.173+0000] {spark_submit.py:641} INFO - 25/01/17 14:16:23 INFO SecurityManager: Changing view acls groups to:
[2025-01-17T14:16:23.174+0000] {spark_submit.py:641} INFO - 25/01/17 14:16:23 INFO SecurityManager: Changing modify acls groups to:
[2025-01-17T14:16:23.174+0000] {spark_submit.py:641} INFO - 25/01/17 14:16:23 INFO SecurityManager: SecurityManager: authentication disabled; ui acls disabled; users  with view permissions: Set(airflow); groups with view permissions: Set(); users  with modify permissions: Set(airflow); groups with modify permissions: Set()
[2025-01-17T14:16:23.547+0000] {spark_submit.py:641} INFO - 25/01/17 14:16:23 INFO Utils: Successfully started service 'sparkDriver' on port 45551.
[2025-01-17T14:16:23.604+0000] {spark_submit.py:641} INFO - 25/01/17 14:16:23 INFO SparkEnv: Registering MapOutputTracker
[2025-01-17T14:16:23.656+0000] {spark_submit.py:641} INFO - 25/01/17 14:16:23 INFO SparkEnv: Registering BlockManagerMaster
[2025-01-17T14:16:23.680+0000] {spark_submit.py:641} INFO - 25/01/17 14:16:23 INFO BlockManagerMasterEndpoint: Using org.apache.spark.storage.DefaultTopologyMapper for getting topology information
[2025-01-17T14:16:23.681+0000] {spark_submit.py:641} INFO - 25/01/17 14:16:23 INFO BlockManagerMasterEndpoint: BlockManagerMasterEndpoint up
[2025-01-17T14:16:23.686+0000] {spark_submit.py:641} INFO - 25/01/17 14:16:23 INFO SparkEnv: Registering BlockManagerMasterHeartbeat
[2025-01-17T14:16:23.719+0000] {spark_submit.py:641} INFO - 25/01/17 14:16:23 INFO DiskBlockManager: Created local directory at /tmp/blockmgr-0a2eb675-1202-4921-844d-064cf822e6c6
[2025-01-17T14:16:23.740+0000] {spark_submit.py:641} INFO - 25/01/17 14:16:23 INFO MemoryStore: MemoryStore started with capacity 434.4 MiB
[2025-01-17T14:16:23.765+0000] {spark_submit.py:641} INFO - 25/01/17 14:16:23 INFO SparkEnv: Registering OutputCommitCoordinator
[2025-01-17T14:16:24.040+0000] {spark_submit.py:641} INFO - 25/01/17 14:16:24 INFO Utils: Successfully started service 'SparkUI' on port 4040.
[2025-01-17T14:16:24.101+0000] {spark_submit.py:641} INFO - 25/01/17 14:16:24 ERROR SparkContext: Failed to add /opt/bitnami/spark/jars/postgresql-42.2.18.jar to Spark environment
[2025-01-17T14:16:24.102+0000] {spark_submit.py:641} INFO - java.io.FileNotFoundException: Jar /opt/bitnami/spark/jars/postgresql-42.2.18.jar not found
[2025-01-17T14:16:24.103+0000] {spark_submit.py:641} INFO - at org.apache.spark.SparkContext.addLocalJarFile$1(SparkContext.scala:1959)
[2025-01-17T14:16:24.104+0000] {spark_submit.py:641} INFO - at org.apache.spark.SparkContext.addJar(SparkContext.scala:2014)
[2025-01-17T14:16:24.105+0000] {spark_submit.py:641} INFO - at org.apache.spark.SparkContext.$anonfun$new$12(SparkContext.scala:507)
[2025-01-17T14:16:24.106+0000] {spark_submit.py:641} INFO - at org.apache.spark.SparkContext.$anonfun$new$12$adapted(SparkContext.scala:507)
[2025-01-17T14:16:24.106+0000] {spark_submit.py:641} INFO - at scala.collection.mutable.ResizableArray.foreach(ResizableArray.scala:62)
[2025-01-17T14:16:24.107+0000] {spark_submit.py:641} INFO - at scala.collection.mutable.ResizableArray.foreach$(ResizableArray.scala:55)
[2025-01-17T14:16:24.108+0000] {spark_submit.py:641} INFO - at scala.collection.mutable.ArrayBuffer.foreach(ArrayBuffer.scala:49)
[2025-01-17T14:16:24.109+0000] {spark_submit.py:641} INFO - at org.apache.spark.SparkContext.<init>(SparkContext.scala:507)
[2025-01-17T14:16:24.109+0000] {spark_submit.py:641} INFO - at org.apache.spark.api.java.JavaSparkContext.<init>(JavaSparkContext.scala:58)
[2025-01-17T14:16:24.110+0000] {spark_submit.py:641} INFO - at java.base/jdk.internal.reflect.NativeConstructorAccessorImpl.newInstance0(Native Method)
[2025-01-17T14:16:24.111+0000] {spark_submit.py:641} INFO - at java.base/jdk.internal.reflect.NativeConstructorAccessorImpl.newInstance(NativeConstructorAccessorImpl.java:77)
[2025-01-17T14:16:24.111+0000] {spark_submit.py:641} INFO - at java.base/jdk.internal.reflect.DelegatingConstructorAccessorImpl.newInstance(DelegatingConstructorAccessorImpl.java:45)
[2025-01-17T14:16:24.112+0000] {spark_submit.py:641} INFO - at java.base/java.lang.reflect.Constructor.newInstanceWithCaller(Constructor.java:500)
[2025-01-17T14:16:24.113+0000] {spark_submit.py:641} INFO - at java.base/java.lang.reflect.Constructor.newInstance(Constructor.java:481)
[2025-01-17T14:16:24.113+0000] {spark_submit.py:641} INFO - at py4j.reflection.MethodInvoker.invoke(MethodInvoker.java:247)
[2025-01-17T14:16:24.114+0000] {spark_submit.py:641} INFO - at py4j.reflection.ReflectionEngine.invoke(ReflectionEngine.java:357)
[2025-01-17T14:16:24.115+0000] {spark_submit.py:641} INFO - at py4j.Gateway.invoke(Gateway.java:238)
[2025-01-17T14:16:24.116+0000] {spark_submit.py:641} INFO - at py4j.commands.ConstructorCommand.invokeConstructor(ConstructorCommand.java:80)
[2025-01-17T14:16:24.117+0000] {spark_submit.py:641} INFO - at py4j.commands.ConstructorCommand.execute(ConstructorCommand.java:69)
[2025-01-17T14:16:24.118+0000] {spark_submit.py:641} INFO - at py4j.ClientServerConnection.waitForCommands(ClientServerConnection.java:182)
[2025-01-17T14:16:24.119+0000] {spark_submit.py:641} INFO - at py4j.ClientServerConnection.run(ClientServerConnection.java:106)
[2025-01-17T14:16:24.120+0000] {spark_submit.py:641} INFO - at java.base/java.lang.Thread.run(Thread.java:840)
[2025-01-17T14:16:24.217+0000] {spark_submit.py:641} INFO - 25/01/17 14:16:24 INFO StandaloneAppClient$ClientEndpoint: Connecting to master spark://spark-master:7077...
[2025-01-17T14:16:24.279+0000] {spark_submit.py:641} INFO - 25/01/17 14:16:24 INFO TransportClientFactory: Successfully created connection to spark-master/172.18.0.5:7077 after 37 ms (0 ms spent in bootstraps)
[2025-01-17T14:16:24.559+0000] {spark_submit.py:641} INFO - 25/01/17 14:16:24 INFO StandaloneSchedulerBackend: Connected to Spark cluster with app ID app-20250117141624-0000
[2025-01-17T14:16:24.571+0000] {spark_submit.py:641} INFO - 25/01/17 14:16:24 INFO Utils: Successfully started service 'org.apache.spark.network.netty.NettyBlockTransferService' on port 37273.
[2025-01-17T14:16:24.572+0000] {spark_submit.py:641} INFO - 25/01/17 14:16:24 INFO NettyBlockTransferService: Server created on airflow-scheduler:37273
[2025-01-17T14:16:24.574+0000] {spark_submit.py:641} INFO - 25/01/17 14:16:24 INFO BlockManager: Using org.apache.spark.storage.RandomBlockReplicationPolicy for block replication policy
[2025-01-17T14:16:24.591+0000] {spark_submit.py:641} INFO - 25/01/17 14:16:24 INFO BlockManagerMaster: Registering BlockManager BlockManagerId(driver, airflow-scheduler, 37273, None)
[2025-01-17T14:16:24.598+0000] {spark_submit.py:641} INFO - 25/01/17 14:16:24 INFO BlockManagerMasterEndpoint: Registering block manager airflow-scheduler:37273 with 434.4 MiB RAM, BlockManagerId(driver, airflow-scheduler, 37273, None)
[2025-01-17T14:16:24.603+0000] {spark_submit.py:641} INFO - 25/01/17 14:16:24 INFO BlockManagerMaster: Registered BlockManager BlockManagerId(driver, airflow-scheduler, 37273, None)
[2025-01-17T14:16:24.605+0000] {spark_submit.py:641} INFO - 25/01/17 14:16:24 INFO BlockManager: Initialized BlockManager: BlockManagerId(driver, airflow-scheduler, 37273, None)
[2025-01-17T14:16:24.610+0000] {spark_submit.py:641} INFO - 25/01/17 14:16:24 INFO StandaloneAppClient$ClientEndpoint: Executor added: app-20250117141624-0000/0 on worker-20250117141534-172.18.0.6-45507 (172.18.0.6:45507) with 1 core(s)
[2025-01-17T14:16:24.615+0000] {spark_submit.py:641} INFO - 25/01/17 14:16:24 INFO StandaloneSchedulerBackend: Granted executor ID app-20250117141624-0000/0 on hostPort 172.18.0.6:45507 with 1 core(s), 1024.0 MiB RAM
[2025-01-17T14:16:25.038+0000] {spark_submit.py:641} INFO - 25/01/17 14:16:25 INFO StandaloneSchedulerBackend: SchedulerBackend is ready for scheduling beginning after reached minRegisteredResourcesRatio: 0.0
[2025-01-17T14:16:25.059+0000] {spark_submit.py:641} INFO - 25/01/17 14:16:25 INFO StandaloneAppClient$ClientEndpoint: Executor updated: app-20250117141624-0000/0 is now RUNNING
[2025-01-17T14:16:34.502+0000] {spark_submit.py:641} INFO - Data berhasil disimpan ke database PostgreSQL.
[2025-01-17T14:16:34.536+0000] {spark_submit.py:641} INFO - Transactions Dataset:
[2025-01-17T14:16:35.699+0000] {spark_submit.py:641} INFO - +-------------------+---------------+-------+-------------+--------------------+-----------------------+------------+----------+---------+--------+----------+----+------------+----------+--------------------+-----------------+------------+---------+---------------+--------------------+--------------------+
[2025-01-17T14:16:35.700+0000] {spark_submit.py:641} INFO - |      fullVisitorId|channelGrouping|   time|      country|                city|totalTransactionRevenue|transactions|timeOnSite|pageviews|    date|   visitId|type|productPrice|productSKU|       v2ProductName|v2ProductCategory|currencyCode|pageTitle| pagePathLevel1|eCommerceAction_type|eCommerceAction_step|
[2025-01-17T14:16:35.701+0000] {spark_submit.py:641} INFO - +-------------------+---------------+-------+-------------+--------------------+-----------------------+------------+----------+---------+--------+----------+----+------------+----------+--------------------+-----------------+------------+---------+---------------+--------------------+--------------------+
[2025-01-17T14:16:35.701+0000] {spark_submit.py:641} INFO - |2515546493837534633| Organic Search| 966564|       Taiwan|             Unknown|                    0.0|         0.0|    1567.0|     82.0|20170721|1500643403|PAGE|           0|   9180781|Suitcase Organize...|          Unknown|         USD|    other|/storeitem.html|                   0|                   1|
[2025-01-17T14:16:35.702+0000] {spark_submit.py:641} INFO - |               null| Organic Search| 157377|       France|not available in ...|                    0.0|         0.0|     321.0|      8.0|20170413|1492114470|PAGE|           0|   9180793|26 oz Double Wall...|          Unknown|         USD|    other|/storeitem.html|                   0|                   1|
[2025-01-17T14:16:35.703+0000] {spark_submit.py:641} INFO - |7313828956068851679|       Referral| 228279|United States|       San Francisco|                    0.0|         0.0|     927.0|     11.0|20170727|1501198444|PAGE|           0|   9180838|Metal Texture Rol...|          Unknown|         USD|    other|/storeitem.html|                   0|                   1|
[2025-01-17T14:16:35.703+0000] {spark_submit.py:641} INFO - |6036794406403793540| Organic Search|1615618|United States|             Boulder|                    0.0|         0.0|    1616.0|     13.0|20170731|1501522359|PAGE|           0|   9180838|Metal Texture Rol...|          Unknown|         USD|    other|/storeitem.html|                   0|                   1|
[2025-01-17T14:16:35.704+0000] {spark_submit.py:641} INFO - |7847280609739507227| Organic Search|  37832|       Canada|not available in ...|                    0.0|         0.0|    1222.0|     45.0|20170728|1501300311|PAGE|           0|   9180838|Metal Texture Rol...|          Unknown|         USD|    other|/storeitem.html|                   0|                   1|
[2025-01-17T14:16:35.705+0000] {spark_submit.py:641} INFO - |1371078687799372953|       Referral| 478901|United States|           Ann Arbor|                6.757E7|         1.0|    1569.0|     48.0|20170726|1501111386|PAGE|           0|   9180838|Metal Texture Rol...|          Unknown|         USD|    other|/storeitem.html|                   0|                   1|
[2025-01-17T14:16:35.705+0000] {spark_submit.py:641} INFO - |8781227467221587011|       Referral| 119567|United States|       Mountain View|                2.471E7|         1.0|    1007.0|     35.0|20170727|1501203918|PAGE|           0|   9180838|Metal Texture Rol...|          Unknown|         USD|    other|/storeitem.html|                   0|                   1|
[2025-01-17T14:16:35.706+0000] {spark_submit.py:641} INFO - |7328657227470299189| Organic Search|1115991|        India|not available in ...|                    0.0|         0.0|    3326.0|     41.0|20170305|1488700723|PAGE|           0|   9180842|            Maze Pen|          Unknown|         USD|    other|/storeitem.html|                   0|                   1|
[2025-01-17T14:16:35.706+0000] {spark_submit.py:641} INFO - | 603507101721972238|       Referral|  63158|United States|not available in ...|                    0.0|         0.0|     372.0|     20.0|20170323|1490286223|PAGE|           0|   9180844|Gunmetal Roller B...|          Unknown|         USD|    other|/storeitem.html|                   0|                   1|
[2025-01-17T14:16:35.707+0000] {spark_submit.py:641} INFO - |2410100047658323318|         Direct| 487916|  New Zealand|not available in ...|                    0.0|         0.0|     488.0|      6.0|20170306|1488836135|PAGE|           0|   9180844|Gunmetal Roller B...|          Unknown|         USD|    other|/storeitem.html|                   0|                   1|
[2025-01-17T14:16:35.708+0000] {spark_submit.py:641} INFO - +-------------------+---------------+-------+-------------+--------------------+-----------------------+------------+----------+---------+--------+----------+----+------------+----------+--------------------+-----------------+------------+---------+---------------+--------------------+--------------------+
[2025-01-17T14:16:35.708+0000] {spark_submit.py:641} INFO - only showing top 10 rows
[2025-01-17T14:16:35.709+0000] {spark_submit.py:641} INFO - 
[2025-01-17T14:16:35.889+0000] {taskinstance.py:441} INFO - ::group::Post task execution logs
[2025-01-17T14:16:35.903+0000] {taskinstance.py:1206} INFO - Marking task as SUCCESS. dag_id=e_commerce, task_id=Dataset, run_id=manual__2025-01-17T14:16:15.235321+00:00, execution_date=20250117T141615, start_date=20250117T141617, end_date=20250117T141635
[2025-01-17T14:16:35.955+0000] {local_task_job_runner.py:240} INFO - Task exited with return code 0
[2025-01-17T14:16:36.009+0000] {taskinstance.py:3503} INFO - 0 downstream tasks scheduled from follow-on schedule check
[2025-01-17T14:16:36.015+0000] {local_task_job_runner.py:222} INFO - ::endgroup::
