[2025-01-17T07:00:47.775+0000] {local_task_job_runner.py:120} INFO - ::group::Pre task execution logs
[2025-01-17T07:00:47.818+0000] {taskinstance.py:2076} INFO - Dependencies all met for dep_context=non-requeueable deps ti=<TaskInstance: ETL.load_data manual__2025-01-17T07:00:13.725028+00:00 [queued]>
[2025-01-17T07:00:47.835+0000] {taskinstance.py:2076} INFO - Dependencies all met for dep_context=requeueable deps ti=<TaskInstance: ETL.load_data manual__2025-01-17T07:00:13.725028+00:00 [queued]>
[2025-01-17T07:00:47.837+0000] {taskinstance.py:2306} INFO - Starting attempt 1 of 1
[2025-01-17T07:00:47.864+0000] {taskinstance.py:2330} INFO - Executing <Task(BashOperator): load_data> on 2025-01-17 07:00:13.725028+00:00
[2025-01-17T07:00:47.871+0000] {standard_task_runner.py:63} INFO - Started process 5941 to run task
[2025-01-17T07:00:47.877+0000] {standard_task_runner.py:90} INFO - Running: ['airflow', 'tasks', 'run', 'ETL', 'load_data', 'manual__2025-01-17T07:00:13.725028+00:00', '--job-id', '129', '--raw', '--subdir', 'DAGS_FOLDER/ETL.py', '--cfg-path', '/tmp/tmpb77mad5u']
[2025-01-17T07:00:47.881+0000] {standard_task_runner.py:91} INFO - Job 129: Subtask load_data
[2025-01-17T07:00:48.019+0000] {task_command.py:426} INFO - Running <TaskInstance: ETL.load_data manual__2025-01-17T07:00:13.725028+00:00 [running]> on host airflow-scheduler
[2025-01-17T07:00:48.403+0000] {taskinstance.py:2648} INFO - Exporting env vars: AIRFLOW_CTX_DAG_OWNER='Ajied(WhatsApp), Ajied(Email)' AIRFLOW_CTX_DAG_ID='ETL' AIRFLOW_CTX_TASK_ID='load_data' AIRFLOW_CTX_EXECUTION_DATE='2025-01-17T07:00:13.725028+00:00' AIRFLOW_CTX_TRY_NUMBER='1' AIRFLOW_CTX_DAG_RUN_ID='manual__2025-01-17T07:00:13.725028+00:00'
[2025-01-17T07:00:48.407+0000] {taskinstance.py:430} INFO - ::endgroup::
[2025-01-17T07:00:48.412+0000] {subprocess.py:63} INFO - Tmp dir root location: /tmp
[2025-01-17T07:00:48.415+0000] {subprocess.py:75} INFO - Running command: ['/usr/bin/bash', '-c', 'python /spark-scripts/resources/load.py']
[2025-01-17T07:00:48.433+0000] {subprocess.py:86} INFO - Output:
[2025-01-17T07:01:00.771+0000] {subprocess.py:93} INFO - Data berhasil diupload ke BigQuery!
[2025-01-17T07:01:01.001+0000] {subprocess.py:97} INFO - Command exited with return code 0
[2025-01-17T07:01:01.002+0000] {taskinstance.py:441} INFO - ::group::Post task execution logs
[2025-01-17T07:01:01.032+0000] {taskinstance.py:1206} INFO - Marking task as SUCCESS. dag_id=ETL, task_id=load_data, run_id=manual__2025-01-17T07:00:13.725028+00:00, execution_date=20250117T070013, start_date=20250117T070047, end_date=20250117T070101
[2025-01-17T07:01:01.062+0000] {local_task_job_runner.py:240} INFO - Task exited with return code 0
[2025-01-17T07:01:01.079+0000] {taskinstance.py:3503} INFO - 0 downstream tasks scheduled from follow-on schedule check
[2025-01-17T07:01:01.083+0000] {local_task_job_runner.py:222} INFO - ::endgroup::
