[2025-01-17T09:06:48.895+0000] {local_task_job_runner.py:120} INFO - ::group::Pre task execution logs
[2025-01-17T09:06:48.936+0000] {taskinstance.py:2076} INFO - Dependencies all met for dep_context=non-requeueable deps ti=<TaskInstance: ETL.transform_data manual__2025-01-17T09:06:30.241052+00:00 [queued]>
[2025-01-17T09:06:48.949+0000] {taskinstance.py:2076} INFO - Dependencies all met for dep_context=requeueable deps ti=<TaskInstance: ETL.transform_data manual__2025-01-17T09:06:30.241052+00:00 [queued]>
[2025-01-17T09:06:48.951+0000] {taskinstance.py:2306} INFO - Starting attempt 1 of 1
[2025-01-17T09:06:48.968+0000] {taskinstance.py:2330} INFO - Executing <Task(SparkSubmitOperator): transform_data> on 2025-01-17 09:06:30.241052+00:00
[2025-01-17T09:06:48.974+0000] {standard_task_runner.py:63} INFO - Started process 14946 to run task
[2025-01-17T09:06:48.978+0000] {standard_task_runner.py:90} INFO - Running: ['airflow', 'tasks', 'run', 'ETL', 'transform_data', 'manual__2025-01-17T09:06:30.241052+00:00', '--job-id', '164', '--raw', '--subdir', 'DAGS_FOLDER/ETL.py', '--cfg-path', '/tmp/tmpz923dz76']
[2025-01-17T09:06:48.982+0000] {standard_task_runner.py:91} INFO - Job 164: Subtask transform_data
[2025-01-17T09:06:49.047+0000] {task_command.py:426} INFO - Running <TaskInstance: ETL.transform_data manual__2025-01-17T09:06:30.241052+00:00 [running]> on host airflow-scheduler
[2025-01-17T09:06:49.416+0000] {taskinstance.py:2648} INFO - Exporting env vars: AIRFLOW_CTX_DAG_OWNER='Ajied(WhatsApp), Ajied(Email)' AIRFLOW_CTX_DAG_ID='ETL' AIRFLOW_CTX_TASK_ID='transform_data' AIRFLOW_CTX_EXECUTION_DATE='2025-01-17T09:06:30.241052+00:00' AIRFLOW_CTX_TRY_NUMBER='1' AIRFLOW_CTX_DAG_RUN_ID='manual__2025-01-17T09:06:30.241052+00:00'
[2025-01-17T09:06:49.418+0000] {taskinstance.py:430} INFO - ::endgroup::
[2025-01-17T09:06:49.439+0000] {base.py:84} INFO - Using connection ID 'spark_main' for task execution.
[2025-01-17T09:06:49.443+0000] {spark_submit.py:474} INFO - Spark-Submit cmd: spark-submit --master spark://spark-master:7077 --jars /spark-scripts/jars/jars_postgresql-42.2.20.jar --name arrow-spark /spark-scripts/resources/transform.py
[2025-01-17T09:06:51.822+0000] {spark_submit.py:641} INFO - 25/01/17 09:06:51 WARN NativeCodeLoader: Unable to load native-hadoop library for your platform... using builtin-java classes where applicable
[2025-01-17T09:06:54.489+0000] {spark_submit.py:641} INFO - 25/01/17 09:06:54 INFO SparkContext: Running Spark version 3.3.2
[2025-01-17T09:06:54.526+0000] {spark_submit.py:641} INFO - 25/01/17 09:06:54 INFO ResourceUtils: ==============================================================
[2025-01-17T09:06:54.527+0000] {spark_submit.py:641} INFO - 25/01/17 09:06:54 INFO ResourceUtils: No custom resources configured for spark.driver.
[2025-01-17T09:06:54.528+0000] {spark_submit.py:641} INFO - 25/01/17 09:06:54 INFO ResourceUtils: ==============================================================
[2025-01-17T09:06:54.528+0000] {spark_submit.py:641} INFO - 25/01/17 09:06:54 INFO SparkContext: Submitted application: Data Transform
[2025-01-17T09:06:54.550+0000] {spark_submit.py:641} INFO - 25/01/17 09:06:54 INFO ResourceProfile: Default ResourceProfile created, executor resources: Map(cores -> name: cores, amount: 1, script: , vendor: , memory -> name: memory, amount: 1024, script: , vendor: , offHeap -> name: offHeap, amount: 0, script: , vendor: ), task resources: Map(cpus -> name: cpus, amount: 1.0)
[2025-01-17T09:06:54.563+0000] {spark_submit.py:641} INFO - 25/01/17 09:06:54 INFO ResourceProfile: Limiting resource is cpu
[2025-01-17T09:06:54.564+0000] {spark_submit.py:641} INFO - 25/01/17 09:06:54 INFO ResourceProfileManager: Added ResourceProfile id: 0
[2025-01-17T09:06:54.614+0000] {spark_submit.py:641} INFO - 25/01/17 09:06:54 INFO SecurityManager: Changing view acls to: airflow
[2025-01-17T09:06:54.615+0000] {spark_submit.py:641} INFO - 25/01/17 09:06:54 INFO SecurityManager: Changing modify acls to: airflow
[2025-01-17T09:06:54.616+0000] {spark_submit.py:641} INFO - 25/01/17 09:06:54 INFO SecurityManager: Changing view acls groups to:
[2025-01-17T09:06:54.617+0000] {spark_submit.py:641} INFO - 25/01/17 09:06:54 INFO SecurityManager: Changing modify acls groups to:
[2025-01-17T09:06:54.617+0000] {spark_submit.py:641} INFO - 25/01/17 09:06:54 INFO SecurityManager: SecurityManager: authentication disabled; ui acls disabled; users  with view permissions: Set(airflow); groups with view permissions: Set(); users  with modify permissions: Set(airflow); groups with modify permissions: Set()
[2025-01-17T09:06:54.858+0000] {spark_submit.py:641} INFO - 25/01/17 09:06:54 INFO Utils: Successfully started service 'sparkDriver' on port 37535.
[2025-01-17T09:06:54.893+0000] {spark_submit.py:641} INFO - 25/01/17 09:06:54 INFO SparkEnv: Registering MapOutputTracker
[2025-01-17T09:06:54.931+0000] {spark_submit.py:641} INFO - 25/01/17 09:06:54 INFO SparkEnv: Registering BlockManagerMaster
[2025-01-17T09:06:54.953+0000] {spark_submit.py:641} INFO - 25/01/17 09:06:54 INFO BlockManagerMasterEndpoint: Using org.apache.spark.storage.DefaultTopologyMapper for getting topology information
[2025-01-17T09:06:54.955+0000] {spark_submit.py:641} INFO - 25/01/17 09:06:54 INFO BlockManagerMasterEndpoint: BlockManagerMasterEndpoint up
[2025-01-17T09:06:54.960+0000] {spark_submit.py:641} INFO - 25/01/17 09:06:54 INFO SparkEnv: Registering BlockManagerMasterHeartbeat
[2025-01-17T09:06:54.984+0000] {spark_submit.py:641} INFO - 25/01/17 09:06:54 INFO DiskBlockManager: Created local directory at /tmp/blockmgr-bfca5a6e-d00a-4da1-86fe-971f3ae40623
[2025-01-17T09:06:55.004+0000] {spark_submit.py:641} INFO - 25/01/17 09:06:55 INFO MemoryStore: MemoryStore started with capacity 434.4 MiB
[2025-01-17T09:06:55.026+0000] {spark_submit.py:641} INFO - 25/01/17 09:06:55 INFO SparkEnv: Registering OutputCommitCoordinator
[2025-01-17T09:06:55.227+0000] {spark_submit.py:641} INFO - 25/01/17 09:06:55 INFO Utils: Successfully started service 'SparkUI' on port 4040.
[2025-01-17T09:06:55.276+0000] {spark_submit.py:641} INFO - 25/01/17 09:06:55 ERROR SparkContext: Failed to add /opt/bitnami/spark/jars/postgresql-42.2.18.jar to Spark environment
[2025-01-17T09:06:55.277+0000] {spark_submit.py:641} INFO - java.io.FileNotFoundException: Jar /opt/bitnami/spark/jars/postgresql-42.2.18.jar not found
[2025-01-17T09:06:55.278+0000] {spark_submit.py:641} INFO - at org.apache.spark.SparkContext.addLocalJarFile$1(SparkContext.scala:1959)
[2025-01-17T09:06:55.278+0000] {spark_submit.py:641} INFO - at org.apache.spark.SparkContext.addJar(SparkContext.scala:2014)
[2025-01-17T09:06:55.279+0000] {spark_submit.py:641} INFO - at org.apache.spark.SparkContext.$anonfun$new$12(SparkContext.scala:507)
[2025-01-17T09:06:55.279+0000] {spark_submit.py:641} INFO - at org.apache.spark.SparkContext.$anonfun$new$12$adapted(SparkContext.scala:507)
[2025-01-17T09:06:55.280+0000] {spark_submit.py:641} INFO - at scala.collection.mutable.ResizableArray.foreach(ResizableArray.scala:62)
[2025-01-17T09:06:55.281+0000] {spark_submit.py:641} INFO - at scala.collection.mutable.ResizableArray.foreach$(ResizableArray.scala:55)
[2025-01-17T09:06:55.282+0000] {spark_submit.py:641} INFO - at scala.collection.mutable.ArrayBuffer.foreach(ArrayBuffer.scala:49)
[2025-01-17T09:06:55.282+0000] {spark_submit.py:641} INFO - at org.apache.spark.SparkContext.<init>(SparkContext.scala:507)
[2025-01-17T09:06:55.283+0000] {spark_submit.py:641} INFO - at org.apache.spark.api.java.JavaSparkContext.<init>(JavaSparkContext.scala:58)
[2025-01-17T09:06:55.283+0000] {spark_submit.py:641} INFO - at java.base/jdk.internal.reflect.NativeConstructorAccessorImpl.newInstance0(Native Method)
[2025-01-17T09:06:55.284+0000] {spark_submit.py:641} INFO - at java.base/jdk.internal.reflect.NativeConstructorAccessorImpl.newInstance(NativeConstructorAccessorImpl.java:77)
[2025-01-17T09:06:55.285+0000] {spark_submit.py:641} INFO - at java.base/jdk.internal.reflect.DelegatingConstructorAccessorImpl.newInstance(DelegatingConstructorAccessorImpl.java:45)
[2025-01-17T09:06:55.285+0000] {spark_submit.py:641} INFO - at java.base/java.lang.reflect.Constructor.newInstanceWithCaller(Constructor.java:500)
[2025-01-17T09:06:55.286+0000] {spark_submit.py:641} INFO - at java.base/java.lang.reflect.Constructor.newInstance(Constructor.java:481)
[2025-01-17T09:06:55.287+0000] {spark_submit.py:641} INFO - at py4j.reflection.MethodInvoker.invoke(MethodInvoker.java:247)
[2025-01-17T09:06:55.287+0000] {spark_submit.py:641} INFO - at py4j.reflection.ReflectionEngine.invoke(ReflectionEngine.java:357)
[2025-01-17T09:06:55.288+0000] {spark_submit.py:641} INFO - at py4j.Gateway.invoke(Gateway.java:238)
[2025-01-17T09:06:55.288+0000] {spark_submit.py:641} INFO - at py4j.commands.ConstructorCommand.invokeConstructor(ConstructorCommand.java:80)
[2025-01-17T09:06:55.289+0000] {spark_submit.py:641} INFO - at py4j.commands.ConstructorCommand.execute(ConstructorCommand.java:69)
[2025-01-17T09:06:55.289+0000] {spark_submit.py:641} INFO - at py4j.ClientServerConnection.waitForCommands(ClientServerConnection.java:182)
[2025-01-17T09:06:55.290+0000] {spark_submit.py:641} INFO - at py4j.ClientServerConnection.run(ClientServerConnection.java:106)
[2025-01-17T09:06:55.291+0000] {spark_submit.py:641} INFO - at java.base/java.lang.Thread.run(Thread.java:840)
[2025-01-17T09:06:55.360+0000] {spark_submit.py:641} INFO - 25/01/17 09:06:55 INFO StandaloneAppClient$ClientEndpoint: Connecting to master spark://spark-master:7077...
[2025-01-17T09:06:55.409+0000] {spark_submit.py:641} INFO - 25/01/17 09:06:55 INFO TransportClientFactory: Successfully created connection to spark-master/172.18.0.5:7077 after 27 ms (0 ms spent in bootstraps)
[2025-01-17T09:06:55.526+0000] {spark_submit.py:641} INFO - 25/01/17 09:06:55 INFO StandaloneSchedulerBackend: Connected to Spark cluster with app ID app-20250117090655-0043
[2025-01-17T09:06:55.529+0000] {spark_submit.py:641} INFO - 25/01/17 09:06:55 INFO StandaloneAppClient$ClientEndpoint: Executor added: app-20250117090655-0043/0 on worker-20250117061805-172.18.0.6-38833 (172.18.0.6:38833) with 1 core(s)
[2025-01-17T09:06:55.532+0000] {spark_submit.py:641} INFO - 25/01/17 09:06:55 INFO StandaloneSchedulerBackend: Granted executor ID app-20250117090655-0043/0 on hostPort 172.18.0.6:38833 with 1 core(s), 1024.0 MiB RAM
[2025-01-17T09:06:55.536+0000] {spark_submit.py:641} INFO - 25/01/17 09:06:55 INFO Utils: Successfully started service 'org.apache.spark.network.netty.NettyBlockTransferService' on port 37485.
[2025-01-17T09:06:55.537+0000] {spark_submit.py:641} INFO - 25/01/17 09:06:55 INFO NettyBlockTransferService: Server created on airflow-scheduler:37485
[2025-01-17T09:06:55.539+0000] {spark_submit.py:641} INFO - 25/01/17 09:06:55 INFO BlockManager: Using org.apache.spark.storage.RandomBlockReplicationPolicy for block replication policy
[2025-01-17T09:06:55.549+0000] {spark_submit.py:641} INFO - 25/01/17 09:06:55 INFO BlockManagerMaster: Registering BlockManager BlockManagerId(driver, airflow-scheduler, 37485, None)
[2025-01-17T09:06:55.555+0000] {spark_submit.py:641} INFO - 25/01/17 09:06:55 INFO BlockManagerMasterEndpoint: Registering block manager airflow-scheduler:37485 with 434.4 MiB RAM, BlockManagerId(driver, airflow-scheduler, 37485, None)
[2025-01-17T09:06:55.558+0000] {spark_submit.py:641} INFO - 25/01/17 09:06:55 INFO BlockManagerMaster: Registered BlockManager BlockManagerId(driver, airflow-scheduler, 37485, None)
[2025-01-17T09:06:55.560+0000] {spark_submit.py:641} INFO - 25/01/17 09:06:55 INFO BlockManager: Initialized BlockManager: BlockManagerId(driver, airflow-scheduler, 37485, None)
[2025-01-17T09:06:55.620+0000] {spark_submit.py:641} INFO - 25/01/17 09:06:55 INFO StandaloneAppClient$ClientEndpoint: Executor updated: app-20250117090655-0043/0 is now RUNNING
[2025-01-17T09:06:55.899+0000] {spark_submit.py:641} INFO - 25/01/17 09:06:55 INFO StandaloneSchedulerBackend: SchedulerBackend is ready for scheduling beginning after reached minRegisteredResourcesRatio: 0.0
[2025-01-17T09:06:56.205+0000] {spark_submit.py:641} INFO - Extracting data from PostgreSQL (products)...
[2025-01-17T09:06:59.291+0000] {spark_submit.py:641} INFO - Extracting data from PostgreSQL (transactions)...
[2025-01-17T09:06:59.331+0000] {spark_submit.py:641} INFO - Transforming data...
[2025-01-17T09:07:05.785+0000] {spark_submit.py:641} INFO - +-------------+--------------------+--------------------+------------+----------+
[2025-01-17T09:07:05.786+0000] {spark_submit.py:641} INFO - |   product_id|        product_name|            category|manufacturer|base_price|
[2025-01-17T09:07:05.787+0000] {spark_submit.py:641} INFO - +-------------+--------------------+--------------------+------------+----------+
[2025-01-17T09:07:05.788+0000] {spark_submit.py:641} INFO - |PROD-a7e8c7dd|         Books Item |               Books|     EcoTech|    475.85|
[2025-01-17T09:07:05.789+0000] {spark_submit.py:641} INFO - |PROD-a9a7608e|Sports & Outdoors...|   Sports & Outdoors|GlobalBrands|       0.0|
[2025-01-17T09:07:05.790+0000] {spark_submit.py:641} INFO - |PROD-38e2b395|Home & Kitchen Item |      Home & Kitchen|     unknown|    235.03|
[2025-01-17T09:07:05.791+0000] {spark_submit.py:641} INFO - |PROD-048762fb|Home & Kitchen Item |      Home & Kitchen|GlobalBrands|     20.09|
[2025-01-17T09:07:05.791+0000] {spark_submit.py:641} INFO - |PROD-1f031ffb|             unknown|               Books|FashionHouse|     99.87|
[2025-01-17T09:07:05.792+0000] {spark_submit.py:641} INFO - |PROD-83498373|Beauty & Personal...|Beauty & Personal...|   TechGiant|     13.46|
[2025-01-17T09:07:05.793+0000] {spark_submit.py:641} INFO - |PROD-ac904d51|             unknown|      Home & Kitchen|GlobalBrands|    309.81|
[2025-01-17T09:07:05.793+0000] {spark_submit.py:641} INFO - |PROD-db9600bd|             unknown|Beauty & Personal...| LuxuryGoods|       0.0|
[2025-01-17T09:07:05.794+0000] {spark_submit.py:641} INFO - |PROD-b8112728|   Electronics Item |         Electronics|     EcoTech|       0.0|
[2025-01-17T09:07:05.795+0000] {spark_submit.py:641} INFO - |PROD-ef9b7568|   Electronics Item |         Electronics|     unknown|    483.16|
[2025-01-17T09:07:05.796+0000] {spark_submit.py:641} INFO - |PROD-e5586dc8|      Clothing Item |            Clothing|FashionHouse|     57.86|
[2025-01-17T09:07:05.797+0000] {spark_submit.py:641} INFO - |PROD-7b2cc2b9|             unknown|               Books|   BookWorld|      69.8|
[2025-01-17T09:07:05.798+0000] {spark_submit.py:641} INFO - |PROD-c1ca4f49|      Clothing Item |            Clothing|GlobalBrands|    389.82|
[2025-01-17T09:07:05.798+0000] {spark_submit.py:641} INFO - |PROD-8ed7a88e|             unknown|Beauty & Personal...|     unknown|    464.06|
[2025-01-17T09:07:05.799+0000] {spark_submit.py:641} INFO - |PROD-2aec3a49|Beauty & Personal...|Beauty & Personal...|   TechGiant|    106.03|
[2025-01-17T09:07:05.800+0000] {spark_submit.py:641} INFO - |PROD-8e56bce7|Sports & Outdoors...|   Sports & Outdoors|GlobalBrands|    200.45|
[2025-01-17T09:07:05.800+0000] {spark_submit.py:641} INFO - |PROD-4ebd2705|             unknown|   Sports & Outdoors|   TechGiant|    297.51|
[2025-01-17T09:07:05.801+0000] {spark_submit.py:641} INFO - |PROD-346c0169|         Books Item |               Books|     unknown|    275.92|
[2025-01-17T09:07:05.802+0000] {spark_submit.py:641} INFO - |PROD-fb0847e9|Sports & Outdoors...|   Sports & Outdoors| LuxuryGoods|     46.53|
[2025-01-17T09:07:05.803+0000] {spark_submit.py:641} INFO - |PROD-2ba0c741|Home & Kitchen Item |      Home & Kitchen|     EcoTech|    356.36|
[2025-01-17T09:07:05.804+0000] {spark_submit.py:641} INFO - +-------------+--------------------+--------------------+------------+----------+
[2025-01-17T09:07:05.804+0000] {spark_submit.py:641} INFO - only showing top 20 rows
[2025-01-17T09:07:05.805+0000] {spark_submit.py:641} INFO - 
[2025-01-17T09:07:07.001+0000] {spark_submit.py:641} INFO - +--------------+-------------+-------------+----------+--------+-----------+-------------+
[2025-01-17T09:07:07.002+0000] {spark_submit.py:641} INFO - |transaction_id|  customer_id|   product_id| sale_date|quantity|total_price|sales_channel|
[2025-01-17T09:07:07.003+0000] {spark_submit.py:641} INFO - +--------------+-------------+-------------+----------+--------+-----------+-------------+
[2025-01-17T09:07:07.004+0000] {spark_submit.py:641} INFO - |  TRX-b9d3003a|CUST-13ec1c49|PROD-02362c25|2023-08-24|       1|     179.08|   Mobile App|
[2025-01-17T09:07:07.004+0000] {spark_submit.py:641} INFO - |  TRX-7626dfcb|CUST-2f44ce56|PROD-b2d98f99|2023-04-22|       3|     573.39|     In-Store|
[2025-01-17T09:07:07.005+0000] {spark_submit.py:641} INFO - |  TRX-13bb1ad9|CUST-41ce8dde|PROD-874248ca|2023-03-07|       3|     855.93|     In-Store|
[2025-01-17T09:07:07.006+0000] {spark_submit.py:641} INFO - |  TRX-3b2ee2ed|CUST-84a65c98|PROD-d9ce9bf6|2023-11-02|       2|      264.3|   Mobile App|
[2025-01-17T09:07:07.006+0000] {spark_submit.py:641} INFO - |  TRX-1bea44f0|CUST-598ca9cc|PROD-b75bd875|2023-12-01|       3|     516.42|      unknown|
[2025-01-17T09:07:07.007+0000] {spark_submit.py:641} INFO - |  TRX-d2227cc0|CUST-71e3c7a1|PROD-1162b4d0|2023-11-04|       1|     239.66|   Mobile App|
[2025-01-17T09:07:07.007+0000] {spark_submit.py:641} INFO - |  TRX-1d80af65|CUST-76adfe7e|PROD-e49a73fe|2023-01-30|       3|     996.69|   Mobile App|
[2025-01-17T09:07:07.008+0000] {spark_submit.py:641} INFO - |  TRX-fadc8cb5|CUST-e17bd378|             |2023-03-22|       1|     133.37|       Online|
[2025-01-17T09:07:07.009+0000] {spark_submit.py:641} INFO - |  TRX-d128f044|CUST-08372bc1|PROD-da582398|2023-05-18|       4|     445.12|       Online|
[2025-01-17T09:07:07.009+0000] {spark_submit.py:641} INFO - |  TRX-22583f56|CUST-d794065f|PROD-fda1424b|2023-09-30|       4|    1178.16|       Online|
[2025-01-17T09:07:07.010+0000] {spark_submit.py:641} INFO - |  TRX-37d72859|CUST-474eda36|PROD-711b7e17|2023-09-19|       1|     285.03|   Mobile App|
[2025-01-17T09:07:07.010+0000] {spark_submit.py:641} INFO - |  TRX-671ea3ff|             |PROD-e6000f71|2023-08-23|       3|     769.62|     In-Store|
[2025-01-17T09:07:07.011+0000] {spark_submit.py:641} INFO - |  TRX-e833c6a2|CUST-74920ccf|PROD-d7886909|2023-04-21|       1|       56.0|     In-Store|
[2025-01-17T09:07:07.012+0000] {spark_submit.py:641} INFO - |  TRX-8785d373|CUST-4fcf45a3|PROD-9f6cd8f7|2023-01-08|       4|    1149.44|       Online|
[2025-01-17T09:07:07.012+0000] {spark_submit.py:641} INFO - |  TRX-620aee5c|             |PROD-162255cc|2023-12-18|       3|    1418.82|     In-Store|
[2025-01-17T09:07:07.013+0000] {spark_submit.py:641} INFO - |  TRX-559b37b7|CUST-090d0f47|PROD-872b117f|2023-06-09|       2|     115.24|       Online|
[2025-01-17T09:07:07.013+0000] {spark_submit.py:641} INFO - |  TRX-a399e777|CUST-2531d6bc|PROD-d4460bd4|2023-02-20|       3|    1152.15|       Online|
[2025-01-17T09:07:07.014+0000] {spark_submit.py:641} INFO - |  TRX-1ecc091b|CUST-83bdc2d7|PROD-a7f3ebd9|2023-04-02|       2|     939.78|       Online|
[2025-01-17T09:07:07.014+0000] {spark_submit.py:641} INFO - |  TRX-869cbf68|CUST-34c73093|PROD-75d4410d|2023-12-12|       2|     461.48|   Mobile App|
[2025-01-17T09:07:07.015+0000] {spark_submit.py:641} INFO - |  TRX-557da634|CUST-98fedc1b|PROD-dbc1079e|2023-03-19|       2|     916.94|      unknown|
[2025-01-17T09:07:07.016+0000] {spark_submit.py:641} INFO - +--------------+-------------+-------------+----------+--------+-----------+-------------+
[2025-01-17T09:07:07.016+0000] {spark_submit.py:641} INFO - only showing top 20 rows
[2025-01-17T09:07:07.017+0000] {spark_submit.py:641} INFO - 
[2025-01-17T09:07:07.017+0000] {spark_submit.py:641} INFO - Saving transformed data products to PostgreSQL...
[2025-01-17T09:07:09.705+0000] {spark_submit.py:641} INFO - 
[2025-01-17T09:07:09.706+0000] {spark_submit.py:641} INFO - Saving transformed data products to PostgreSQL...
[2025-01-17T09:07:11.257+0000] {spark_submit.py:641} INFO - Transformed data saved successfully!
[2025-01-17T09:07:11.593+0000] {taskinstance.py:441} INFO - ::group::Post task execution logs
[2025-01-17T09:07:11.613+0000] {taskinstance.py:1206} INFO - Marking task as SUCCESS. dag_id=ETL, task_id=transform_data, run_id=manual__2025-01-17T09:06:30.241052+00:00, execution_date=20250117T090630, start_date=20250117T090648, end_date=20250117T090711
[2025-01-17T09:07:11.676+0000] {local_task_job_runner.py:240} INFO - Task exited with return code 0
[2025-01-17T09:07:11.719+0000] {taskinstance.py:3503} INFO - 1 downstream tasks scheduled from follow-on schedule check
[2025-01-17T09:07:11.724+0000] {local_task_job_runner.py:222} INFO - ::endgroup::
