[2025-01-18T06:18:04.368+0000] {local_task_job_runner.py:120} INFO - ::group::Pre task execution logs
[2025-01-18T06:18:04.408+0000] {taskinstance.py:2076} INFO - Dependencies all met for dep_context=non-requeueable deps ti=<TaskInstance: ETL.load_data manual__2025-01-18T06:17:21.982282+00:00 [queued]>
[2025-01-18T06:18:04.420+0000] {taskinstance.py:2076} INFO - Dependencies all met for dep_context=requeueable deps ti=<TaskInstance: ETL.load_data manual__2025-01-18T06:17:21.982282+00:00 [queued]>
[2025-01-18T06:18:04.421+0000] {taskinstance.py:2306} INFO - Starting attempt 1 of 1
[2025-01-18T06:18:04.440+0000] {taskinstance.py:2330} INFO - Executing <Task(BashOperator): load_data> on 2025-01-18 06:17:21.982282+00:00
[2025-01-18T06:18:04.446+0000] {standard_task_runner.py:63} INFO - Started process 663 to run task
[2025-01-18T06:18:04.450+0000] {standard_task_runner.py:90} INFO - Running: ['airflow', 'tasks', 'run', 'ETL', 'load_data', 'manual__2025-01-18T06:17:21.982282+00:00', '--job-id', '173', '--raw', '--subdir', 'DAGS_FOLDER/ETL.py', '--cfg-path', '/tmp/tmpges4z8j8']
[2025-01-18T06:18:04.454+0000] {standard_task_runner.py:91} INFO - Job 173: Subtask load_data
[2025-01-18T06:18:04.528+0000] {task_command.py:426} INFO - Running <TaskInstance: ETL.load_data manual__2025-01-18T06:17:21.982282+00:00 [running]> on host airflow-scheduler
[2025-01-18T06:18:04.654+0000] {taskinstance.py:2648} INFO - Exporting env vars: AIRFLOW_CTX_DAG_OWNER='Ajied(WhatsApp), Ajied(Email)' AIRFLOW_CTX_DAG_ID='ETL' AIRFLOW_CTX_TASK_ID='load_data' AIRFLOW_CTX_EXECUTION_DATE='2025-01-18T06:17:21.982282+00:00' AIRFLOW_CTX_TRY_NUMBER='1' AIRFLOW_CTX_DAG_RUN_ID='manual__2025-01-18T06:17:21.982282+00:00'
[2025-01-18T06:18:04.655+0000] {taskinstance.py:430} INFO - ::endgroup::
[2025-01-18T06:18:04.657+0000] {subprocess.py:63} INFO - Tmp dir root location: /tmp
[2025-01-18T06:18:04.658+0000] {subprocess.py:75} INFO - Running command: ['/usr/bin/bash', '-c', 'python /spark-scripts/resources/load.py']
[2025-01-18T06:18:04.669+0000] {subprocess.py:86} INFO - Output:
[2025-01-18T06:18:25.411+0000] {subprocess.py:93} INFO - Data successfully uploaded to BigQuery!
[2025-01-18T06:18:25.778+0000] {subprocess.py:97} INFO - Command exited with return code 0
[2025-01-18T06:18:25.780+0000] {taskinstance.py:441} INFO - ::group::Post task execution logs
[2025-01-18T06:18:25.812+0000] {taskinstance.py:1206} INFO - Marking task as SUCCESS. dag_id=ETL, task_id=load_data, run_id=manual__2025-01-18T06:17:21.982282+00:00, execution_date=20250118T061721, start_date=20250118T061804, end_date=20250118T061825
[2025-01-18T06:18:25.835+0000] {local_task_job_runner.py:240} INFO - Task exited with return code 0
[2025-01-18T06:18:25.856+0000] {taskinstance.py:3503} INFO - 0 downstream tasks scheduled from follow-on schedule check
[2025-01-18T06:18:25.860+0000] {local_task_job_runner.py:222} INFO - ::endgroup::
