[2025-01-16T10:01:31.661+0000] {local_task_job_runner.py:120} INFO - ::group::Pre task execution logs
[2025-01-16T10:01:31.845+0000] {taskinstance.py:2076} INFO - Dependencies all met for dep_context=non-requeueable deps ti=<TaskInstance: Data_Ingestions_transactions.Transactions manual__2025-01-16T10:01:29.941625+00:00 [queued]>
[2025-01-16T10:01:31.857+0000] {taskinstance.py:2076} INFO - Dependencies all met for dep_context=requeueable deps ti=<TaskInstance: Data_Ingestions_transactions.Transactions manual__2025-01-16T10:01:29.941625+00:00 [queued]>
[2025-01-16T10:01:31.858+0000] {taskinstance.py:2306} INFO - Starting attempt 1 of 1
[2025-01-16T10:01:31.876+0000] {taskinstance.py:2330} INFO - Executing <Task(SparkSubmitOperator): Transactions> on 2025-01-16 10:01:29.941625+00:00
[2025-01-16T10:01:31.881+0000] {standard_task_runner.py:63} INFO - Started process 280 to run task
[2025-01-16T10:01:31.886+0000] {standard_task_runner.py:90} INFO - Running: ['airflow', 'tasks', 'run', 'Data_Ingestions_transactions', 'Transactions', 'manual__2025-01-16T10:01:29.941625+00:00', '--job-id', '3', '--raw', '--subdir', 'DAGS_FOLDER/Data_Ingestions_transactions.py', '--cfg-path', '/tmp/tmp3xv7efn7']
[2025-01-16T10:01:31.890+0000] {standard_task_runner.py:91} INFO - Job 3: Subtask Transactions
[2025-01-16T10:01:31.963+0000] {task_command.py:426} INFO - Running <TaskInstance: Data_Ingestions_transactions.Transactions manual__2025-01-16T10:01:29.941625+00:00 [running]> on host airflow-scheduler
[2025-01-16T10:01:32.092+0000] {taskinstance.py:2648} INFO - Exporting env vars: AIRFLOW_CTX_DAG_OWNER='Ajied(WhatsApp), Ajied(Email)' AIRFLOW_CTX_DAG_ID='Data_Ingestions_transactions' AIRFLOW_CTX_TASK_ID='Transactions' AIRFLOW_CTX_EXECUTION_DATE='2025-01-16T10:01:29.941625+00:00' AIRFLOW_CTX_TRY_NUMBER='1' AIRFLOW_CTX_DAG_RUN_ID='manual__2025-01-16T10:01:29.941625+00:00'
[2025-01-16T10:01:32.093+0000] {taskinstance.py:430} INFO - ::endgroup::
[2025-01-16T10:01:32.107+0000] {base.py:84} INFO - Using connection ID 'spark_main' for task execution.
[2025-01-16T10:01:32.109+0000] {spark_submit.py:474} INFO - Spark-Submit cmd: spark-submit --master spark://spark-master:7077 --jars /spark-scripts/jars/jars_postgresql-42.2.20.jar --name arrow-spark /spark-scripts/data_ingestion_transactions.py
[2025-01-16T10:01:34.223+0000] {spark_submit.py:641} INFO - 25/01/16 10:01:34 WARN NativeCodeLoader: Unable to load native-hadoop library for your platform... using builtin-java classes where applicable
[2025-01-16T10:01:35.702+0000] {spark_submit.py:641} INFO - 25/01/16 10:01:35 INFO SparkContext: Running Spark version 3.3.2
[2025-01-16T10:01:35.744+0000] {spark_submit.py:641} INFO - 25/01/16 10:01:35 INFO ResourceUtils: ==============================================================
[2025-01-16T10:01:35.744+0000] {spark_submit.py:641} INFO - 25/01/16 10:01:35 INFO ResourceUtils: No custom resources configured for spark.driver.
[2025-01-16T10:01:35.745+0000] {spark_submit.py:641} INFO - 25/01/16 10:01:35 INFO ResourceUtils: ==============================================================
[2025-01-16T10:01:35.746+0000] {spark_submit.py:641} INFO - 25/01/16 10:01:35 INFO SparkContext: Submitted application: Data Ingestion
[2025-01-16T10:01:35.770+0000] {spark_submit.py:641} INFO - 25/01/16 10:01:35 INFO ResourceProfile: Default ResourceProfile created, executor resources: Map(cores -> name: cores, amount: 1, script: , vendor: , memory -> name: memory, amount: 1024, script: , vendor: , offHeap -> name: offHeap, amount: 0, script: , vendor: ), task resources: Map(cpus -> name: cpus, amount: 1.0)
[2025-01-16T10:01:35.783+0000] {spark_submit.py:641} INFO - 25/01/16 10:01:35 INFO ResourceProfile: Limiting resource is cpu
[2025-01-16T10:01:35.784+0000] {spark_submit.py:641} INFO - 25/01/16 10:01:35 INFO ResourceProfileManager: Added ResourceProfile id: 0
[2025-01-16T10:01:35.837+0000] {spark_submit.py:641} INFO - 25/01/16 10:01:35 INFO SecurityManager: Changing view acls to: airflow
[2025-01-16T10:01:35.838+0000] {spark_submit.py:641} INFO - 25/01/16 10:01:35 INFO SecurityManager: Changing modify acls to: airflow
[2025-01-16T10:01:35.838+0000] {spark_submit.py:641} INFO - 25/01/16 10:01:35 INFO SecurityManager: Changing view acls groups to:
[2025-01-16T10:01:35.839+0000] {spark_submit.py:641} INFO - 25/01/16 10:01:35 INFO SecurityManager: Changing modify acls groups to:
[2025-01-16T10:01:35.840+0000] {spark_submit.py:641} INFO - 25/01/16 10:01:35 INFO SecurityManager: SecurityManager: authentication disabled; ui acls disabled; users  with view permissions: Set(airflow); groups with view permissions: Set(); users  with modify permissions: Set(airflow); groups with modify permissions: Set()
[2025-01-16T10:01:36.132+0000] {spark_submit.py:641} INFO - 25/01/16 10:01:36 INFO Utils: Successfully started service 'sparkDriver' on port 41069.
[2025-01-16T10:01:36.173+0000] {spark_submit.py:641} INFO - 25/01/16 10:01:36 INFO SparkEnv: Registering MapOutputTracker
[2025-01-16T10:01:36.247+0000] {spark_submit.py:641} INFO - 25/01/16 10:01:36 INFO SparkEnv: Registering BlockManagerMaster
[2025-01-16T10:01:36.275+0000] {spark_submit.py:641} INFO - 25/01/16 10:01:36 INFO BlockManagerMasterEndpoint: Using org.apache.spark.storage.DefaultTopologyMapper for getting topology information
[2025-01-16T10:01:36.276+0000] {spark_submit.py:641} INFO - 25/01/16 10:01:36 INFO BlockManagerMasterEndpoint: BlockManagerMasterEndpoint up
[2025-01-16T10:01:36.283+0000] {spark_submit.py:641} INFO - 25/01/16 10:01:36 INFO SparkEnv: Registering BlockManagerMasterHeartbeat
[2025-01-16T10:01:36.316+0000] {spark_submit.py:641} INFO - 25/01/16 10:01:36 INFO DiskBlockManager: Created local directory at /tmp/blockmgr-acd82238-d141-4990-910b-15955e506904
[2025-01-16T10:01:36.348+0000] {spark_submit.py:641} INFO - 25/01/16 10:01:36 INFO MemoryStore: MemoryStore started with capacity 434.4 MiB
[2025-01-16T10:01:36.385+0000] {spark_submit.py:641} INFO - 25/01/16 10:01:36 INFO SparkEnv: Registering OutputCommitCoordinator
[2025-01-16T10:01:36.719+0000] {spark_submit.py:641} INFO - 25/01/16 10:01:36 WARN Utils: Service 'SparkUI' could not bind on port 4040. Attempting port 4041.
[2025-01-16T10:01:36.737+0000] {spark_submit.py:641} INFO - 25/01/16 10:01:36 INFO Utils: Successfully started service 'SparkUI' on port 4041.
[2025-01-16T10:01:36.803+0000] {spark_submit.py:641} INFO - 25/01/16 10:01:36 ERROR SparkContext: Failed to add /opt/bitnami/spark/jars/postgresql-42.2.18.jar to Spark environment
[2025-01-16T10:01:36.804+0000] {spark_submit.py:641} INFO - java.io.FileNotFoundException: Jar /opt/bitnami/spark/jars/postgresql-42.2.18.jar not found
[2025-01-16T10:01:36.805+0000] {spark_submit.py:641} INFO - at org.apache.spark.SparkContext.addLocalJarFile$1(SparkContext.scala:1959)
[2025-01-16T10:01:36.806+0000] {spark_submit.py:641} INFO - at org.apache.spark.SparkContext.addJar(SparkContext.scala:2014)
[2025-01-16T10:01:36.807+0000] {spark_submit.py:641} INFO - at org.apache.spark.SparkContext.$anonfun$new$12(SparkContext.scala:507)
[2025-01-16T10:01:36.808+0000] {spark_submit.py:641} INFO - at org.apache.spark.SparkContext.$anonfun$new$12$adapted(SparkContext.scala:507)
[2025-01-16T10:01:36.809+0000] {spark_submit.py:641} INFO - at scala.collection.mutable.ResizableArray.foreach(ResizableArray.scala:62)
[2025-01-16T10:01:36.810+0000] {spark_submit.py:641} INFO - at scala.collection.mutable.ResizableArray.foreach$(ResizableArray.scala:55)
[2025-01-16T10:01:36.810+0000] {spark_submit.py:641} INFO - at scala.collection.mutable.ArrayBuffer.foreach(ArrayBuffer.scala:49)
[2025-01-16T10:01:36.811+0000] {spark_submit.py:641} INFO - at org.apache.spark.SparkContext.<init>(SparkContext.scala:507)
[2025-01-16T10:01:36.812+0000] {spark_submit.py:641} INFO - at org.apache.spark.api.java.JavaSparkContext.<init>(JavaSparkContext.scala:58)
[2025-01-16T10:01:36.814+0000] {spark_submit.py:641} INFO - at java.base/jdk.internal.reflect.NativeConstructorAccessorImpl.newInstance0(Native Method)
[2025-01-16T10:01:36.815+0000] {spark_submit.py:641} INFO - at java.base/jdk.internal.reflect.NativeConstructorAccessorImpl.newInstance(NativeConstructorAccessorImpl.java:77)
[2025-01-16T10:01:36.816+0000] {spark_submit.py:641} INFO - at java.base/jdk.internal.reflect.DelegatingConstructorAccessorImpl.newInstance(DelegatingConstructorAccessorImpl.java:45)
[2025-01-16T10:01:36.817+0000] {spark_submit.py:641} INFO - at java.base/java.lang.reflect.Constructor.newInstanceWithCaller(Constructor.java:500)
[2025-01-16T10:01:36.818+0000] {spark_submit.py:641} INFO - at java.base/java.lang.reflect.Constructor.newInstance(Constructor.java:481)
[2025-01-16T10:01:36.819+0000] {spark_submit.py:641} INFO - at py4j.reflection.MethodInvoker.invoke(MethodInvoker.java:247)
[2025-01-16T10:01:36.820+0000] {spark_submit.py:641} INFO - at py4j.reflection.ReflectionEngine.invoke(ReflectionEngine.java:357)
[2025-01-16T10:01:36.821+0000] {spark_submit.py:641} INFO - at py4j.Gateway.invoke(Gateway.java:238)
[2025-01-16T10:01:36.822+0000] {spark_submit.py:641} INFO - at py4j.commands.ConstructorCommand.invokeConstructor(ConstructorCommand.java:80)
[2025-01-16T10:01:36.822+0000] {spark_submit.py:641} INFO - at py4j.commands.ConstructorCommand.execute(ConstructorCommand.java:69)
[2025-01-16T10:01:36.823+0000] {spark_submit.py:641} INFO - at py4j.ClientServerConnection.waitForCommands(ClientServerConnection.java:182)
[2025-01-16T10:01:36.824+0000] {spark_submit.py:641} INFO - at py4j.ClientServerConnection.run(ClientServerConnection.java:106)
[2025-01-16T10:01:36.825+0000] {spark_submit.py:641} INFO - at java.base/java.lang.Thread.run(Thread.java:840)
[2025-01-16T10:01:36.952+0000] {spark_submit.py:641} INFO - 25/01/16 10:01:36 INFO StandaloneAppClient$ClientEndpoint: Connecting to master spark://spark-master:7077...
[2025-01-16T10:01:37.047+0000] {spark_submit.py:641} INFO - 25/01/16 10:01:37 INFO TransportClientFactory: Successfully created connection to spark-master/172.18.0.4:7077 after 57 ms (0 ms spent in bootstraps)
[2025-01-16T10:01:37.208+0000] {spark_submit.py:641} INFO - 25/01/16 10:01:37 INFO StandaloneSchedulerBackend: Connected to Spark cluster with app ID app-20250116100137-0004
[2025-01-16T10:01:37.217+0000] {spark_submit.py:641} INFO - 25/01/16 10:01:37 INFO Utils: Successfully started service 'org.apache.spark.network.netty.NettyBlockTransferService' on port 39115.
[2025-01-16T10:01:37.218+0000] {spark_submit.py:641} INFO - 25/01/16 10:01:37 INFO NettyBlockTransferService: Server created on airflow-scheduler:39115
[2025-01-16T10:01:37.220+0000] {spark_submit.py:641} INFO - 25/01/16 10:01:37 INFO BlockManager: Using org.apache.spark.storage.RandomBlockReplicationPolicy for block replication policy
[2025-01-16T10:01:37.232+0000] {spark_submit.py:641} INFO - 25/01/16 10:01:37 INFO BlockManagerMaster: Registering BlockManager BlockManagerId(driver, airflow-scheduler, 39115, None)
[2025-01-16T10:01:37.237+0000] {spark_submit.py:641} INFO - 25/01/16 10:01:37 INFO BlockManagerMasterEndpoint: Registering block manager airflow-scheduler:39115 with 434.4 MiB RAM, BlockManagerId(driver, airflow-scheduler, 39115, None)
[2025-01-16T10:01:37.240+0000] {spark_submit.py:641} INFO - 25/01/16 10:01:37 INFO BlockManagerMaster: Registered BlockManager BlockManagerId(driver, airflow-scheduler, 39115, None)
[2025-01-16T10:01:37.241+0000] {spark_submit.py:641} INFO - 25/01/16 10:01:37 INFO BlockManager: Initialized BlockManager: BlockManagerId(driver, airflow-scheduler, 39115, None)
[2025-01-16T10:01:37.527+0000] {spark_submit.py:641} INFO - 25/01/16 10:01:37 INFO StandaloneSchedulerBackend: SchedulerBackend is ready for scheduling beginning after reached minRegisteredResourcesRatio: 0.0
[2025-01-16T10:01:53.708+0000] {spark_submit.py:641} INFO - Data berhasil disimpan ke database PostgreSQL.
[2025-01-16T10:01:53.758+0000] {spark_submit.py:641} INFO - Transactions Dataset:
[2025-01-16T10:01:54.430+0000] {spark_submit.py:641} INFO - +--------------+-------------+-------------+------------------+--------------+-----------+--------------------+
[2025-01-16T10:01:54.431+0000] {spark_submit.py:641} INFO - |transaction_id|  customer_id|   product_id|         sale_date|      quantity|total_price|       sales_channel|
[2025-01-16T10:01:54.431+0000] {spark_submit.py:641} INFO - +--------------+-------------+-------------+------------------+--------------+-----------+--------------------+
[2025-01-16T10:01:54.432+0000] {spark_submit.py:641} INFO - |  TRX-b9d3003a|CUST-13ec1c49|PROD-02362c25|        2023-08-24|           1.0|     179.08|          Mobile App|
[2025-01-16T10:01:54.432+0000] {spark_submit.py:641} INFO - |  TRX-7626dfcb|CUST-2f44ce56|PROD-b2d98f99|        2023-04-22|           3.0|     573.39|            In-Store|
[2025-01-16T10:01:54.433+0000] {spark_submit.py:641} INFO - |  TRX-ade9e0f8|CUST-99750f29|PROD-81dbf539|Police big attack.|           1.0|     378.66|              Online|
[2025-01-16T10:01:54.433+0000] {spark_submit.py:641} INFO - |  TRX-13bb1ad9|CUST-41ce8dde|PROD-874248ca|        2023-03-07|           3.0|     855.93|In-Store_NOISE_su...|
[2025-01-16T10:01:54.434+0000] {spark_submit.py:641} INFO - |  TRX-c98dd6ed|CUST-0a8f912b|PROD-ebf8a1ae| Similar move kid.|4.0_NOISE_good|     601.64|          Mobile App|
[2025-01-16T10:01:54.434+0000] {spark_submit.py:641} INFO - |  TRX-3b2ee2ed|CUST-84a65c98|PROD-d9ce9bf6|        2023-11-02|           2.0|      264.3|          Mobile App|
[2025-01-16T10:01:54.435+0000] {spark_submit.py:641} INFO - |  TRX-1bea44f0|CUST-598ca9cc|PROD-b75bd875|        2023-12-01|    3.0_future|     516.42|                face|
[2025-01-16T10:01:54.435+0000] {spark_submit.py:641} INFO - |  TRX-d2227cc0|CUST-71e3c7a1|PROD-1162b4d0|        2023-11-04|           1.0|     239.66|          Mobile App|
[2025-01-16T10:01:54.436+0000] {spark_submit.py:641} INFO - |  TRX-1d80af65|CUST-76adfe7e|PROD-e49a73fe|        2023-01-30|           3.0|     996.69|          Mobile App|
[2025-01-16T10:01:54.436+0000] {spark_submit.py:641} INFO - |  TRX-fadc8cb5|CUST-e17bd378|          bad|        2023-03-22|           1.0|     133.37|              Online|
[2025-01-16T10:01:54.436+0000] {spark_submit.py:641} INFO - +--------------+-------------+-------------+------------------+--------------+-----------+--------------------+
[2025-01-16T10:01:54.437+0000] {spark_submit.py:641} INFO - only showing top 10 rows
[2025-01-16T10:01:54.437+0000] {spark_submit.py:641} INFO - 
[2025-01-16T10:01:54.613+0000] {taskinstance.py:441} INFO - ::group::Post task execution logs
[2025-01-16T10:01:54.623+0000] {taskinstance.py:1206} INFO - Marking task as SUCCESS. dag_id=Data_Ingestions_transactions, task_id=Transactions, run_id=manual__2025-01-16T10:01:29.941625+00:00, execution_date=20250116T100129, start_date=20250116T100131, end_date=20250116T100154
[2025-01-16T10:01:54.665+0000] {local_task_job_runner.py:240} INFO - Task exited with return code 0
[2025-01-16T10:01:54.704+0000] {taskinstance.py:3503} INFO - 0 downstream tasks scheduled from follow-on schedule check
[2025-01-16T10:01:54.710+0000] {local_task_job_runner.py:222} INFO - ::endgroup::
