[2025-01-15T11:21:05.674+0000] {local_task_job_runner.py:120} INFO - ::group::Pre task execution logs
[2025-01-15T11:21:05.794+0000] {taskinstance.py:2076} INFO - Dependencies all met for dep_context=non-requeueable deps ti=<TaskInstance: Data_Ingestions_produts.spark_submit_task manual__2025-01-15T11:21:03.594756+00:00 [queued]>
[2025-01-15T11:21:05.824+0000] {taskinstance.py:2076} INFO - Dependencies all met for dep_context=requeueable deps ti=<TaskInstance: Data_Ingestions_produts.spark_submit_task manual__2025-01-15T11:21:03.594756+00:00 [queued]>
[2025-01-15T11:21:05.826+0000] {taskinstance.py:2306} INFO - Starting attempt 1 of 1
[2025-01-15T11:21:05.874+0000] {taskinstance.py:2330} INFO - Executing <Task(SparkSubmitOperator): spark_submit_task> on 2025-01-15 11:21:03.594756+00:00
[2025-01-15T11:21:05.889+0000] {standard_task_runner.py:63} INFO - Started process 3581 to run task
[2025-01-15T11:21:05.899+0000] {standard_task_runner.py:90} INFO - Running: ['airflow', 'tasks', 'run', 'Data_Ingestions_produts', 'spark_submit_task', 'manual__2025-01-15T11:21:03.594756+00:00', '--job-id', '15', '--raw', '--subdir', 'DAGS_FOLDER/Data_Ingestions_produts.py', '--cfg-path', '/tmp/tmp1mzfdrr1']
[2025-01-15T11:21:05.906+0000] {standard_task_runner.py:91} INFO - Job 15: Subtask spark_submit_task
[2025-01-15T11:21:06.076+0000] {task_command.py:426} INFO - Running <TaskInstance: Data_Ingestions_produts.spark_submit_task manual__2025-01-15T11:21:03.594756+00:00 [running]> on host airflow-scheduler
[2025-01-15T11:21:06.189+0000] {taskinstance.py:2648} INFO - Exporting env vars: AIRFLOW_CTX_DAG_OWNER='Ajied(WhatsApp), Ajied(Email)' AIRFLOW_CTX_DAG_ID='Data_Ingestions_produts' AIRFLOW_CTX_TASK_ID='spark_submit_task' AIRFLOW_CTX_EXECUTION_DATE='2025-01-15T11:21:03.594756+00:00' AIRFLOW_CTX_TRY_NUMBER='1' AIRFLOW_CTX_DAG_RUN_ID='manual__2025-01-15T11:21:03.594756+00:00'
[2025-01-15T11:21:06.191+0000] {taskinstance.py:430} INFO - ::endgroup::
[2025-01-15T11:21:06.202+0000] {base.py:84} INFO - Using connection ID 'spark_main' for task execution.
[2025-01-15T11:21:06.204+0000] {spark_submit.py:474} INFO - Spark-Submit cmd: spark-submit --master spark://spark-master:7077 --jars /spark-scripts/jars/jars_postgresql-42.2.20.jar --name arrow-spark /spark-scripts/data_ingestion_products.py
[2025-01-15T11:21:08.431+0000] {spark_submit.py:641} INFO - 25/01/15 11:21:08 WARN NativeCodeLoader: Unable to load native-hadoop library for your platform... using builtin-java classes where applicable
[2025-01-15T11:21:09.750+0000] {spark_submit.py:641} INFO - 25/01/15 11:21:09 INFO SparkContext: Running Spark version 3.5.4
[2025-01-15T11:21:09.751+0000] {spark_submit.py:641} INFO - 25/01/15 11:21:09 INFO SparkContext: OS info Linux, 5.15.153.1-microsoft-standard-WSL2, amd64
[2025-01-15T11:21:09.752+0000] {spark_submit.py:641} INFO - 25/01/15 11:21:09 INFO SparkContext: Java version 17.0.13
[2025-01-15T11:21:09.779+0000] {spark_submit.py:641} INFO - 25/01/15 11:21:09 INFO ResourceUtils: ==============================================================
[2025-01-15T11:21:09.780+0000] {spark_submit.py:641} INFO - 25/01/15 11:21:09 INFO ResourceUtils: No custom resources configured for spark.driver.
[2025-01-15T11:21:09.780+0000] {spark_submit.py:641} INFO - 25/01/15 11:21:09 INFO ResourceUtils: ==============================================================
[2025-01-15T11:21:09.781+0000] {spark_submit.py:641} INFO - 25/01/15 11:21:09 INFO SparkContext: Submitted application: arrow-spark
[2025-01-15T11:21:09.803+0000] {spark_submit.py:641} INFO - 25/01/15 11:21:09 INFO ResourceProfile: Default ResourceProfile created, executor resources: Map(memory -> name: memory, amount: 1024, script: , vendor: , offHeap -> name: offHeap, amount: 0, script: , vendor: ), task resources: Map(cpus -> name: cpus, amount: 1.0)
[2025-01-15T11:21:09.812+0000] {spark_submit.py:641} INFO - 25/01/15 11:21:09 INFO ResourceProfile: Limiting resource is cpu
[2025-01-15T11:21:09.813+0000] {spark_submit.py:641} INFO - 25/01/15 11:21:09 INFO ResourceProfileManager: Added ResourceProfile id: 0
[2025-01-15T11:21:09.865+0000] {spark_submit.py:641} INFO - 25/01/15 11:21:09 INFO SecurityManager: Changing view acls to: airflow
[2025-01-15T11:21:09.866+0000] {spark_submit.py:641} INFO - 25/01/15 11:21:09 INFO SecurityManager: Changing modify acls to: airflow
[2025-01-15T11:21:09.867+0000] {spark_submit.py:641} INFO - 25/01/15 11:21:09 INFO SecurityManager: Changing view acls groups to:
[2025-01-15T11:21:09.867+0000] {spark_submit.py:641} INFO - 25/01/15 11:21:09 INFO SecurityManager: Changing modify acls groups to:
[2025-01-15T11:21:09.868+0000] {spark_submit.py:641} INFO - 25/01/15 11:21:09 INFO SecurityManager: SecurityManager: authentication disabled; ui acls disabled; users with view permissions: airflow; groups with view permissions: EMPTY; users with modify permissions: airflow; groups with modify permissions: EMPTY
[2025-01-15T11:21:10.135+0000] {spark_submit.py:641} INFO - 25/01/15 11:21:10 INFO Utils: Successfully started service 'sparkDriver' on port 40945.
[2025-01-15T11:21:10.197+0000] {spark_submit.py:641} INFO - 25/01/15 11:21:10 INFO SparkEnv: Registering MapOutputTracker
[2025-01-15T11:21:10.256+0000] {spark_submit.py:641} INFO - 25/01/15 11:21:10 INFO SparkEnv: Registering BlockManagerMaster
[2025-01-15T11:21:10.280+0000] {spark_submit.py:641} INFO - 25/01/15 11:21:10 INFO BlockManagerMasterEndpoint: Using org.apache.spark.storage.DefaultTopologyMapper for getting topology information
[2025-01-15T11:21:10.281+0000] {spark_submit.py:641} INFO - 25/01/15 11:21:10 INFO BlockManagerMasterEndpoint: BlockManagerMasterEndpoint up
[2025-01-15T11:21:10.287+0000] {spark_submit.py:641} INFO - 25/01/15 11:21:10 INFO SparkEnv: Registering BlockManagerMasterHeartbeat
[2025-01-15T11:21:10.336+0000] {spark_submit.py:641} INFO - 25/01/15 11:21:10 INFO DiskBlockManager: Created local directory at /tmp/blockmgr-9985129b-9c03-4df5-8151-fb0e5a278018
[2025-01-15T11:21:10.356+0000] {spark_submit.py:641} INFO - 25/01/15 11:21:10 INFO MemoryStore: MemoryStore started with capacity 434.4 MiB
[2025-01-15T11:21:10.378+0000] {spark_submit.py:641} INFO - 25/01/15 11:21:10 INFO SparkEnv: Registering OutputCommitCoordinator
[2025-01-15T11:21:10.527+0000] {spark_submit.py:641} INFO - 25/01/15 11:21:10 INFO JettyUtils: Start Jetty 0.0.0.0:4040 for SparkUI
[2025-01-15T11:21:10.605+0000] {spark_submit.py:641} INFO - 25/01/15 11:21:10 INFO Utils: Successfully started service 'SparkUI' on port 4040.
[2025-01-15T11:21:10.649+0000] {spark_submit.py:641} INFO - 25/01/15 11:21:10 ERROR SparkContext: Failed to add /opt/bitnami/spark/jars/postgresql-42.2.18.jar to Spark environment
[2025-01-15T11:21:10.650+0000] {spark_submit.py:641} INFO - java.io.FileNotFoundException: Jar /opt/bitnami/spark/jars/postgresql-42.2.18.jar not found
[2025-01-15T11:21:10.651+0000] {spark_submit.py:641} INFO - at org.apache.spark.SparkContext.addLocalJarFile$1(SparkContext.scala:2095)
[2025-01-15T11:21:10.652+0000] {spark_submit.py:641} INFO - at org.apache.spark.SparkContext.addJar(SparkContext.scala:2151)
[2025-01-15T11:21:10.653+0000] {spark_submit.py:641} INFO - at org.apache.spark.SparkContext.$anonfun$new$15(SparkContext.scala:521)
[2025-01-15T11:21:10.653+0000] {spark_submit.py:641} INFO - at org.apache.spark.SparkContext.$anonfun$new$15$adapted(SparkContext.scala:521)
[2025-01-15T11:21:10.654+0000] {spark_submit.py:641} INFO - at scala.collection.mutable.ResizableArray.foreach(ResizableArray.scala:62)
[2025-01-15T11:21:10.655+0000] {spark_submit.py:641} INFO - at scala.collection.mutable.ResizableArray.foreach$(ResizableArray.scala:55)
[2025-01-15T11:21:10.656+0000] {spark_submit.py:641} INFO - at scala.collection.mutable.ArrayBuffer.foreach(ArrayBuffer.scala:49)
[2025-01-15T11:21:10.656+0000] {spark_submit.py:641} INFO - at org.apache.spark.SparkContext.<init>(SparkContext.scala:521)
[2025-01-15T11:21:10.657+0000] {spark_submit.py:641} INFO - at org.apache.spark.api.java.JavaSparkContext.<init>(JavaSparkContext.scala:58)
[2025-01-15T11:21:10.658+0000] {spark_submit.py:641} INFO - at java.base/jdk.internal.reflect.NativeConstructorAccessorImpl.newInstance0(Native Method)
[2025-01-15T11:21:10.658+0000] {spark_submit.py:641} INFO - at java.base/jdk.internal.reflect.NativeConstructorAccessorImpl.newInstance(NativeConstructorAccessorImpl.java:77)
[2025-01-15T11:21:10.659+0000] {spark_submit.py:641} INFO - at java.base/jdk.internal.reflect.DelegatingConstructorAccessorImpl.newInstance(DelegatingConstructorAccessorImpl.java:45)
[2025-01-15T11:21:10.660+0000] {spark_submit.py:641} INFO - at java.base/java.lang.reflect.Constructor.newInstanceWithCaller(Constructor.java:500)
[2025-01-15T11:21:10.660+0000] {spark_submit.py:641} INFO - at java.base/java.lang.reflect.Constructor.newInstance(Constructor.java:481)
[2025-01-15T11:21:10.661+0000] {spark_submit.py:641} INFO - at py4j.reflection.MethodInvoker.invoke(MethodInvoker.java:247)
[2025-01-15T11:21:10.662+0000] {spark_submit.py:641} INFO - at py4j.reflection.ReflectionEngine.invoke(ReflectionEngine.java:374)
[2025-01-15T11:21:10.663+0000] {spark_submit.py:641} INFO - at py4j.Gateway.invoke(Gateway.java:238)
[2025-01-15T11:21:10.663+0000] {spark_submit.py:641} INFO - at py4j.commands.ConstructorCommand.invokeConstructor(ConstructorCommand.java:80)
[2025-01-15T11:21:10.664+0000] {spark_submit.py:641} INFO - at py4j.commands.ConstructorCommand.execute(ConstructorCommand.java:69)
[2025-01-15T11:21:10.665+0000] {spark_submit.py:641} INFO - at py4j.ClientServerConnection.waitForCommands(ClientServerConnection.java:182)
[2025-01-15T11:21:10.665+0000] {spark_submit.py:641} INFO - at py4j.ClientServerConnection.run(ClientServerConnection.java:106)
[2025-01-15T11:21:10.666+0000] {spark_submit.py:641} INFO - at java.base/java.lang.Thread.run(Thread.java:840)
[2025-01-15T11:21:10.750+0000] {spark_submit.py:641} INFO - 25/01/15 11:21:10 INFO StandaloneAppClient$ClientEndpoint: Connecting to master spark://spark-master:7077...
[2025-01-15T11:21:10.802+0000] {spark_submit.py:641} INFO - 25/01/15 11:21:10 INFO TransportClientFactory: Successfully created connection to spark-master/172.18.0.2:7077 after 29 ms (0 ms spent in bootstraps)
[2025-01-15T11:21:30.752+0000] {spark_submit.py:641} INFO - 25/01/15 11:21:30 INFO StandaloneAppClient$ClientEndpoint: Connecting to master spark://spark-master:7077...
[2025-01-15T11:21:50.755+0000] {spark_submit.py:641} INFO - 25/01/15 11:21:50 INFO StandaloneAppClient$ClientEndpoint: Connecting to master spark://spark-master:7077...
[2025-01-15T11:22:10.761+0000] {spark_submit.py:641} INFO - 25/01/15 11:22:10 ERROR StandaloneSchedulerBackend: Application has been killed. Reason: All masters are unresponsive! Giving up.
[2025-01-15T11:22:10.763+0000] {spark_submit.py:641} INFO - 25/01/15 11:22:10 WARN StandaloneSchedulerBackend: Application ID is not initialized yet.
[2025-01-15T11:22:10.794+0000] {spark_submit.py:641} INFO - 25/01/15 11:22:10 INFO Utils: Successfully started service 'org.apache.spark.network.netty.NettyBlockTransferService' on port 33643.
[2025-01-15T11:22:10.796+0000] {spark_submit.py:641} INFO - 25/01/15 11:22:10 INFO NettyBlockTransferService: Server created on airflow-scheduler:33643
[2025-01-15T11:22:10.802+0000] {spark_submit.py:641} INFO - 25/01/15 11:22:10 INFO BlockManager: Using org.apache.spark.storage.RandomBlockReplicationPolicy for block replication policy
[2025-01-15T11:22:10.823+0000] {spark_submit.py:641} INFO - 25/01/15 11:22:10 INFO BlockManagerMaster: Registering BlockManager BlockManagerId(driver, airflow-scheduler, 33643, None)
[2025-01-15T11:22:10.834+0000] {spark_submit.py:641} INFO - 25/01/15 11:22:10 INFO BlockManagerMasterEndpoint: Registering block manager airflow-scheduler:33643 with 434.4 MiB RAM, BlockManagerId(driver, airflow-scheduler, 33643, None)
[2025-01-15T11:22:10.842+0000] {spark_submit.py:641} INFO - 25/01/15 11:22:10 INFO BlockManagerMaster: Registered BlockManager BlockManagerId(driver, airflow-scheduler, 33643, None)
[2025-01-15T11:22:10.845+0000] {spark_submit.py:641} INFO - 25/01/15 11:22:10 INFO BlockManager: Initialized BlockManager: BlockManagerId(driver, airflow-scheduler, 33643, None)
[2025-01-15T11:22:11.087+0000] {spark_submit.py:641} INFO - 25/01/15 11:22:11 INFO StandaloneSchedulerBackend: SchedulerBackend is ready for scheduling beginning after reached minRegisteredResourcesRatio: 0.0
[2025-01-15T11:22:11.350+0000] {spark_submit.py:641} INFO - 25/01/15 11:22:11 WARN StandaloneAppClient$ClientEndpoint: Drop UnregisterApplication(null) because has not yet connected to master
[2025-01-15T11:22:14.676+0000] {spark_submit.py:641} INFO - Traceback (most recent call last):
[2025-01-15T11:22:14.676+0000] {spark_submit.py:641} INFO - File "/spark-scripts/data_ingestion_products.py", line 35, in <module>
[2025-01-15T11:22:14.679+0000] {spark_submit.py:641} INFO - products_dataset = spark.read.csv("/data/products.csv", header=True)
[2025-01-15T11:22:14.679+0000] {spark_submit.py:641} INFO - File "/home/airflow/.local/lib/python3.10/site-packages/pyspark/python/lib/pyspark.zip/pyspark/sql/readwriter.py", line 740, in csv
[2025-01-15T11:22:14.680+0000] {spark_submit.py:641} INFO - File "/home/airflow/.local/lib/python3.10/site-packages/pyspark/python/lib/py4j-0.10.9.7-src.zip/py4j/java_gateway.py", line 1322, in __call__
[2025-01-15T11:22:14.680+0000] {spark_submit.py:641} INFO - File "/home/airflow/.local/lib/python3.10/site-packages/pyspark/python/lib/pyspark.zip/pyspark/errors/exceptions/captured.py", line 179, in deco
[2025-01-15T11:22:14.681+0000] {spark_submit.py:641} INFO - File "/home/airflow/.local/lib/python3.10/site-packages/pyspark/python/lib/py4j-0.10.9.7-src.zip/py4j/protocol.py", line 326, in get_return_value
[2025-01-15T11:22:14.681+0000] {spark_submit.py:641} INFO - py4j.protocol.Py4JJavaError: An error occurred while calling o28.csv.
[2025-01-15T11:22:14.682+0000] {spark_submit.py:641} INFO - : java.lang.IllegalStateException: Cannot call methods on a stopped SparkContext.
[2025-01-15T11:22:14.682+0000] {spark_submit.py:641} INFO - This stopped SparkContext was created at:
[2025-01-15T11:22:14.683+0000] {spark_submit.py:641} INFO - 
[2025-01-15T11:22:14.683+0000] {spark_submit.py:641} INFO - org.apache.spark.api.java.JavaSparkContext.<init>(JavaSparkContext.scala:58)
[2025-01-15T11:22:14.684+0000] {spark_submit.py:641} INFO - java.base/jdk.internal.reflect.NativeConstructorAccessorImpl.newInstance0(Native Method)
[2025-01-15T11:22:14.684+0000] {spark_submit.py:641} INFO - java.base/jdk.internal.reflect.NativeConstructorAccessorImpl.newInstance(NativeConstructorAccessorImpl.java:77)
[2025-01-15T11:22:14.685+0000] {spark_submit.py:641} INFO - java.base/jdk.internal.reflect.DelegatingConstructorAccessorImpl.newInstance(DelegatingConstructorAccessorImpl.java:45)
[2025-01-15T11:22:14.685+0000] {spark_submit.py:641} INFO - java.base/java.lang.reflect.Constructor.newInstanceWithCaller(Constructor.java:500)
[2025-01-15T11:22:14.686+0000] {spark_submit.py:641} INFO - java.base/java.lang.reflect.Constructor.newInstance(Constructor.java:481)
[2025-01-15T11:22:14.686+0000] {spark_submit.py:641} INFO - py4j.reflection.MethodInvoker.invoke(MethodInvoker.java:247)
[2025-01-15T11:22:14.687+0000] {spark_submit.py:641} INFO - py4j.reflection.ReflectionEngine.invoke(ReflectionEngine.java:374)
[2025-01-15T11:22:14.687+0000] {spark_submit.py:641} INFO - py4j.Gateway.invoke(Gateway.java:238)
[2025-01-15T11:22:14.688+0000] {spark_submit.py:641} INFO - py4j.commands.ConstructorCommand.invokeConstructor(ConstructorCommand.java:80)
[2025-01-15T11:22:14.688+0000] {spark_submit.py:641} INFO - py4j.commands.ConstructorCommand.execute(ConstructorCommand.java:69)
[2025-01-15T11:22:14.688+0000] {spark_submit.py:641} INFO - py4j.ClientServerConnection.waitForCommands(ClientServerConnection.java:182)
[2025-01-15T11:22:14.689+0000] {spark_submit.py:641} INFO - py4j.ClientServerConnection.run(ClientServerConnection.java:106)
[2025-01-15T11:22:14.690+0000] {spark_submit.py:641} INFO - java.base/java.lang.Thread.run(Thread.java:840)
[2025-01-15T11:22:14.690+0000] {spark_submit.py:641} INFO - 
[2025-01-15T11:22:14.690+0000] {spark_submit.py:641} INFO - The currently active SparkContext was created at:
[2025-01-15T11:22:14.691+0000] {spark_submit.py:641} INFO - 
[2025-01-15T11:22:14.691+0000] {spark_submit.py:641} INFO - (No active SparkContext.)
[2025-01-15T11:22:14.692+0000] {spark_submit.py:641} INFO - 
[2025-01-15T11:22:14.692+0000] {spark_submit.py:641} INFO - at org.apache.spark.SparkContext.assertNotStopped(SparkContext.scala:122)
[2025-01-15T11:22:14.693+0000] {spark_submit.py:641} INFO - at org.apache.spark.SparkContext.broadcastInternal(SparkContext.scala:1654)
[2025-01-15T11:22:14.693+0000] {spark_submit.py:641} INFO - at org.apache.spark.SparkContext.broadcast(SparkContext.scala:1639)
[2025-01-15T11:22:14.694+0000] {spark_submit.py:641} INFO - at org.apache.spark.sql.execution.datasources.text.TextFileFormat.buildReader(TextFileFormat.scala:106)
[2025-01-15T11:22:14.694+0000] {spark_submit.py:641} INFO - at org.apache.spark.sql.execution.datasources.FileFormat.buildReaderWithPartitionValues(FileFormat.scala:138)
[2025-01-15T11:22:14.695+0000] {spark_submit.py:641} INFO - at org.apache.spark.sql.execution.datasources.FileFormat.buildReaderWithPartitionValues$(FileFormat.scala:129)
[2025-01-15T11:22:14.695+0000] {spark_submit.py:641} INFO - at org.apache.spark.sql.execution.datasources.TextBasedFileFormat.buildReaderWithPartitionValues(FileFormat.scala:346)
[2025-01-15T11:22:14.695+0000] {spark_submit.py:641} INFO - at org.apache.spark.sql.execution.FileSourceScanExec.inputRDD$lzycompute(DataSourceScanExec.scala:548)
[2025-01-15T11:22:14.696+0000] {spark_submit.py:641} INFO - at org.apache.spark.sql.execution.FileSourceScanExec.inputRDD(DataSourceScanExec.scala:537)
[2025-01-15T11:22:14.696+0000] {spark_submit.py:641} INFO - at org.apache.spark.sql.execution.FileSourceScanExec.doExecute(DataSourceScanExec.scala:575)
[2025-01-15T11:22:14.697+0000] {spark_submit.py:641} INFO - at org.apache.spark.sql.execution.SparkPlan.$anonfun$execute$1(SparkPlan.scala:195)
[2025-01-15T11:22:14.697+0000] {spark_submit.py:641} INFO - at org.apache.spark.sql.execution.SparkPlan.$anonfun$executeQuery$1(SparkPlan.scala:246)
[2025-01-15T11:22:14.698+0000] {spark_submit.py:641} INFO - at org.apache.spark.rdd.RDDOperationScope$.withScope(RDDOperationScope.scala:151)
[2025-01-15T11:22:14.698+0000] {spark_submit.py:641} INFO - at org.apache.spark.sql.execution.SparkPlan.executeQuery(SparkPlan.scala:243)
[2025-01-15T11:22:14.699+0000] {spark_submit.py:641} INFO - at org.apache.spark.sql.execution.SparkPlan.execute(SparkPlan.scala:191)
[2025-01-15T11:22:14.699+0000] {spark_submit.py:641} INFO - at org.apache.spark.sql.execution.InputAdapter.inputRDD(WholeStageCodegenExec.scala:527)
[2025-01-15T11:22:14.699+0000] {spark_submit.py:641} INFO - at org.apache.spark.sql.execution.InputRDDCodegen.inputRDDs(WholeStageCodegenExec.scala:455)
[2025-01-15T11:22:14.700+0000] {spark_submit.py:641} INFO - at org.apache.spark.sql.execution.InputRDDCodegen.inputRDDs$(WholeStageCodegenExec.scala:454)
[2025-01-15T11:22:14.700+0000] {spark_submit.py:641} INFO - at org.apache.spark.sql.execution.InputAdapter.inputRDDs(WholeStageCodegenExec.scala:498)
[2025-01-15T11:22:14.701+0000] {spark_submit.py:641} INFO - at org.apache.spark.sql.execution.FilterExec.inputRDDs(basicPhysicalOperators.scala:242)
[2025-01-15T11:22:14.701+0000] {spark_submit.py:641} INFO - at org.apache.spark.sql.execution.WholeStageCodegenExec.doExecute(WholeStageCodegenExec.scala:751)
[2025-01-15T11:22:14.702+0000] {spark_submit.py:641} INFO - at org.apache.spark.sql.execution.SparkPlan.$anonfun$execute$1(SparkPlan.scala:195)
[2025-01-15T11:22:14.702+0000] {spark_submit.py:641} INFO - at org.apache.spark.sql.execution.SparkPlan.$anonfun$executeQuery$1(SparkPlan.scala:246)
[2025-01-15T11:22:14.702+0000] {spark_submit.py:641} INFO - at org.apache.spark.rdd.RDDOperationScope$.withScope(RDDOperationScope.scala:151)
[2025-01-15T11:22:14.703+0000] {spark_submit.py:641} INFO - at org.apache.spark.sql.execution.SparkPlan.executeQuery(SparkPlan.scala:243)
[2025-01-15T11:22:14.703+0000] {spark_submit.py:641} INFO - at org.apache.spark.sql.execution.SparkPlan.execute(SparkPlan.scala:191)
[2025-01-15T11:22:14.704+0000] {spark_submit.py:641} INFO - at org.apache.spark.sql.execution.SparkPlan.getByteArrayRdd(SparkPlan.scala:364)
[2025-01-15T11:22:14.704+0000] {spark_submit.py:641} INFO - at org.apache.spark.sql.execution.SparkPlan.executeTake(SparkPlan.scala:498)
[2025-01-15T11:22:14.705+0000] {spark_submit.py:641} INFO - at org.apache.spark.sql.execution.SparkPlan.executeTake(SparkPlan.scala:483)
[2025-01-15T11:22:14.705+0000] {spark_submit.py:641} INFO - at org.apache.spark.sql.execution.CollectLimitExec.executeCollect(limit.scala:61)
[2025-01-15T11:22:14.705+0000] {spark_submit.py:641} INFO - at org.apache.spark.sql.Dataset.collectFromPlan(Dataset.scala:4333)
[2025-01-15T11:22:14.706+0000] {spark_submit.py:641} INFO - at org.apache.spark.sql.Dataset.$anonfun$head$1(Dataset.scala:3316)
[2025-01-15T11:22:14.706+0000] {spark_submit.py:641} INFO - at org.apache.spark.sql.Dataset.$anonfun$withAction$2(Dataset.scala:4323)
[2025-01-15T11:22:14.706+0000] {spark_submit.py:641} INFO - at org.apache.spark.sql.execution.QueryExecution$.withInternalError(QueryExecution.scala:546)
[2025-01-15T11:22:14.707+0000] {spark_submit.py:641} INFO - at org.apache.spark.sql.Dataset.$anonfun$withAction$1(Dataset.scala:4321)
[2025-01-15T11:22:14.707+0000] {spark_submit.py:641} INFO - at org.apache.spark.sql.execution.SQLExecution$.$anonfun$withNewExecutionId$6(SQLExecution.scala:125)
[2025-01-15T11:22:14.707+0000] {spark_submit.py:641} INFO - at org.apache.spark.sql.execution.SQLExecution$.withSQLConfPropagated(SQLExecution.scala:201)
[2025-01-15T11:22:14.708+0000] {spark_submit.py:641} INFO - at org.apache.spark.sql.execution.SQLExecution$.$anonfun$withNewExecutionId$1(SQLExecution.scala:108)
[2025-01-15T11:22:14.708+0000] {spark_submit.py:641} INFO - at org.apache.spark.sql.SparkSession.withActive(SparkSession.scala:900)
[2025-01-15T11:22:14.708+0000] {spark_submit.py:641} INFO - at org.apache.spark.sql.execution.SQLExecution$.withNewExecutionId(SQLExecution.scala:66)
[2025-01-15T11:22:14.709+0000] {spark_submit.py:641} INFO - at org.apache.spark.sql.Dataset.withAction(Dataset.scala:4321)
[2025-01-15T11:22:14.709+0000] {spark_submit.py:641} INFO - at org.apache.spark.sql.Dataset.head(Dataset.scala:3316)
[2025-01-15T11:22:14.710+0000] {spark_submit.py:641} INFO - at org.apache.spark.sql.Dataset.take(Dataset.scala:3539)
[2025-01-15T11:22:14.710+0000] {spark_submit.py:641} INFO - at org.apache.spark.sql.execution.datasources.csv.TextInputCSVDataSource$.infer(CSVDataSource.scala:111)
[2025-01-15T11:22:14.710+0000] {spark_submit.py:641} INFO - at org.apache.spark.sql.execution.datasources.csv.CSVDataSource.inferSchema(CSVDataSource.scala:64)
[2025-01-15T11:22:14.711+0000] {spark_submit.py:641} INFO - at org.apache.spark.sql.execution.datasources.csv.CSVFileFormat.inferSchema(CSVFileFormat.scala:62)
[2025-01-15T11:22:14.711+0000] {spark_submit.py:641} INFO - at org.apache.spark.sql.execution.datasources.DataSource.$anonfun$getOrInferFileFormatSchema$11(DataSource.scala:208)
[2025-01-15T11:22:14.711+0000] {spark_submit.py:641} INFO - at scala.Option.orElse(Option.scala:447)
[2025-01-15T11:22:14.712+0000] {spark_submit.py:641} INFO - at org.apache.spark.sql.execution.datasources.DataSource.getOrInferFileFormatSchema(DataSource.scala:205)
[2025-01-15T11:22:14.712+0000] {spark_submit.py:641} INFO - at org.apache.spark.sql.execution.datasources.DataSource.resolveRelation(DataSource.scala:407)
[2025-01-15T11:22:14.713+0000] {spark_submit.py:641} INFO - at org.apache.spark.sql.DataFrameReader.loadV1Source(DataFrameReader.scala:229)
[2025-01-15T11:22:14.713+0000] {spark_submit.py:641} INFO - at org.apache.spark.sql.DataFrameReader.$anonfun$load$2(DataFrameReader.scala:211)
[2025-01-15T11:22:14.713+0000] {spark_submit.py:641} INFO - at scala.Option.getOrElse(Option.scala:189)
[2025-01-15T11:22:14.714+0000] {spark_submit.py:641} INFO - at org.apache.spark.sql.DataFrameReader.load(DataFrameReader.scala:211)
[2025-01-15T11:22:14.714+0000] {spark_submit.py:641} INFO - at org.apache.spark.sql.DataFrameReader.csv(DataFrameReader.scala:538)
[2025-01-15T11:22:14.714+0000] {spark_submit.py:641} INFO - at java.base/jdk.internal.reflect.NativeMethodAccessorImpl.invoke0(Native Method)
[2025-01-15T11:22:14.715+0000] {spark_submit.py:641} INFO - at java.base/jdk.internal.reflect.NativeMethodAccessorImpl.invoke(NativeMethodAccessorImpl.java:77)
[2025-01-15T11:22:14.715+0000] {spark_submit.py:641} INFO - at java.base/jdk.internal.reflect.DelegatingMethodAccessorImpl.invoke(DelegatingMethodAccessorImpl.java:43)
[2025-01-15T11:22:14.715+0000] {spark_submit.py:641} INFO - at java.base/java.lang.reflect.Method.invoke(Method.java:569)
[2025-01-15T11:22:14.716+0000] {spark_submit.py:641} INFO - at py4j.reflection.MethodInvoker.invoke(MethodInvoker.java:244)
[2025-01-15T11:22:14.716+0000] {spark_submit.py:641} INFO - at py4j.reflection.ReflectionEngine.invoke(ReflectionEngine.java:374)
[2025-01-15T11:22:14.716+0000] {spark_submit.py:641} INFO - at py4j.Gateway.invoke(Gateway.java:282)
[2025-01-15T11:22:14.717+0000] {spark_submit.py:641} INFO - at py4j.commands.AbstractCommand.invokeMethod(AbstractCommand.java:132)
[2025-01-15T11:22:14.717+0000] {spark_submit.py:641} INFO - at py4j.commands.CallCommand.execute(CallCommand.java:79)
[2025-01-15T11:22:14.717+0000] {spark_submit.py:641} INFO - at py4j.ClientServerConnection.waitForCommands(ClientServerConnection.java:182)
[2025-01-15T11:22:14.718+0000] {spark_submit.py:641} INFO - at py4j.ClientServerConnection.run(ClientServerConnection.java:106)
[2025-01-15T11:22:14.718+0000] {spark_submit.py:641} INFO - at java.base/java.lang.Thread.run(Thread.java:840)
[2025-01-15T11:22:14.718+0000] {spark_submit.py:641} INFO - 
[2025-01-15T11:22:14.772+0000] {taskinstance.py:441} INFO - ::group::Post task execution logs
[2025-01-15T11:22:14.781+0000] {taskinstance.py:2905} ERROR - Task failed with exception
Traceback (most recent call last):
  File "/home/airflow/.local/lib/python3.10/site-packages/airflow/models/taskinstance.py", line 465, in _execute_task
    result = _execute_callable(context=context, **execute_callable_kwargs)
  File "/home/airflow/.local/lib/python3.10/site-packages/airflow/models/taskinstance.py", line 432, in _execute_callable
    return execute_callable(context=context, **execute_callable_kwargs)
  File "/home/airflow/.local/lib/python3.10/site-packages/airflow/models/baseoperator.py", line 401, in wrapper
    return func(self, *args, **kwargs)
  File "/home/airflow/.local/lib/python3.10/site-packages/airflow/providers/apache/spark/operators/spark_submit.py", line 177, in execute
    self._hook.submit(self.application)
  File "/home/airflow/.local/lib/python3.10/site-packages/airflow/providers/apache/spark/hooks/spark_submit.py", line 567, in submit
    raise AirflowException(
airflow.exceptions.AirflowException: Cannot execute: spark-submit --master spark://spark-master:7077 --jars /spark-scripts/jars/jars_postgresql-42.2.20.jar --name arrow-spark /spark-scripts/data_ingestion_products.py. Error code is: 1.
[2025-01-15T11:22:14.785+0000] {taskinstance.py:1206} INFO - Marking task as FAILED. dag_id=Data_Ingestions_produts, task_id=spark_submit_task, run_id=manual__2025-01-15T11:21:03.594756+00:00, execution_date=20250115T112103, start_date=20250115T112105, end_date=20250115T112214
[2025-01-15T11:22:14.809+0000] {standard_task_runner.py:110} ERROR - Failed to execute job 15 for task spark_submit_task (Cannot execute: spark-submit --master spark://spark-master:7077 --jars /spark-scripts/jars/jars_postgresql-42.2.20.jar --name arrow-spark /spark-scripts/data_ingestion_products.py. Error code is: 1.; 3581)
[2025-01-15T11:22:14.844+0000] {local_task_job_runner.py:240} INFO - Task exited with return code 1
[2025-01-15T11:22:14.865+0000] {taskinstance.py:3503} INFO - 0 downstream tasks scheduled from follow-on schedule check
[2025-01-15T11:22:14.871+0000] {local_task_job_runner.py:222} INFO - ::endgroup::
