[2025-01-17T07:54:19.277+0000] {local_task_job_runner.py:120} INFO - ::group::Pre task execution logs
[2025-01-17T07:54:19.354+0000] {taskinstance.py:2076} INFO - Dependencies all met for dep_context=non-requeueable deps ti=<TaskInstance: ETL.transform_data manual__2025-01-17T07:54:06.726210+00:00 [queued]>
[2025-01-17T07:54:19.375+0000] {taskinstance.py:2076} INFO - Dependencies all met for dep_context=requeueable deps ti=<TaskInstance: ETL.transform_data manual__2025-01-17T07:54:06.726210+00:00 [queued]>
[2025-01-17T07:54:19.387+0000] {taskinstance.py:2306} INFO - Starting attempt 1 of 1
[2025-01-17T07:54:19.423+0000] {taskinstance.py:2330} INFO - Executing <Task(SparkSubmitOperator): transform_data> on 2025-01-17 07:54:06.726210+00:00
[2025-01-17T07:54:19.434+0000] {standard_task_runner.py:63} INFO - Started process 10033 to run task
[2025-01-17T07:54:19.442+0000] {standard_task_runner.py:90} INFO - Running: ['airflow', 'tasks', 'run', 'ETL', 'transform_data', 'manual__2025-01-17T07:54:06.726210+00:00', '--job-id', '146', '--raw', '--subdir', 'DAGS_FOLDER/ETL.py', '--cfg-path', '/tmp/tmpu8o5vkm1']
[2025-01-17T07:54:19.449+0000] {standard_task_runner.py:91} INFO - Job 146: Subtask transform_data
[2025-01-17T07:54:19.574+0000] {task_command.py:426} INFO - Running <TaskInstance: ETL.transform_data manual__2025-01-17T07:54:06.726210+00:00 [running]> on host airflow-scheduler
[2025-01-17T07:54:19.802+0000] {taskinstance.py:2648} INFO - Exporting env vars: AIRFLOW_CTX_DAG_OWNER='Ajied(WhatsApp), Ajied(Email)' AIRFLOW_CTX_DAG_ID='ETL' AIRFLOW_CTX_TASK_ID='transform_data' AIRFLOW_CTX_EXECUTION_DATE='2025-01-17T07:54:06.726210+00:00' AIRFLOW_CTX_TRY_NUMBER='1' AIRFLOW_CTX_DAG_RUN_ID='manual__2025-01-17T07:54:06.726210+00:00'
[2025-01-17T07:54:19.805+0000] {taskinstance.py:430} INFO - ::endgroup::
[2025-01-17T07:54:19.825+0000] {base.py:84} INFO - Using connection ID 'spark_main' for task execution.
[2025-01-17T07:54:19.828+0000] {spark_submit.py:474} INFO - Spark-Submit cmd: spark-submit --master spark://spark-master:7077 --jars /spark-scripts/jars/jars_postgresql-42.2.20.jar --name arrow-spark /spark-scripts/resources/transform.py
[2025-01-17T07:54:21.794+0000] {spark_submit.py:641} INFO - 25/01/17 07:54:21 WARN NativeCodeLoader: Unable to load native-hadoop library for your platform... using builtin-java classes where applicable
[2025-01-17T07:54:23.340+0000] {spark_submit.py:641} INFO - 25/01/17 07:54:23 INFO SparkContext: Running Spark version 3.3.2
[2025-01-17T07:54:23.372+0000] {spark_submit.py:641} INFO - 25/01/17 07:54:23 INFO ResourceUtils: ==============================================================
[2025-01-17T07:54:23.373+0000] {spark_submit.py:641} INFO - 25/01/17 07:54:23 INFO ResourceUtils: No custom resources configured for spark.driver.
[2025-01-17T07:54:23.374+0000] {spark_submit.py:641} INFO - 25/01/17 07:54:23 INFO ResourceUtils: ==============================================================
[2025-01-17T07:54:23.375+0000] {spark_submit.py:641} INFO - 25/01/17 07:54:23 INFO SparkContext: Submitted application: Data Transform
[2025-01-17T07:54:23.396+0000] {spark_submit.py:641} INFO - 25/01/17 07:54:23 INFO ResourceProfile: Default ResourceProfile created, executor resources: Map(cores -> name: cores, amount: 1, script: , vendor: , memory -> name: memory, amount: 1024, script: , vendor: , offHeap -> name: offHeap, amount: 0, script: , vendor: ), task resources: Map(cpus -> name: cpus, amount: 1.0)
[2025-01-17T07:54:23.406+0000] {spark_submit.py:641} INFO - 25/01/17 07:54:23 INFO ResourceProfile: Limiting resource is cpu
[2025-01-17T07:54:23.407+0000] {spark_submit.py:641} INFO - 25/01/17 07:54:23 INFO ResourceProfileManager: Added ResourceProfile id: 0
[2025-01-17T07:54:23.447+0000] {spark_submit.py:641} INFO - 25/01/17 07:54:23 INFO SecurityManager: Changing view acls to: airflow
[2025-01-17T07:54:23.447+0000] {spark_submit.py:641} INFO - 25/01/17 07:54:23 INFO SecurityManager: Changing modify acls to: airflow
[2025-01-17T07:54:23.448+0000] {spark_submit.py:641} INFO - 25/01/17 07:54:23 INFO SecurityManager: Changing view acls groups to:
[2025-01-17T07:54:23.449+0000] {spark_submit.py:641} INFO - 25/01/17 07:54:23 INFO SecurityManager: Changing modify acls groups to:
[2025-01-17T07:54:23.449+0000] {spark_submit.py:641} INFO - 25/01/17 07:54:23 INFO SecurityManager: SecurityManager: authentication disabled; ui acls disabled; users  with view permissions: Set(airflow); groups with view permissions: Set(); users  with modify permissions: Set(airflow); groups with modify permissions: Set()
[2025-01-17T07:54:23.642+0000] {spark_submit.py:641} INFO - 25/01/17 07:54:23 INFO Utils: Successfully started service 'sparkDriver' on port 35855.
[2025-01-17T07:54:23.668+0000] {spark_submit.py:641} INFO - 25/01/17 07:54:23 INFO SparkEnv: Registering MapOutputTracker
[2025-01-17T07:54:23.701+0000] {spark_submit.py:641} INFO - 25/01/17 07:54:23 INFO SparkEnv: Registering BlockManagerMaster
[2025-01-17T07:54:23.718+0000] {spark_submit.py:641} INFO - 25/01/17 07:54:23 INFO BlockManagerMasterEndpoint: Using org.apache.spark.storage.DefaultTopologyMapper for getting topology information
[2025-01-17T07:54:23.719+0000] {spark_submit.py:641} INFO - 25/01/17 07:54:23 INFO BlockManagerMasterEndpoint: BlockManagerMasterEndpoint up
[2025-01-17T07:54:23.723+0000] {spark_submit.py:641} INFO - 25/01/17 07:54:23 INFO SparkEnv: Registering BlockManagerMasterHeartbeat
[2025-01-17T07:54:23.740+0000] {spark_submit.py:641} INFO - 25/01/17 07:54:23 INFO DiskBlockManager: Created local directory at /tmp/blockmgr-9b3e31b8-5a8f-403d-8012-e1cabb4ea46c
[2025-01-17T07:54:23.755+0000] {spark_submit.py:641} INFO - 25/01/17 07:54:23 INFO MemoryStore: MemoryStore started with capacity 434.4 MiB
[2025-01-17T07:54:23.777+0000] {spark_submit.py:641} INFO - 25/01/17 07:54:23 INFO SparkEnv: Registering OutputCommitCoordinator
[2025-01-17T07:54:23.943+0000] {spark_submit.py:641} INFO - 25/01/17 07:54:23 INFO Utils: Successfully started service 'SparkUI' on port 4040.
[2025-01-17T07:54:23.985+0000] {spark_submit.py:641} INFO - 25/01/17 07:54:23 ERROR SparkContext: Failed to add /opt/bitnami/spark/jars/postgresql-42.2.18.jar to Spark environment
[2025-01-17T07:54:23.986+0000] {spark_submit.py:641} INFO - java.io.FileNotFoundException: Jar /opt/bitnami/spark/jars/postgresql-42.2.18.jar not found
[2025-01-17T07:54:23.986+0000] {spark_submit.py:641} INFO - at org.apache.spark.SparkContext.addLocalJarFile$1(SparkContext.scala:1959)
[2025-01-17T07:54:23.987+0000] {spark_submit.py:641} INFO - at org.apache.spark.SparkContext.addJar(SparkContext.scala:2014)
[2025-01-17T07:54:23.988+0000] {spark_submit.py:641} INFO - at org.apache.spark.SparkContext.$anonfun$new$12(SparkContext.scala:507)
[2025-01-17T07:54:23.988+0000] {spark_submit.py:641} INFO - at org.apache.spark.SparkContext.$anonfun$new$12$adapted(SparkContext.scala:507)
[2025-01-17T07:54:23.989+0000] {spark_submit.py:641} INFO - at scala.collection.mutable.ResizableArray.foreach(ResizableArray.scala:62)
[2025-01-17T07:54:23.990+0000] {spark_submit.py:641} INFO - at scala.collection.mutable.ResizableArray.foreach$(ResizableArray.scala:55)
[2025-01-17T07:54:23.991+0000] {spark_submit.py:641} INFO - at scala.collection.mutable.ArrayBuffer.foreach(ArrayBuffer.scala:49)
[2025-01-17T07:54:23.991+0000] {spark_submit.py:641} INFO - at org.apache.spark.SparkContext.<init>(SparkContext.scala:507)
[2025-01-17T07:54:23.992+0000] {spark_submit.py:641} INFO - at org.apache.spark.api.java.JavaSparkContext.<init>(JavaSparkContext.scala:58)
[2025-01-17T07:54:23.993+0000] {spark_submit.py:641} INFO - at java.base/jdk.internal.reflect.NativeConstructorAccessorImpl.newInstance0(Native Method)
[2025-01-17T07:54:23.993+0000] {spark_submit.py:641} INFO - at java.base/jdk.internal.reflect.NativeConstructorAccessorImpl.newInstance(NativeConstructorAccessorImpl.java:77)
[2025-01-17T07:54:23.994+0000] {spark_submit.py:641} INFO - at java.base/jdk.internal.reflect.DelegatingConstructorAccessorImpl.newInstance(DelegatingConstructorAccessorImpl.java:45)
[2025-01-17T07:54:23.995+0000] {spark_submit.py:641} INFO - at java.base/java.lang.reflect.Constructor.newInstanceWithCaller(Constructor.java:500)
[2025-01-17T07:54:23.995+0000] {spark_submit.py:641} INFO - at java.base/java.lang.reflect.Constructor.newInstance(Constructor.java:481)
[2025-01-17T07:54:23.996+0000] {spark_submit.py:641} INFO - at py4j.reflection.MethodInvoker.invoke(MethodInvoker.java:247)
[2025-01-17T07:54:23.996+0000] {spark_submit.py:641} INFO - at py4j.reflection.ReflectionEngine.invoke(ReflectionEngine.java:357)
[2025-01-17T07:54:23.997+0000] {spark_submit.py:641} INFO - at py4j.Gateway.invoke(Gateway.java:238)
[2025-01-17T07:54:23.998+0000] {spark_submit.py:641} INFO - at py4j.commands.ConstructorCommand.invokeConstructor(ConstructorCommand.java:80)
[2025-01-17T07:54:23.998+0000] {spark_submit.py:641} INFO - at py4j.commands.ConstructorCommand.execute(ConstructorCommand.java:69)
[2025-01-17T07:54:23.999+0000] {spark_submit.py:641} INFO - at py4j.ClientServerConnection.waitForCommands(ClientServerConnection.java:182)
[2025-01-17T07:54:23.999+0000] {spark_submit.py:641} INFO - at py4j.ClientServerConnection.run(ClientServerConnection.java:106)
[2025-01-17T07:54:24.000+0000] {spark_submit.py:641} INFO - at java.base/java.lang.Thread.run(Thread.java:840)
[2025-01-17T07:54:24.058+0000] {spark_submit.py:641} INFO - 25/01/17 07:54:24 INFO StandaloneAppClient$ClientEndpoint: Connecting to master spark://spark-master:7077...
[2025-01-17T07:54:24.099+0000] {spark_submit.py:641} INFO - 25/01/17 07:54:24 INFO TransportClientFactory: Successfully created connection to spark-master/172.18.0.5:7077 after 23 ms (0 ms spent in bootstraps)
[2025-01-17T07:54:24.175+0000] {spark_submit.py:641} INFO - 25/01/17 07:54:24 INFO StandaloneSchedulerBackend: Connected to Spark cluster with app ID app-20250117075424-0031
[2025-01-17T07:54:24.178+0000] {spark_submit.py:641} INFO - 25/01/17 07:54:24 INFO StandaloneAppClient$ClientEndpoint: Executor added: app-20250117075424-0031/0 on worker-20250117061805-172.18.0.6-38833 (172.18.0.6:38833) with 1 core(s)
[2025-01-17T07:54:24.180+0000] {spark_submit.py:641} INFO - 25/01/17 07:54:24 INFO StandaloneSchedulerBackend: Granted executor ID app-20250117075424-0031/0 on hostPort 172.18.0.6:38833 with 1 core(s), 1024.0 MiB RAM
[2025-01-17T07:54:24.182+0000] {spark_submit.py:641} INFO - 25/01/17 07:54:24 INFO Utils: Successfully started service 'org.apache.spark.network.netty.NettyBlockTransferService' on port 33751.
[2025-01-17T07:54:24.183+0000] {spark_submit.py:641} INFO - 25/01/17 07:54:24 INFO NettyBlockTransferService: Server created on airflow-scheduler:33751
[2025-01-17T07:54:24.184+0000] {spark_submit.py:641} INFO - 25/01/17 07:54:24 INFO BlockManager: Using org.apache.spark.storage.RandomBlockReplicationPolicy for block replication policy
[2025-01-17T07:54:24.191+0000] {spark_submit.py:641} INFO - 25/01/17 07:54:24 INFO BlockManagerMaster: Registering BlockManager BlockManagerId(driver, airflow-scheduler, 33751, None)
[2025-01-17T07:54:24.195+0000] {spark_submit.py:641} INFO - 25/01/17 07:54:24 INFO BlockManagerMasterEndpoint: Registering block manager airflow-scheduler:33751 with 434.4 MiB RAM, BlockManagerId(driver, airflow-scheduler, 33751, None)
[2025-01-17T07:54:24.197+0000] {spark_submit.py:641} INFO - 25/01/17 07:54:24 INFO BlockManagerMaster: Registered BlockManager BlockManagerId(driver, airflow-scheduler, 33751, None)
[2025-01-17T07:54:24.198+0000] {spark_submit.py:641} INFO - 25/01/17 07:54:24 INFO BlockManager: Initialized BlockManager: BlockManagerId(driver, airflow-scheduler, 33751, None)
[2025-01-17T07:54:24.250+0000] {spark_submit.py:641} INFO - 25/01/17 07:54:24 INFO StandaloneAppClient$ClientEndpoint: Executor updated: app-20250117075424-0031/0 is now RUNNING
[2025-01-17T07:54:24.413+0000] {spark_submit.py:641} INFO - 25/01/17 07:54:24 INFO StandaloneSchedulerBackend: SchedulerBackend is ready for scheduling beginning after reached minRegisteredResourcesRatio: 0.0
[2025-01-17T07:54:24.587+0000] {spark_submit.py:641} INFO - Extracting data from PostgreSQL (products)...
[2025-01-17T07:54:27.134+0000] {spark_submit.py:641} INFO - Extracting data from PostgreSQL (transactions)...
[2025-01-17T07:54:27.173+0000] {spark_submit.py:641} INFO - Transforming data...
[2025-01-17T07:54:31.133+0000] {spark_submit.py:641} INFO - +-------------+--------------------+--------------------+------------+----------+
[2025-01-17T07:54:31.133+0000] {spark_submit.py:641} INFO - |   product_id|        product_name|            category|manufacturer|base_price|
[2025-01-17T07:54:31.134+0000] {spark_submit.py:641} INFO - +-------------+--------------------+--------------------+------------+----------+
[2025-01-17T07:54:31.135+0000] {spark_submit.py:641} INFO - |PROD-a7e8c7dd|         Books Item |               Books|     EcoTech|    475.85|
[2025-01-17T07:54:31.135+0000] {spark_submit.py:641} INFO - |PROD-a9a7608e|Sports & Outdoors...|   Sports & Outdoors|GlobalBrands|       0.0|
[2025-01-17T07:54:31.136+0000] {spark_submit.py:641} INFO - |PROD-38e2b395|Home & Kitchen Item |      Home & Kitchen|            |    235.03|
[2025-01-17T07:54:31.137+0000] {spark_submit.py:641} INFO - |PROD-048762fb|Home & Kitchen Item |      Home & Kitchen|GlobalBrands|     20.09|
[2025-01-17T07:54:31.138+0000] {spark_submit.py:641} INFO - |PROD-1f031ffb|                    |               Books|FashionHouse|     99.87|
[2025-01-17T07:54:31.138+0000] {spark_submit.py:641} INFO - |PROD-83498373|Beauty & Personal...|Beauty & Personal...|   TechGiant|     13.46|
[2025-01-17T07:54:31.139+0000] {spark_submit.py:641} INFO - |PROD-ac904d51|                    |      Home & Kitchen|GlobalBrands|    309.81|
[2025-01-17T07:54:31.139+0000] {spark_submit.py:641} INFO - |PROD-b8112728|   Electronics Item |         Electronics|     EcoTech|       0.0|
[2025-01-17T07:54:31.140+0000] {spark_submit.py:641} INFO - |PROD-ef9b7568|   Electronics Item |         Electronics|            |    483.16|
[2025-01-17T07:54:31.141+0000] {spark_submit.py:641} INFO - |PROD-e5586dc8|      Clothing Item |            Clothing|FashionHouse|     57.86|
[2025-01-17T07:54:31.141+0000] {spark_submit.py:641} INFO - |PROD-7b2cc2b9|                 edc|               Books|   BookWorld|      69.8|
[2025-01-17T07:54:31.142+0000] {spark_submit.py:641} INFO - |PROD-c1ca4f49|      Clothing Item |            Clothing|GlobalBrands|    389.82|
[2025-01-17T07:54:31.143+0000] {spark_submit.py:641} INFO - |PROD-2aec3a49|Beauty & Personal...|Beauty & Personal...|   TechGiant|    106.03|
[2025-01-17T07:54:31.143+0000] {spark_submit.py:641} INFO - |PROD-8e56bce7|Sports & Outdoors...|   Sports & Outdoors|GlobalBrands|    200.45|
[2025-01-17T07:54:31.144+0000] {spark_submit.py:641} INFO - |PROD-4ebd2705|                    |   Sports & Outdoors|   TechGiant|    297.51|
[2025-01-17T07:54:31.145+0000] {spark_submit.py:641} INFO - |PROD-346c0169|         Books Item |               Books|            |    275.92|
[2025-01-17T07:54:31.146+0000] {spark_submit.py:641} INFO - |PROD-fb0847e9|Sports & Outdoors...|   Sports & Outdoors| LuxuryGoods|     46.53|
[2025-01-17T07:54:31.146+0000] {spark_submit.py:641} INFO - |PROD-2ba0c741|Home & Kitchen Item |      Home & Kitchen|     EcoTech|    356.36|
[2025-01-17T07:54:31.147+0000] {spark_submit.py:641} INFO - |PROD-fc92cad8|Beauty & Personal...|Beauty & Personal...|     EcoTech|    169.34|
[2025-01-17T07:54:31.148+0000] {spark_submit.py:641} INFO - |PROD-a10d78a4|Beauty & Personal...|Beauty & Personal...|   TechGiant|    444.73|
[2025-01-17T07:54:31.148+0000] {spark_submit.py:641} INFO - +-------------+--------------------+--------------------+------------+----------+
[2025-01-17T07:54:31.149+0000] {spark_submit.py:641} INFO - only showing top 20 rows
[2025-01-17T07:54:31.149+0000] {spark_submit.py:641} INFO - 
[2025-01-17T07:54:32.459+0000] {spark_submit.py:641} INFO - +--------------+-----------+----------+---------+--------+-----------+-------------+
[2025-01-17T07:54:32.459+0000] {spark_submit.py:641} INFO - |transaction_id|customer_id|product_id|sale_date|quantity|total_price|sales_channel|
[2025-01-17T07:54:32.460+0000] {spark_submit.py:641} INFO - +--------------+-----------+----------+---------+--------+-----------+-------------+
[2025-01-17T07:54:32.461+0000] {spark_submit.py:641} INFO - +--------------+-----------+----------+---------+--------+-----------+-------------+
[2025-01-17T07:54:32.461+0000] {spark_submit.py:641} INFO - 
[2025-01-17T07:54:32.462+0000] {spark_submit.py:641} INFO - Saving transformed data products to PostgreSQL...
[2025-01-17T07:54:34.747+0000] {spark_submit.py:641} INFO - 
[2025-01-17T07:54:34.748+0000] {spark_submit.py:641} INFO - Saving transformed data products to PostgreSQL...
[2025-01-17T07:54:35.508+0000] {spark_submit.py:641} INFO - Transformed data saved successfully!
[2025-01-17T07:54:35.700+0000] {taskinstance.py:441} INFO - ::group::Post task execution logs
[2025-01-17T07:54:35.712+0000] {taskinstance.py:1206} INFO - Marking task as SUCCESS. dag_id=ETL, task_id=transform_data, run_id=manual__2025-01-17T07:54:06.726210+00:00, execution_date=20250117T075406, start_date=20250117T075419, end_date=20250117T075435
[2025-01-17T07:54:35.745+0000] {local_task_job_runner.py:240} INFO - Task exited with return code 0
[2025-01-17T07:54:35.780+0000] {taskinstance.py:3503} INFO - 1 downstream tasks scheduled from follow-on schedule check
[2025-01-17T07:54:35.784+0000] {local_task_job_runner.py:222} INFO - ::endgroup::
