[2025-01-16T10:05:25.694+0000] {local_task_job_runner.py:120} INFO - ::group::Pre task execution logs
[2025-01-16T10:05:25.854+0000] {taskinstance.py:2076} INFO - Dependencies all met for dep_context=non-requeueable deps ti=<TaskInstance: ETL.transform_data manual__2025-01-16T10:05:10.670690+00:00 [queued]>
[2025-01-16T10:05:25.865+0000] {taskinstance.py:2076} INFO - Dependencies all met for dep_context=requeueable deps ti=<TaskInstance: ETL.transform_data manual__2025-01-16T10:05:10.670690+00:00 [queued]>
[2025-01-16T10:05:25.866+0000] {taskinstance.py:2306} INFO - Starting attempt 1 of 1
[2025-01-16T10:05:25.884+0000] {taskinstance.py:2330} INFO - Executing <Task(SparkSubmitOperator): transform_data> on 2025-01-16 10:05:10.670690+00:00
[2025-01-16T10:05:25.889+0000] {standard_task_runner.py:63} INFO - Started process 1272 to run task
[2025-01-16T10:05:25.894+0000] {standard_task_runner.py:90} INFO - Running: ['airflow', 'tasks', 'run', 'ETL', 'transform_data', 'manual__2025-01-16T10:05:10.670690+00:00', '--job-id', '7', '--raw', '--subdir', 'DAGS_FOLDER/ETL.py', '--cfg-path', '/tmp/tmp9ymt846v']
[2025-01-16T10:05:25.897+0000] {standard_task_runner.py:91} INFO - Job 7: Subtask transform_data
[2025-01-16T10:05:25.961+0000] {task_command.py:426} INFO - Running <TaskInstance: ETL.transform_data manual__2025-01-16T10:05:10.670690+00:00 [running]> on host airflow-scheduler
[2025-01-16T10:05:26.078+0000] {taskinstance.py:2648} INFO - Exporting env vars: AIRFLOW_CTX_DAG_OWNER='Ajied(WhatsApp), Ajied(Email)' AIRFLOW_CTX_DAG_ID='ETL' AIRFLOW_CTX_TASK_ID='transform_data' AIRFLOW_CTX_EXECUTION_DATE='2025-01-16T10:05:10.670690+00:00' AIRFLOW_CTX_TRY_NUMBER='1' AIRFLOW_CTX_DAG_RUN_ID='manual__2025-01-16T10:05:10.670690+00:00'
[2025-01-16T10:05:26.080+0000] {taskinstance.py:430} INFO - ::endgroup::
[2025-01-16T10:05:26.091+0000] {base.py:84} INFO - Using connection ID 'spark_main' for task execution.
[2025-01-16T10:05:26.093+0000] {spark_submit.py:474} INFO - Spark-Submit cmd: spark-submit --master spark://spark-master:7077 --jars /spark-scripts/jars/jars_postgresql-42.2.20.jar --name arrow-spark /spark-scripts/resources/transform.py
[2025-01-16T10:05:28.269+0000] {spark_submit.py:641} INFO - 25/01/16 10:05:28 WARN NativeCodeLoader: Unable to load native-hadoop library for your platform... using builtin-java classes where applicable
[2025-01-16T10:05:29.763+0000] {spark_submit.py:641} INFO - 25/01/16 10:05:29 INFO SparkContext: Running Spark version 3.3.2
[2025-01-16T10:05:29.798+0000] {spark_submit.py:641} INFO - 25/01/16 10:05:29 INFO ResourceUtils: ==============================================================
[2025-01-16T10:05:29.799+0000] {spark_submit.py:641} INFO - 25/01/16 10:05:29 INFO ResourceUtils: No custom resources configured for spark.driver.
[2025-01-16T10:05:29.799+0000] {spark_submit.py:641} INFO - 25/01/16 10:05:29 INFO ResourceUtils: ==============================================================
[2025-01-16T10:05:29.800+0000] {spark_submit.py:641} INFO - 25/01/16 10:05:29 INFO SparkContext: Submitted application: Data Transform
[2025-01-16T10:05:29.821+0000] {spark_submit.py:641} INFO - 25/01/16 10:05:29 INFO ResourceProfile: Default ResourceProfile created, executor resources: Map(cores -> name: cores, amount: 1, script: , vendor: , memory -> name: memory, amount: 1024, script: , vendor: , offHeap -> name: offHeap, amount: 0, script: , vendor: ), task resources: Map(cpus -> name: cpus, amount: 1.0)
[2025-01-16T10:05:29.833+0000] {spark_submit.py:641} INFO - 25/01/16 10:05:29 INFO ResourceProfile: Limiting resource is cpu
[2025-01-16T10:05:29.834+0000] {spark_submit.py:641} INFO - 25/01/16 10:05:29 INFO ResourceProfileManager: Added ResourceProfile id: 0
[2025-01-16T10:05:29.878+0000] {spark_submit.py:641} INFO - 25/01/16 10:05:29 INFO SecurityManager: Changing view acls to: airflow
[2025-01-16T10:05:29.878+0000] {spark_submit.py:641} INFO - 25/01/16 10:05:29 INFO SecurityManager: Changing modify acls to: airflow
[2025-01-16T10:05:29.879+0000] {spark_submit.py:641} INFO - 25/01/16 10:05:29 INFO SecurityManager: Changing view acls groups to:
[2025-01-16T10:05:29.880+0000] {spark_submit.py:641} INFO - 25/01/16 10:05:29 INFO SecurityManager: Changing modify acls groups to:
[2025-01-16T10:05:29.880+0000] {spark_submit.py:641} INFO - 25/01/16 10:05:29 INFO SecurityManager: SecurityManager: authentication disabled; ui acls disabled; users  with view permissions: Set(airflow); groups with view permissions: Set(); users  with modify permissions: Set(airflow); groups with modify permissions: Set()
[2025-01-16T10:05:30.123+0000] {spark_submit.py:641} INFO - 25/01/16 10:05:30 INFO Utils: Successfully started service 'sparkDriver' on port 46109.
[2025-01-16T10:05:30.156+0000] {spark_submit.py:641} INFO - 25/01/16 10:05:30 INFO SparkEnv: Registering MapOutputTracker
[2025-01-16T10:05:30.193+0000] {spark_submit.py:641} INFO - 25/01/16 10:05:30 INFO SparkEnv: Registering BlockManagerMaster
[2025-01-16T10:05:30.219+0000] {spark_submit.py:641} INFO - 25/01/16 10:05:30 INFO BlockManagerMasterEndpoint: Using org.apache.spark.storage.DefaultTopologyMapper for getting topology information
[2025-01-16T10:05:30.220+0000] {spark_submit.py:641} INFO - 25/01/16 10:05:30 INFO BlockManagerMasterEndpoint: BlockManagerMasterEndpoint up
[2025-01-16T10:05:30.224+0000] {spark_submit.py:641} INFO - 25/01/16 10:05:30 INFO SparkEnv: Registering BlockManagerMasterHeartbeat
[2025-01-16T10:05:30.245+0000] {spark_submit.py:641} INFO - 25/01/16 10:05:30 INFO DiskBlockManager: Created local directory at /tmp/blockmgr-6f53a547-842a-4827-9805-dfb4a0fcb96f
[2025-01-16T10:05:30.262+0000] {spark_submit.py:641} INFO - 25/01/16 10:05:30 INFO MemoryStore: MemoryStore started with capacity 434.4 MiB
[2025-01-16T10:05:30.279+0000] {spark_submit.py:641} INFO - 25/01/16 10:05:30 INFO SparkEnv: Registering OutputCommitCoordinator
[2025-01-16T10:05:30.476+0000] {spark_submit.py:641} INFO - 25/01/16 10:05:30 INFO Utils: Successfully started service 'SparkUI' on port 4040.
[2025-01-16T10:05:30.519+0000] {spark_submit.py:641} INFO - 25/01/16 10:05:30 ERROR SparkContext: Failed to add /opt/bitnami/spark/jars/postgresql-42.2.18.jar to Spark environment
[2025-01-16T10:05:30.520+0000] {spark_submit.py:641} INFO - java.io.FileNotFoundException: Jar /opt/bitnami/spark/jars/postgresql-42.2.18.jar not found
[2025-01-16T10:05:30.520+0000] {spark_submit.py:641} INFO - at org.apache.spark.SparkContext.addLocalJarFile$1(SparkContext.scala:1959)
[2025-01-16T10:05:30.521+0000] {spark_submit.py:641} INFO - at org.apache.spark.SparkContext.addJar(SparkContext.scala:2014)
[2025-01-16T10:05:30.521+0000] {spark_submit.py:641} INFO - at org.apache.spark.SparkContext.$anonfun$new$12(SparkContext.scala:507)
[2025-01-16T10:05:30.522+0000] {spark_submit.py:641} INFO - at org.apache.spark.SparkContext.$anonfun$new$12$adapted(SparkContext.scala:507)
[2025-01-16T10:05:30.523+0000] {spark_submit.py:641} INFO - at scala.collection.mutable.ResizableArray.foreach(ResizableArray.scala:62)
[2025-01-16T10:05:30.523+0000] {spark_submit.py:641} INFO - at scala.collection.mutable.ResizableArray.foreach$(ResizableArray.scala:55)
[2025-01-16T10:05:30.524+0000] {spark_submit.py:641} INFO - at scala.collection.mutable.ArrayBuffer.foreach(ArrayBuffer.scala:49)
[2025-01-16T10:05:30.524+0000] {spark_submit.py:641} INFO - at org.apache.spark.SparkContext.<init>(SparkContext.scala:507)
[2025-01-16T10:05:30.525+0000] {spark_submit.py:641} INFO - at org.apache.spark.api.java.JavaSparkContext.<init>(JavaSparkContext.scala:58)
[2025-01-16T10:05:30.525+0000] {spark_submit.py:641} INFO - at java.base/jdk.internal.reflect.NativeConstructorAccessorImpl.newInstance0(Native Method)
[2025-01-16T10:05:30.526+0000] {spark_submit.py:641} INFO - at java.base/jdk.internal.reflect.NativeConstructorAccessorImpl.newInstance(NativeConstructorAccessorImpl.java:77)
[2025-01-16T10:05:30.526+0000] {spark_submit.py:641} INFO - at java.base/jdk.internal.reflect.DelegatingConstructorAccessorImpl.newInstance(DelegatingConstructorAccessorImpl.java:45)
[2025-01-16T10:05:30.527+0000] {spark_submit.py:641} INFO - at java.base/java.lang.reflect.Constructor.newInstanceWithCaller(Constructor.java:500)
[2025-01-16T10:05:30.527+0000] {spark_submit.py:641} INFO - at java.base/java.lang.reflect.Constructor.newInstance(Constructor.java:481)
[2025-01-16T10:05:30.528+0000] {spark_submit.py:641} INFO - at py4j.reflection.MethodInvoker.invoke(MethodInvoker.java:247)
[2025-01-16T10:05:30.529+0000] {spark_submit.py:641} INFO - at py4j.reflection.ReflectionEngine.invoke(ReflectionEngine.java:357)
[2025-01-16T10:05:30.529+0000] {spark_submit.py:641} INFO - at py4j.Gateway.invoke(Gateway.java:238)
[2025-01-16T10:05:30.530+0000] {spark_submit.py:641} INFO - at py4j.commands.ConstructorCommand.invokeConstructor(ConstructorCommand.java:80)
[2025-01-16T10:05:30.531+0000] {spark_submit.py:641} INFO - at py4j.commands.ConstructorCommand.execute(ConstructorCommand.java:69)
[2025-01-16T10:05:30.531+0000] {spark_submit.py:641} INFO - at py4j.ClientServerConnection.waitForCommands(ClientServerConnection.java:182)
[2025-01-16T10:05:30.532+0000] {spark_submit.py:641} INFO - at py4j.ClientServerConnection.run(ClientServerConnection.java:106)
[2025-01-16T10:05:30.532+0000] {spark_submit.py:641} INFO - at java.base/java.lang.Thread.run(Thread.java:840)
[2025-01-16T10:05:30.600+0000] {spark_submit.py:641} INFO - 25/01/16 10:05:30 INFO StandaloneAppClient$ClientEndpoint: Connecting to master spark://spark-master:7077...
[2025-01-16T10:05:30.645+0000] {spark_submit.py:641} INFO - 25/01/16 10:05:30 INFO TransportClientFactory: Successfully created connection to spark-master/172.18.0.4:7077 after 26 ms (0 ms spent in bootstraps)
[2025-01-16T10:05:30.739+0000] {spark_submit.py:641} INFO - 25/01/16 10:05:30 INFO StandaloneSchedulerBackend: Connected to Spark cluster with app ID app-20250116100530-0008
[2025-01-16T10:05:30.741+0000] {spark_submit.py:641} INFO - 25/01/16 10:05:30 INFO StandaloneAppClient$ClientEndpoint: Executor added: app-20250116100530-0008/0 on worker-20250116082959-172.18.0.5-34717 (172.18.0.5:34717) with 1 core(s)
[2025-01-16T10:05:30.743+0000] {spark_submit.py:641} INFO - 25/01/16 10:05:30 INFO StandaloneSchedulerBackend: Granted executor ID app-20250116100530-0008/0 on hostPort 172.18.0.5:34717 with 1 core(s), 1024.0 MiB RAM
[2025-01-16T10:05:30.746+0000] {spark_submit.py:641} INFO - 25/01/16 10:05:30 INFO Utils: Successfully started service 'org.apache.spark.network.netty.NettyBlockTransferService' on port 45695.
[2025-01-16T10:05:30.747+0000] {spark_submit.py:641} INFO - 25/01/16 10:05:30 INFO NettyBlockTransferService: Server created on airflow-scheduler:45695
[2025-01-16T10:05:30.749+0000] {spark_submit.py:641} INFO - 25/01/16 10:05:30 INFO BlockManager: Using org.apache.spark.storage.RandomBlockReplicationPolicy for block replication policy
[2025-01-16T10:05:30.756+0000] {spark_submit.py:641} INFO - 25/01/16 10:05:30 INFO BlockManagerMaster: Registering BlockManager BlockManagerId(driver, airflow-scheduler, 45695, None)
[2025-01-16T10:05:30.761+0000] {spark_submit.py:641} INFO - 25/01/16 10:05:30 INFO BlockManagerMasterEndpoint: Registering block manager airflow-scheduler:45695 with 434.4 MiB RAM, BlockManagerId(driver, airflow-scheduler, 45695, None)
[2025-01-16T10:05:30.764+0000] {spark_submit.py:641} INFO - 25/01/16 10:05:30 INFO BlockManagerMaster: Registered BlockManager BlockManagerId(driver, airflow-scheduler, 45695, None)
[2025-01-16T10:05:30.765+0000] {spark_submit.py:641} INFO - 25/01/16 10:05:30 INFO BlockManager: Initialized BlockManager: BlockManagerId(driver, airflow-scheduler, 45695, None)
[2025-01-16T10:05:30.852+0000] {spark_submit.py:641} INFO - 25/01/16 10:05:30 INFO StandaloneAppClient$ClientEndpoint: Executor updated: app-20250116100530-0008/0 is now RUNNING
[2025-01-16T10:05:31.009+0000] {spark_submit.py:641} INFO - 25/01/16 10:05:31 INFO StandaloneSchedulerBackend: SchedulerBackend is ready for scheduling beginning after reached minRegisteredResourcesRatio: 0.0
[2025-01-16T10:05:31.198+0000] {spark_submit.py:641} INFO - Extracting data from PostgreSQL (products)...
[2025-01-16T10:05:34.042+0000] {spark_submit.py:641} INFO - Extracting data from PostgreSQL (transactions)...
[2025-01-16T10:05:34.080+0000] {spark_submit.py:641} INFO - Transforming data...
[2025-01-16T10:05:37.245+0000] {spark_submit.py:641} INFO - +--------------------+--------------------+--------------------+--------------------+----------+------------------+
[2025-01-16T10:05:37.247+0000] {spark_submit.py:641} INFO - |          product_id|        product_name|            category|        manufacturer|base_price|  discounted_price|
[2025-01-16T10:05:37.250+0000] {spark_submit.py:641} INFO - +--------------------+--------------------+--------------------+--------------------+----------+------------------+
[2025-01-16T10:05:37.252+0000] {spark_submit.py:641} INFO - |       PROD-a7e8c7dd|       Books Item 72|               Books|             EcoTech|    475.85|428.26500000000004|
[2025-01-16T10:05:37.254+0000] {spark_submit.py:641} INFO - |       PROD-a9a7608e|Sports & Outdoors...|   Sports & Outdoors|        GlobalBrands|      null|              null|
[2025-01-16T10:05:37.256+0000] {spark_submit.py:641} INFO - |       PROD-38e2b395|Home & Kitchen It...|      Home & Kitchen|                -683|    235.03|211.52700000000002|
[2025-01-16T10:05:37.259+0000] {spark_submit.py:641} INFO - |       PROD-048762fb|Home & Kitchen It...|      Home & Kitchen|GlobalBrands_NOIS...|     20.09|            18.081|
[2025-01-16T10:05:37.261+0000] {spark_submit.py:641} INFO - |  Too often trouble.|      Books Item 192|               Books|        GlobalBrands|    469.89|           422.901|
[2025-01-16T10:05:37.263+0000] {spark_submit.py:641} INFO - |       PROD-1f031ffb|                -605|               Books|        FashionHouse|     99.87| 89.88300000000001|
[2025-01-16T10:05:37.265+0000] {spark_submit.py:641} INFO - |       PROD-83498373|Beauty & Personal...|Beauty & Personal...|           TechGiant|     13.46|            12.114|
[2025-01-16T10:05:37.267+0000] {spark_submit.py:641} INFO - |       PROD-ac904d51|                -193|      Home & Kitchen|        GlobalBrands|    309.81|           278.829|
[2025-01-16T10:05:37.269+0000] {spark_submit.py:641} INFO - |  PROD-69b00429_head|      Books Item 958|                Bo  |           SportsPro|    189.52|           170.568|
[2025-01-16T10:05:37.272+0000] {spark_submit.py:641} INFO - |       PROD-db9600bd|                null|Beauty & Personal...|         LuxuryGoods|      null|              null|
[2025-01-16T10:05:37.274+0000] {spark_submit.py:641} INFO - |       PROD-b8112728|Electronics Item 647|MISSING_DATA_66aa...|             EcoTech|      32.0|              28.8|
[2025-01-16T10:05:37.276+0000] {spark_submit.py:641} INFO - | PROD-75d4410d_child|Sports & Outdoors...|   Sports & Outdoors|        GlobalBrands|    230.74|207.66600000000003|
[2025-01-16T10:05:37.278+0000] {spark_submit.py:641} INFO - |       PROD-ef9b7568|Electronics Item 777|         Electronics|                -763|    483.16|434.84400000000005|
[2025-01-16T10:05:37.280+0000] {spark_submit.py:641} INFO - |       PROD-e5586dc8|    Clothing Item 92|            Clothing|        FashionHouse|     57.86|            52.074|
[2025-01-16T10:05:37.282+0000] {spark_submit.py:641} INFO - |       PROD-7b2cc2b9|MISSING_DATA_e625...|               Books|            Book    |      69.8|             62.82|
[2025-01-16T10:05:37.285+0000] {spark_submit.py:641} INFO - |        PROD-a      |Home & Kitchen It...|             service|        FashionHouse|    455.57|           410.013|
[2025-01-16T10:05:37.287+0000] {spark_submit.py:641} INFO - |PROD-cfa821be_report|      Books Item 566|               Books|           SportsPro|    162.74|           146.466|
[2025-01-16T10:05:37.289+0000] {spark_submit.py:641} INFO - | PROD-fc6f675d_argue|   Clothing Item 703|            Clothing|           BookWorld|    288.17|           259.353|
[2025-01-16T10:05:37.291+0000] {spark_submit.py:641} INFO - |       PROD-c1ca4f49|   Clothing Item 202|            Clothing|        GlobalBrands|    389.82|           350.838|
[2025-01-16T10:05:37.293+0000] {spark_submit.py:641} INFO - |       PROD-8ed7a88e|                  41|Beauty & Personal...|                null|    464.06|           417.654|
[2025-01-16T10:05:37.295+0000] {spark_submit.py:641} INFO - +--------------------+--------------------+--------------------+--------------------+----------+------------------+
[2025-01-16T10:05:37.298+0000] {spark_submit.py:641} INFO - only showing top 20 rows
[2025-01-16T10:05:37.300+0000] {spark_submit.py:641} INFO - 
[2025-01-16T10:05:37.302+0000] {spark_submit.py:641} INFO - Saving transformed data back to PostgreSQL...
[2025-01-16T10:05:39.160+0000] {spark_submit.py:641} INFO - Transformed data saved successfully!
[2025-01-16T10:05:39.315+0000] {taskinstance.py:441} INFO - ::group::Post task execution logs
[2025-01-16T10:05:39.326+0000] {taskinstance.py:1206} INFO - Marking task as SUCCESS. dag_id=ETL, task_id=transform_data, run_id=manual__2025-01-16T10:05:10.670690+00:00, execution_date=20250116T100510, start_date=20250116T100525, end_date=20250116T100539
[2025-01-16T10:05:39.382+0000] {local_task_job_runner.py:240} INFO - Task exited with return code 0
[2025-01-16T10:05:39.402+0000] {taskinstance.py:3503} INFO - 0 downstream tasks scheduled from follow-on schedule check
[2025-01-16T10:05:39.406+0000] {local_task_job_runner.py:222} INFO - ::endgroup::
