[2025-01-15T10:24:34.036+0000] {local_task_job_runner.py:120} INFO - ::group::Pre task execution logs
[2025-01-15T10:24:34.108+0000] {taskinstance.py:2076} INFO - Dependencies all met for dep_context=non-requeueable deps ti=<TaskInstance: Data_Ingestions.spark_submit_task manual__2025-01-15T10:24:31.461698+00:00 [queued]>
[2025-01-15T10:24:34.120+0000] {taskinstance.py:2076} INFO - Dependencies all met for dep_context=requeueable deps ti=<TaskInstance: Data_Ingestions.spark_submit_task manual__2025-01-15T10:24:31.461698+00:00 [queued]>
[2025-01-15T10:24:34.121+0000] {taskinstance.py:2306} INFO - Starting attempt 1 of 1
[2025-01-15T10:24:34.141+0000] {taskinstance.py:2330} INFO - Executing <Task(SparkSubmitOperator): spark_submit_task> on 2025-01-15 10:24:31.461698+00:00
[2025-01-15T10:24:34.148+0000] {standard_task_runner.py:63} INFO - Started process 550 to run task
[2025-01-15T10:24:34.153+0000] {standard_task_runner.py:90} INFO - Running: ['airflow', 'tasks', 'run', 'Data_Ingestions', 'spark_submit_task', 'manual__2025-01-15T10:24:31.461698+00:00', '--job-id', '3', '--raw', '--subdir', 'DAGS_FOLDER/Data_Ingestions.py', '--cfg-path', '/tmp/tmph8fo88la']
[2025-01-15T10:24:34.157+0000] {standard_task_runner.py:91} INFO - Job 3: Subtask spark_submit_task
[2025-01-15T10:24:34.237+0000] {task_command.py:426} INFO - Running <TaskInstance: Data_Ingestions.spark_submit_task manual__2025-01-15T10:24:31.461698+00:00 [running]> on host airflow-scheduler
[2025-01-15T10:24:34.373+0000] {taskinstance.py:2648} INFO - Exporting env vars: AIRFLOW_CTX_DAG_OWNER='Ajied(WhatsApp), Ajied(Email)' AIRFLOW_CTX_DAG_ID='Data_Ingestions' AIRFLOW_CTX_TASK_ID='spark_submit_task' AIRFLOW_CTX_EXECUTION_DATE='2025-01-15T10:24:31.461698+00:00' AIRFLOW_CTX_TRY_NUMBER='1' AIRFLOW_CTX_DAG_RUN_ID='manual__2025-01-15T10:24:31.461698+00:00'
[2025-01-15T10:24:34.375+0000] {taskinstance.py:430} INFO - ::endgroup::
[2025-01-15T10:24:34.385+0000] {base.py:84} INFO - Using connection ID 'spark_main' for task execution.
[2025-01-15T10:24:34.387+0000] {spark_submit.py:474} INFO - Spark-Submit cmd: spark-submit --master spark://spark-master:7077 --jars /spark-scripts/jars/jars_postgresql-42.2.20.jar --name arrow-spark /spark-scripts/data_ingestion.py
[2025-01-15T10:24:37.265+0000] {spark_submit.py:641} INFO - 25/01/15 10:24:37 WARN NativeCodeLoader: Unable to load native-hadoop library for your platform... using builtin-java classes where applicable
[2025-01-15T10:24:39.778+0000] {spark_submit.py:641} INFO - 25/01/15 10:24:39 INFO SparkContext: Running Spark version 3.5.4
[2025-01-15T10:24:39.780+0000] {spark_submit.py:641} INFO - 25/01/15 10:24:39 INFO SparkContext: OS info Linux, 5.15.153.1-microsoft-standard-WSL2, amd64
[2025-01-15T10:24:39.780+0000] {spark_submit.py:641} INFO - 25/01/15 10:24:39 INFO SparkContext: Java version 17.0.13
[2025-01-15T10:24:39.809+0000] {spark_submit.py:641} INFO - 25/01/15 10:24:39 INFO ResourceUtils: ==============================================================
[2025-01-15T10:24:39.810+0000] {spark_submit.py:641} INFO - 25/01/15 10:24:39 INFO ResourceUtils: No custom resources configured for spark.driver.
[2025-01-15T10:24:39.810+0000] {spark_submit.py:641} INFO - 25/01/15 10:24:39 INFO ResourceUtils: ==============================================================
[2025-01-15T10:24:39.811+0000] {spark_submit.py:641} INFO - 25/01/15 10:24:39 INFO SparkContext: Submitted application: NTX
[2025-01-15T10:24:39.833+0000] {spark_submit.py:641} INFO - 25/01/15 10:24:39 INFO ResourceProfile: Default ResourceProfile created, executor resources: Map(memory -> name: memory, amount: 1024, script: , vendor: , offHeap -> name: offHeap, amount: 0, script: , vendor: ), task resources: Map(cpus -> name: cpus, amount: 1.0)
[2025-01-15T10:24:39.843+0000] {spark_submit.py:641} INFO - 25/01/15 10:24:39 INFO ResourceProfile: Limiting resource is cpu
[2025-01-15T10:24:39.844+0000] {spark_submit.py:641} INFO - 25/01/15 10:24:39 INFO ResourceProfileManager: Added ResourceProfile id: 0
[2025-01-15T10:24:39.902+0000] {spark_submit.py:641} INFO - 25/01/15 10:24:39 INFO SecurityManager: Changing view acls to: airflow
[2025-01-15T10:24:39.902+0000] {spark_submit.py:641} INFO - 25/01/15 10:24:39 INFO SecurityManager: Changing modify acls to: airflow
[2025-01-15T10:24:39.903+0000] {spark_submit.py:641} INFO - 25/01/15 10:24:39 INFO SecurityManager: Changing view acls groups to:
[2025-01-15T10:24:39.904+0000] {spark_submit.py:641} INFO - 25/01/15 10:24:39 INFO SecurityManager: Changing modify acls groups to:
[2025-01-15T10:24:39.905+0000] {spark_submit.py:641} INFO - 25/01/15 10:24:39 INFO SecurityManager: SecurityManager: authentication disabled; ui acls disabled; users with view permissions: airflow; groups with view permissions: EMPTY; users with modify permissions: airflow; groups with modify permissions: EMPTY
[2025-01-15T10:24:40.223+0000] {spark_submit.py:641} INFO - 25/01/15 10:24:40 INFO Utils: Successfully started service 'sparkDriver' on port 42149.
[2025-01-15T10:24:40.264+0000] {spark_submit.py:641} INFO - 25/01/15 10:24:40 INFO SparkEnv: Registering MapOutputTracker
[2025-01-15T10:24:40.319+0000] {spark_submit.py:641} INFO - 25/01/15 10:24:40 INFO SparkEnv: Registering BlockManagerMaster
[2025-01-15T10:24:40.342+0000] {spark_submit.py:641} INFO - 25/01/15 10:24:40 INFO BlockManagerMasterEndpoint: Using org.apache.spark.storage.DefaultTopologyMapper for getting topology information
[2025-01-15T10:24:40.343+0000] {spark_submit.py:641} INFO - 25/01/15 10:24:40 INFO BlockManagerMasterEndpoint: BlockManagerMasterEndpoint up
[2025-01-15T10:24:40.348+0000] {spark_submit.py:641} INFO - 25/01/15 10:24:40 INFO SparkEnv: Registering BlockManagerMasterHeartbeat
[2025-01-15T10:24:40.408+0000] {spark_submit.py:641} INFO - 25/01/15 10:24:40 INFO DiskBlockManager: Created local directory at /tmp/blockmgr-55924e43-ac23-4efe-af9a-03d689b744aa
[2025-01-15T10:24:40.423+0000] {spark_submit.py:641} INFO - 25/01/15 10:24:40 INFO MemoryStore: MemoryStore started with capacity 434.4 MiB
[2025-01-15T10:24:40.441+0000] {spark_submit.py:641} INFO - 25/01/15 10:24:40 INFO SparkEnv: Registering OutputCommitCoordinator
[2025-01-15T10:24:40.575+0000] {spark_submit.py:641} INFO - 25/01/15 10:24:40 INFO JettyUtils: Start Jetty 0.0.0.0:4040 for SparkUI
[2025-01-15T10:24:40.651+0000] {spark_submit.py:641} INFO - 25/01/15 10:24:40 INFO Utils: Successfully started service 'SparkUI' on port 4040.
[2025-01-15T10:24:40.692+0000] {spark_submit.py:641} INFO - 25/01/15 10:24:40 ERROR SparkContext: Failed to add /opt/bitnami/spark/jars/postgresql-42.2.18.jar to Spark environment
[2025-01-15T10:24:40.693+0000] {spark_submit.py:641} INFO - java.io.FileNotFoundException: Jar /opt/bitnami/spark/jars/postgresql-42.2.18.jar not found
[2025-01-15T10:24:40.694+0000] {spark_submit.py:641} INFO - at org.apache.spark.SparkContext.addLocalJarFile$1(SparkContext.scala:2095)
[2025-01-15T10:24:40.694+0000] {spark_submit.py:641} INFO - at org.apache.spark.SparkContext.addJar(SparkContext.scala:2151)
[2025-01-15T10:24:40.695+0000] {spark_submit.py:641} INFO - at org.apache.spark.SparkContext.$anonfun$new$15(SparkContext.scala:521)
[2025-01-15T10:24:40.696+0000] {spark_submit.py:641} INFO - at org.apache.spark.SparkContext.$anonfun$new$15$adapted(SparkContext.scala:521)
[2025-01-15T10:24:40.696+0000] {spark_submit.py:641} INFO - at scala.collection.mutable.ResizableArray.foreach(ResizableArray.scala:62)
[2025-01-15T10:24:40.697+0000] {spark_submit.py:641} INFO - at scala.collection.mutable.ResizableArray.foreach$(ResizableArray.scala:55)
[2025-01-15T10:24:40.698+0000] {spark_submit.py:641} INFO - at scala.collection.mutable.ArrayBuffer.foreach(ArrayBuffer.scala:49)
[2025-01-15T10:24:40.698+0000] {spark_submit.py:641} INFO - at org.apache.spark.SparkContext.<init>(SparkContext.scala:521)
[2025-01-15T10:24:40.699+0000] {spark_submit.py:641} INFO - at org.apache.spark.api.java.JavaSparkContext.<init>(JavaSparkContext.scala:58)
[2025-01-15T10:24:40.700+0000] {spark_submit.py:641} INFO - at java.base/jdk.internal.reflect.NativeConstructorAccessorImpl.newInstance0(Native Method)
[2025-01-15T10:24:40.700+0000] {spark_submit.py:641} INFO - at java.base/jdk.internal.reflect.NativeConstructorAccessorImpl.newInstance(NativeConstructorAccessorImpl.java:77)
[2025-01-15T10:24:40.701+0000] {spark_submit.py:641} INFO - at java.base/jdk.internal.reflect.DelegatingConstructorAccessorImpl.newInstance(DelegatingConstructorAccessorImpl.java:45)
[2025-01-15T10:24:40.702+0000] {spark_submit.py:641} INFO - at java.base/java.lang.reflect.Constructor.newInstanceWithCaller(Constructor.java:500)
[2025-01-15T10:24:40.702+0000] {spark_submit.py:641} INFO - at java.base/java.lang.reflect.Constructor.newInstance(Constructor.java:481)
[2025-01-15T10:24:40.703+0000] {spark_submit.py:641} INFO - at py4j.reflection.MethodInvoker.invoke(MethodInvoker.java:247)
[2025-01-15T10:24:40.703+0000] {spark_submit.py:641} INFO - at py4j.reflection.ReflectionEngine.invoke(ReflectionEngine.java:374)
[2025-01-15T10:24:40.704+0000] {spark_submit.py:641} INFO - at py4j.Gateway.invoke(Gateway.java:238)
[2025-01-15T10:24:40.705+0000] {spark_submit.py:641} INFO - at py4j.commands.ConstructorCommand.invokeConstructor(ConstructorCommand.java:80)
[2025-01-15T10:24:40.705+0000] {spark_submit.py:641} INFO - at py4j.commands.ConstructorCommand.execute(ConstructorCommand.java:69)
[2025-01-15T10:24:40.706+0000] {spark_submit.py:641} INFO - at py4j.ClientServerConnection.waitForCommands(ClientServerConnection.java:182)
[2025-01-15T10:24:40.706+0000] {spark_submit.py:641} INFO - at py4j.ClientServerConnection.run(ClientServerConnection.java:106)
[2025-01-15T10:24:40.707+0000] {spark_submit.py:641} INFO - at java.base/java.lang.Thread.run(Thread.java:840)
[2025-01-15T10:24:40.775+0000] {spark_submit.py:641} INFO - 25/01/15 10:24:40 INFO StandaloneAppClient$ClientEndpoint: Connecting to master spark://spark-master:7077...
[2025-01-15T10:24:40.825+0000] {spark_submit.py:641} INFO - 25/01/15 10:24:40 INFO TransportClientFactory: Successfully created connection to spark-master/172.18.0.2:7077 after 29 ms (0 ms spent in bootstraps)
[2025-01-15T10:25:00.775+0000] {spark_submit.py:641} INFO - 25/01/15 10:25:00 INFO StandaloneAppClient$ClientEndpoint: Connecting to master spark://spark-master:7077...
[2025-01-15T10:25:20.776+0000] {spark_submit.py:641} INFO - 25/01/15 10:25:20 INFO StandaloneAppClient$ClientEndpoint: Connecting to master spark://spark-master:7077...
[2025-01-15T10:25:40.780+0000] {spark_submit.py:641} INFO - 25/01/15 10:25:40 ERROR StandaloneSchedulerBackend: Application has been killed. Reason: All masters are unresponsive! Giving up.
[2025-01-15T10:25:40.783+0000] {spark_submit.py:641} INFO - 25/01/15 10:25:40 WARN StandaloneSchedulerBackend: Application ID is not initialized yet.
[2025-01-15T10:25:40.815+0000] {spark_submit.py:641} INFO - 25/01/15 10:25:40 INFO Utils: Successfully started service 'org.apache.spark.network.netty.NettyBlockTransferService' on port 43929.
[2025-01-15T10:25:40.817+0000] {spark_submit.py:641} INFO - 25/01/15 10:25:40 INFO NettyBlockTransferService: Server created on airflow-scheduler:43929
[2025-01-15T10:25:40.821+0000] {spark_submit.py:641} INFO - 25/01/15 10:25:40 INFO BlockManager: Using org.apache.spark.storage.RandomBlockReplicationPolicy for block replication policy
[2025-01-15T10:25:40.842+0000] {spark_submit.py:641} INFO - 25/01/15 10:25:40 INFO BlockManagerMaster: Registering BlockManager BlockManagerId(driver, airflow-scheduler, 43929, None)
[2025-01-15T10:25:40.853+0000] {spark_submit.py:641} INFO - 25/01/15 10:25:40 INFO BlockManagerMasterEndpoint: Registering block manager airflow-scheduler:43929 with 434.4 MiB RAM, BlockManagerId(driver, airflow-scheduler, 43929, None)
[2025-01-15T10:25:40.859+0000] {spark_submit.py:641} INFO - 25/01/15 10:25:40 INFO BlockManagerMaster: Registered BlockManager BlockManagerId(driver, airflow-scheduler, 43929, None)
[2025-01-15T10:25:40.863+0000] {spark_submit.py:641} INFO - 25/01/15 10:25:40 INFO BlockManager: Initialized BlockManager: BlockManagerId(driver, airflow-scheduler, 43929, None)
[2025-01-15T10:25:41.126+0000] {spark_submit.py:641} INFO - 25/01/15 10:25:41 INFO StandaloneSchedulerBackend: SchedulerBackend is ready for scheduling beginning after reached minRegisteredResourcesRatio: 0.0
[2025-01-15T10:25:41.414+0000] {spark_submit.py:641} INFO - 25/01/15 10:25:41 WARN StandaloneAppClient$ClientEndpoint: Drop UnregisterApplication(null) because has not yet connected to master
[2025-01-15T10:25:43.822+0000] {spark_submit.py:641} INFO - Traceback (most recent call last):
[2025-01-15T10:25:43.823+0000] {spark_submit.py:641} INFO - File "/spark-scripts/data_ingestion.py", line 64, in <module>
[2025-01-15T10:25:43.827+0000] {spark_submit.py:641} INFO - products_dataset
[2025-01-15T10:25:43.828+0000] {spark_submit.py:641} INFO - File "/home/airflow/.local/lib/python3.10/site-packages/pyspark/python/lib/pyspark.zip/pyspark/sql/readwriter.py", line 1984, in jdbc
[2025-01-15T10:25:43.828+0000] {spark_submit.py:641} INFO - File "/home/airflow/.local/lib/python3.10/site-packages/pyspark/python/lib/py4j-0.10.9.7-src.zip/py4j/java_gateway.py", line 1322, in __call__
[2025-01-15T10:25:43.829+0000] {spark_submit.py:641} INFO - File "/home/airflow/.local/lib/python3.10/site-packages/pyspark/python/lib/pyspark.zip/pyspark/errors/exceptions/captured.py", line 179, in deco
[2025-01-15T10:25:43.830+0000] {spark_submit.py:641} INFO - File "/home/airflow/.local/lib/python3.10/site-packages/pyspark/python/lib/py4j-0.10.9.7-src.zip/py4j/protocol.py", line 326, in get_return_value
[2025-01-15T10:25:43.830+0000] {spark_submit.py:641} INFO - py4j.protocol.Py4JJavaError: An error occurred while calling o53.jdbc.
[2025-01-15T10:25:43.831+0000] {spark_submit.py:641} INFO - : org.postgresql.util.PSQLException: FATAL: database "None" does not exist
[2025-01-15T10:25:43.831+0000] {spark_submit.py:641} INFO - at org.postgresql.core.v3.QueryExecutorImpl.receiveErrorResponse(QueryExecutorImpl.java:2553)
[2025-01-15T10:25:43.832+0000] {spark_submit.py:641} INFO - at org.postgresql.core.v3.QueryExecutorImpl.readStartupMessages(QueryExecutorImpl.java:2665)
[2025-01-15T10:25:43.832+0000] {spark_submit.py:641} INFO - at org.postgresql.core.v3.QueryExecutorImpl.<init>(QueryExecutorImpl.java:147)
[2025-01-15T10:25:43.833+0000] {spark_submit.py:641} INFO - at org.postgresql.core.v3.ConnectionFactoryImpl.openConnectionImpl(ConnectionFactoryImpl.java:273)
[2025-01-15T10:25:43.833+0000] {spark_submit.py:641} INFO - at org.postgresql.core.ConnectionFactory.openConnection(ConnectionFactory.java:51)
[2025-01-15T10:25:43.834+0000] {spark_submit.py:641} INFO - at org.postgresql.jdbc.PgConnection.<init>(PgConnection.java:223)
[2025-01-15T10:25:43.834+0000] {spark_submit.py:641} INFO - at org.postgresql.Driver.makeConnection(Driver.java:465)
[2025-01-15T10:25:43.835+0000] {spark_submit.py:641} INFO - at org.postgresql.Driver.connect(Driver.java:264)
[2025-01-15T10:25:43.835+0000] {spark_submit.py:641} INFO - at org.apache.spark.sql.execution.datasources.jdbc.connection.BasicConnectionProvider.getConnection(BasicConnectionProvider.scala:49)
[2025-01-15T10:25:43.836+0000] {spark_submit.py:641} INFO - at org.apache.spark.sql.execution.datasources.jdbc.connection.ConnectionProviderBase.create(ConnectionProvider.scala:102)
[2025-01-15T10:25:43.837+0000] {spark_submit.py:641} INFO - at org.apache.spark.sql.jdbc.JdbcDialect.$anonfun$createConnectionFactory$1(JdbcDialects.scala:161)
[2025-01-15T10:25:43.837+0000] {spark_submit.py:641} INFO - at org.apache.spark.sql.jdbc.JdbcDialect.$anonfun$createConnectionFactory$1$adapted(JdbcDialects.scala:157)
[2025-01-15T10:25:43.838+0000] {spark_submit.py:641} INFO - at org.apache.spark.sql.execution.datasources.jdbc.JdbcRelationProvider.createRelation(JdbcRelationProvider.scala:50)
[2025-01-15T10:25:43.838+0000] {spark_submit.py:641} INFO - at org.apache.spark.sql.execution.datasources.SaveIntoDataSourceCommand.run(SaveIntoDataSourceCommand.scala:48)
[2025-01-15T10:25:43.839+0000] {spark_submit.py:641} INFO - at org.apache.spark.sql.execution.command.ExecutedCommandExec.sideEffectResult$lzycompute(commands.scala:75)
[2025-01-15T10:25:43.839+0000] {spark_submit.py:641} INFO - at org.apache.spark.sql.execution.command.ExecutedCommandExec.sideEffectResult(commands.scala:73)
[2025-01-15T10:25:43.840+0000] {spark_submit.py:641} INFO - at org.apache.spark.sql.execution.command.ExecutedCommandExec.executeCollect(commands.scala:84)
[2025-01-15T10:25:43.840+0000] {spark_submit.py:641} INFO - at org.apache.spark.sql.execution.QueryExecution$$anonfun$eagerlyExecuteCommands$1.$anonfun$applyOrElse$1(QueryExecution.scala:107)
[2025-01-15T10:25:43.841+0000] {spark_submit.py:641} INFO - at org.apache.spark.sql.execution.SQLExecution$.$anonfun$withNewExecutionId$6(SQLExecution.scala:125)
[2025-01-15T10:25:43.842+0000] {spark_submit.py:641} INFO - at org.apache.spark.sql.execution.SQLExecution$.withSQLConfPropagated(SQLExecution.scala:201)
[2025-01-15T10:25:43.842+0000] {spark_submit.py:641} INFO - at org.apache.spark.sql.execution.SQLExecution$.$anonfun$withNewExecutionId$1(SQLExecution.scala:108)
[2025-01-15T10:25:43.843+0000] {spark_submit.py:641} INFO - at org.apache.spark.sql.SparkSession.withActive(SparkSession.scala:900)
[2025-01-15T10:25:43.843+0000] {spark_submit.py:641} INFO - at org.apache.spark.sql.execution.SQLExecution$.withNewExecutionId(SQLExecution.scala:66)
[2025-01-15T10:25:43.844+0000] {spark_submit.py:641} INFO - at org.apache.spark.sql.execution.QueryExecution$$anonfun$eagerlyExecuteCommands$1.applyOrElse(QueryExecution.scala:107)
[2025-01-15T10:25:43.844+0000] {spark_submit.py:641} INFO - at org.apache.spark.sql.execution.QueryExecution$$anonfun$eagerlyExecuteCommands$1.applyOrElse(QueryExecution.scala:98)
[2025-01-15T10:25:43.845+0000] {spark_submit.py:641} INFO - at org.apache.spark.sql.catalyst.trees.TreeNode.$anonfun$transformDownWithPruning$1(TreeNode.scala:461)
[2025-01-15T10:25:43.845+0000] {spark_submit.py:641} INFO - at org.apache.spark.sql.catalyst.trees.CurrentOrigin$.withOrigin(origin.scala:76)
[2025-01-15T10:25:43.846+0000] {spark_submit.py:641} INFO - at org.apache.spark.sql.catalyst.trees.TreeNode.transformDownWithPruning(TreeNode.scala:461)
[2025-01-15T10:25:43.846+0000] {spark_submit.py:641} INFO - at org.apache.spark.sql.catalyst.plans.logical.LogicalPlan.org$apache$spark$sql$catalyst$plans$logical$AnalysisHelper$$super$transformDownWithPruning(LogicalPlan.scala:32)
[2025-01-15T10:25:43.846+0000] {spark_submit.py:641} INFO - at org.apache.spark.sql.catalyst.plans.logical.AnalysisHelper.transformDownWithPruning(AnalysisHelper.scala:267)
[2025-01-15T10:25:43.847+0000] {spark_submit.py:641} INFO - at org.apache.spark.sql.catalyst.plans.logical.AnalysisHelper.transformDownWithPruning$(AnalysisHelper.scala:263)
[2025-01-15T10:25:43.847+0000] {spark_submit.py:641} INFO - at org.apache.spark.sql.catalyst.plans.logical.LogicalPlan.transformDownWithPruning(LogicalPlan.scala:32)
[2025-01-15T10:25:43.848+0000] {spark_submit.py:641} INFO - at org.apache.spark.sql.catalyst.plans.logical.LogicalPlan.transformDownWithPruning(LogicalPlan.scala:32)
[2025-01-15T10:25:43.848+0000] {spark_submit.py:641} INFO - at org.apache.spark.sql.catalyst.trees.TreeNode.transformDown(TreeNode.scala:437)
[2025-01-15T10:25:43.849+0000] {spark_submit.py:641} INFO - at org.apache.spark.sql.execution.QueryExecution.eagerlyExecuteCommands(QueryExecution.scala:98)
[2025-01-15T10:25:43.849+0000] {spark_submit.py:641} INFO - at org.apache.spark.sql.execution.QueryExecution.commandExecuted$lzycompute(QueryExecution.scala:85)
[2025-01-15T10:25:43.850+0000] {spark_submit.py:641} INFO - at org.apache.spark.sql.execution.QueryExecution.commandExecuted(QueryExecution.scala:83)
[2025-01-15T10:25:43.851+0000] {spark_submit.py:641} INFO - at org.apache.spark.sql.execution.QueryExecution.assertCommandExecuted(QueryExecution.scala:142)
[2025-01-15T10:25:43.851+0000] {spark_submit.py:641} INFO - at org.apache.spark.sql.DataFrameWriter.runCommand(DataFrameWriter.scala:869)
[2025-01-15T10:25:43.852+0000] {spark_submit.py:641} INFO - at org.apache.spark.sql.DataFrameWriter.saveToV1Source(DataFrameWriter.scala:391)
[2025-01-15T10:25:43.852+0000] {spark_submit.py:641} INFO - at org.apache.spark.sql.DataFrameWriter.saveInternal(DataFrameWriter.scala:364)
[2025-01-15T10:25:43.853+0000] {spark_submit.py:641} INFO - at org.apache.spark.sql.DataFrameWriter.save(DataFrameWriter.scala:251)
[2025-01-15T10:25:43.853+0000] {spark_submit.py:641} INFO - at org.apache.spark.sql.DataFrameWriter.jdbc(DataFrameWriter.scala:766)
[2025-01-15T10:25:43.854+0000] {spark_submit.py:641} INFO - at java.base/jdk.internal.reflect.NativeMethodAccessorImpl.invoke0(Native Method)
[2025-01-15T10:25:43.854+0000] {spark_submit.py:641} INFO - at java.base/jdk.internal.reflect.NativeMethodAccessorImpl.invoke(NativeMethodAccessorImpl.java:77)
[2025-01-15T10:25:43.855+0000] {spark_submit.py:641} INFO - at java.base/jdk.internal.reflect.DelegatingMethodAccessorImpl.invoke(DelegatingMethodAccessorImpl.java:43)
[2025-01-15T10:25:43.855+0000] {spark_submit.py:641} INFO - at java.base/java.lang.reflect.Method.invoke(Method.java:569)
[2025-01-15T10:25:43.855+0000] {spark_submit.py:641} INFO - at py4j.reflection.MethodInvoker.invoke(MethodInvoker.java:244)
[2025-01-15T10:25:43.856+0000] {spark_submit.py:641} INFO - at py4j.reflection.ReflectionEngine.invoke(ReflectionEngine.java:374)
[2025-01-15T10:25:43.856+0000] {spark_submit.py:641} INFO - at py4j.Gateway.invoke(Gateway.java:282)
[2025-01-15T10:25:43.857+0000] {spark_submit.py:641} INFO - at py4j.commands.AbstractCommand.invokeMethod(AbstractCommand.java:132)
[2025-01-15T10:25:43.857+0000] {spark_submit.py:641} INFO - at py4j.commands.CallCommand.execute(CallCommand.java:79)
[2025-01-15T10:25:43.858+0000] {spark_submit.py:641} INFO - at py4j.ClientServerConnection.waitForCommands(ClientServerConnection.java:182)
[2025-01-15T10:25:43.858+0000] {spark_submit.py:641} INFO - at py4j.ClientServerConnection.run(ClientServerConnection.java:106)
[2025-01-15T10:25:43.859+0000] {spark_submit.py:641} INFO - at java.base/java.lang.Thread.run(Thread.java:840)
[2025-01-15T10:25:43.859+0000] {spark_submit.py:641} INFO - 
[2025-01-15T10:25:43.928+0000] {taskinstance.py:441} INFO - ::group::Post task execution logs
[2025-01-15T10:25:43.939+0000] {taskinstance.py:2905} ERROR - Task failed with exception
Traceback (most recent call last):
  File "/home/airflow/.local/lib/python3.10/site-packages/airflow/models/taskinstance.py", line 465, in _execute_task
    result = _execute_callable(context=context, **execute_callable_kwargs)
  File "/home/airflow/.local/lib/python3.10/site-packages/airflow/models/taskinstance.py", line 432, in _execute_callable
    return execute_callable(context=context, **execute_callable_kwargs)
  File "/home/airflow/.local/lib/python3.10/site-packages/airflow/models/baseoperator.py", line 401, in wrapper
    return func(self, *args, **kwargs)
  File "/home/airflow/.local/lib/python3.10/site-packages/airflow/providers/apache/spark/operators/spark_submit.py", line 177, in execute
    self._hook.submit(self.application)
  File "/home/airflow/.local/lib/python3.10/site-packages/airflow/providers/apache/spark/hooks/spark_submit.py", line 567, in submit
    raise AirflowException(
airflow.exceptions.AirflowException: Cannot execute: spark-submit --master spark://spark-master:7077 --jars /spark-scripts/jars/jars_postgresql-42.2.20.jar --name arrow-spark /spark-scripts/data_ingestion.py. Error code is: 1.
[2025-01-15T10:25:43.943+0000] {taskinstance.py:1206} INFO - Marking task as FAILED. dag_id=Data_Ingestions, task_id=spark_submit_task, run_id=manual__2025-01-15T10:24:31.461698+00:00, execution_date=20250115T102431, start_date=20250115T102434, end_date=20250115T102543
[2025-01-15T10:25:43.958+0000] {standard_task_runner.py:110} ERROR - Failed to execute job 3 for task spark_submit_task (Cannot execute: spark-submit --master spark://spark-master:7077 --jars /spark-scripts/jars/jars_postgresql-42.2.20.jar --name arrow-spark /spark-scripts/data_ingestion.py. Error code is: 1.; 550)
[2025-01-15T10:25:43.984+0000] {local_task_job_runner.py:240} INFO - Task exited with return code 1
[2025-01-15T10:25:44.019+0000] {taskinstance.py:3503} INFO - 0 downstream tasks scheduled from follow-on schedule check
[2025-01-15T10:25:44.051+0000] {local_task_job_runner.py:222} INFO - ::endgroup::
