[2025-01-15T11:08:43.127+0000] {local_task_job_runner.py:120} INFO - ::group::Pre task execution logs
[2025-01-15T11:08:43.252+0000] {taskinstance.py:2076} INFO - Dependencies all met for dep_context=non-requeueable deps ti=<TaskInstance: Data_Ingestions_produts.spark_submit_task manual__2025-01-15T11:08:41.559882+00:00 [queued]>
[2025-01-15T11:08:43.283+0000] {taskinstance.py:2076} INFO - Dependencies all met for dep_context=requeueable deps ti=<TaskInstance: Data_Ingestions_produts.spark_submit_task manual__2025-01-15T11:08:41.559882+00:00 [queued]>
[2025-01-15T11:08:43.289+0000] {taskinstance.py:2306} INFO - Starting attempt 1 of 1
[2025-01-15T11:08:43.336+0000] {taskinstance.py:2330} INFO - Executing <Task(SparkSubmitOperator): spark_submit_task> on 2025-01-15 11:08:41.559882+00:00
[2025-01-15T11:08:43.349+0000] {standard_task_runner.py:63} INFO - Started process 2780 to run task
[2025-01-15T11:08:43.364+0000] {standard_task_runner.py:90} INFO - Running: ['airflow', 'tasks', 'run', 'Data_Ingestions_produts', 'spark_submit_task', 'manual__2025-01-15T11:08:41.559882+00:00', '--job-id', '12', '--raw', '--subdir', 'DAGS_FOLDER/Data_Ingestions_produts.py', '--cfg-path', '/tmp/tmpi2c68z39']
[2025-01-15T11:08:43.374+0000] {standard_task_runner.py:91} INFO - Job 12: Subtask spark_submit_task
[2025-01-15T11:08:43.567+0000] {task_command.py:426} INFO - Running <TaskInstance: Data_Ingestions_produts.spark_submit_task manual__2025-01-15T11:08:41.559882+00:00 [running]> on host airflow-scheduler
[2025-01-15T11:08:43.873+0000] {taskinstance.py:2648} INFO - Exporting env vars: AIRFLOW_CTX_DAG_OWNER='Ajied(WhatsApp), Ajied(Email)' AIRFLOW_CTX_DAG_ID='Data_Ingestions_produts' AIRFLOW_CTX_TASK_ID='spark_submit_task' AIRFLOW_CTX_EXECUTION_DATE='2025-01-15T11:08:41.559882+00:00' AIRFLOW_CTX_TRY_NUMBER='1' AIRFLOW_CTX_DAG_RUN_ID='manual__2025-01-15T11:08:41.559882+00:00'
[2025-01-15T11:08:43.877+0000] {taskinstance.py:430} INFO - ::endgroup::
[2025-01-15T11:08:43.905+0000] {base.py:84} INFO - Using connection ID 'spark_main' for task execution.
[2025-01-15T11:08:43.910+0000] {spark_submit.py:474} INFO - Spark-Submit cmd: spark-submit --master spark://spark-master:7077 --jars /spark-scripts/jars/jars_postgresql-42.2.20.jar --name arrow-spark /spark-scripts/data_ingestion_products.py
[2025-01-15T11:08:46.291+0000] {spark_submit.py:641} INFO - 25/01/15 11:08:46 WARN NativeCodeLoader: Unable to load native-hadoop library for your platform... using builtin-java classes where applicable
[2025-01-15T11:08:47.814+0000] {spark_submit.py:641} INFO - 25/01/15 11:08:47 INFO SparkContext: Running Spark version 3.5.4
[2025-01-15T11:08:47.815+0000] {spark_submit.py:641} INFO - 25/01/15 11:08:47 INFO SparkContext: OS info Linux, 5.15.153.1-microsoft-standard-WSL2, amd64
[2025-01-15T11:08:47.816+0000] {spark_submit.py:641} INFO - 25/01/15 11:08:47 INFO SparkContext: Java version 17.0.13
[2025-01-15T11:08:47.848+0000] {spark_submit.py:641} INFO - 25/01/15 11:08:47 INFO ResourceUtils: ==============================================================
[2025-01-15T11:08:47.849+0000] {spark_submit.py:641} INFO - 25/01/15 11:08:47 INFO ResourceUtils: No custom resources configured for spark.driver.
[2025-01-15T11:08:47.849+0000] {spark_submit.py:641} INFO - 25/01/15 11:08:47 INFO ResourceUtils: ==============================================================
[2025-01-15T11:08:47.850+0000] {spark_submit.py:641} INFO - 25/01/15 11:08:47 INFO SparkContext: Submitted application: arrow-spark
[2025-01-15T11:08:47.879+0000] {spark_submit.py:641} INFO - 25/01/15 11:08:47 INFO ResourceProfile: Default ResourceProfile created, executor resources: Map(memory -> name: memory, amount: 1024, script: , vendor: , offHeap -> name: offHeap, amount: 0, script: , vendor: ), task resources: Map(cpus -> name: cpus, amount: 1.0)
[2025-01-15T11:08:47.891+0000] {spark_submit.py:641} INFO - 25/01/15 11:08:47 INFO ResourceProfile: Limiting resource is cpu
[2025-01-15T11:08:47.893+0000] {spark_submit.py:641} INFO - 25/01/15 11:08:47 INFO ResourceProfileManager: Added ResourceProfile id: 0
[2025-01-15T11:08:47.965+0000] {spark_submit.py:641} INFO - 25/01/15 11:08:47 INFO SecurityManager: Changing view acls to: airflow
[2025-01-15T11:08:47.966+0000] {spark_submit.py:641} INFO - 25/01/15 11:08:47 INFO SecurityManager: Changing modify acls to: airflow
[2025-01-15T11:08:47.967+0000] {spark_submit.py:641} INFO - 25/01/15 11:08:47 INFO SecurityManager: Changing view acls groups to:
[2025-01-15T11:08:47.968+0000] {spark_submit.py:641} INFO - 25/01/15 11:08:47 INFO SecurityManager: Changing modify acls groups to:
[2025-01-15T11:08:47.969+0000] {spark_submit.py:641} INFO - 25/01/15 11:08:47 INFO SecurityManager: SecurityManager: authentication disabled; ui acls disabled; users with view permissions: airflow; groups with view permissions: EMPTY; users with modify permissions: airflow; groups with modify permissions: EMPTY
[2025-01-15T11:08:48.235+0000] {spark_submit.py:641} INFO - 25/01/15 11:08:48 INFO Utils: Successfully started service 'sparkDriver' on port 40511.
[2025-01-15T11:08:48.264+0000] {spark_submit.py:641} INFO - 25/01/15 11:08:48 INFO SparkEnv: Registering MapOutputTracker
[2025-01-15T11:08:48.302+0000] {spark_submit.py:641} INFO - 25/01/15 11:08:48 INFO SparkEnv: Registering BlockManagerMaster
[2025-01-15T11:08:48.318+0000] {spark_submit.py:641} INFO - 25/01/15 11:08:48 INFO BlockManagerMasterEndpoint: Using org.apache.spark.storage.DefaultTopologyMapper for getting topology information
[2025-01-15T11:08:48.319+0000] {spark_submit.py:641} INFO - 25/01/15 11:08:48 INFO BlockManagerMasterEndpoint: BlockManagerMasterEndpoint up
[2025-01-15T11:08:48.323+0000] {spark_submit.py:641} INFO - 25/01/15 11:08:48 INFO SparkEnv: Registering BlockManagerMasterHeartbeat
[2025-01-15T11:08:48.346+0000] {spark_submit.py:641} INFO - 25/01/15 11:08:48 INFO DiskBlockManager: Created local directory at /tmp/blockmgr-f3f9433d-1e42-4681-b513-f9e06183dd04
[2025-01-15T11:08:48.370+0000] {spark_submit.py:641} INFO - 25/01/15 11:08:48 INFO MemoryStore: MemoryStore started with capacity 434.4 MiB
[2025-01-15T11:08:48.387+0000] {spark_submit.py:641} INFO - 25/01/15 11:08:48 INFO SparkEnv: Registering OutputCommitCoordinator
[2025-01-15T11:08:48.513+0000] {spark_submit.py:641} INFO - 25/01/15 11:08:48 INFO JettyUtils: Start Jetty 0.0.0.0:4040 for SparkUI
[2025-01-15T11:08:48.615+0000] {spark_submit.py:641} INFO - 25/01/15 11:08:48 INFO Utils: Successfully started service 'SparkUI' on port 4040.
[2025-01-15T11:08:48.667+0000] {spark_submit.py:641} INFO - 25/01/15 11:08:48 ERROR SparkContext: Failed to add /opt/bitnami/spark/jars/postgresql-42.2.18.jar to Spark environment
[2025-01-15T11:08:48.668+0000] {spark_submit.py:641} INFO - java.io.FileNotFoundException: Jar /opt/bitnami/spark/jars/postgresql-42.2.18.jar not found
[2025-01-15T11:08:48.669+0000] {spark_submit.py:641} INFO - at org.apache.spark.SparkContext.addLocalJarFile$1(SparkContext.scala:2095)
[2025-01-15T11:08:48.669+0000] {spark_submit.py:641} INFO - at org.apache.spark.SparkContext.addJar(SparkContext.scala:2151)
[2025-01-15T11:08:48.670+0000] {spark_submit.py:641} INFO - at org.apache.spark.SparkContext.$anonfun$new$15(SparkContext.scala:521)
[2025-01-15T11:08:48.671+0000] {spark_submit.py:641} INFO - at org.apache.spark.SparkContext.$anonfun$new$15$adapted(SparkContext.scala:521)
[2025-01-15T11:08:48.671+0000] {spark_submit.py:641} INFO - at scala.collection.mutable.ResizableArray.foreach(ResizableArray.scala:62)
[2025-01-15T11:08:48.672+0000] {spark_submit.py:641} INFO - at scala.collection.mutable.ResizableArray.foreach$(ResizableArray.scala:55)
[2025-01-15T11:08:48.673+0000] {spark_submit.py:641} INFO - at scala.collection.mutable.ArrayBuffer.foreach(ArrayBuffer.scala:49)
[2025-01-15T11:08:48.673+0000] {spark_submit.py:641} INFO - at org.apache.spark.SparkContext.<init>(SparkContext.scala:521)
[2025-01-15T11:08:48.674+0000] {spark_submit.py:641} INFO - at org.apache.spark.api.java.JavaSparkContext.<init>(JavaSparkContext.scala:58)
[2025-01-15T11:08:48.675+0000] {spark_submit.py:641} INFO - at java.base/jdk.internal.reflect.NativeConstructorAccessorImpl.newInstance0(Native Method)
[2025-01-15T11:08:48.676+0000] {spark_submit.py:641} INFO - at java.base/jdk.internal.reflect.NativeConstructorAccessorImpl.newInstance(NativeConstructorAccessorImpl.java:77)
[2025-01-15T11:08:48.676+0000] {spark_submit.py:641} INFO - at java.base/jdk.internal.reflect.DelegatingConstructorAccessorImpl.newInstance(DelegatingConstructorAccessorImpl.java:45)
[2025-01-15T11:08:48.677+0000] {spark_submit.py:641} INFO - at java.base/java.lang.reflect.Constructor.newInstanceWithCaller(Constructor.java:500)
[2025-01-15T11:08:48.678+0000] {spark_submit.py:641} INFO - at java.base/java.lang.reflect.Constructor.newInstance(Constructor.java:481)
[2025-01-15T11:08:48.678+0000] {spark_submit.py:641} INFO - at py4j.reflection.MethodInvoker.invoke(MethodInvoker.java:247)
[2025-01-15T11:08:48.679+0000] {spark_submit.py:641} INFO - at py4j.reflection.ReflectionEngine.invoke(ReflectionEngine.java:374)
[2025-01-15T11:08:48.680+0000] {spark_submit.py:641} INFO - at py4j.Gateway.invoke(Gateway.java:238)
[2025-01-15T11:08:48.680+0000] {spark_submit.py:641} INFO - at py4j.commands.ConstructorCommand.invokeConstructor(ConstructorCommand.java:80)
[2025-01-15T11:08:48.681+0000] {spark_submit.py:641} INFO - at py4j.commands.ConstructorCommand.execute(ConstructorCommand.java:69)
[2025-01-15T11:08:48.682+0000] {spark_submit.py:641} INFO - at py4j.ClientServerConnection.waitForCommands(ClientServerConnection.java:182)
[2025-01-15T11:08:48.683+0000] {spark_submit.py:641} INFO - at py4j.ClientServerConnection.run(ClientServerConnection.java:106)
[2025-01-15T11:08:48.683+0000] {spark_submit.py:641} INFO - at java.base/java.lang.Thread.run(Thread.java:840)
[2025-01-15T11:08:48.764+0000] {spark_submit.py:641} INFO - 25/01/15 11:08:48 INFO StandaloneAppClient$ClientEndpoint: Connecting to master spark://spark-master:7077...
[2025-01-15T11:08:48.815+0000] {spark_submit.py:641} INFO - 25/01/15 11:08:48 INFO TransportClientFactory: Successfully created connection to spark-master/172.18.0.2:7077 after 29 ms (0 ms spent in bootstraps)
[2025-01-15T11:09:08.764+0000] {spark_submit.py:641} INFO - 25/01/15 11:09:08 INFO StandaloneAppClient$ClientEndpoint: Connecting to master spark://spark-master:7077...
[2025-01-15T11:09:28.765+0000] {spark_submit.py:641} INFO - 25/01/15 11:09:28 INFO StandaloneAppClient$ClientEndpoint: Connecting to master spark://spark-master:7077...
[2025-01-15T11:09:48.767+0000] {spark_submit.py:641} INFO - 25/01/15 11:09:48 ERROR StandaloneSchedulerBackend: Application has been killed. Reason: All masters are unresponsive! Giving up.
[2025-01-15T11:09:48.769+0000] {spark_submit.py:641} INFO - 25/01/15 11:09:48 WARN StandaloneSchedulerBackend: Application ID is not initialized yet.
[2025-01-15T11:09:48.789+0000] {spark_submit.py:641} INFO - 25/01/15 11:09:48 INFO Utils: Successfully started service 'org.apache.spark.network.netty.NettyBlockTransferService' on port 42967.
[2025-01-15T11:09:48.792+0000] {spark_submit.py:641} INFO - 25/01/15 11:09:48 INFO NettyBlockTransferService: Server created on airflow-scheduler:42967
[2025-01-15T11:09:48.795+0000] {spark_submit.py:641} INFO - 25/01/15 11:09:48 INFO BlockManager: Using org.apache.spark.storage.RandomBlockReplicationPolicy for block replication policy
[2025-01-15T11:09:48.815+0000] {spark_submit.py:641} INFO - 25/01/15 11:09:48 INFO BlockManagerMaster: Registering BlockManager BlockManagerId(driver, airflow-scheduler, 42967, None)
[2025-01-15T11:09:48.825+0000] {spark_submit.py:641} INFO - 25/01/15 11:09:48 INFO BlockManagerMasterEndpoint: Registering block manager airflow-scheduler:42967 with 434.4 MiB RAM, BlockManagerId(driver, airflow-scheduler, 42967, None)
[2025-01-15T11:09:48.832+0000] {spark_submit.py:641} INFO - 25/01/15 11:09:48 INFO BlockManagerMaster: Registered BlockManager BlockManagerId(driver, airflow-scheduler, 42967, None)
[2025-01-15T11:09:48.836+0000] {spark_submit.py:641} INFO - 25/01/15 11:09:48 INFO BlockManager: Initialized BlockManager: BlockManagerId(driver, airflow-scheduler, 42967, None)
[2025-01-15T11:09:49.079+0000] {spark_submit.py:641} INFO - 25/01/15 11:09:49 INFO StandaloneSchedulerBackend: SchedulerBackend is ready for scheduling beginning after reached minRegisteredResourcesRatio: 0.0
[2025-01-15T11:09:49.351+0000] {spark_submit.py:641} INFO - 25/01/15 11:09:49 WARN StandaloneAppClient$ClientEndpoint: Drop UnregisterApplication(null) because has not yet connected to master
[2025-01-15T11:09:51.811+0000] {spark_submit.py:641} INFO - Traceback (most recent call last):
[2025-01-15T11:09:51.812+0000] {spark_submit.py:641} INFO - File "/spark-scripts/data_ingestion_products.py", line 45, in <module>
[2025-01-15T11:09:51.817+0000] {spark_submit.py:641} INFO - products_dataset.write.mode("overwrite").jdbc(jdbc_url, 'public.products', properties=jdbc_properties)
[2025-01-15T11:09:51.818+0000] {spark_submit.py:641} INFO - File "/home/airflow/.local/lib/python3.10/site-packages/pyspark/python/lib/pyspark.zip/pyspark/sql/readwriter.py", line 1984, in jdbc
[2025-01-15T11:09:51.819+0000] {spark_submit.py:641} INFO - File "/home/airflow/.local/lib/python3.10/site-packages/pyspark/python/lib/py4j-0.10.9.7-src.zip/py4j/java_gateway.py", line 1322, in __call__
[2025-01-15T11:09:51.820+0000] {spark_submit.py:641} INFO - File "/home/airflow/.local/lib/python3.10/site-packages/pyspark/python/lib/pyspark.zip/pyspark/errors/exceptions/captured.py", line 179, in deco
[2025-01-15T11:09:51.820+0000] {spark_submit.py:641} INFO - File "/home/airflow/.local/lib/python3.10/site-packages/pyspark/python/lib/py4j-0.10.9.7-src.zip/py4j/protocol.py", line 326, in get_return_value
[2025-01-15T11:09:51.881+0000] {spark_submit.py:641} INFO - py4j.protocol.Py4JJavaError: An error occurred while calling o41.jdbc.
[2025-01-15T11:09:51.883+0000] {spark_submit.py:641} INFO - : java.lang.IllegalStateException: Cannot call methods on a stopped SparkContext.
[2025-01-15T11:09:51.885+0000] {spark_submit.py:641} INFO - This stopped SparkContext was created at:
[2025-01-15T11:09:51.886+0000] {spark_submit.py:641} INFO - 
[2025-01-15T11:09:51.888+0000] {spark_submit.py:641} INFO - org.apache.spark.api.java.JavaSparkContext.<init>(JavaSparkContext.scala:58)
[2025-01-15T11:09:51.890+0000] {spark_submit.py:641} INFO - java.base/jdk.internal.reflect.NativeConstructorAccessorImpl.newInstance0(Native Method)
[2025-01-15T11:09:51.892+0000] {spark_submit.py:641} INFO - java.base/jdk.internal.reflect.NativeConstructorAccessorImpl.newInstance(NativeConstructorAccessorImpl.java:77)
[2025-01-15T11:09:51.894+0000] {spark_submit.py:641} INFO - java.base/jdk.internal.reflect.DelegatingConstructorAccessorImpl.newInstance(DelegatingConstructorAccessorImpl.java:45)
[2025-01-15T11:09:51.895+0000] {spark_submit.py:641} INFO - java.base/java.lang.reflect.Constructor.newInstanceWithCaller(Constructor.java:500)
[2025-01-15T11:09:51.897+0000] {spark_submit.py:641} INFO - java.base/java.lang.reflect.Constructor.newInstance(Constructor.java:481)
[2025-01-15T11:09:51.899+0000] {spark_submit.py:641} INFO - py4j.reflection.MethodInvoker.invoke(MethodInvoker.java:247)
[2025-01-15T11:09:51.900+0000] {spark_submit.py:641} INFO - py4j.reflection.ReflectionEngine.invoke(ReflectionEngine.java:374)
[2025-01-15T11:09:51.902+0000] {spark_submit.py:641} INFO - py4j.Gateway.invoke(Gateway.java:238)
[2025-01-15T11:09:51.904+0000] {spark_submit.py:641} INFO - py4j.commands.ConstructorCommand.invokeConstructor(ConstructorCommand.java:80)
[2025-01-15T11:09:51.906+0000] {spark_submit.py:641} INFO - py4j.commands.ConstructorCommand.execute(ConstructorCommand.java:69)
[2025-01-15T11:09:51.907+0000] {spark_submit.py:641} INFO - py4j.ClientServerConnection.waitForCommands(ClientServerConnection.java:182)
[2025-01-15T11:09:51.909+0000] {spark_submit.py:641} INFO - py4j.ClientServerConnection.run(ClientServerConnection.java:106)
[2025-01-15T11:09:51.911+0000] {spark_submit.py:641} INFO - java.base/java.lang.Thread.run(Thread.java:840)
[2025-01-15T11:09:51.913+0000] {spark_submit.py:641} INFO - 
[2025-01-15T11:09:51.915+0000] {spark_submit.py:641} INFO - The currently active SparkContext was created at:
[2025-01-15T11:09:51.917+0000] {spark_submit.py:641} INFO - 
[2025-01-15T11:09:51.919+0000] {spark_submit.py:641} INFO - (No active SparkContext.)
[2025-01-15T11:09:51.921+0000] {spark_submit.py:641} INFO - 
[2025-01-15T11:09:51.923+0000] {spark_submit.py:641} INFO - at org.apache.spark.SparkContext.assertNotStopped(SparkContext.scala:122)
[2025-01-15T11:09:51.925+0000] {spark_submit.py:641} INFO - at org.apache.spark.SparkContext.broadcastInternal(SparkContext.scala:1654)
[2025-01-15T11:09:51.926+0000] {spark_submit.py:641} INFO - at org.apache.spark.SparkContext.broadcast(SparkContext.scala:1639)
[2025-01-15T11:09:51.928+0000] {spark_submit.py:641} INFO - at org.apache.spark.sql.execution.datasources.csv.CSVFileFormat.buildReader(CSVFileFormat.scala:102)
[2025-01-15T11:09:51.930+0000] {spark_submit.py:641} INFO - at org.apache.spark.sql.execution.datasources.FileFormat.buildReaderWithPartitionValues(FileFormat.scala:138)
[2025-01-15T11:09:51.932+0000] {spark_submit.py:641} INFO - at org.apache.spark.sql.execution.datasources.FileFormat.buildReaderWithPartitionValues$(FileFormat.scala:129)
[2025-01-15T11:09:51.934+0000] {spark_submit.py:641} INFO - at org.apache.spark.sql.execution.datasources.TextBasedFileFormat.buildReaderWithPartitionValues(FileFormat.scala:346)
[2025-01-15T11:09:51.935+0000] {spark_submit.py:641} INFO - at org.apache.spark.sql.execution.FileSourceScanExec.inputRDD$lzycompute(DataSourceScanExec.scala:548)
[2025-01-15T11:09:51.937+0000] {spark_submit.py:641} INFO - at org.apache.spark.sql.execution.FileSourceScanExec.inputRDD(DataSourceScanExec.scala:537)
[2025-01-15T11:09:51.939+0000] {spark_submit.py:641} INFO - at org.apache.spark.sql.execution.FileSourceScanExec.doExecute(DataSourceScanExec.scala:575)
[2025-01-15T11:09:51.940+0000] {spark_submit.py:641} INFO - at org.apache.spark.sql.execution.SparkPlan.$anonfun$execute$1(SparkPlan.scala:195)
[2025-01-15T11:09:51.942+0000] {spark_submit.py:641} INFO - at org.apache.spark.sql.execution.SparkPlan.$anonfun$executeQuery$1(SparkPlan.scala:246)
[2025-01-15T11:09:51.944+0000] {spark_submit.py:641} INFO - at org.apache.spark.rdd.RDDOperationScope$.withScope(RDDOperationScope.scala:151)
[2025-01-15T11:09:51.946+0000] {spark_submit.py:641} INFO - at org.apache.spark.sql.execution.SparkPlan.executeQuery(SparkPlan.scala:243)
[2025-01-15T11:09:51.947+0000] {spark_submit.py:641} INFO - at org.apache.spark.sql.execution.SparkPlan.execute(SparkPlan.scala:191)
[2025-01-15T11:09:51.949+0000] {spark_submit.py:641} INFO - at org.apache.spark.sql.execution.DeserializeToObjectExec.doExecute(objects.scala:93)
[2025-01-15T11:09:51.951+0000] {spark_submit.py:641} INFO - at org.apache.spark.sql.execution.SparkPlan.$anonfun$execute$1(SparkPlan.scala:195)
[2025-01-15T11:09:51.953+0000] {spark_submit.py:641} INFO - at org.apache.spark.sql.execution.SparkPlan.$anonfun$executeQuery$1(SparkPlan.scala:246)
[2025-01-15T11:09:51.954+0000] {spark_submit.py:641} INFO - at org.apache.spark.rdd.RDDOperationScope$.withScope(RDDOperationScope.scala:151)
[2025-01-15T11:09:51.956+0000] {spark_submit.py:641} INFO - at org.apache.spark.sql.execution.SparkPlan.executeQuery(SparkPlan.scala:243)
[2025-01-15T11:09:51.958+0000] {spark_submit.py:641} INFO - at org.apache.spark.sql.execution.SparkPlan.execute(SparkPlan.scala:191)
[2025-01-15T11:09:51.960+0000] {spark_submit.py:641} INFO - at org.apache.spark.sql.execution.QueryExecution.toRdd$lzycompute(QueryExecution.scala:207)
[2025-01-15T11:09:51.962+0000] {spark_submit.py:641} INFO - at org.apache.spark.sql.execution.QueryExecution.toRdd(QueryExecution.scala:206)
[2025-01-15T11:09:51.963+0000] {spark_submit.py:641} INFO - at org.apache.spark.sql.Dataset.rdd$lzycompute(Dataset.scala:3851)
[2025-01-15T11:09:51.965+0000] {spark_submit.py:641} INFO - at org.apache.spark.sql.Dataset.rdd(Dataset.scala:3849)
[2025-01-15T11:09:51.967+0000] {spark_submit.py:641} INFO - at org.apache.spark.sql.Dataset.$anonfun$foreachPartition$1(Dataset.scala:3516)
[2025-01-15T11:09:51.969+0000] {spark_submit.py:641} INFO - at scala.runtime.java8.JFunction0$mcV$sp.apply(JFunction0$mcV$sp.java:23)
[2025-01-15T11:09:51.970+0000] {spark_submit.py:641} INFO - at org.apache.spark.sql.Dataset.$anonfun$withNewRDDExecutionId$1(Dataset.scala:4310)
[2025-01-15T11:09:51.972+0000] {spark_submit.py:641} INFO - at org.apache.spark.sql.execution.SQLExecution$.$anonfun$withNewExecutionId$6(SQLExecution.scala:125)
[2025-01-15T11:09:51.975+0000] {spark_submit.py:641} INFO - at org.apache.spark.sql.execution.SQLExecution$.withSQLConfPropagated(SQLExecution.scala:201)
[2025-01-15T11:09:51.977+0000] {spark_submit.py:641} INFO - at org.apache.spark.sql.execution.SQLExecution$.$anonfun$withNewExecutionId$1(SQLExecution.scala:108)
[2025-01-15T11:09:51.978+0000] {spark_submit.py:641} INFO - at org.apache.spark.sql.SparkSession.withActive(SparkSession.scala:900)
[2025-01-15T11:09:51.980+0000] {spark_submit.py:641} INFO - at org.apache.spark.sql.execution.SQLExecution$.withNewExecutionId(SQLExecution.scala:66)
[2025-01-15T11:09:51.982+0000] {spark_submit.py:641} INFO - at org.apache.spark.sql.Dataset.withNewRDDExecutionId(Dataset.scala:4308)
[2025-01-15T11:09:51.984+0000] {spark_submit.py:641} INFO - at org.apache.spark.sql.Dataset.foreachPartition(Dataset.scala:3516)
[2025-01-15T11:09:51.986+0000] {spark_submit.py:641} INFO - at org.apache.spark.sql.execution.datasources.jdbc.JdbcUtils$.saveTable(JdbcUtils.scala:903)
[2025-01-15T11:09:51.988+0000] {spark_submit.py:641} INFO - at org.apache.spark.sql.execution.datasources.jdbc.JdbcRelationProvider.createRelation(JdbcRelationProvider.scala:65)
[2025-01-15T11:09:51.990+0000] {spark_submit.py:641} INFO - at org.apache.spark.sql.execution.datasources.SaveIntoDataSourceCommand.run(SaveIntoDataSourceCommand.scala:48)
[2025-01-15T11:09:51.991+0000] {spark_submit.py:641} INFO - at org.apache.spark.sql.execution.command.ExecutedCommandExec.sideEffectResult$lzycompute(commands.scala:75)
[2025-01-15T11:09:51.993+0000] {spark_submit.py:641} INFO - at org.apache.spark.sql.execution.command.ExecutedCommandExec.sideEffectResult(commands.scala:73)
[2025-01-15T11:09:51.995+0000] {spark_submit.py:641} INFO - at org.apache.spark.sql.execution.command.ExecutedCommandExec.executeCollect(commands.scala:84)
[2025-01-15T11:09:51.997+0000] {spark_submit.py:641} INFO - at org.apache.spark.sql.execution.QueryExecution$$anonfun$eagerlyExecuteCommands$1.$anonfun$applyOrElse$1(QueryExecution.scala:107)
[2025-01-15T11:09:51.999+0000] {spark_submit.py:641} INFO - at org.apache.spark.sql.execution.SQLExecution$.$anonfun$withNewExecutionId$6(SQLExecution.scala:125)
[2025-01-15T11:09:52.000+0000] {spark_submit.py:641} INFO - at org.apache.spark.sql.execution.SQLExecution$.withSQLConfPropagated(SQLExecution.scala:201)
[2025-01-15T11:09:52.002+0000] {spark_submit.py:641} INFO - at org.apache.spark.sql.execution.SQLExecution$.$anonfun$withNewExecutionId$1(SQLExecution.scala:108)
[2025-01-15T11:09:52.004+0000] {spark_submit.py:641} INFO - at org.apache.spark.sql.SparkSession.withActive(SparkSession.scala:900)
[2025-01-15T11:09:52.006+0000] {spark_submit.py:641} INFO - at org.apache.spark.sql.execution.SQLExecution$.withNewExecutionId(SQLExecution.scala:66)
[2025-01-15T11:09:52.008+0000] {spark_submit.py:641} INFO - at org.apache.spark.sql.execution.QueryExecution$$anonfun$eagerlyExecuteCommands$1.applyOrElse(QueryExecution.scala:107)
[2025-01-15T11:09:52.010+0000] {spark_submit.py:641} INFO - at org.apache.spark.sql.execution.QueryExecution$$anonfun$eagerlyExecuteCommands$1.applyOrElse(QueryExecution.scala:98)
[2025-01-15T11:09:52.012+0000] {spark_submit.py:641} INFO - at org.apache.spark.sql.catalyst.trees.TreeNode.$anonfun$transformDownWithPruning$1(TreeNode.scala:461)
[2025-01-15T11:09:52.013+0000] {spark_submit.py:641} INFO - at org.apache.spark.sql.catalyst.trees.CurrentOrigin$.withOrigin(origin.scala:76)
[2025-01-15T11:09:52.015+0000] {spark_submit.py:641} INFO - at org.apache.spark.sql.catalyst.trees.TreeNode.transformDownWithPruning(TreeNode.scala:461)
[2025-01-15T11:09:52.017+0000] {spark_submit.py:641} INFO - at org.apache.spark.sql.catalyst.plans.logical.LogicalPlan.org$apache$spark$sql$catalyst$plans$logical$AnalysisHelper$$super$transformDownWithPruning(LogicalPlan.scala:32)
[2025-01-15T11:09:52.018+0000] {spark_submit.py:641} INFO - at org.apache.spark.sql.catalyst.plans.logical.AnalysisHelper.transformDownWithPruning(AnalysisHelper.scala:267)
[2025-01-15T11:09:52.020+0000] {spark_submit.py:641} INFO - at org.apache.spark.sql.catalyst.plans.logical.AnalysisHelper.transformDownWithPruning$(AnalysisHelper.scala:263)
[2025-01-15T11:09:52.021+0000] {spark_submit.py:641} INFO - at org.apache.spark.sql.catalyst.plans.logical.LogicalPlan.transformDownWithPruning(LogicalPlan.scala:32)
[2025-01-15T11:09:52.023+0000] {spark_submit.py:641} INFO - at org.apache.spark.sql.catalyst.plans.logical.LogicalPlan.transformDownWithPruning(LogicalPlan.scala:32)
[2025-01-15T11:09:52.025+0000] {spark_submit.py:641} INFO - at org.apache.spark.sql.catalyst.trees.TreeNode.transformDown(TreeNode.scala:437)
[2025-01-15T11:09:52.027+0000] {spark_submit.py:641} INFO - at org.apache.spark.sql.execution.QueryExecution.eagerlyExecuteCommands(QueryExecution.scala:98)
[2025-01-15T11:09:52.028+0000] {spark_submit.py:641} INFO - at org.apache.spark.sql.execution.QueryExecution.commandExecuted$lzycompute(QueryExecution.scala:85)
[2025-01-15T11:09:52.030+0000] {spark_submit.py:641} INFO - at org.apache.spark.sql.execution.QueryExecution.commandExecuted(QueryExecution.scala:83)
[2025-01-15T11:09:52.031+0000] {spark_submit.py:641} INFO - at org.apache.spark.sql.execution.QueryExecution.assertCommandExecuted(QueryExecution.scala:142)
[2025-01-15T11:09:52.033+0000] {spark_submit.py:641} INFO - at org.apache.spark.sql.DataFrameWriter.runCommand(DataFrameWriter.scala:869)
[2025-01-15T11:09:52.035+0000] {spark_submit.py:641} INFO - at org.apache.spark.sql.DataFrameWriter.saveToV1Source(DataFrameWriter.scala:391)
[2025-01-15T11:09:52.037+0000] {spark_submit.py:641} INFO - at org.apache.spark.sql.DataFrameWriter.saveInternal(DataFrameWriter.scala:364)
[2025-01-15T11:09:52.039+0000] {spark_submit.py:641} INFO - at org.apache.spark.sql.DataFrameWriter.save(DataFrameWriter.scala:251)
[2025-01-15T11:09:52.040+0000] {spark_submit.py:641} INFO - at org.apache.spark.sql.DataFrameWriter.jdbc(DataFrameWriter.scala:766)
[2025-01-15T11:09:52.042+0000] {spark_submit.py:641} INFO - at java.base/jdk.internal.reflect.NativeMethodAccessorImpl.invoke0(Native Method)
[2025-01-15T11:09:52.044+0000] {spark_submit.py:641} INFO - at java.base/jdk.internal.reflect.NativeMethodAccessorImpl.invoke(NativeMethodAccessorImpl.java:77)
[2025-01-15T11:09:52.045+0000] {spark_submit.py:641} INFO - at java.base/jdk.internal.reflect.DelegatingMethodAccessorImpl.invoke(DelegatingMethodAccessorImpl.java:43)
[2025-01-15T11:09:52.047+0000] {spark_submit.py:641} INFO - at java.base/java.lang.reflect.Method.invoke(Method.java:569)
[2025-01-15T11:09:52.049+0000] {spark_submit.py:641} INFO - at py4j.reflection.MethodInvoker.invoke(MethodInvoker.java:244)
[2025-01-15T11:09:52.051+0000] {spark_submit.py:641} INFO - at py4j.reflection.ReflectionEngine.invoke(ReflectionEngine.java:374)
[2025-01-15T11:09:52.052+0000] {spark_submit.py:641} INFO - at py4j.Gateway.invoke(Gateway.java:282)
[2025-01-15T11:09:52.054+0000] {spark_submit.py:641} INFO - at py4j.commands.AbstractCommand.invokeMethod(AbstractCommand.java:132)
[2025-01-15T11:09:52.056+0000] {spark_submit.py:641} INFO - at py4j.commands.CallCommand.execute(CallCommand.java:79)
[2025-01-15T11:09:52.058+0000] {spark_submit.py:641} INFO - at py4j.ClientServerConnection.waitForCommands(ClientServerConnection.java:182)
[2025-01-15T11:09:52.059+0000] {spark_submit.py:641} INFO - at py4j.ClientServerConnection.run(ClientServerConnection.java:106)
[2025-01-15T11:09:52.061+0000] {spark_submit.py:641} INFO - at java.base/java.lang.Thread.run(Thread.java:840)
[2025-01-15T11:09:52.063+0000] {spark_submit.py:641} INFO - 
[2025-01-15T11:09:52.154+0000] {taskinstance.py:441} INFO - ::group::Post task execution logs
[2025-01-15T11:09:52.181+0000] {taskinstance.py:2905} ERROR - Task failed with exception
Traceback (most recent call last):
  File "/home/airflow/.local/lib/python3.10/site-packages/airflow/models/taskinstance.py", line 465, in _execute_task
    result = _execute_callable(context=context, **execute_callable_kwargs)
  File "/home/airflow/.local/lib/python3.10/site-packages/airflow/models/taskinstance.py", line 432, in _execute_callable
    return execute_callable(context=context, **execute_callable_kwargs)
  File "/home/airflow/.local/lib/python3.10/site-packages/airflow/models/baseoperator.py", line 401, in wrapper
    return func(self, *args, **kwargs)
  File "/home/airflow/.local/lib/python3.10/site-packages/airflow/providers/apache/spark/operators/spark_submit.py", line 177, in execute
    self._hook.submit(self.application)
  File "/home/airflow/.local/lib/python3.10/site-packages/airflow/providers/apache/spark/hooks/spark_submit.py", line 567, in submit
    raise AirflowException(
airflow.exceptions.AirflowException: Cannot execute: spark-submit --master spark://spark-master:7077 --jars /spark-scripts/jars/jars_postgresql-42.2.20.jar --name arrow-spark /spark-scripts/data_ingestion_products.py. Error code is: 1.
[2025-01-15T11:09:52.192+0000] {taskinstance.py:1206} INFO - Marking task as FAILED. dag_id=Data_Ingestions_produts, task_id=spark_submit_task, run_id=manual__2025-01-15T11:08:41.559882+00:00, execution_date=20250115T110841, start_date=20250115T110843, end_date=20250115T110952
[2025-01-15T11:09:52.236+0000] {standard_task_runner.py:110} ERROR - Failed to execute job 12 for task spark_submit_task (Cannot execute: spark-submit --master spark://spark-master:7077 --jars /spark-scripts/jars/jars_postgresql-42.2.20.jar --name arrow-spark /spark-scripts/data_ingestion_products.py. Error code is: 1.; 2780)
[2025-01-15T11:09:52.278+0000] {local_task_job_runner.py:240} INFO - Task exited with return code 1
[2025-01-15T11:09:52.343+0000] {taskinstance.py:3503} INFO - 0 downstream tasks scheduled from follow-on schedule check
[2025-01-15T11:09:52.366+0000] {local_task_job_runner.py:222} INFO - ::endgroup::
