[2025-01-17T07:54:36.804+0000] {local_task_job_runner.py:120} INFO - ::group::Pre task execution logs
[2025-01-17T07:54:36.836+0000] {taskinstance.py:2076} INFO - Dependencies all met for dep_context=non-requeueable deps ti=<TaskInstance: ETL.load_data manual__2025-01-17T07:54:06.726210+00:00 [queued]>
[2025-01-17T07:54:36.846+0000] {taskinstance.py:2076} INFO - Dependencies all met for dep_context=requeueable deps ti=<TaskInstance: ETL.load_data manual__2025-01-17T07:54:06.726210+00:00 [queued]>
[2025-01-17T07:54:36.856+0000] {taskinstance.py:2306} INFO - Starting attempt 1 of 1
[2025-01-17T07:54:36.872+0000] {taskinstance.py:2330} INFO - Executing <Task(BashOperator): load_data> on 2025-01-17 07:54:06.726210+00:00
[2025-01-17T07:54:36.877+0000] {standard_task_runner.py:63} INFO - Started process 10261 to run task
[2025-01-17T07:54:36.881+0000] {standard_task_runner.py:90} INFO - Running: ['airflow', 'tasks', 'run', 'ETL', 'load_data', 'manual__2025-01-17T07:54:06.726210+00:00', '--job-id', '147', '--raw', '--subdir', 'DAGS_FOLDER/ETL.py', '--cfg-path', '/tmp/tmp_1bvb5ra']
[2025-01-17T07:54:36.884+0000] {standard_task_runner.py:91} INFO - Job 147: Subtask load_data
[2025-01-17T07:54:36.937+0000] {task_command.py:426} INFO - Running <TaskInstance: ETL.load_data manual__2025-01-17T07:54:06.726210+00:00 [running]> on host airflow-scheduler
[2025-01-17T07:54:37.036+0000] {taskinstance.py:2648} INFO - Exporting env vars: AIRFLOW_CTX_DAG_OWNER='Ajied(WhatsApp), Ajied(Email)' AIRFLOW_CTX_DAG_ID='ETL' AIRFLOW_CTX_TASK_ID='load_data' AIRFLOW_CTX_EXECUTION_DATE='2025-01-17T07:54:06.726210+00:00' AIRFLOW_CTX_TRY_NUMBER='1' AIRFLOW_CTX_DAG_RUN_ID='manual__2025-01-17T07:54:06.726210+00:00'
[2025-01-17T07:54:37.037+0000] {taskinstance.py:430} INFO - ::endgroup::
[2025-01-17T07:54:37.039+0000] {subprocess.py:63} INFO - Tmp dir root location: /tmp
[2025-01-17T07:54:37.040+0000] {subprocess.py:75} INFO - Running command: ['/usr/bin/bash', '-c', 'python /spark-scripts/resources/load.py']
[2025-01-17T07:54:37.049+0000] {subprocess.py:86} INFO - Output:
[2025-01-17T07:54:55.023+0000] {subprocess.py:93} INFO - Data berhasil diupload ke BigQuery!
[2025-01-17T07:54:55.298+0000] {subprocess.py:97} INFO - Command exited with return code 0
[2025-01-17T07:54:55.300+0000] {taskinstance.py:441} INFO - ::group::Post task execution logs
[2025-01-17T07:54:55.362+0000] {taskinstance.py:1206} INFO - Marking task as SUCCESS. dag_id=ETL, task_id=load_data, run_id=manual__2025-01-17T07:54:06.726210+00:00, execution_date=20250117T075406, start_date=20250117T075436, end_date=20250117T075455
[2025-01-17T07:54:55.424+0000] {local_task_job_runner.py:240} INFO - Task exited with return code 0
[2025-01-17T07:54:55.480+0000] {taskinstance.py:3503} INFO - 0 downstream tasks scheduled from follow-on schedule check
[2025-01-17T07:54:55.486+0000] {local_task_job_runner.py:222} INFO - ::endgroup::
