[2025-01-17T08:05:23.287+0000] {local_task_job_runner.py:120} INFO - ::group::Pre task execution logs
[2025-01-17T08:05:23.330+0000] {taskinstance.py:2076} INFO - Dependencies all met for dep_context=non-requeueable deps ti=<TaskInstance: ETL.load_data manual__2025-01-17T08:04:47.398455+00:00 [queued]>
[2025-01-17T08:05:23.344+0000] {taskinstance.py:2076} INFO - Dependencies all met for dep_context=requeueable deps ti=<TaskInstance: ETL.load_data manual__2025-01-17T08:04:47.398455+00:00 [queued]>
[2025-01-17T08:05:23.354+0000] {taskinstance.py:2306} INFO - Starting attempt 1 of 1
[2025-01-17T08:05:23.377+0000] {taskinstance.py:2330} INFO - Executing <Task(BashOperator): load_data> on 2025-01-17 08:04:47.398455+00:00
[2025-01-17T08:05:23.383+0000] {standard_task_runner.py:63} INFO - Started process 11957 to run task
[2025-01-17T08:05:23.387+0000] {standard_task_runner.py:90} INFO - Running: ['airflow', 'tasks', 'run', 'ETL', 'load_data', 'manual__2025-01-17T08:04:47.398455+00:00', '--job-id', '156', '--raw', '--subdir', 'DAGS_FOLDER/ETL.py', '--cfg-path', '/tmp/tmp1u9xwvp4']
[2025-01-17T08:05:23.390+0000] {standard_task_runner.py:91} INFO - Job 156: Subtask load_data
[2025-01-17T08:05:23.454+0000] {task_command.py:426} INFO - Running <TaskInstance: ETL.load_data manual__2025-01-17T08:04:47.398455+00:00 [running]> on host airflow-scheduler
[2025-01-17T08:05:23.588+0000] {taskinstance.py:2648} INFO - Exporting env vars: AIRFLOW_CTX_DAG_OWNER='Ajied(WhatsApp), Ajied(Email)' AIRFLOW_CTX_DAG_ID='ETL' AIRFLOW_CTX_TASK_ID='load_data' AIRFLOW_CTX_EXECUTION_DATE='2025-01-17T08:04:47.398455+00:00' AIRFLOW_CTX_TRY_NUMBER='1' AIRFLOW_CTX_DAG_RUN_ID='manual__2025-01-17T08:04:47.398455+00:00'
[2025-01-17T08:05:23.589+0000] {taskinstance.py:430} INFO - ::endgroup::
[2025-01-17T08:05:23.590+0000] {subprocess.py:63} INFO - Tmp dir root location: /tmp
[2025-01-17T08:05:23.592+0000] {subprocess.py:75} INFO - Running command: ['/usr/bin/bash', '-c', 'python /spark-scripts/resources/load.py']
[2025-01-17T08:05:23.602+0000] {subprocess.py:86} INFO - Output:
[2025-01-17T08:05:41.175+0000] {subprocess.py:93} INFO - Data berhasil diupload ke BigQuery!
[2025-01-17T08:05:41.547+0000] {subprocess.py:97} INFO - Command exited with return code 0
[2025-01-17T08:05:41.548+0000] {taskinstance.py:441} INFO - ::group::Post task execution logs
[2025-01-17T08:05:41.598+0000] {taskinstance.py:1206} INFO - Marking task as SUCCESS. dag_id=ETL, task_id=load_data, run_id=manual__2025-01-17T08:04:47.398455+00:00, execution_date=20250117T080447, start_date=20250117T080523, end_date=20250117T080541
[2025-01-17T08:05:41.646+0000] {local_task_job_runner.py:240} INFO - Task exited with return code 0
[2025-01-17T08:05:41.679+0000] {taskinstance.py:3503} INFO - 0 downstream tasks scheduled from follow-on schedule check
[2025-01-17T08:05:41.684+0000] {local_task_job_runner.py:222} INFO - ::endgroup::
