[2025-01-15T10:12:01.179+0000] {processor.py:161} INFO - Started process (PID=237) to work on /opt/airflow/dags/Data_Ingestions.py
[2025-01-15T10:12:01.182+0000] {processor.py:830} INFO - Processing file /opt/airflow/dags/Data_Ingestions.py for tasks to queue
[2025-01-15T10:12:01.190+0000] {logging_mixin.py:188} INFO - [2025-01-15T10:12:01.188+0000] {dagbag.py:545} INFO - Filling up the DagBag from /opt/airflow/dags/Data_Ingestions.py
[2025-01-15T10:12:01.278+0000] {processor.py:840} INFO - DAG(s) 'Data_Ingestions' retrieved from /opt/airflow/dags/Data_Ingestions.py
[2025-01-15T10:12:01.666+0000] {logging_mixin.py:188} INFO - [2025-01-15T10:12:01.665+0000] {override.py:1829} INFO - Created Permission View: can edit on DAG:Data_Ingestions
[2025-01-15T10:12:01.680+0000] {logging_mixin.py:188} INFO - [2025-01-15T10:12:01.680+0000] {override.py:1829} INFO - Created Permission View: can delete on DAG:Data_Ingestions
[2025-01-15T10:12:01.690+0000] {logging_mixin.py:188} INFO - [2025-01-15T10:12:01.690+0000] {override.py:1829} INFO - Created Permission View: can read on DAG:Data_Ingestions
[2025-01-15T10:12:01.691+0000] {logging_mixin.py:188} INFO - [2025-01-15T10:12:01.691+0000] {dag.py:3096} INFO - Sync 1 DAGs
[2025-01-15T10:12:01.714+0000] {logging_mixin.py:188} INFO - [2025-01-15T10:12:01.713+0000] {dag.py:3118} INFO - Creating ORM DAG for Data_Ingestions
[2025-01-15T10:12:01.715+0000] {logging_mixin.py:188} INFO - [2025-01-15T10:12:01.715+0000] {dag.py:3954} INFO - Setting next_dagrun for Data_Ingestions to None, run_after=None
[2025-01-15T10:12:01.765+0000] {processor.py:183} INFO - Processing /opt/airflow/dags/Data_Ingestions.py took 0.618 seconds
[2025-01-15T10:12:32.063+0000] {processor.py:161} INFO - Started process (PID=242) to work on /opt/airflow/dags/Data_Ingestions.py
[2025-01-15T10:12:32.064+0000] {processor.py:830} INFO - Processing file /opt/airflow/dags/Data_Ingestions.py for tasks to queue
[2025-01-15T10:12:32.068+0000] {logging_mixin.py:188} INFO - [2025-01-15T10:12:32.067+0000] {dagbag.py:545} INFO - Filling up the DagBag from /opt/airflow/dags/Data_Ingestions.py
[2025-01-15T10:12:32.099+0000] {processor.py:840} INFO - DAG(s) 'Data_Ingestions' retrieved from /opt/airflow/dags/Data_Ingestions.py
[2025-01-15T10:12:32.143+0000] {logging_mixin.py:188} INFO - [2025-01-15T10:12:32.142+0000] {dag.py:3096} INFO - Sync 1 DAGs
[2025-01-15T10:12:32.166+0000] {logging_mixin.py:188} INFO - [2025-01-15T10:12:32.166+0000] {dag.py:3954} INFO - Setting next_dagrun for Data_Ingestions to None, run_after=None
[2025-01-15T10:12:32.200+0000] {processor.py:183} INFO - Processing /opt/airflow/dags/Data_Ingestions.py took 0.147 seconds
[2025-01-15T10:13:02.662+0000] {processor.py:161} INFO - Started process (PID=247) to work on /opt/airflow/dags/Data_Ingestions.py
[2025-01-15T10:13:02.667+0000] {processor.py:830} INFO - Processing file /opt/airflow/dags/Data_Ingestions.py for tasks to queue
[2025-01-15T10:13:02.680+0000] {logging_mixin.py:188} INFO - [2025-01-15T10:13:02.678+0000] {dagbag.py:545} INFO - Filling up the DagBag from /opt/airflow/dags/Data_Ingestions.py
[2025-01-15T10:13:02.774+0000] {processor.py:840} INFO - DAG(s) 'Data_Ingestions' retrieved from /opt/airflow/dags/Data_Ingestions.py
[2025-01-15T10:13:02.901+0000] {logging_mixin.py:188} INFO - [2025-01-15T10:13:02.900+0000] {dag.py:3096} INFO - Sync 1 DAGs
[2025-01-15T10:13:02.956+0000] {logging_mixin.py:188} INFO - [2025-01-15T10:13:02.955+0000] {dag.py:3954} INFO - Setting next_dagrun for Data_Ingestions to None, run_after=None
[2025-01-15T10:13:03.047+0000] {processor.py:183} INFO - Processing /opt/airflow/dags/Data_Ingestions.py took 0.409 seconds
[2025-01-15T10:13:33.547+0000] {processor.py:161} INFO - Started process (PID=252) to work on /opt/airflow/dags/Data_Ingestions.py
[2025-01-15T10:13:33.551+0000] {processor.py:830} INFO - Processing file /opt/airflow/dags/Data_Ingestions.py for tasks to queue
[2025-01-15T10:13:33.557+0000] {logging_mixin.py:188} INFO - [2025-01-15T10:13:33.556+0000] {dagbag.py:545} INFO - Filling up the DagBag from /opt/airflow/dags/Data_Ingestions.py
[2025-01-15T10:13:33.631+0000] {processor.py:840} INFO - DAG(s) 'Data_Ingestions' retrieved from /opt/airflow/dags/Data_Ingestions.py
[2025-01-15T10:13:33.706+0000] {logging_mixin.py:188} INFO - [2025-01-15T10:13:33.706+0000] {dag.py:3096} INFO - Sync 1 DAGs
[2025-01-15T10:13:33.738+0000] {logging_mixin.py:188} INFO - [2025-01-15T10:13:33.737+0000] {dag.py:3954} INFO - Setting next_dagrun for Data_Ingestions to None, run_after=None
[2025-01-15T10:13:33.813+0000] {processor.py:183} INFO - Processing /opt/airflow/dags/Data_Ingestions.py took 0.295 seconds
[2025-01-15T10:14:04.040+0000] {processor.py:161} INFO - Started process (PID=257) to work on /opt/airflow/dags/Data_Ingestions.py
[2025-01-15T10:14:04.044+0000] {processor.py:830} INFO - Processing file /opt/airflow/dags/Data_Ingestions.py for tasks to queue
[2025-01-15T10:14:04.050+0000] {logging_mixin.py:188} INFO - [2025-01-15T10:14:04.049+0000] {dagbag.py:545} INFO - Filling up the DagBag from /opt/airflow/dags/Data_Ingestions.py
[2025-01-15T10:14:04.129+0000] {processor.py:840} INFO - DAG(s) 'Data_Ingestions' retrieved from /opt/airflow/dags/Data_Ingestions.py
[2025-01-15T10:14:04.226+0000] {logging_mixin.py:188} INFO - [2025-01-15T10:14:04.225+0000] {dag.py:3096} INFO - Sync 1 DAGs
[2025-01-15T10:14:04.270+0000] {logging_mixin.py:188} INFO - [2025-01-15T10:14:04.270+0000] {dag.py:3954} INFO - Setting next_dagrun for Data_Ingestions to None, run_after=None
[2025-01-15T10:14:04.349+0000] {processor.py:183} INFO - Processing /opt/airflow/dags/Data_Ingestions.py took 0.332 seconds
[2025-01-15T10:14:34.739+0000] {processor.py:161} INFO - Started process (PID=262) to work on /opt/airflow/dags/Data_Ingestions.py
[2025-01-15T10:14:34.741+0000] {processor.py:830} INFO - Processing file /opt/airflow/dags/Data_Ingestions.py for tasks to queue
[2025-01-15T10:14:34.747+0000] {logging_mixin.py:188} INFO - [2025-01-15T10:14:34.746+0000] {dagbag.py:545} INFO - Filling up the DagBag from /opt/airflow/dags/Data_Ingestions.py
[2025-01-15T10:14:34.787+0000] {processor.py:840} INFO - DAG(s) 'Data_Ingestions' retrieved from /opt/airflow/dags/Data_Ingestions.py
[2025-01-15T10:14:34.841+0000] {logging_mixin.py:188} INFO - [2025-01-15T10:14:34.840+0000] {dag.py:3096} INFO - Sync 1 DAGs
[2025-01-15T10:14:34.860+0000] {logging_mixin.py:188} INFO - [2025-01-15T10:14:34.859+0000] {dag.py:3954} INFO - Setting next_dagrun for Data_Ingestions to None, run_after=None
[2025-01-15T10:14:34.898+0000] {processor.py:183} INFO - Processing /opt/airflow/dags/Data_Ingestions.py took 0.184 seconds
[2025-01-15T10:15:05.466+0000] {processor.py:161} INFO - Started process (PID=267) to work on /opt/airflow/dags/Data_Ingestions.py
[2025-01-15T10:15:05.472+0000] {processor.py:830} INFO - Processing file /opt/airflow/dags/Data_Ingestions.py for tasks to queue
[2025-01-15T10:15:05.483+0000] {logging_mixin.py:188} INFO - [2025-01-15T10:15:05.482+0000] {dagbag.py:545} INFO - Filling up the DagBag from /opt/airflow/dags/Data_Ingestions.py
[2025-01-15T10:15:05.580+0000] {processor.py:840} INFO - DAG(s) 'Data_Ingestions' retrieved from /opt/airflow/dags/Data_Ingestions.py
[2025-01-15T10:15:05.705+0000] {logging_mixin.py:188} INFO - [2025-01-15T10:15:05.704+0000] {dag.py:3096} INFO - Sync 1 DAGs
[2025-01-15T10:15:05.762+0000] {logging_mixin.py:188} INFO - [2025-01-15T10:15:05.761+0000] {dag.py:3954} INFO - Setting next_dagrun for Data_Ingestions to None, run_after=None
[2025-01-15T10:15:05.846+0000] {processor.py:183} INFO - Processing /opt/airflow/dags/Data_Ingestions.py took 0.412 seconds
[2025-01-15T10:15:36.376+0000] {processor.py:161} INFO - Started process (PID=272) to work on /opt/airflow/dags/Data_Ingestions.py
[2025-01-15T10:15:36.380+0000] {processor.py:830} INFO - Processing file /opt/airflow/dags/Data_Ingestions.py for tasks to queue
[2025-01-15T10:15:36.387+0000] {logging_mixin.py:188} INFO - [2025-01-15T10:15:36.386+0000] {dagbag.py:545} INFO - Filling up the DagBag from /opt/airflow/dags/Data_Ingestions.py
[2025-01-15T10:15:36.471+0000] {processor.py:840} INFO - DAG(s) 'Data_Ingestions' retrieved from /opt/airflow/dags/Data_Ingestions.py
[2025-01-15T10:15:36.566+0000] {logging_mixin.py:188} INFO - [2025-01-15T10:15:36.565+0000] {dag.py:3096} INFO - Sync 1 DAGs
[2025-01-15T10:15:36.584+0000] {logging_mixin.py:188} INFO - [2025-01-15T10:15:36.584+0000] {dag.py:3954} INFO - Setting next_dagrun for Data_Ingestions to None, run_after=None
[2025-01-15T10:15:36.615+0000] {processor.py:183} INFO - Processing /opt/airflow/dags/Data_Ingestions.py took 0.264 seconds
[2025-01-15T10:16:06.793+0000] {processor.py:161} INFO - Started process (PID=277) to work on /opt/airflow/dags/Data_Ingestions.py
[2025-01-15T10:16:06.798+0000] {processor.py:830} INFO - Processing file /opt/airflow/dags/Data_Ingestions.py for tasks to queue
[2025-01-15T10:16:06.806+0000] {logging_mixin.py:188} INFO - [2025-01-15T10:16:06.805+0000] {dagbag.py:545} INFO - Filling up the DagBag from /opt/airflow/dags/Data_Ingestions.py
[2025-01-15T10:16:06.902+0000] {processor.py:840} INFO - DAG(s) 'Data_Ingestions' retrieved from /opt/airflow/dags/Data_Ingestions.py
[2025-01-15T10:16:06.951+0000] {logging_mixin.py:188} INFO - [2025-01-15T10:16:06.951+0000] {dag.py:3096} INFO - Sync 1 DAGs
[2025-01-15T10:16:06.967+0000] {logging_mixin.py:188} INFO - [2025-01-15T10:16:06.967+0000] {dag.py:3954} INFO - Setting next_dagrun for Data_Ingestions to None, run_after=None
[2025-01-15T10:16:06.995+0000] {processor.py:183} INFO - Processing /opt/airflow/dags/Data_Ingestions.py took 0.228 seconds
[2025-01-15T10:16:37.128+0000] {processor.py:161} INFO - Started process (PID=282) to work on /opt/airflow/dags/Data_Ingestions.py
[2025-01-15T10:16:37.131+0000] {processor.py:830} INFO - Processing file /opt/airflow/dags/Data_Ingestions.py for tasks to queue
[2025-01-15T10:16:37.136+0000] {logging_mixin.py:188} INFO - [2025-01-15T10:16:37.135+0000] {dagbag.py:545} INFO - Filling up the DagBag from /opt/airflow/dags/Data_Ingestions.py
[2025-01-15T10:16:37.184+0000] {processor.py:840} INFO - DAG(s) 'Data_Ingestions' retrieved from /opt/airflow/dags/Data_Ingestions.py
[2025-01-15T10:16:37.260+0000] {logging_mixin.py:188} INFO - [2025-01-15T10:16:37.259+0000] {dag.py:3096} INFO - Sync 1 DAGs
[2025-01-15T10:16:37.291+0000] {logging_mixin.py:188} INFO - [2025-01-15T10:16:37.291+0000] {dag.py:3954} INFO - Setting next_dagrun for Data_Ingestions to None, run_after=None
[2025-01-15T10:16:37.338+0000] {processor.py:183} INFO - Processing /opt/airflow/dags/Data_Ingestions.py took 0.224 seconds
[2025-01-15T10:17:07.631+0000] {processor.py:161} INFO - Started process (PID=287) to work on /opt/airflow/dags/Data_Ingestions.py
[2025-01-15T10:17:07.633+0000] {processor.py:830} INFO - Processing file /opt/airflow/dags/Data_Ingestions.py for tasks to queue
[2025-01-15T10:17:07.636+0000] {logging_mixin.py:188} INFO - [2025-01-15T10:17:07.636+0000] {dagbag.py:545} INFO - Filling up the DagBag from /opt/airflow/dags/Data_Ingestions.py
[2025-01-15T10:17:07.668+0000] {processor.py:840} INFO - DAG(s) 'Data_Ingestions' retrieved from /opt/airflow/dags/Data_Ingestions.py
[2025-01-15T10:17:07.710+0000] {logging_mixin.py:188} INFO - [2025-01-15T10:17:07.710+0000] {dag.py:3096} INFO - Sync 1 DAGs
[2025-01-15T10:17:07.726+0000] {logging_mixin.py:188} INFO - [2025-01-15T10:17:07.726+0000] {dag.py:3954} INFO - Setting next_dagrun for Data_Ingestions to None, run_after=None
[2025-01-15T10:17:07.755+0000] {processor.py:183} INFO - Processing /opt/airflow/dags/Data_Ingestions.py took 0.136 seconds
[2025-01-15T10:17:38.244+0000] {processor.py:161} INFO - Started process (PID=292) to work on /opt/airflow/dags/Data_Ingestions.py
[2025-01-15T10:17:38.265+0000] {processor.py:830} INFO - Processing file /opt/airflow/dags/Data_Ingestions.py for tasks to queue
[2025-01-15T10:17:38.274+0000] {logging_mixin.py:188} INFO - [2025-01-15T10:17:38.272+0000] {dagbag.py:545} INFO - Filling up the DagBag from /opt/airflow/dags/Data_Ingestions.py
[2025-01-15T10:17:38.340+0000] {processor.py:840} INFO - DAG(s) 'Data_Ingestions' retrieved from /opt/airflow/dags/Data_Ingestions.py
[2025-01-15T10:17:38.418+0000] {logging_mixin.py:188} INFO - [2025-01-15T10:17:38.418+0000] {dag.py:3096} INFO - Sync 1 DAGs
[2025-01-15T10:17:38.438+0000] {logging_mixin.py:188} INFO - [2025-01-15T10:17:38.437+0000] {dag.py:3954} INFO - Setting next_dagrun for Data_Ingestions to None, run_after=None
[2025-01-15T10:17:38.498+0000] {processor.py:183} INFO - Processing /opt/airflow/dags/Data_Ingestions.py took 0.277 seconds
[2025-01-15T10:18:08.706+0000] {processor.py:161} INFO - Started process (PID=297) to work on /opt/airflow/dags/Data_Ingestions.py
[2025-01-15T10:18:08.711+0000] {processor.py:830} INFO - Processing file /opt/airflow/dags/Data_Ingestions.py for tasks to queue
[2025-01-15T10:18:08.720+0000] {logging_mixin.py:188} INFO - [2025-01-15T10:18:08.718+0000] {dagbag.py:545} INFO - Filling up the DagBag from /opt/airflow/dags/Data_Ingestions.py
[2025-01-15T10:18:08.810+0000] {processor.py:840} INFO - DAG(s) 'Data_Ingestions' retrieved from /opt/airflow/dags/Data_Ingestions.py
[2025-01-15T10:18:08.932+0000] {logging_mixin.py:188} INFO - [2025-01-15T10:18:08.931+0000] {dag.py:3096} INFO - Sync 1 DAGs
[2025-01-15T10:18:08.988+0000] {logging_mixin.py:188} INFO - [2025-01-15T10:18:08.987+0000] {dag.py:3954} INFO - Setting next_dagrun for Data_Ingestions to None, run_after=None
[2025-01-15T10:18:09.083+0000] {processor.py:183} INFO - Processing /opt/airflow/dags/Data_Ingestions.py took 0.414 seconds
[2025-01-15T10:18:39.487+0000] {processor.py:161} INFO - Started process (PID=302) to work on /opt/airflow/dags/Data_Ingestions.py
[2025-01-15T10:18:39.493+0000] {processor.py:830} INFO - Processing file /opt/airflow/dags/Data_Ingestions.py for tasks to queue
[2025-01-15T10:18:39.503+0000] {logging_mixin.py:188} INFO - [2025-01-15T10:18:39.502+0000] {dagbag.py:545} INFO - Filling up the DagBag from /opt/airflow/dags/Data_Ingestions.py
[2025-01-15T10:18:39.604+0000] {processor.py:840} INFO - DAG(s) 'Data_Ingestions' retrieved from /opt/airflow/dags/Data_Ingestions.py
[2025-01-15T10:18:39.735+0000] {logging_mixin.py:188} INFO - [2025-01-15T10:18:39.734+0000] {dag.py:3096} INFO - Sync 1 DAGs
[2025-01-15T10:18:39.794+0000] {logging_mixin.py:188} INFO - [2025-01-15T10:18:39.793+0000] {dag.py:3954} INFO - Setting next_dagrun for Data_Ingestions to None, run_after=None
[2025-01-15T10:18:39.892+0000] {processor.py:183} INFO - Processing /opt/airflow/dags/Data_Ingestions.py took 0.441 seconds
[2025-01-15T10:19:10.472+0000] {processor.py:161} INFO - Started process (PID=435) to work on /opt/airflow/dags/Data_Ingestions.py
[2025-01-15T10:19:10.479+0000] {processor.py:830} INFO - Processing file /opt/airflow/dags/Data_Ingestions.py for tasks to queue
[2025-01-15T10:19:10.489+0000] {logging_mixin.py:188} INFO - [2025-01-15T10:19:10.488+0000] {dagbag.py:545} INFO - Filling up the DagBag from /opt/airflow/dags/Data_Ingestions.py
[2025-01-15T10:19:10.595+0000] {processor.py:840} INFO - DAG(s) 'Data_Ingestions' retrieved from /opt/airflow/dags/Data_Ingestions.py
[2025-01-15T10:19:10.732+0000] {logging_mixin.py:188} INFO - [2025-01-15T10:19:10.731+0000] {dag.py:3096} INFO - Sync 1 DAGs
[2025-01-15T10:19:10.793+0000] {logging_mixin.py:188} INFO - [2025-01-15T10:19:10.792+0000] {dag.py:3954} INFO - Setting next_dagrun for Data_Ingestions to None, run_after=None
[2025-01-15T10:19:10.882+0000] {processor.py:183} INFO - Processing /opt/airflow/dags/Data_Ingestions.py took 0.453 seconds
[2025-01-15T10:19:41.302+0000] {processor.py:161} INFO - Started process (PID=444) to work on /opt/airflow/dags/Data_Ingestions.py
[2025-01-15T10:19:41.307+0000] {processor.py:830} INFO - Processing file /opt/airflow/dags/Data_Ingestions.py for tasks to queue
[2025-01-15T10:19:41.316+0000] {logging_mixin.py:188} INFO - [2025-01-15T10:19:41.315+0000] {dagbag.py:545} INFO - Filling up the DagBag from /opt/airflow/dags/Data_Ingestions.py
[2025-01-15T10:19:41.415+0000] {processor.py:840} INFO - DAG(s) 'Data_Ingestions' retrieved from /opt/airflow/dags/Data_Ingestions.py
[2025-01-15T10:19:41.542+0000] {logging_mixin.py:188} INFO - [2025-01-15T10:19:41.541+0000] {dag.py:3096} INFO - Sync 1 DAGs
[2025-01-15T10:19:41.600+0000] {logging_mixin.py:188} INFO - [2025-01-15T10:19:41.599+0000] {dag.py:3954} INFO - Setting next_dagrun for Data_Ingestions to None, run_after=None
[2025-01-15T10:19:41.699+0000] {processor.py:183} INFO - Processing /opt/airflow/dags/Data_Ingestions.py took 0.429 seconds
[2025-01-15T10:20:11.919+0000] {processor.py:161} INFO - Started process (PID=504) to work on /opt/airflow/dags/Data_Ingestions.py
[2025-01-15T10:20:11.923+0000] {processor.py:830} INFO - Processing file /opt/airflow/dags/Data_Ingestions.py for tasks to queue
[2025-01-15T10:20:11.933+0000] {logging_mixin.py:188} INFO - [2025-01-15T10:20:11.932+0000] {dagbag.py:545} INFO - Filling up the DagBag from /opt/airflow/dags/Data_Ingestions.py
[2025-01-15T10:20:12.016+0000] {processor.py:840} INFO - DAG(s) 'Data_Ingestions' retrieved from /opt/airflow/dags/Data_Ingestions.py
[2025-01-15T10:20:12.117+0000] {logging_mixin.py:188} INFO - [2025-01-15T10:20:12.116+0000] {dag.py:3096} INFO - Sync 1 DAGs
[2025-01-15T10:20:12.163+0000] {logging_mixin.py:188} INFO - [2025-01-15T10:20:12.162+0000] {dag.py:3954} INFO - Setting next_dagrun for Data_Ingestions to None, run_after=None
[2025-01-15T10:20:12.246+0000] {processor.py:183} INFO - Processing /opt/airflow/dags/Data_Ingestions.py took 0.351 seconds
[2025-01-15T10:20:42.611+0000] {processor.py:161} INFO - Started process (PID=509) to work on /opt/airflow/dags/Data_Ingestions.py
[2025-01-15T10:20:42.616+0000] {processor.py:830} INFO - Processing file /opt/airflow/dags/Data_Ingestions.py for tasks to queue
[2025-01-15T10:20:42.624+0000] {logging_mixin.py:188} INFO - [2025-01-15T10:20:42.622+0000] {dagbag.py:545} INFO - Filling up the DagBag from /opt/airflow/dags/Data_Ingestions.py
[2025-01-15T10:20:42.717+0000] {processor.py:840} INFO - DAG(s) 'Data_Ingestions' retrieved from /opt/airflow/dags/Data_Ingestions.py
[2025-01-15T10:20:42.830+0000] {logging_mixin.py:188} INFO - [2025-01-15T10:20:42.829+0000] {dag.py:3096} INFO - Sync 1 DAGs
[2025-01-15T10:20:42.881+0000] {logging_mixin.py:188} INFO - [2025-01-15T10:20:42.880+0000] {dag.py:3954} INFO - Setting next_dagrun for Data_Ingestions to None, run_after=None
[2025-01-15T10:20:42.976+0000] {processor.py:183} INFO - Processing /opt/airflow/dags/Data_Ingestions.py took 0.391 seconds
[2025-01-15T10:21:13.272+0000] {processor.py:161} INFO - Started process (PID=514) to work on /opt/airflow/dags/Data_Ingestions.py
[2025-01-15T10:21:13.276+0000] {processor.py:830} INFO - Processing file /opt/airflow/dags/Data_Ingestions.py for tasks to queue
[2025-01-15T10:21:13.284+0000] {logging_mixin.py:188} INFO - [2025-01-15T10:21:13.283+0000] {dagbag.py:545} INFO - Filling up the DagBag from /opt/airflow/dags/Data_Ingestions.py
[2025-01-15T10:21:13.376+0000] {processor.py:840} INFO - DAG(s) 'Data_Ingestions' retrieved from /opt/airflow/dags/Data_Ingestions.py
[2025-01-15T10:21:13.479+0000] {logging_mixin.py:188} INFO - [2025-01-15T10:21:13.478+0000] {dag.py:3096} INFO - Sync 1 DAGs
[2025-01-15T10:21:13.499+0000] {logging_mixin.py:188} INFO - [2025-01-15T10:21:13.499+0000] {dag.py:3954} INFO - Setting next_dagrun for Data_Ingestions to None, run_after=None
[2025-01-15T10:21:13.537+0000] {processor.py:183} INFO - Processing /opt/airflow/dags/Data_Ingestions.py took 0.291 seconds
[2025-01-15T10:21:43.899+0000] {processor.py:161} INFO - Started process (PID=519) to work on /opt/airflow/dags/Data_Ingestions.py
[2025-01-15T10:21:43.903+0000] {processor.py:830} INFO - Processing file /opt/airflow/dags/Data_Ingestions.py for tasks to queue
[2025-01-15T10:21:43.911+0000] {logging_mixin.py:188} INFO - [2025-01-15T10:21:43.909+0000] {dagbag.py:545} INFO - Filling up the DagBag from /opt/airflow/dags/Data_Ingestions.py
[2025-01-15T10:21:43.998+0000] {processor.py:840} INFO - DAG(s) 'Data_Ingestions' retrieved from /opt/airflow/dags/Data_Ingestions.py
[2025-01-15T10:21:44.098+0000] {logging_mixin.py:188} INFO - [2025-01-15T10:21:44.098+0000] {dag.py:3096} INFO - Sync 1 DAGs
[2025-01-15T10:21:44.119+0000] {logging_mixin.py:188} INFO - [2025-01-15T10:21:44.119+0000] {dag.py:3954} INFO - Setting next_dagrun for Data_Ingestions to None, run_after=None
[2025-01-15T10:21:44.151+0000] {processor.py:183} INFO - Processing /opt/airflow/dags/Data_Ingestions.py took 0.277 seconds
[2025-01-15T10:22:14.507+0000] {processor.py:161} INFO - Started process (PID=524) to work on /opt/airflow/dags/Data_Ingestions.py
[2025-01-15T10:22:14.508+0000] {processor.py:830} INFO - Processing file /opt/airflow/dags/Data_Ingestions.py for tasks to queue
[2025-01-15T10:22:14.510+0000] {logging_mixin.py:188} INFO - [2025-01-15T10:22:14.510+0000] {dagbag.py:545} INFO - Filling up the DagBag from /opt/airflow/dags/Data_Ingestions.py
[2025-01-15T10:22:14.536+0000] {processor.py:840} INFO - DAG(s) 'Data_Ingestions' retrieved from /opt/airflow/dags/Data_Ingestions.py
[2025-01-15T10:22:14.572+0000] {logging_mixin.py:188} INFO - [2025-01-15T10:22:14.572+0000] {dag.py:3096} INFO - Sync 1 DAGs
[2025-01-15T10:22:14.589+0000] {logging_mixin.py:188} INFO - [2025-01-15T10:22:14.589+0000] {dag.py:3954} INFO - Setting next_dagrun for Data_Ingestions to None, run_after=None
[2025-01-15T10:22:14.620+0000] {processor.py:183} INFO - Processing /opt/airflow/dags/Data_Ingestions.py took 0.121 seconds
[2025-01-15T10:22:45.018+0000] {processor.py:161} INFO - Started process (PID=529) to work on /opt/airflow/dags/Data_Ingestions.py
[2025-01-15T10:22:45.022+0000] {processor.py:830} INFO - Processing file /opt/airflow/dags/Data_Ingestions.py for tasks to queue
[2025-01-15T10:22:45.030+0000] {logging_mixin.py:188} INFO - [2025-01-15T10:22:45.029+0000] {dagbag.py:545} INFO - Filling up the DagBag from /opt/airflow/dags/Data_Ingestions.py
[2025-01-15T10:22:45.116+0000] {processor.py:840} INFO - DAG(s) 'Data_Ingestions' retrieved from /opt/airflow/dags/Data_Ingestions.py
[2025-01-15T10:22:45.218+0000] {logging_mixin.py:188} INFO - [2025-01-15T10:22:45.217+0000] {dag.py:3096} INFO - Sync 1 DAGs
[2025-01-15T10:22:45.269+0000] {logging_mixin.py:188} INFO - [2025-01-15T10:22:45.268+0000] {dag.py:3954} INFO - Setting next_dagrun for Data_Ingestions to None, run_after=None
[2025-01-15T10:22:45.364+0000] {processor.py:183} INFO - Processing /opt/airflow/dags/Data_Ingestions.py took 0.372 seconds
[2025-01-15T10:23:15.675+0000] {processor.py:161} INFO - Started process (PID=534) to work on /opt/airflow/dags/Data_Ingestions.py
[2025-01-15T10:23:15.680+0000] {processor.py:830} INFO - Processing file /opt/airflow/dags/Data_Ingestions.py for tasks to queue
[2025-01-15T10:23:15.688+0000] {logging_mixin.py:188} INFO - [2025-01-15T10:23:15.687+0000] {dagbag.py:545} INFO - Filling up the DagBag from /opt/airflow/dags/Data_Ingestions.py
[2025-01-15T10:23:15.779+0000] {processor.py:840} INFO - DAG(s) 'Data_Ingestions' retrieved from /opt/airflow/dags/Data_Ingestions.py
[2025-01-15T10:23:15.900+0000] {logging_mixin.py:188} INFO - [2025-01-15T10:23:15.899+0000] {dag.py:3096} INFO - Sync 1 DAGs
[2025-01-15T10:23:15.957+0000] {logging_mixin.py:188} INFO - [2025-01-15T10:23:15.957+0000] {dag.py:3954} INFO - Setting next_dagrun for Data_Ingestions to None, run_after=None
[2025-01-15T10:23:16.058+0000] {processor.py:183} INFO - Processing /opt/airflow/dags/Data_Ingestions.py took 0.412 seconds
[2025-01-15T10:23:46.264+0000] {processor.py:161} INFO - Started process (PID=539) to work on /opt/airflow/dags/Data_Ingestions.py
[2025-01-15T10:23:46.268+0000] {processor.py:830} INFO - Processing file /opt/airflow/dags/Data_Ingestions.py for tasks to queue
[2025-01-15T10:23:46.275+0000] {logging_mixin.py:188} INFO - [2025-01-15T10:23:46.274+0000] {dagbag.py:545} INFO - Filling up the DagBag from /opt/airflow/dags/Data_Ingestions.py
[2025-01-15T10:23:46.358+0000] {processor.py:840} INFO - DAG(s) 'Data_Ingestions' retrieved from /opt/airflow/dags/Data_Ingestions.py
[2025-01-15T10:23:46.469+0000] {logging_mixin.py:188} INFO - [2025-01-15T10:23:46.468+0000] {dag.py:3096} INFO - Sync 1 DAGs
[2025-01-15T10:23:46.518+0000] {logging_mixin.py:188} INFO - [2025-01-15T10:23:46.517+0000] {dag.py:3954} INFO - Setting next_dagrun for Data_Ingestions to None, run_after=None
[2025-01-15T10:23:46.600+0000] {processor.py:183} INFO - Processing /opt/airflow/dags/Data_Ingestions.py took 0.361 seconds
[2025-01-15T10:24:17.135+0000] {processor.py:161} INFO - Started process (PID=544) to work on /opt/airflow/dags/Data_Ingestions.py
[2025-01-15T10:24:17.139+0000] {processor.py:830} INFO - Processing file /opt/airflow/dags/Data_Ingestions.py for tasks to queue
[2025-01-15T10:24:17.147+0000] {logging_mixin.py:188} INFO - [2025-01-15T10:24:17.145+0000] {dagbag.py:545} INFO - Filling up the DagBag from /opt/airflow/dags/Data_Ingestions.py
[2025-01-15T10:24:17.238+0000] {processor.py:840} INFO - DAG(s) 'Data_Ingestions' retrieved from /opt/airflow/dags/Data_Ingestions.py
[2025-01-15T10:24:17.370+0000] {logging_mixin.py:188} INFO - [2025-01-15T10:24:17.369+0000] {dag.py:3096} INFO - Sync 1 DAGs
[2025-01-15T10:24:17.422+0000] {logging_mixin.py:188} INFO - [2025-01-15T10:24:17.421+0000] {dag.py:3954} INFO - Setting next_dagrun for Data_Ingestions to None, run_after=None
[2025-01-15T10:24:17.517+0000] {processor.py:183} INFO - Processing /opt/airflow/dags/Data_Ingestions.py took 0.408 seconds
[2025-01-15T10:24:47.944+0000] {processor.py:161} INFO - Started process (PID=679) to work on /opt/airflow/dags/Data_Ingestions.py
[2025-01-15T10:24:47.946+0000] {processor.py:830} INFO - Processing file /opt/airflow/dags/Data_Ingestions.py for tasks to queue
[2025-01-15T10:24:47.949+0000] {logging_mixin.py:188} INFO - [2025-01-15T10:24:47.949+0000] {dagbag.py:545} INFO - Filling up the DagBag from /opt/airflow/dags/Data_Ingestions.py
[2025-01-15T10:24:47.982+0000] {processor.py:840} INFO - DAG(s) 'Data_Ingestions' retrieved from /opt/airflow/dags/Data_Ingestions.py
[2025-01-15T10:24:48.040+0000] {logging_mixin.py:188} INFO - [2025-01-15T10:24:48.040+0000] {dag.py:3096} INFO - Sync 1 DAGs
[2025-01-15T10:24:48.062+0000] {logging_mixin.py:188} INFO - [2025-01-15T10:24:48.062+0000] {dag.py:3954} INFO - Setting next_dagrun for Data_Ingestions to None, run_after=None
[2025-01-15T10:24:48.097+0000] {processor.py:183} INFO - Processing /opt/airflow/dags/Data_Ingestions.py took 0.166 seconds
[2025-01-15T10:25:18.564+0000] {processor.py:161} INFO - Started process (PID=688) to work on /opt/airflow/dags/Data_Ingestions.py
[2025-01-15T10:25:18.569+0000] {processor.py:830} INFO - Processing file /opt/airflow/dags/Data_Ingestions.py for tasks to queue
[2025-01-15T10:25:18.580+0000] {logging_mixin.py:188} INFO - [2025-01-15T10:25:18.579+0000] {dagbag.py:545} INFO - Filling up the DagBag from /opt/airflow/dags/Data_Ingestions.py
[2025-01-15T10:25:18.676+0000] {processor.py:840} INFO - DAG(s) 'Data_Ingestions' retrieved from /opt/airflow/dags/Data_Ingestions.py
[2025-01-15T10:25:18.793+0000] {logging_mixin.py:188} INFO - [2025-01-15T10:25:18.792+0000] {dag.py:3096} INFO - Sync 1 DAGs
[2025-01-15T10:25:18.816+0000] {logging_mixin.py:188} INFO - [2025-01-15T10:25:18.816+0000] {dag.py:3954} INFO - Setting next_dagrun for Data_Ingestions to None, run_after=None
[2025-01-15T10:25:18.856+0000] {processor.py:183} INFO - Processing /opt/airflow/dags/Data_Ingestions.py took 0.328 seconds
[2025-01-15T10:25:49.321+0000] {processor.py:161} INFO - Started process (PID=748) to work on /opt/airflow/dags/Data_Ingestions.py
[2025-01-15T10:25:49.326+0000] {processor.py:830} INFO - Processing file /opt/airflow/dags/Data_Ingestions.py for tasks to queue
[2025-01-15T10:25:49.335+0000] {logging_mixin.py:188} INFO - [2025-01-15T10:25:49.333+0000] {dagbag.py:545} INFO - Filling up the DagBag from /opt/airflow/dags/Data_Ingestions.py
[2025-01-15T10:25:49.424+0000] {processor.py:840} INFO - DAG(s) 'Data_Ingestions' retrieved from /opt/airflow/dags/Data_Ingestions.py
[2025-01-15T10:25:49.482+0000] {logging_mixin.py:188} INFO - [2025-01-15T10:25:49.482+0000] {dag.py:3096} INFO - Sync 1 DAGs
[2025-01-15T10:25:49.501+0000] {logging_mixin.py:188} INFO - [2025-01-15T10:25:49.501+0000] {dag.py:3954} INFO - Setting next_dagrun for Data_Ingestions to None, run_after=None
[2025-01-15T10:25:49.535+0000] {processor.py:183} INFO - Processing /opt/airflow/dags/Data_Ingestions.py took 0.250 seconds
[2025-01-15T10:26:19.840+0000] {processor.py:161} INFO - Started process (PID=753) to work on /opt/airflow/dags/Data_Ingestions.py
[2025-01-15T10:26:19.845+0000] {processor.py:830} INFO - Processing file /opt/airflow/dags/Data_Ingestions.py for tasks to queue
[2025-01-15T10:26:19.853+0000] {logging_mixin.py:188} INFO - [2025-01-15T10:26:19.851+0000] {dagbag.py:545} INFO - Filling up the DagBag from /opt/airflow/dags/Data_Ingestions.py
[2025-01-15T10:26:19.942+0000] {processor.py:840} INFO - DAG(s) 'Data_Ingestions' retrieved from /opt/airflow/dags/Data_Ingestions.py
[2025-01-15T10:26:20.054+0000] {logging_mixin.py:188} INFO - [2025-01-15T10:26:20.053+0000] {dag.py:3096} INFO - Sync 1 DAGs
[2025-01-15T10:26:20.102+0000] {logging_mixin.py:188} INFO - [2025-01-15T10:26:20.101+0000] {dag.py:3954} INFO - Setting next_dagrun for Data_Ingestions to None, run_after=None
[2025-01-15T10:26:20.183+0000] {processor.py:183} INFO - Processing /opt/airflow/dags/Data_Ingestions.py took 0.369 seconds
[2025-01-15T10:26:50.413+0000] {processor.py:161} INFO - Started process (PID=758) to work on /opt/airflow/dags/Data_Ingestions.py
[2025-01-15T10:26:50.418+0000] {processor.py:830} INFO - Processing file /opt/airflow/dags/Data_Ingestions.py for tasks to queue
[2025-01-15T10:26:50.425+0000] {logging_mixin.py:188} INFO - [2025-01-15T10:26:50.424+0000] {dagbag.py:545} INFO - Filling up the DagBag from /opt/airflow/dags/Data_Ingestions.py
[2025-01-15T10:26:50.510+0000] {processor.py:840} INFO - DAG(s) 'Data_Ingestions' retrieved from /opt/airflow/dags/Data_Ingestions.py
[2025-01-15T10:26:50.615+0000] {logging_mixin.py:188} INFO - [2025-01-15T10:26:50.614+0000] {dag.py:3096} INFO - Sync 1 DAGs
[2025-01-15T10:26:50.650+0000] {logging_mixin.py:188} INFO - [2025-01-15T10:26:50.650+0000] {dag.py:3954} INFO - Setting next_dagrun for Data_Ingestions to None, run_after=None
[2025-01-15T10:26:50.692+0000] {processor.py:183} INFO - Processing /opt/airflow/dags/Data_Ingestions.py took 0.306 seconds
[2025-01-15T10:27:21.122+0000] {processor.py:161} INFO - Started process (PID=763) to work on /opt/airflow/dags/Data_Ingestions.py
[2025-01-15T10:27:21.127+0000] {processor.py:830} INFO - Processing file /opt/airflow/dags/Data_Ingestions.py for tasks to queue
[2025-01-15T10:27:21.136+0000] {logging_mixin.py:188} INFO - [2025-01-15T10:27:21.135+0000] {dagbag.py:545} INFO - Filling up the DagBag from /opt/airflow/dags/Data_Ingestions.py
[2025-01-15T10:27:21.230+0000] {processor.py:840} INFO - DAG(s) 'Data_Ingestions' retrieved from /opt/airflow/dags/Data_Ingestions.py
[2025-01-15T10:27:21.343+0000] {logging_mixin.py:188} INFO - [2025-01-15T10:27:21.342+0000] {dag.py:3096} INFO - Sync 1 DAGs
[2025-01-15T10:27:21.394+0000] {logging_mixin.py:188} INFO - [2025-01-15T10:27:21.393+0000] {dag.py:3954} INFO - Setting next_dagrun for Data_Ingestions to None, run_after=None
[2025-01-15T10:27:21.480+0000] {processor.py:183} INFO - Processing /opt/airflow/dags/Data_Ingestions.py took 0.385 seconds
[2025-01-15T10:27:52.023+0000] {processor.py:161} INFO - Started process (PID=768) to work on /opt/airflow/dags/Data_Ingestions.py
[2025-01-15T10:27:52.027+0000] {processor.py:830} INFO - Processing file /opt/airflow/dags/Data_Ingestions.py for tasks to queue
[2025-01-15T10:27:52.037+0000] {logging_mixin.py:188} INFO - [2025-01-15T10:27:52.036+0000] {dagbag.py:545} INFO - Filling up the DagBag from /opt/airflow/dags/Data_Ingestions.py
[2025-01-15T10:27:52.137+0000] {processor.py:840} INFO - DAG(s) 'Data_Ingestions' retrieved from /opt/airflow/dags/Data_Ingestions.py
[2025-01-15T10:27:52.271+0000] {logging_mixin.py:188} INFO - [2025-01-15T10:27:52.270+0000] {dag.py:3096} INFO - Sync 1 DAGs
[2025-01-15T10:27:52.331+0000] {logging_mixin.py:188} INFO - [2025-01-15T10:27:52.330+0000] {dag.py:3954} INFO - Setting next_dagrun for Data_Ingestions to None, run_after=None
[2025-01-15T10:27:52.426+0000] {processor.py:183} INFO - Processing /opt/airflow/dags/Data_Ingestions.py took 0.430 seconds
[2025-01-15T10:28:22.613+0000] {processor.py:161} INFO - Started process (PID=773) to work on /opt/airflow/dags/Data_Ingestions.py
[2025-01-15T10:28:22.618+0000] {processor.py:830} INFO - Processing file /opt/airflow/dags/Data_Ingestions.py for tasks to queue
[2025-01-15T10:28:22.626+0000] {logging_mixin.py:188} INFO - [2025-01-15T10:28:22.624+0000] {dagbag.py:545} INFO - Filling up the DagBag from /opt/airflow/dags/Data_Ingestions.py
[2025-01-15T10:28:22.705+0000] {processor.py:840} INFO - DAG(s) 'Data_Ingestions' retrieved from /opt/airflow/dags/Data_Ingestions.py
[2025-01-15T10:28:22.768+0000] {logging_mixin.py:188} INFO - [2025-01-15T10:28:22.768+0000] {dag.py:3096} INFO - Sync 1 DAGs
[2025-01-15T10:28:22.790+0000] {logging_mixin.py:188} INFO - [2025-01-15T10:28:22.790+0000] {dag.py:3954} INFO - Setting next_dagrun for Data_Ingestions to None, run_after=None
[2025-01-15T10:28:22.826+0000] {processor.py:183} INFO - Processing /opt/airflow/dags/Data_Ingestions.py took 0.241 seconds
[2025-01-15T10:28:53.348+0000] {processor.py:161} INFO - Started process (PID=778) to work on /opt/airflow/dags/Data_Ingestions.py
[2025-01-15T10:28:53.352+0000] {processor.py:830} INFO - Processing file /opt/airflow/dags/Data_Ingestions.py for tasks to queue
[2025-01-15T10:28:53.359+0000] {logging_mixin.py:188} INFO - [2025-01-15T10:28:53.358+0000] {dagbag.py:545} INFO - Filling up the DagBag from /opt/airflow/dags/Data_Ingestions.py
[2025-01-15T10:28:53.450+0000] {processor.py:840} INFO - DAG(s) 'Data_Ingestions' retrieved from /opt/airflow/dags/Data_Ingestions.py
[2025-01-15T10:28:53.558+0000] {logging_mixin.py:188} INFO - [2025-01-15T10:28:53.557+0000] {dag.py:3096} INFO - Sync 1 DAGs
[2025-01-15T10:28:53.592+0000] {logging_mixin.py:188} INFO - [2025-01-15T10:28:53.592+0000] {dag.py:3954} INFO - Setting next_dagrun for Data_Ingestions to None, run_after=None
[2025-01-15T10:28:53.628+0000] {processor.py:183} INFO - Processing /opt/airflow/dags/Data_Ingestions.py took 0.304 seconds
[2025-01-15T10:29:23.949+0000] {processor.py:161} INFO - Started process (PID=783) to work on /opt/airflow/dags/Data_Ingestions.py
[2025-01-15T10:29:23.953+0000] {processor.py:830} INFO - Processing file /opt/airflow/dags/Data_Ingestions.py for tasks to queue
[2025-01-15T10:29:23.960+0000] {logging_mixin.py:188} INFO - [2025-01-15T10:29:23.959+0000] {dagbag.py:545} INFO - Filling up the DagBag from /opt/airflow/dags/Data_Ingestions.py
[2025-01-15T10:29:24.044+0000] {processor.py:840} INFO - DAG(s) 'Data_Ingestions' retrieved from /opt/airflow/dags/Data_Ingestions.py
[2025-01-15T10:29:24.150+0000] {logging_mixin.py:188} INFO - [2025-01-15T10:29:24.149+0000] {dag.py:3096} INFO - Sync 1 DAGs
[2025-01-15T10:29:24.196+0000] {logging_mixin.py:188} INFO - [2025-01-15T10:29:24.195+0000] {dag.py:3954} INFO - Setting next_dagrun for Data_Ingestions to None, run_after=None
[2025-01-15T10:29:24.285+0000] {processor.py:183} INFO - Processing /opt/airflow/dags/Data_Ingestions.py took 0.361 seconds
[2025-01-15T10:29:54.395+0000] {processor.py:161} INFO - Started process (PID=788) to work on /opt/airflow/dags/Data_Ingestions.py
[2025-01-15T10:29:54.396+0000] {processor.py:830} INFO - Processing file /opt/airflow/dags/Data_Ingestions.py for tasks to queue
[2025-01-15T10:29:54.399+0000] {logging_mixin.py:188} INFO - [2025-01-15T10:29:54.399+0000] {dagbag.py:545} INFO - Filling up the DagBag from /opt/airflow/dags/Data_Ingestions.py
[2025-01-15T10:29:54.424+0000] {processor.py:840} INFO - DAG(s) 'Data_Ingestions' retrieved from /opt/airflow/dags/Data_Ingestions.py
[2025-01-15T10:29:54.458+0000] {logging_mixin.py:188} INFO - [2025-01-15T10:29:54.458+0000] {dag.py:3096} INFO - Sync 1 DAGs
[2025-01-15T10:29:54.473+0000] {logging_mixin.py:188} INFO - [2025-01-15T10:29:54.472+0000] {dag.py:3954} INFO - Setting next_dagrun for Data_Ingestions to None, run_after=None
[2025-01-15T10:29:54.508+0000] {processor.py:183} INFO - Processing /opt/airflow/dags/Data_Ingestions.py took 0.121 seconds
[2025-01-15T10:30:25.045+0000] {processor.py:161} INFO - Started process (PID=793) to work on /opt/airflow/dags/Data_Ingestions.py
[2025-01-15T10:30:25.071+0000] {processor.py:830} INFO - Processing file /opt/airflow/dags/Data_Ingestions.py for tasks to queue
[2025-01-15T10:30:25.081+0000] {logging_mixin.py:188} INFO - [2025-01-15T10:30:25.079+0000] {dagbag.py:545} INFO - Filling up the DagBag from /opt/airflow/dags/Data_Ingestions.py
[2025-01-15T10:30:25.163+0000] {processor.py:840} INFO - DAG(s) 'Data_Ingestions' retrieved from /opt/airflow/dags/Data_Ingestions.py
[2025-01-15T10:30:25.271+0000] {logging_mixin.py:188} INFO - [2025-01-15T10:30:25.270+0000] {dag.py:3096} INFO - Sync 1 DAGs
[2025-01-15T10:30:25.323+0000] {logging_mixin.py:188} INFO - [2025-01-15T10:30:25.322+0000] {dag.py:3954} INFO - Setting next_dagrun for Data_Ingestions to None, run_after=None
[2025-01-15T10:30:25.409+0000] {processor.py:183} INFO - Processing /opt/airflow/dags/Data_Ingestions.py took 0.390 seconds
[2025-01-15T10:30:55.923+0000] {processor.py:161} INFO - Started process (PID=798) to work on /opt/airflow/dags/Data_Ingestions.py
[2025-01-15T10:30:55.927+0000] {processor.py:830} INFO - Processing file /opt/airflow/dags/Data_Ingestions.py for tasks to queue
[2025-01-15T10:30:55.935+0000] {logging_mixin.py:188} INFO - [2025-01-15T10:30:55.934+0000] {dagbag.py:545} INFO - Filling up the DagBag from /opt/airflow/dags/Data_Ingestions.py
[2025-01-15T10:30:56.033+0000] {processor.py:840} INFO - DAG(s) 'Data_Ingestions' retrieved from /opt/airflow/dags/Data_Ingestions.py
[2025-01-15T10:30:56.157+0000] {logging_mixin.py:188} INFO - [2025-01-15T10:30:56.157+0000] {dag.py:3096} INFO - Sync 1 DAGs
[2025-01-15T10:30:56.219+0000] {logging_mixin.py:188} INFO - [2025-01-15T10:30:56.218+0000] {dag.py:3954} INFO - Setting next_dagrun for Data_Ingestions to None, run_after=None
[2025-01-15T10:30:56.309+0000] {processor.py:183} INFO - Processing /opt/airflow/dags/Data_Ingestions.py took 0.414 seconds
[2025-01-15T10:31:26.512+0000] {processor.py:161} INFO - Started process (PID=803) to work on /opt/airflow/dags/Data_Ingestions.py
[2025-01-15T10:31:26.517+0000] {processor.py:830} INFO - Processing file /opt/airflow/dags/Data_Ingestions.py for tasks to queue
[2025-01-15T10:31:26.525+0000] {logging_mixin.py:188} INFO - [2025-01-15T10:31:26.523+0000] {dagbag.py:545} INFO - Filling up the DagBag from /opt/airflow/dags/Data_Ingestions.py
[2025-01-15T10:31:26.618+0000] {processor.py:840} INFO - DAG(s) 'Data_Ingestions' retrieved from /opt/airflow/dags/Data_Ingestions.py
[2025-01-15T10:31:26.755+0000] {logging_mixin.py:188} INFO - [2025-01-15T10:31:26.754+0000] {dag.py:3096} INFO - Sync 1 DAGs
[2025-01-15T10:31:26.813+0000] {logging_mixin.py:188} INFO - [2025-01-15T10:31:26.813+0000] {dag.py:3954} INFO - Setting next_dagrun for Data_Ingestions to None, run_after=None
[2025-01-15T10:31:26.914+0000] {processor.py:183} INFO - Processing /opt/airflow/dags/Data_Ingestions.py took 0.431 seconds
[2025-01-15T10:31:57.184+0000] {processor.py:161} INFO - Started process (PID=935) to work on /opt/airflow/dags/Data_Ingestions.py
[2025-01-15T10:31:57.189+0000] {processor.py:830} INFO - Processing file /opt/airflow/dags/Data_Ingestions.py for tasks to queue
[2025-01-15T10:31:57.199+0000] {logging_mixin.py:188} INFO - [2025-01-15T10:31:57.198+0000] {dagbag.py:545} INFO - Filling up the DagBag from /opt/airflow/dags/Data_Ingestions.py
[2025-01-15T10:31:57.303+0000] {processor.py:840} INFO - DAG(s) 'Data_Ingestions' retrieved from /opt/airflow/dags/Data_Ingestions.py
[2025-01-15T10:31:57.412+0000] {logging_mixin.py:188} INFO - [2025-01-15T10:31:57.412+0000] {dag.py:3096} INFO - Sync 1 DAGs
[2025-01-15T10:31:57.441+0000] {logging_mixin.py:188} INFO - [2025-01-15T10:31:57.441+0000] {dag.py:3954} INFO - Setting next_dagrun for Data_Ingestions to None, run_after=None
[2025-01-15T10:31:57.483+0000] {processor.py:183} INFO - Processing /opt/airflow/dags/Data_Ingestions.py took 0.331 seconds
[2025-01-15T10:32:28.010+0000] {processor.py:161} INFO - Started process (PID=944) to work on /opt/airflow/dags/Data_Ingestions.py
[2025-01-15T10:32:28.014+0000] {processor.py:830} INFO - Processing file /opt/airflow/dags/Data_Ingestions.py for tasks to queue
[2025-01-15T10:32:28.023+0000] {logging_mixin.py:188} INFO - [2025-01-15T10:32:28.022+0000] {dagbag.py:545} INFO - Filling up the DagBag from /opt/airflow/dags/Data_Ingestions.py
[2025-01-15T10:32:28.117+0000] {processor.py:840} INFO - DAG(s) 'Data_Ingestions' retrieved from /opt/airflow/dags/Data_Ingestions.py
[2025-01-15T10:32:28.227+0000] {logging_mixin.py:188} INFO - [2025-01-15T10:32:28.226+0000] {dag.py:3096} INFO - Sync 1 DAGs
[2025-01-15T10:32:28.249+0000] {logging_mixin.py:188} INFO - [2025-01-15T10:32:28.249+0000] {dag.py:3954} INFO - Setting next_dagrun for Data_Ingestions to None, run_after=None
[2025-01-15T10:32:28.287+0000] {processor.py:183} INFO - Processing /opt/airflow/dags/Data_Ingestions.py took 0.303 seconds
[2025-01-15T10:32:58.348+0000] {processor.py:161} INFO - Started process (PID=1003) to work on /opt/airflow/dags/Data_Ingestions.py
[2025-01-15T10:32:58.349+0000] {processor.py:830} INFO - Processing file /opt/airflow/dags/Data_Ingestions.py for tasks to queue
[2025-01-15T10:32:58.353+0000] {logging_mixin.py:188} INFO - [2025-01-15T10:32:58.352+0000] {dagbag.py:545} INFO - Filling up the DagBag from /opt/airflow/dags/Data_Ingestions.py
[2025-01-15T10:32:58.381+0000] {processor.py:840} INFO - DAG(s) 'Data_Ingestions' retrieved from /opt/airflow/dags/Data_Ingestions.py
[2025-01-15T10:32:58.417+0000] {logging_mixin.py:188} INFO - [2025-01-15T10:32:58.417+0000] {dag.py:3096} INFO - Sync 1 DAGs
[2025-01-15T10:32:58.433+0000] {logging_mixin.py:188} INFO - [2025-01-15T10:32:58.432+0000] {dag.py:3954} INFO - Setting next_dagrun for Data_Ingestions to None, run_after=None
[2025-01-15T10:32:58.471+0000] {processor.py:183} INFO - Processing /opt/airflow/dags/Data_Ingestions.py took 0.132 seconds
[2025-01-15T10:33:28.817+0000] {processor.py:161} INFO - Started process (PID=1008) to work on /opt/airflow/dags/Data_Ingestions.py
[2025-01-15T10:33:28.821+0000] {processor.py:830} INFO - Processing file /opt/airflow/dags/Data_Ingestions.py for tasks to queue
[2025-01-15T10:33:28.828+0000] {logging_mixin.py:188} INFO - [2025-01-15T10:33:28.827+0000] {dagbag.py:545} INFO - Filling up the DagBag from /opt/airflow/dags/Data_Ingestions.py
[2025-01-15T10:33:28.913+0000] {processor.py:840} INFO - DAG(s) 'Data_Ingestions' retrieved from /opt/airflow/dags/Data_Ingestions.py
[2025-01-15T10:33:29.016+0000] {logging_mixin.py:188} INFO - [2025-01-15T10:33:29.016+0000] {dag.py:3096} INFO - Sync 1 DAGs
[2025-01-15T10:33:29.062+0000] {logging_mixin.py:188} INFO - [2025-01-15T10:33:29.061+0000] {dag.py:3954} INFO - Setting next_dagrun for Data_Ingestions to None, run_after=None
[2025-01-15T10:33:29.148+0000] {processor.py:183} INFO - Processing /opt/airflow/dags/Data_Ingestions.py took 0.356 seconds
[2025-01-15T10:33:59.511+0000] {processor.py:161} INFO - Started process (PID=1013) to work on /opt/airflow/dags/Data_Ingestions.py
[2025-01-15T10:33:59.516+0000] {processor.py:830} INFO - Processing file /opt/airflow/dags/Data_Ingestions.py for tasks to queue
[2025-01-15T10:33:59.524+0000] {logging_mixin.py:188} INFO - [2025-01-15T10:33:59.523+0000] {dagbag.py:545} INFO - Filling up the DagBag from /opt/airflow/dags/Data_Ingestions.py
[2025-01-15T10:33:59.601+0000] {processor.py:840} INFO - DAG(s) 'Data_Ingestions' retrieved from /opt/airflow/dags/Data_Ingestions.py
[2025-01-15T10:33:59.669+0000] {logging_mixin.py:188} INFO - [2025-01-15T10:33:59.668+0000] {dag.py:3096} INFO - Sync 1 DAGs
[2025-01-15T10:33:59.703+0000] {logging_mixin.py:188} INFO - [2025-01-15T10:33:59.703+0000] {dag.py:3954} INFO - Setting next_dagrun for Data_Ingestions to None, run_after=None
[2025-01-15T10:33:59.748+0000] {processor.py:183} INFO - Processing /opt/airflow/dags/Data_Ingestions.py took 0.270 seconds
[2025-01-15T10:34:30.155+0000] {processor.py:161} INFO - Started process (PID=1018) to work on /opt/airflow/dags/Data_Ingestions.py
[2025-01-15T10:34:30.159+0000] {processor.py:830} INFO - Processing file /opt/airflow/dags/Data_Ingestions.py for tasks to queue
[2025-01-15T10:34:30.166+0000] {logging_mixin.py:188} INFO - [2025-01-15T10:34:30.165+0000] {dagbag.py:545} INFO - Filling up the DagBag from /opt/airflow/dags/Data_Ingestions.py
[2025-01-15T10:34:30.268+0000] {processor.py:840} INFO - DAG(s) 'Data_Ingestions' retrieved from /opt/airflow/dags/Data_Ingestions.py
[2025-01-15T10:34:30.411+0000] {logging_mixin.py:188} INFO - [2025-01-15T10:34:30.410+0000] {dag.py:3096} INFO - Sync 1 DAGs
[2025-01-15T10:34:30.474+0000] {logging_mixin.py:188} INFO - [2025-01-15T10:34:30.473+0000] {dag.py:3954} INFO - Setting next_dagrun for Data_Ingestions to None, run_after=None
[2025-01-15T10:34:30.517+0000] {processor.py:183} INFO - Processing /opt/airflow/dags/Data_Ingestions.py took 0.386 seconds
[2025-01-15T10:35:00.974+0000] {processor.py:161} INFO - Started process (PID=1023) to work on /opt/airflow/dags/Data_Ingestions.py
[2025-01-15T10:35:00.976+0000] {processor.py:830} INFO - Processing file /opt/airflow/dags/Data_Ingestions.py for tasks to queue
[2025-01-15T10:35:00.978+0000] {logging_mixin.py:188} INFO - [2025-01-15T10:35:00.978+0000] {dagbag.py:545} INFO - Filling up the DagBag from /opt/airflow/dags/Data_Ingestions.py
[2025-01-15T10:35:01.008+0000] {processor.py:840} INFO - DAG(s) 'Data_Ingestions' retrieved from /opt/airflow/dags/Data_Ingestions.py
[2025-01-15T10:35:01.043+0000] {logging_mixin.py:188} INFO - [2025-01-15T10:35:01.043+0000] {dag.py:3096} INFO - Sync 1 DAGs
[2025-01-15T10:35:01.058+0000] {logging_mixin.py:188} INFO - [2025-01-15T10:35:01.058+0000] {dag.py:3954} INFO - Setting next_dagrun for Data_Ingestions to None, run_after=None
[2025-01-15T10:35:01.085+0000] {processor.py:183} INFO - Processing /opt/airflow/dags/Data_Ingestions.py took 0.118 seconds
[2025-01-15T10:35:31.632+0000] {processor.py:161} INFO - Started process (PID=1028) to work on /opt/airflow/dags/Data_Ingestions.py
[2025-01-15T10:35:31.636+0000] {processor.py:830} INFO - Processing file /opt/airflow/dags/Data_Ingestions.py for tasks to queue
[2025-01-15T10:35:31.643+0000] {logging_mixin.py:188} INFO - [2025-01-15T10:35:31.642+0000] {dagbag.py:545} INFO - Filling up the DagBag from /opt/airflow/dags/Data_Ingestions.py
[2025-01-15T10:35:31.696+0000] {processor.py:840} INFO - DAG(s) 'Data_Ingestions' retrieved from /opt/airflow/dags/Data_Ingestions.py
[2025-01-15T10:35:31.729+0000] {logging_mixin.py:188} INFO - [2025-01-15T10:35:31.729+0000] {dag.py:3096} INFO - Sync 1 DAGs
[2025-01-15T10:35:31.744+0000] {logging_mixin.py:188} INFO - [2025-01-15T10:35:31.744+0000] {dag.py:3954} INFO - Setting next_dagrun for Data_Ingestions to None, run_after=None
[2025-01-15T10:35:31.773+0000] {processor.py:183} INFO - Processing /opt/airflow/dags/Data_Ingestions.py took 0.167 seconds
[2025-01-15T10:36:02.089+0000] {processor.py:161} INFO - Started process (PID=1033) to work on /opt/airflow/dags/Data_Ingestions.py
[2025-01-15T10:36:02.093+0000] {processor.py:830} INFO - Processing file /opt/airflow/dags/Data_Ingestions.py for tasks to queue
[2025-01-15T10:36:02.100+0000] {logging_mixin.py:188} INFO - [2025-01-15T10:36:02.099+0000] {dagbag.py:545} INFO - Filling up the DagBag from /opt/airflow/dags/Data_Ingestions.py
[2025-01-15T10:36:02.181+0000] {processor.py:840} INFO - DAG(s) 'Data_Ingestions' retrieved from /opt/airflow/dags/Data_Ingestions.py
[2025-01-15T10:36:02.276+0000] {logging_mixin.py:188} INFO - [2025-01-15T10:36:02.275+0000] {dag.py:3096} INFO - Sync 1 DAGs
[2025-01-15T10:36:02.296+0000] {logging_mixin.py:188} INFO - [2025-01-15T10:36:02.296+0000] {dag.py:3954} INFO - Setting next_dagrun for Data_Ingestions to None, run_after=None
[2025-01-15T10:36:02.334+0000] {processor.py:183} INFO - Processing /opt/airflow/dags/Data_Ingestions.py took 0.270 seconds
[2025-01-15T10:36:32.665+0000] {processor.py:161} INFO - Started process (PID=1038) to work on /opt/airflow/dags/Data_Ingestions.py
[2025-01-15T10:36:32.667+0000] {processor.py:830} INFO - Processing file /opt/airflow/dags/Data_Ingestions.py for tasks to queue
[2025-01-15T10:36:32.669+0000] {logging_mixin.py:188} INFO - [2025-01-15T10:36:32.669+0000] {dagbag.py:545} INFO - Filling up the DagBag from /opt/airflow/dags/Data_Ingestions.py
[2025-01-15T10:36:32.696+0000] {processor.py:840} INFO - DAG(s) 'Data_Ingestions' retrieved from /opt/airflow/dags/Data_Ingestions.py
[2025-01-15T10:36:32.727+0000] {logging_mixin.py:188} INFO - [2025-01-15T10:36:32.727+0000] {dag.py:3096} INFO - Sync 1 DAGs
[2025-01-15T10:36:32.742+0000] {logging_mixin.py:188} INFO - [2025-01-15T10:36:32.741+0000] {dag.py:3954} INFO - Setting next_dagrun for Data_Ingestions to None, run_after=None
[2025-01-15T10:36:32.779+0000] {processor.py:183} INFO - Processing /opt/airflow/dags/Data_Ingestions.py took 0.121 seconds
[2025-01-15T10:37:03.201+0000] {processor.py:161} INFO - Started process (PID=1043) to work on /opt/airflow/dags/Data_Ingestions.py
[2025-01-15T10:37:03.205+0000] {processor.py:830} INFO - Processing file /opt/airflow/dags/Data_Ingestions.py for tasks to queue
[2025-01-15T10:37:03.213+0000] {logging_mixin.py:188} INFO - [2025-01-15T10:37:03.211+0000] {dagbag.py:545} INFO - Filling up the DagBag from /opt/airflow/dags/Data_Ingestions.py
[2025-01-15T10:37:03.295+0000] {processor.py:840} INFO - DAG(s) 'Data_Ingestions' retrieved from /opt/airflow/dags/Data_Ingestions.py
[2025-01-15T10:37:03.401+0000] {logging_mixin.py:188} INFO - [2025-01-15T10:37:03.400+0000] {dag.py:3096} INFO - Sync 1 DAGs
[2025-01-15T10:37:03.462+0000] {logging_mixin.py:188} INFO - [2025-01-15T10:37:03.461+0000] {dag.py:3954} INFO - Setting next_dagrun for Data_Ingestions to None, run_after=None
[2025-01-15T10:37:03.562+0000] {processor.py:183} INFO - Processing /opt/airflow/dags/Data_Ingestions.py took 0.387 seconds
[2025-01-15T10:37:34.182+0000] {processor.py:161} INFO - Started process (PID=1048) to work on /opt/airflow/dags/Data_Ingestions.py
[2025-01-15T10:37:34.185+0000] {processor.py:830} INFO - Processing file /opt/airflow/dags/Data_Ingestions.py for tasks to queue
[2025-01-15T10:37:34.189+0000] {logging_mixin.py:188} INFO - [2025-01-15T10:37:34.188+0000] {dagbag.py:545} INFO - Filling up the DagBag from /opt/airflow/dags/Data_Ingestions.py
[2025-01-15T10:37:34.223+0000] {processor.py:840} INFO - DAG(s) 'Data_Ingestions' retrieved from /opt/airflow/dags/Data_Ingestions.py
[2025-01-15T10:37:34.268+0000] {logging_mixin.py:188} INFO - [2025-01-15T10:37:34.268+0000] {dag.py:3096} INFO - Sync 1 DAGs
[2025-01-15T10:37:34.292+0000] {logging_mixin.py:188} INFO - [2025-01-15T10:37:34.292+0000] {dag.py:3954} INFO - Setting next_dagrun for Data_Ingestions to None, run_after=None
[2025-01-15T10:37:34.328+0000] {processor.py:183} INFO - Processing /opt/airflow/dags/Data_Ingestions.py took 0.165 seconds
[2025-01-15T10:38:04.606+0000] {processor.py:161} INFO - Started process (PID=1181) to work on /opt/airflow/dags/Data_Ingestions.py
[2025-01-15T10:38:04.612+0000] {processor.py:830} INFO - Processing file /opt/airflow/dags/Data_Ingestions.py for tasks to queue
[2025-01-15T10:38:04.624+0000] {logging_mixin.py:188} INFO - [2025-01-15T10:38:04.623+0000] {dagbag.py:545} INFO - Filling up the DagBag from /opt/airflow/dags/Data_Ingestions.py
[2025-01-15T10:38:04.721+0000] {processor.py:840} INFO - DAG(s) 'Data_Ingestions' retrieved from /opt/airflow/dags/Data_Ingestions.py
[2025-01-15T10:38:04.853+0000] {logging_mixin.py:188} INFO - [2025-01-15T10:38:04.853+0000] {dag.py:3096} INFO - Sync 1 DAGs
[2025-01-15T10:38:04.912+0000] {logging_mixin.py:188} INFO - [2025-01-15T10:38:04.911+0000] {dag.py:3954} INFO - Setting next_dagrun for Data_Ingestions to None, run_after=None
[2025-01-15T10:38:05.016+0000] {processor.py:183} INFO - Processing /opt/airflow/dags/Data_Ingestions.py took 0.445 seconds
[2025-01-15T10:38:35.432+0000] {processor.py:161} INFO - Started process (PID=1190) to work on /opt/airflow/dags/Data_Ingestions.py
[2025-01-15T10:38:35.442+0000] {processor.py:830} INFO - Processing file /opt/airflow/dags/Data_Ingestions.py for tasks to queue
[2025-01-15T10:38:35.463+0000] {logging_mixin.py:188} INFO - [2025-01-15T10:38:35.460+0000] {dagbag.py:545} INFO - Filling up the DagBag from /opt/airflow/dags/Data_Ingestions.py
[2025-01-15T10:38:35.569+0000] {processor.py:840} INFO - DAG(s) 'Data_Ingestions' retrieved from /opt/airflow/dags/Data_Ingestions.py
[2025-01-15T10:38:35.633+0000] {logging_mixin.py:188} INFO - [2025-01-15T10:38:35.632+0000] {dag.py:3096} INFO - Sync 1 DAGs
[2025-01-15T10:38:35.657+0000] {logging_mixin.py:188} INFO - [2025-01-15T10:38:35.657+0000] {dag.py:3954} INFO - Setting next_dagrun for Data_Ingestions to None, run_after=None
[2025-01-15T10:38:35.694+0000] {processor.py:183} INFO - Processing /opt/airflow/dags/Data_Ingestions.py took 0.311 seconds
[2025-01-15T10:39:05.981+0000] {processor.py:161} INFO - Started process (PID=1251) to work on /opt/airflow/dags/Data_Ingestions.py
[2025-01-15T10:39:05.985+0000] {processor.py:830} INFO - Processing file /opt/airflow/dags/Data_Ingestions.py for tasks to queue
[2025-01-15T10:39:05.994+0000] {logging_mixin.py:188} INFO - [2025-01-15T10:39:05.993+0000] {dagbag.py:545} INFO - Filling up the DagBag from /opt/airflow/dags/Data_Ingestions.py
[2025-01-15T10:39:06.085+0000] {processor.py:840} INFO - DAG(s) 'Data_Ingestions' retrieved from /opt/airflow/dags/Data_Ingestions.py
[2025-01-15T10:39:06.212+0000] {logging_mixin.py:188} INFO - [2025-01-15T10:39:06.211+0000] {dag.py:3096} INFO - Sync 1 DAGs
[2025-01-15T10:39:06.268+0000] {logging_mixin.py:188} INFO - [2025-01-15T10:39:06.268+0000] {dag.py:3954} INFO - Setting next_dagrun for Data_Ingestions to None, run_after=None
[2025-01-15T10:39:06.384+0000] {processor.py:183} INFO - Processing /opt/airflow/dags/Data_Ingestions.py took 0.432 seconds
[2025-01-15T10:39:36.733+0000] {processor.py:161} INFO - Started process (PID=1256) to work on /opt/airflow/dags/Data_Ingestions.py
[2025-01-15T10:39:36.737+0000] {processor.py:830} INFO - Processing file /opt/airflow/dags/Data_Ingestions.py for tasks to queue
[2025-01-15T10:39:36.744+0000] {logging_mixin.py:188} INFO - [2025-01-15T10:39:36.743+0000] {dagbag.py:545} INFO - Filling up the DagBag from /opt/airflow/dags/Data_Ingestions.py
[2025-01-15T10:39:36.840+0000] {processor.py:840} INFO - DAG(s) 'Data_Ingestions' retrieved from /opt/airflow/dags/Data_Ingestions.py
[2025-01-15T10:39:36.953+0000] {logging_mixin.py:188} INFO - [2025-01-15T10:39:36.952+0000] {dag.py:3096} INFO - Sync 1 DAGs
[2025-01-15T10:39:37.015+0000] {logging_mixin.py:188} INFO - [2025-01-15T10:39:37.014+0000] {dag.py:3954} INFO - Setting next_dagrun for Data_Ingestions to None, run_after=None
[2025-01-15T10:39:37.100+0000] {processor.py:183} INFO - Processing /opt/airflow/dags/Data_Ingestions.py took 0.394 seconds
[2025-01-15T10:40:07.371+0000] {processor.py:161} INFO - Started process (PID=1261) to work on /opt/airflow/dags/Data_Ingestions.py
[2025-01-15T10:40:07.376+0000] {processor.py:830} INFO - Processing file /opt/airflow/dags/Data_Ingestions.py for tasks to queue
[2025-01-15T10:40:07.384+0000] {logging_mixin.py:188} INFO - [2025-01-15T10:40:07.382+0000] {dagbag.py:545} INFO - Filling up the DagBag from /opt/airflow/dags/Data_Ingestions.py
[2025-01-15T10:40:07.481+0000] {processor.py:840} INFO - DAG(s) 'Data_Ingestions' retrieved from /opt/airflow/dags/Data_Ingestions.py
[2025-01-15T10:40:07.601+0000] {logging_mixin.py:188} INFO - [2025-01-15T10:40:07.600+0000] {dag.py:3096} INFO - Sync 1 DAGs
[2025-01-15T10:40:07.665+0000] {logging_mixin.py:188} INFO - [2025-01-15T10:40:07.664+0000] {dag.py:3954} INFO - Setting next_dagrun for Data_Ingestions to None, run_after=None
[2025-01-15T10:40:07.760+0000] {processor.py:183} INFO - Processing /opt/airflow/dags/Data_Ingestions.py took 0.416 seconds
[2025-01-15T10:40:38.220+0000] {processor.py:161} INFO - Started process (PID=1266) to work on /opt/airflow/dags/Data_Ingestions.py
[2025-01-15T10:40:38.224+0000] {processor.py:830} INFO - Processing file /opt/airflow/dags/Data_Ingestions.py for tasks to queue
[2025-01-15T10:40:38.232+0000] {logging_mixin.py:188} INFO - [2025-01-15T10:40:38.231+0000] {dagbag.py:545} INFO - Filling up the DagBag from /opt/airflow/dags/Data_Ingestions.py
[2025-01-15T10:40:38.320+0000] {processor.py:840} INFO - DAG(s) 'Data_Ingestions' retrieved from /opt/airflow/dags/Data_Ingestions.py
[2025-01-15T10:40:38.435+0000] {logging_mixin.py:188} INFO - [2025-01-15T10:40:38.434+0000] {dag.py:3096} INFO - Sync 1 DAGs
[2025-01-15T10:40:38.492+0000] {logging_mixin.py:188} INFO - [2025-01-15T10:40:38.491+0000] {dag.py:3954} INFO - Setting next_dagrun for Data_Ingestions to None, run_after=None
[2025-01-15T10:40:38.592+0000] {processor.py:183} INFO - Processing /opt/airflow/dags/Data_Ingestions.py took 0.398 seconds
[2025-01-15T10:41:09.076+0000] {processor.py:161} INFO - Started process (PID=1271) to work on /opt/airflow/dags/Data_Ingestions.py
[2025-01-15T10:41:09.078+0000] {processor.py:830} INFO - Processing file /opt/airflow/dags/Data_Ingestions.py for tasks to queue
[2025-01-15T10:41:09.080+0000] {logging_mixin.py:188} INFO - [2025-01-15T10:41:09.080+0000] {dagbag.py:545} INFO - Filling up the DagBag from /opt/airflow/dags/Data_Ingestions.py
[2025-01-15T10:41:09.111+0000] {processor.py:840} INFO - DAG(s) 'Data_Ingestions' retrieved from /opt/airflow/dags/Data_Ingestions.py
[2025-01-15T10:41:09.148+0000] {logging_mixin.py:188} INFO - [2025-01-15T10:41:09.148+0000] {dag.py:3096} INFO - Sync 1 DAGs
[2025-01-15T10:41:09.165+0000] {logging_mixin.py:188} INFO - [2025-01-15T10:41:09.164+0000] {dag.py:3954} INFO - Setting next_dagrun for Data_Ingestions to None, run_after=None
[2025-01-15T10:41:09.204+0000] {processor.py:183} INFO - Processing /opt/airflow/dags/Data_Ingestions.py took 0.137 seconds
[2025-01-15T10:41:39.716+0000] {processor.py:161} INFO - Started process (PID=1276) to work on /opt/airflow/dags/Data_Ingestions.py
[2025-01-15T10:41:39.720+0000] {processor.py:830} INFO - Processing file /opt/airflow/dags/Data_Ingestions.py for tasks to queue
[2025-01-15T10:41:39.727+0000] {logging_mixin.py:188} INFO - [2025-01-15T10:41:39.726+0000] {dagbag.py:545} INFO - Filling up the DagBag from /opt/airflow/dags/Data_Ingestions.py
[2025-01-15T10:41:39.815+0000] {processor.py:840} INFO - DAG(s) 'Data_Ingestions' retrieved from /opt/airflow/dags/Data_Ingestions.py
[2025-01-15T10:41:39.925+0000] {logging_mixin.py:188} INFO - [2025-01-15T10:41:39.924+0000] {dag.py:3096} INFO - Sync 1 DAGs
[2025-01-15T10:41:39.980+0000] {logging_mixin.py:188} INFO - [2025-01-15T10:41:39.979+0000] {dag.py:3954} INFO - Setting next_dagrun for Data_Ingestions to None, run_after=None
[2025-01-15T10:41:40.077+0000] {processor.py:183} INFO - Processing /opt/airflow/dags/Data_Ingestions.py took 0.387 seconds
[2025-01-15T10:42:10.758+0000] {processor.py:161} INFO - Started process (PID=1409) to work on /opt/airflow/dags/Data_Ingestions.py
[2025-01-15T10:42:10.764+0000] {processor.py:830} INFO - Processing file /opt/airflow/dags/Data_Ingestions.py for tasks to queue
[2025-01-15T10:42:10.776+0000] {logging_mixin.py:188} INFO - [2025-01-15T10:42:10.774+0000] {dagbag.py:545} INFO - Filling up the DagBag from /opt/airflow/dags/Data_Ingestions.py
[2025-01-15T10:42:10.876+0000] {processor.py:840} INFO - DAG(s) 'Data_Ingestions' retrieved from /opt/airflow/dags/Data_Ingestions.py
[2025-01-15T10:42:11.010+0000] {logging_mixin.py:188} INFO - [2025-01-15T10:42:11.009+0000] {dag.py:3096} INFO - Sync 1 DAGs
[2025-01-15T10:42:11.063+0000] {logging_mixin.py:188} INFO - [2025-01-15T10:42:11.062+0000] {dag.py:3954} INFO - Setting next_dagrun for Data_Ingestions to None, run_after=None
[2025-01-15T10:42:11.146+0000] {processor.py:183} INFO - Processing /opt/airflow/dags/Data_Ingestions.py took 0.427 seconds
[2025-01-15T10:42:41.566+0000] {processor.py:161} INFO - Started process (PID=1418) to work on /opt/airflow/dags/Data_Ingestions.py
[2025-01-15T10:42:41.572+0000] {processor.py:830} INFO - Processing file /opt/airflow/dags/Data_Ingestions.py for tasks to queue
[2025-01-15T10:42:41.582+0000] {logging_mixin.py:188} INFO - [2025-01-15T10:42:41.581+0000] {dagbag.py:545} INFO - Filling up the DagBag from /opt/airflow/dags/Data_Ingestions.py
[2025-01-15T10:42:41.680+0000] {processor.py:840} INFO - DAG(s) 'Data_Ingestions' retrieved from /opt/airflow/dags/Data_Ingestions.py
[2025-01-15T10:42:41.801+0000] {logging_mixin.py:188} INFO - [2025-01-15T10:42:41.800+0000] {dag.py:3096} INFO - Sync 1 DAGs
[2025-01-15T10:42:41.831+0000] {logging_mixin.py:188} INFO - [2025-01-15T10:42:41.831+0000] {dag.py:3954} INFO - Setting next_dagrun for Data_Ingestions to None, run_after=None
[2025-01-15T10:42:41.861+0000] {processor.py:183} INFO - Processing /opt/airflow/dags/Data_Ingestions.py took 0.325 seconds
[2025-01-15T10:43:12.158+0000] {processor.py:161} INFO - Started process (PID=1477) to work on /opt/airflow/dags/Data_Ingestions.py
[2025-01-15T10:43:12.162+0000] {processor.py:830} INFO - Processing file /opt/airflow/dags/Data_Ingestions.py for tasks to queue
[2025-01-15T10:43:12.170+0000] {logging_mixin.py:188} INFO - [2025-01-15T10:43:12.168+0000] {dagbag.py:545} INFO - Filling up the DagBag from /opt/airflow/dags/Data_Ingestions.py
[2025-01-15T10:43:12.256+0000] {processor.py:840} INFO - DAG(s) 'Data_Ingestions' retrieved from /opt/airflow/dags/Data_Ingestions.py
[2025-01-15T10:43:12.391+0000] {logging_mixin.py:188} INFO - [2025-01-15T10:43:12.390+0000] {dag.py:3096} INFO - Sync 1 DAGs
[2025-01-15T10:43:12.444+0000] {logging_mixin.py:188} INFO - [2025-01-15T10:43:12.443+0000] {dag.py:3954} INFO - Setting next_dagrun for Data_Ingestions to None, run_after=None
[2025-01-15T10:43:12.545+0000] {processor.py:183} INFO - Processing /opt/airflow/dags/Data_Ingestions.py took 0.415 seconds
[2025-01-15T10:43:42.762+0000] {processor.py:161} INFO - Started process (PID=1482) to work on /opt/airflow/dags/Data_Ingestions.py
[2025-01-15T10:43:42.767+0000] {processor.py:830} INFO - Processing file /opt/airflow/dags/Data_Ingestions.py for tasks to queue
[2025-01-15T10:43:42.777+0000] {logging_mixin.py:188} INFO - [2025-01-15T10:43:42.775+0000] {dagbag.py:545} INFO - Filling up the DagBag from /opt/airflow/dags/Data_Ingestions.py
[2025-01-15T10:43:42.873+0000] {processor.py:840} INFO - DAG(s) 'Data_Ingestions' retrieved from /opt/airflow/dags/Data_Ingestions.py
[2025-01-15T10:43:42.997+0000] {logging_mixin.py:188} INFO - [2025-01-15T10:43:42.996+0000] {dag.py:3096} INFO - Sync 1 DAGs
[2025-01-15T10:43:43.047+0000] {logging_mixin.py:188} INFO - [2025-01-15T10:43:43.046+0000] {dag.py:3954} INFO - Setting next_dagrun for Data_Ingestions to None, run_after=None
[2025-01-15T10:43:43.134+0000] {processor.py:183} INFO - Processing /opt/airflow/dags/Data_Ingestions.py took 0.411 seconds
[2025-01-15T10:44:13.595+0000] {processor.py:161} INFO - Started process (PID=1487) to work on /opt/airflow/dags/Data_Ingestions.py
[2025-01-15T10:44:13.597+0000] {processor.py:830} INFO - Processing file /opt/airflow/dags/Data_Ingestions.py for tasks to queue
[2025-01-15T10:44:13.601+0000] {logging_mixin.py:188} INFO - [2025-01-15T10:44:13.600+0000] {dagbag.py:545} INFO - Filling up the DagBag from /opt/airflow/dags/Data_Ingestions.py
[2025-01-15T10:44:13.634+0000] {processor.py:840} INFO - DAG(s) 'Data_Ingestions' retrieved from /opt/airflow/dags/Data_Ingestions.py
[2025-01-15T10:44:13.669+0000] {logging_mixin.py:188} INFO - [2025-01-15T10:44:13.668+0000] {dag.py:3096} INFO - Sync 1 DAGs
[2025-01-15T10:44:13.684+0000] {logging_mixin.py:188} INFO - [2025-01-15T10:44:13.684+0000] {dag.py:3954} INFO - Setting next_dagrun for Data_Ingestions to None, run_after=None
[2025-01-15T10:44:13.712+0000] {processor.py:183} INFO - Processing /opt/airflow/dags/Data_Ingestions.py took 0.137 seconds
[2025-01-15T10:44:44.038+0000] {processor.py:161} INFO - Started process (PID=1492) to work on /opt/airflow/dags/Data_Ingestions.py
[2025-01-15T10:44:44.042+0000] {processor.py:830} INFO - Processing file /opt/airflow/dags/Data_Ingestions.py for tasks to queue
[2025-01-15T10:44:44.049+0000] {logging_mixin.py:188} INFO - [2025-01-15T10:44:44.048+0000] {dagbag.py:545} INFO - Filling up the DagBag from /opt/airflow/dags/Data_Ingestions.py
[2025-01-15T10:44:44.132+0000] {processor.py:840} INFO - DAG(s) 'Data_Ingestions' retrieved from /opt/airflow/dags/Data_Ingestions.py
[2025-01-15T10:44:44.230+0000] {logging_mixin.py:188} INFO - [2025-01-15T10:44:44.229+0000] {dag.py:3096} INFO - Sync 1 DAGs
[2025-01-15T10:44:44.253+0000] {logging_mixin.py:188} INFO - [2025-01-15T10:44:44.253+0000] {dag.py:3954} INFO - Setting next_dagrun for Data_Ingestions to None, run_after=None
[2025-01-15T10:44:44.286+0000] {processor.py:183} INFO - Processing /opt/airflow/dags/Data_Ingestions.py took 0.275 seconds
[2025-01-15T10:45:14.779+0000] {processor.py:161} INFO - Started process (PID=1497) to work on /opt/airflow/dags/Data_Ingestions.py
[2025-01-15T10:45:14.783+0000] {processor.py:830} INFO - Processing file /opt/airflow/dags/Data_Ingestions.py for tasks to queue
[2025-01-15T10:45:14.790+0000] {logging_mixin.py:188} INFO - [2025-01-15T10:45:14.789+0000] {dagbag.py:545} INFO - Filling up the DagBag from /opt/airflow/dags/Data_Ingestions.py
[2025-01-15T10:45:14.863+0000] {processor.py:840} INFO - DAG(s) 'Data_Ingestions' retrieved from /opt/airflow/dags/Data_Ingestions.py
[2025-01-15T10:45:14.966+0000] {logging_mixin.py:188} INFO - [2025-01-15T10:45:14.966+0000] {dag.py:3096} INFO - Sync 1 DAGs
[2025-01-15T10:45:15.001+0000] {logging_mixin.py:188} INFO - [2025-01-15T10:45:15.001+0000] {dag.py:3954} INFO - Setting next_dagrun for Data_Ingestions to None, run_after=None
[2025-01-15T10:45:15.060+0000] {processor.py:183} INFO - Processing /opt/airflow/dags/Data_Ingestions.py took 0.317 seconds
[2025-01-15T10:45:45.581+0000] {processor.py:161} INFO - Started process (PID=1502) to work on /opt/airflow/dags/Data_Ingestions.py
[2025-01-15T10:45:45.583+0000] {processor.py:830} INFO - Processing file /opt/airflow/dags/Data_Ingestions.py for tasks to queue
[2025-01-15T10:45:45.587+0000] {logging_mixin.py:188} INFO - [2025-01-15T10:45:45.586+0000] {dagbag.py:545} INFO - Filling up the DagBag from /opt/airflow/dags/Data_Ingestions.py
[2025-01-15T10:45:45.654+0000] {processor.py:840} INFO - DAG(s) 'Data_Ingestions' retrieved from /opt/airflow/dags/Data_Ingestions.py
[2025-01-15T10:45:45.769+0000] {logging_mixin.py:188} INFO - [2025-01-15T10:45:45.768+0000] {dag.py:3096} INFO - Sync 1 DAGs
[2025-01-15T10:45:45.801+0000] {logging_mixin.py:188} INFO - [2025-01-15T10:45:45.801+0000] {dag.py:3954} INFO - Setting next_dagrun for Data_Ingestions to None, run_after=None
[2025-01-15T10:45:45.842+0000] {processor.py:183} INFO - Processing /opt/airflow/dags/Data_Ingestions.py took 0.277 seconds
[2025-01-15T10:46:16.058+0000] {processor.py:161} INFO - Started process (PID=1507) to work on /opt/airflow/dags/Data_Ingestions.py
[2025-01-15T10:46:16.063+0000] {processor.py:830} INFO - Processing file /opt/airflow/dags/Data_Ingestions.py for tasks to queue
[2025-01-15T10:46:16.070+0000] {logging_mixin.py:188} INFO - [2025-01-15T10:46:16.069+0000] {dagbag.py:545} INFO - Filling up the DagBag from /opt/airflow/dags/Data_Ingestions.py
[2025-01-15T10:46:16.159+0000] {processor.py:840} INFO - DAG(s) 'Data_Ingestions' retrieved from /opt/airflow/dags/Data_Ingestions.py
[2025-01-15T10:46:16.270+0000] {logging_mixin.py:188} INFO - [2025-01-15T10:46:16.270+0000] {dag.py:3096} INFO - Sync 1 DAGs
[2025-01-15T10:46:16.295+0000] {logging_mixin.py:188} INFO - [2025-01-15T10:46:16.294+0000] {dag.py:3954} INFO - Setting next_dagrun for Data_Ingestions to None, run_after=None
[2025-01-15T10:46:16.328+0000] {processor.py:183} INFO - Processing /opt/airflow/dags/Data_Ingestions.py took 0.296 seconds
[2025-01-15T10:46:46.788+0000] {processor.py:161} INFO - Started process (PID=1512) to work on /opt/airflow/dags/Data_Ingestions.py
[2025-01-15T10:46:46.793+0000] {processor.py:830} INFO - Processing file /opt/airflow/dags/Data_Ingestions.py for tasks to queue
[2025-01-15T10:46:46.800+0000] {logging_mixin.py:188} INFO - [2025-01-15T10:46:46.799+0000] {dagbag.py:545} INFO - Filling up the DagBag from /opt/airflow/dags/Data_Ingestions.py
[2025-01-15T10:46:46.889+0000] {processor.py:840} INFO - DAG(s) 'Data_Ingestions' retrieved from /opt/airflow/dags/Data_Ingestions.py
[2025-01-15T10:46:47.005+0000] {logging_mixin.py:188} INFO - [2025-01-15T10:46:47.004+0000] {dag.py:3096} INFO - Sync 1 DAGs
[2025-01-15T10:46:47.032+0000] {logging_mixin.py:188} INFO - [2025-01-15T10:46:47.031+0000] {dag.py:3954} INFO - Setting next_dagrun for Data_Ingestions to None, run_after=None
[2025-01-15T10:46:47.063+0000] {processor.py:183} INFO - Processing /opt/airflow/dags/Data_Ingestions.py took 0.299 seconds
[2025-01-15T10:47:17.270+0000] {processor.py:161} INFO - Started process (PID=1599) to work on /opt/airflow/dags/Data_Ingestions.py
[2025-01-15T10:47:17.272+0000] {processor.py:830} INFO - Processing file /opt/airflow/dags/Data_Ingestions.py for tasks to queue
[2025-01-15T10:47:17.277+0000] {logging_mixin.py:188} INFO - [2025-01-15T10:47:17.276+0000] {dagbag.py:545} INFO - Filling up the DagBag from /opt/airflow/dags/Data_Ingestions.py
[2025-01-15T10:47:17.310+0000] {processor.py:840} INFO - DAG(s) 'Data_Ingestions' retrieved from /opt/airflow/dags/Data_Ingestions.py
[2025-01-15T10:47:17.361+0000] {logging_mixin.py:188} INFO - [2025-01-15T10:47:17.360+0000] {dag.py:3096} INFO - Sync 1 DAGs
[2025-01-15T10:47:17.380+0000] {logging_mixin.py:188} INFO - [2025-01-15T10:47:17.380+0000] {dag.py:3954} INFO - Setting next_dagrun for Data_Ingestions to None, run_after=None
[2025-01-15T10:47:17.414+0000] {processor.py:183} INFO - Processing /opt/airflow/dags/Data_Ingestions.py took 0.156 seconds
[2025-01-15T10:47:47.938+0000] {processor.py:161} INFO - Started process (PID=1655) to work on /opt/airflow/dags/Data_Ingestions.py
[2025-01-15T10:47:47.942+0000] {processor.py:830} INFO - Processing file /opt/airflow/dags/Data_Ingestions.py for tasks to queue
[2025-01-15T10:47:47.951+0000] {logging_mixin.py:188} INFO - [2025-01-15T10:47:47.949+0000] {dagbag.py:545} INFO - Filling up the DagBag from /opt/airflow/dags/Data_Ingestions.py
[2025-01-15T10:47:48.040+0000] {processor.py:840} INFO - DAG(s) 'Data_Ingestions' retrieved from /opt/airflow/dags/Data_Ingestions.py
[2025-01-15T10:47:48.115+0000] {logging_mixin.py:188} INFO - [2025-01-15T10:47:48.114+0000] {dag.py:3096} INFO - Sync 1 DAGs
[2025-01-15T10:47:48.133+0000] {logging_mixin.py:188} INFO - [2025-01-15T10:47:48.133+0000] {dag.py:3954} INFO - Setting next_dagrun for Data_Ingestions to None, run_after=None
[2025-01-15T10:47:48.168+0000] {processor.py:183} INFO - Processing /opt/airflow/dags/Data_Ingestions.py took 0.261 seconds
[2025-01-15T10:48:18.466+0000] {processor.py:161} INFO - Started process (PID=1668) to work on /opt/airflow/dags/Data_Ingestions.py
[2025-01-15T10:48:18.468+0000] {processor.py:830} INFO - Processing file /opt/airflow/dags/Data_Ingestions.py for tasks to queue
[2025-01-15T10:48:18.472+0000] {logging_mixin.py:188} INFO - [2025-01-15T10:48:18.471+0000] {dagbag.py:545} INFO - Filling up the DagBag from /opt/airflow/dags/Data_Ingestions.py
[2025-01-15T10:48:18.507+0000] {processor.py:840} INFO - DAG(s) 'Data_Ingestions' retrieved from /opt/airflow/dags/Data_Ingestions.py
[2025-01-15T10:48:18.552+0000] {logging_mixin.py:188} INFO - [2025-01-15T10:48:18.552+0000] {dag.py:3096} INFO - Sync 1 DAGs
[2025-01-15T10:48:18.573+0000] {logging_mixin.py:188} INFO - [2025-01-15T10:48:18.573+0000] {dag.py:3954} INFO - Setting next_dagrun for Data_Ingestions to None, run_after=None
[2025-01-15T10:48:18.609+0000] {processor.py:183} INFO - Processing /opt/airflow/dags/Data_Ingestions.py took 0.153 seconds
[2025-01-15T10:48:49.028+0000] {processor.py:161} INFO - Started process (PID=1720) to work on /opt/airflow/dags/Data_Ingestions.py
[2025-01-15T10:48:49.032+0000] {processor.py:830} INFO - Processing file /opt/airflow/dags/Data_Ingestions.py for tasks to queue
[2025-01-15T10:48:49.040+0000] {logging_mixin.py:188} INFO - [2025-01-15T10:48:49.039+0000] {dagbag.py:545} INFO - Filling up the DagBag from /opt/airflow/dags/Data_Ingestions.py
[2025-01-15T10:48:49.132+0000] {processor.py:840} INFO - DAG(s) 'Data_Ingestions' retrieved from /opt/airflow/dags/Data_Ingestions.py
[2025-01-15T10:48:49.226+0000] {logging_mixin.py:188} INFO - [2025-01-15T10:48:49.226+0000] {dag.py:3096} INFO - Sync 1 DAGs
[2025-01-15T10:48:49.243+0000] {logging_mixin.py:188} INFO - [2025-01-15T10:48:49.243+0000] {dag.py:3954} INFO - Setting next_dagrun for Data_Ingestions to None, run_after=None
[2025-01-15T10:48:49.274+0000] {processor.py:183} INFO - Processing /opt/airflow/dags/Data_Ingestions.py took 0.279 seconds
[2025-01-15T10:49:19.631+0000] {processor.py:161} INFO - Started process (PID=1725) to work on /opt/airflow/dags/Data_Ingestions.py
[2025-01-15T10:49:19.635+0000] {processor.py:830} INFO - Processing file /opt/airflow/dags/Data_Ingestions.py for tasks to queue
[2025-01-15T10:49:19.643+0000] {logging_mixin.py:188} INFO - [2025-01-15T10:49:19.642+0000] {dagbag.py:545} INFO - Filling up the DagBag from /opt/airflow/dags/Data_Ingestions.py
[2025-01-15T10:49:19.723+0000] {processor.py:840} INFO - DAG(s) 'Data_Ingestions' retrieved from /opt/airflow/dags/Data_Ingestions.py
[2025-01-15T10:49:19.817+0000] {logging_mixin.py:188} INFO - [2025-01-15T10:49:19.816+0000] {dag.py:3096} INFO - Sync 1 DAGs
[2025-01-15T10:49:19.838+0000] {logging_mixin.py:188} INFO - [2025-01-15T10:49:19.838+0000] {dag.py:3954} INFO - Setting next_dagrun for Data_Ingestions to None, run_after=None
[2025-01-15T10:49:19.875+0000] {processor.py:183} INFO - Processing /opt/airflow/dags/Data_Ingestions.py took 0.266 seconds
[2025-01-15T10:49:50.146+0000] {processor.py:161} INFO - Started process (PID=1730) to work on /opt/airflow/dags/Data_Ingestions.py
[2025-01-15T10:49:50.151+0000] {processor.py:830} INFO - Processing file /opt/airflow/dags/Data_Ingestions.py for tasks to queue
[2025-01-15T10:49:50.160+0000] {logging_mixin.py:188} INFO - [2025-01-15T10:49:50.158+0000] {dagbag.py:545} INFO - Filling up the DagBag from /opt/airflow/dags/Data_Ingestions.py
[2025-01-15T10:49:50.251+0000] {processor.py:840} INFO - DAG(s) 'Data_Ingestions' retrieved from /opt/airflow/dags/Data_Ingestions.py
[2025-01-15T10:49:50.370+0000] {logging_mixin.py:188} INFO - [2025-01-15T10:49:50.368+0000] {dag.py:3096} INFO - Sync 1 DAGs
[2025-01-15T10:49:50.435+0000] {logging_mixin.py:188} INFO - [2025-01-15T10:49:50.434+0000] {dag.py:3954} INFO - Setting next_dagrun for Data_Ingestions to None, run_after=None
[2025-01-15T10:49:50.513+0000] {processor.py:183} INFO - Processing /opt/airflow/dags/Data_Ingestions.py took 0.392 seconds
[2025-01-15T10:50:20.872+0000] {processor.py:161} INFO - Started process (PID=1735) to work on /opt/airflow/dags/Data_Ingestions.py
[2025-01-15T10:50:20.876+0000] {processor.py:830} INFO - Processing file /opt/airflow/dags/Data_Ingestions.py for tasks to queue
[2025-01-15T10:50:20.882+0000] {logging_mixin.py:188} INFO - [2025-01-15T10:50:20.881+0000] {dagbag.py:545} INFO - Filling up the DagBag from /opt/airflow/dags/Data_Ingestions.py
[2025-01-15T10:50:20.961+0000] {processor.py:840} INFO - DAG(s) 'Data_Ingestions' retrieved from /opt/airflow/dags/Data_Ingestions.py
[2025-01-15T10:50:21.064+0000] {logging_mixin.py:188} INFO - [2025-01-15T10:50:21.063+0000] {dag.py:3096} INFO - Sync 1 DAGs
[2025-01-15T10:50:21.105+0000] {logging_mixin.py:188} INFO - [2025-01-15T10:50:21.105+0000] {dag.py:3954} INFO - Setting next_dagrun for Data_Ingestions to None, run_after=None
[2025-01-15T10:50:21.139+0000] {processor.py:183} INFO - Processing /opt/airflow/dags/Data_Ingestions.py took 0.292 seconds
[2025-01-15T10:50:51.376+0000] {processor.py:161} INFO - Started process (PID=1740) to work on /opt/airflow/dags/Data_Ingestions.py
[2025-01-15T10:50:51.381+0000] {processor.py:830} INFO - Processing file /opt/airflow/dags/Data_Ingestions.py for tasks to queue
[2025-01-15T10:50:51.387+0000] {logging_mixin.py:188} INFO - [2025-01-15T10:50:51.386+0000] {dagbag.py:545} INFO - Filling up the DagBag from /opt/airflow/dags/Data_Ingestions.py
[2025-01-15T10:50:51.470+0000] {processor.py:840} INFO - DAG(s) 'Data_Ingestions' retrieved from /opt/airflow/dags/Data_Ingestions.py
[2025-01-15T10:50:51.563+0000] {logging_mixin.py:188} INFO - [2025-01-15T10:50:51.563+0000] {dag.py:3096} INFO - Sync 1 DAGs
[2025-01-15T10:50:51.587+0000] {logging_mixin.py:188} INFO - [2025-01-15T10:50:51.586+0000] {dag.py:3954} INFO - Setting next_dagrun for Data_Ingestions to None, run_after=None
[2025-01-15T10:50:51.613+0000] {processor.py:183} INFO - Processing /opt/airflow/dags/Data_Ingestions.py took 0.264 seconds
[2025-01-15T10:51:21.977+0000] {processor.py:161} INFO - Started process (PID=1745) to work on /opt/airflow/dags/Data_Ingestions.py
[2025-01-15T10:51:21.978+0000] {processor.py:830} INFO - Processing file /opt/airflow/dags/Data_Ingestions.py for tasks to queue
[2025-01-15T10:51:21.981+0000] {logging_mixin.py:188} INFO - [2025-01-15T10:51:21.981+0000] {dagbag.py:545} INFO - Filling up the DagBag from /opt/airflow/dags/Data_Ingestions.py
[2025-01-15T10:51:22.010+0000] {processor.py:840} INFO - DAG(s) 'Data_Ingestions' retrieved from /opt/airflow/dags/Data_Ingestions.py
[2025-01-15T10:51:22.044+0000] {logging_mixin.py:188} INFO - [2025-01-15T10:51:22.044+0000] {dag.py:3096} INFO - Sync 1 DAGs
[2025-01-15T10:51:22.060+0000] {logging_mixin.py:188} INFO - [2025-01-15T10:51:22.060+0000] {dag.py:3954} INFO - Setting next_dagrun for Data_Ingestions to None, run_after=None
[2025-01-15T10:51:22.088+0000] {processor.py:183} INFO - Processing /opt/airflow/dags/Data_Ingestions.py took 0.119 seconds
[2025-01-15T10:51:52.450+0000] {processor.py:161} INFO - Started process (PID=1750) to work on /opt/airflow/dags/Data_Ingestions.py
[2025-01-15T10:51:52.454+0000] {processor.py:830} INFO - Processing file /opt/airflow/dags/Data_Ingestions.py for tasks to queue
[2025-01-15T10:51:52.462+0000] {logging_mixin.py:188} INFO - [2025-01-15T10:51:52.460+0000] {dagbag.py:545} INFO - Filling up the DagBag from /opt/airflow/dags/Data_Ingestions.py
[2025-01-15T10:51:52.547+0000] {processor.py:840} INFO - DAG(s) 'Data_Ingestions' retrieved from /opt/airflow/dags/Data_Ingestions.py
[2025-01-15T10:51:52.647+0000] {logging_mixin.py:188} INFO - [2025-01-15T10:51:52.646+0000] {dag.py:3096} INFO - Sync 1 DAGs
[2025-01-15T10:51:52.680+0000] {logging_mixin.py:188} INFO - [2025-01-15T10:51:52.680+0000] {dag.py:3954} INFO - Setting next_dagrun for Data_Ingestions to None, run_after=None
[2025-01-15T10:51:52.721+0000] {processor.py:183} INFO - Processing /opt/airflow/dags/Data_Ingestions.py took 0.294 seconds
[2025-01-15T10:52:22.940+0000] {processor.py:161} INFO - Started process (PID=1755) to work on /opt/airflow/dags/Data_Ingestions.py
[2025-01-15T10:52:22.944+0000] {processor.py:830} INFO - Processing file /opt/airflow/dags/Data_Ingestions.py for tasks to queue
[2025-01-15T10:52:22.951+0000] {logging_mixin.py:188} INFO - [2025-01-15T10:52:22.950+0000] {dagbag.py:545} INFO - Filling up the DagBag from /opt/airflow/dags/Data_Ingestions.py
[2025-01-15T10:52:23.033+0000] {processor.py:840} INFO - DAG(s) 'Data_Ingestions' retrieved from /opt/airflow/dags/Data_Ingestions.py
[2025-01-15T10:52:23.146+0000] {logging_mixin.py:188} INFO - [2025-01-15T10:52:23.145+0000] {dag.py:3096} INFO - Sync 1 DAGs
[2025-01-15T10:52:23.194+0000] {logging_mixin.py:188} INFO - [2025-01-15T10:52:23.193+0000] {dag.py:3954} INFO - Setting next_dagrun for Data_Ingestions to None, run_after=None
[2025-01-15T10:52:23.270+0000] {processor.py:183} INFO - Processing /opt/airflow/dags/Data_Ingestions.py took 0.357 seconds
[2025-01-15T10:52:53.717+0000] {processor.py:161} INFO - Started process (PID=1760) to work on /opt/airflow/dags/Data_Ingestions.py
[2025-01-15T10:52:53.721+0000] {processor.py:830} INFO - Processing file /opt/airflow/dags/Data_Ingestions.py for tasks to queue
[2025-01-15T10:52:53.728+0000] {logging_mixin.py:188} INFO - [2025-01-15T10:52:53.727+0000] {dagbag.py:545} INFO - Filling up the DagBag from /opt/airflow/dags/Data_Ingestions.py
[2025-01-15T10:52:53.815+0000] {processor.py:840} INFO - DAG(s) 'Data_Ingestions' retrieved from /opt/airflow/dags/Data_Ingestions.py
[2025-01-15T10:52:53.914+0000] {logging_mixin.py:188} INFO - [2025-01-15T10:52:53.913+0000] {dag.py:3096} INFO - Sync 1 DAGs
[2025-01-15T10:52:53.936+0000] {logging_mixin.py:188} INFO - [2025-01-15T10:52:53.936+0000] {dag.py:3954} INFO - Setting next_dagrun for Data_Ingestions to None, run_after=None
[2025-01-15T10:52:53.963+0000] {processor.py:183} INFO - Processing /opt/airflow/dags/Data_Ingestions.py took 0.274 seconds
[2025-01-15T10:53:24.057+0000] {processor.py:161} INFO - Started process (PID=1765) to work on /opt/airflow/dags/Data_Ingestions.py
[2025-01-15T10:53:24.059+0000] {processor.py:830} INFO - Processing file /opt/airflow/dags/Data_Ingestions.py for tasks to queue
[2025-01-15T10:53:24.061+0000] {logging_mixin.py:188} INFO - [2025-01-15T10:53:24.061+0000] {dagbag.py:545} INFO - Filling up the DagBag from /opt/airflow/dags/Data_Ingestions.py
[2025-01-15T10:53:24.086+0000] {processor.py:840} INFO - DAG(s) 'Data_Ingestions' retrieved from /opt/airflow/dags/Data_Ingestions.py
[2025-01-15T10:53:24.123+0000] {logging_mixin.py:188} INFO - [2025-01-15T10:53:24.123+0000] {dag.py:3096} INFO - Sync 1 DAGs
[2025-01-15T10:53:24.146+0000] {logging_mixin.py:188} INFO - [2025-01-15T10:53:24.146+0000] {dag.py:3954} INFO - Setting next_dagrun for Data_Ingestions to None, run_after=None
[2025-01-15T10:53:24.213+0000] {processor.py:183} INFO - Processing /opt/airflow/dags/Data_Ingestions.py took 0.164 seconds
[2025-01-15T10:53:54.551+0000] {processor.py:161} INFO - Started process (PID=1770) to work on /opt/airflow/dags/Data_Ingestions.py
[2025-01-15T10:53:54.556+0000] {processor.py:830} INFO - Processing file /opt/airflow/dags/Data_Ingestions.py for tasks to queue
[2025-01-15T10:53:54.565+0000] {logging_mixin.py:188} INFO - [2025-01-15T10:53:54.563+0000] {dagbag.py:545} INFO - Filling up the DagBag from /opt/airflow/dags/Data_Ingestions.py
[2025-01-15T10:53:54.665+0000] {processor.py:840} INFO - DAG(s) 'Data_Ingestions' retrieved from /opt/airflow/dags/Data_Ingestions.py
[2025-01-15T10:53:54.778+0000] {logging_mixin.py:188} INFO - [2025-01-15T10:53:54.777+0000] {dag.py:3096} INFO - Sync 1 DAGs
[2025-01-15T10:53:54.809+0000] {logging_mixin.py:188} INFO - [2025-01-15T10:53:54.809+0000] {dag.py:3954} INFO - Setting next_dagrun for Data_Ingestions to None, run_after=None
[2025-01-15T10:53:54.864+0000] {processor.py:183} INFO - Processing /opt/airflow/dags/Data_Ingestions.py took 0.341 seconds
[2025-01-15T10:54:25.253+0000] {processor.py:161} INFO - Started process (PID=1775) to work on /opt/airflow/dags/Data_Ingestions.py
[2025-01-15T10:54:25.258+0000] {processor.py:830} INFO - Processing file /opt/airflow/dags/Data_Ingestions.py for tasks to queue
[2025-01-15T10:54:25.267+0000] {logging_mixin.py:188} INFO - [2025-01-15T10:54:25.265+0000] {dagbag.py:545} INFO - Filling up the DagBag from /opt/airflow/dags/Data_Ingestions.py
[2025-01-15T10:54:25.368+0000] {processor.py:840} INFO - DAG(s) 'Data_Ingestions' retrieved from /opt/airflow/dags/Data_Ingestions.py
[2025-01-15T10:54:25.497+0000] {logging_mixin.py:188} INFO - [2025-01-15T10:54:25.496+0000] {dag.py:3096} INFO - Sync 1 DAGs
[2025-01-15T10:54:25.552+0000] {logging_mixin.py:188} INFO - [2025-01-15T10:54:25.551+0000] {dag.py:3954} INFO - Setting next_dagrun for Data_Ingestions to None, run_after=None
[2025-01-15T10:54:25.638+0000] {processor.py:183} INFO - Processing /opt/airflow/dags/Data_Ingestions.py took 0.418 seconds
[2025-01-15T10:54:56.147+0000] {processor.py:161} INFO - Started process (PID=1780) to work on /opt/airflow/dags/Data_Ingestions.py
[2025-01-15T10:54:56.151+0000] {processor.py:830} INFO - Processing file /opt/airflow/dags/Data_Ingestions.py for tasks to queue
[2025-01-15T10:54:56.159+0000] {logging_mixin.py:188} INFO - [2025-01-15T10:54:56.158+0000] {dagbag.py:545} INFO - Filling up the DagBag from /opt/airflow/dags/Data_Ingestions.py
[2025-01-15T10:54:56.248+0000] {processor.py:840} INFO - DAG(s) 'Data_Ingestions' retrieved from /opt/airflow/dags/Data_Ingestions.py
[2025-01-15T10:54:56.357+0000] {logging_mixin.py:188} INFO - [2025-01-15T10:54:56.356+0000] {dag.py:3096} INFO - Sync 1 DAGs
[2025-01-15T10:54:56.391+0000] {logging_mixin.py:188} INFO - [2025-01-15T10:54:56.391+0000] {dag.py:3954} INFO - Setting next_dagrun for Data_Ingestions to None, run_after=None
[2025-01-15T10:54:56.454+0000] {processor.py:183} INFO - Processing /opt/airflow/dags/Data_Ingestions.py took 0.333 seconds
