[2025-01-16T05:19:24.525+0000] {local_task_job_runner.py:120} INFO - ::group::Pre task execution logs
[2025-01-16T05:19:24.565+0000] {taskinstance.py:2076} INFO - Dependencies all met for dep_context=non-requeueable deps ti=<TaskInstance: ETL.extract_data manual__2025-01-16T05:19:19.856373+00:00 [queued]>
[2025-01-16T05:19:24.576+0000] {taskinstance.py:2076} INFO - Dependencies all met for dep_context=requeueable deps ti=<TaskInstance: ETL.extract_data manual__2025-01-16T05:19:19.856373+00:00 [queued]>
[2025-01-16T05:19:24.577+0000] {taskinstance.py:2306} INFO - Starting attempt 1 of 1
[2025-01-16T05:19:24.598+0000] {taskinstance.py:2330} INFO - Executing <Task(PythonOperator): extract_data> on 2025-01-16 05:19:19.856373+00:00
[2025-01-16T05:19:24.605+0000] {standard_task_runner.py:63} INFO - Started process 312 to run task
[2025-01-16T05:19:24.610+0000] {standard_task_runner.py:90} INFO - Running: ['airflow', 'tasks', 'run', 'ETL', 'extract_data', 'manual__2025-01-16T05:19:19.856373+00:00', '--job-id', '13', '--raw', '--subdir', 'DAGS_FOLDER/ETL.py', '--cfg-path', '/tmp/tmpjedbpqx9']
[2025-01-16T05:19:24.613+0000] {standard_task_runner.py:91} INFO - Job 13: Subtask extract_data
[2025-01-16T05:19:24.687+0000] {task_command.py:426} INFO - Running <TaskInstance: ETL.extract_data manual__2025-01-16T05:19:19.856373+00:00 [running]> on host airflow-scheduler
[2025-01-16T05:19:24.808+0000] {taskinstance.py:2648} INFO - Exporting env vars: AIRFLOW_CTX_DAG_OWNER='Ajied(WhatsApp), Ajied(Email)' AIRFLOW_CTX_DAG_ID='ETL' AIRFLOW_CTX_TASK_ID='extract_data' AIRFLOW_CTX_EXECUTION_DATE='2025-01-16T05:19:19.856373+00:00' AIRFLOW_CTX_TRY_NUMBER='1' AIRFLOW_CTX_DAG_RUN_ID='manual__2025-01-16T05:19:19.856373+00:00'
[2025-01-16T05:19:24.809+0000] {taskinstance.py:430} INFO - ::endgroup::
[2025-01-16T05:19:24.810+0000] {logging_mixin.py:188} INFO - Extracting data from PostgreSQL...
[2025-01-16T05:19:25.003+0000] {logging_mixin.py:188} INFO - Products Table:
[2025-01-16T05:19:25.005+0000] {logging_mixin.py:188} INFO - shape: (224, 5)
┌───────────────┬────────────────────┬───────────────────┬────────────────────┬────────────────────┐
│ product_id    ┆ product_name       ┆ category          ┆ manufacturer       ┆ base_price         │
│ ---           ┆ ---                ┆ ---               ┆ ---                ┆ ---                │
│ str           ┆ str                ┆ str               ┆ str                ┆ str                │
╞═══════════════╪════════════════════╪═══════════════════╪════════════════════╪════════════════════╡
│ PROD-a7e8c7dd ┆ Books Item 72      ┆ Books             ┆ EcoTech            ┆ 475.85             │
│ PROD-a9a7608e ┆ Sports & Outdoors  ┆ Sports & Outdoors ┆ GlobalBrands       ┆ hear               │
│               ┆ Item 467           ┆                   ┆                    ┆                    │
│ PROD-38e2b395 ┆ Home & Kitchen     ┆ Home & Kitchen    ┆ -683               ┆ 235.03             │
│               ┆ Item 100           ┆                   ┆                    ┆                    │
│ PROD-048762fb ┆ Home & Kitchen     ┆ Home & Kitchen    ┆ GlobalBrands_NOISE ┆ 20.09              │
│               ┆ Item 344           ┆                   ┆ _onto              ┆                    │
│ …             ┆ …                  ┆ …                 ┆ …                  ┆ …                  │
│ PROD-48bda8f6 ┆ 286                ┆ Books             ┆ TechGiant          ┆ 199.19             │
│ PROD-c2fc02b2 ┆ -969               ┆ Home & Kitchen    ┆ GlobalBrands       ┆ 487.1              │
│ null          ┆ Clothing           ┆ null              ┆ BookWorld          ┆ MISSING_DATA_e7eb8 │
│               ┆                    ┆                   ┆                    ┆ de6                │
│ PROD-9caba23d ┆ Electronics Item   ┆ Electronics       ┆ EcoTech            ┆ 181.11             │
│               ┆ 404                ┆                   ┆                    ┆                    │
└───────────────┴────────────────────┴───────────────────┴────────────────────┴────────────────────┘
[2025-01-16T05:19:25.006+0000] {logging_mixin.py:188} INFO - 
Transactions Table:
[2025-01-16T05:19:25.006+0000] {logging_mixin.py:188} INFO - shape: (12_610, 7)
┌────────────┬──────────────┬──────────────┬──────────────┬─────────────┬─────────────┬────────────┐
│ transactio ┆ customer_id  ┆ product_id   ┆ sale_date    ┆ quantity    ┆ total_price ┆ sales_chan │
│ n_id       ┆ ---          ┆ ---          ┆ ---          ┆ ---         ┆ ---         ┆ nel        │
│ ---        ┆ str          ┆ str          ┆ str          ┆ str         ┆ str         ┆ ---        │
│ str        ┆              ┆              ┆              ┆             ┆             ┆ str        │
╞════════════╪══════════════╪══════════════╪══════════════╪═════════════╪═════════════╪════════════╡
│ TRX-b9d300 ┆ CUST-13ec1c4 ┆ PROD-02362c2 ┆ 2023-08-24   ┆ 1.0         ┆ 179.08      ┆ Mobile App │
│ 3a         ┆ 9            ┆ 5            ┆              ┆             ┆             ┆            │
│ TRX-7626df ┆ CUST-2f44ce5 ┆ PROD-b2d98f9 ┆ 2023-04-22   ┆ 3.0         ┆ 573.39      ┆ In-Store   │
│ cb         ┆ 6            ┆ 9            ┆              ┆             ┆             ┆            │
│ TRX-ade9e0 ┆ CUST-99750f2 ┆ PROD-81dbf53 ┆ Police big   ┆ 1.0         ┆ 378.66      ┆ Online     │
│ f8         ┆ 9            ┆ 9            ┆ attack.      ┆             ┆             ┆            │
│ TRX-13bb1a ┆ CUST-41ce8dd ┆ PROD-874248c ┆ 2023-03-07   ┆ 3.0         ┆ 855.93      ┆ In-Store_N │
│ d9         ┆ e            ┆ a            ┆              ┆             ┆             ┆ OISE_suffe │
│            ┆              ┆              ┆              ┆             ┆             ┆ r          │
│ …          ┆ …            ┆ …            ┆ …            ┆ …           ┆ …           ┆ …          │
│ TRX-420136 ┆ CUST-0cc7532 ┆ PROD-2f1bd0f ┆ 2023-02-16   ┆ 4.0         ┆ 1769.96     ┆ In-Store   │
│ 18         ┆ a            ┆ 2            ┆              ┆             ┆             ┆            │
│ TRX-956465 ┆ CUST-47a5377 ┆ PROD-615c962 ┆ Across admit ┆ 1.0         ┆ 83.85       ┆ In-Store   │
│ 89         ┆ 9            ┆ a            ┆ poor.        ┆             ┆             ┆            │
│ TRX-f7123c ┆ CUST-788f646 ┆ PROD-711b7e1 ┆ 2023-12-27   ┆ 2.0_NOISE_a ┆ 570.06      ┆ Mobile App │
│ 4e         ┆ c            ┆ 7            ┆              ┆ ccount      ┆             ┆            │
│ TRX-3f2a07 ┆ CUST-5054e3a ┆ day          ┆ 2023-06-21   ┆ 3.0_NOISE_p ┆ 1096.8      ┆ In-Store   │
│ c5         ┆ 8            ┆              ┆              ┆ roduction   ┆             ┆            │
└────────────┴──────────────┴──────────────┴──────────────┴─────────────┴─────────────┴────────────┘
[2025-01-16T05:19:25.007+0000] {python.py:237} INFO - Done. Returned value was: None
[2025-01-16T05:19:25.009+0000] {taskinstance.py:441} INFO - ::group::Post task execution logs
[2025-01-16T05:19:25.020+0000] {taskinstance.py:1206} INFO - Marking task as SUCCESS. dag_id=ETL, task_id=extract_data, run_id=manual__2025-01-16T05:19:19.856373+00:00, execution_date=20250116T051919, start_date=20250116T051924, end_date=20250116T051925
[2025-01-16T05:19:25.065+0000] {local_task_job_runner.py:240} INFO - Task exited with return code 0
[2025-01-16T05:19:25.126+0000] {taskinstance.py:3503} INFO - 0 downstream tasks scheduled from follow-on schedule check
[2025-01-16T05:19:25.135+0000] {local_task_job_runner.py:222} INFO - ::endgroup::
