[2025-01-16T16:38:44.009+0000] {local_task_job_runner.py:120} INFO - ::group::Pre task execution logs
[2025-01-16T16:38:44.051+0000] {taskinstance.py:2076} INFO - Dependencies all met for dep_context=non-requeueable deps ti=<TaskInstance: ETL.transform_data manual__2025-01-16T16:38:26.563633+00:00 [queued]>
[2025-01-16T16:38:44.064+0000] {taskinstance.py:2076} INFO - Dependencies all met for dep_context=requeueable deps ti=<TaskInstance: ETL.transform_data manual__2025-01-16T16:38:26.563633+00:00 [queued]>
[2025-01-16T16:38:44.069+0000] {taskinstance.py:2306} INFO - Starting attempt 1 of 1
[2025-01-16T16:38:44.090+0000] {taskinstance.py:2330} INFO - Executing <Task(SparkSubmitOperator): transform_data> on 2025-01-16 16:38:26.563633+00:00
[2025-01-16T16:38:44.096+0000] {standard_task_runner.py:63} INFO - Started process 411 to run task
[2025-01-16T16:38:44.101+0000] {standard_task_runner.py:90} INFO - Running: ['airflow', 'tasks', 'run', 'ETL', 'transform_data', 'manual__2025-01-16T16:38:26.563633+00:00', '--job-id', '39', '--raw', '--subdir', 'DAGS_FOLDER/ETL.py', '--cfg-path', '/tmp/tmp0pvpa1jj']
[2025-01-16T16:38:44.105+0000] {standard_task_runner.py:91} INFO - Job 39: Subtask transform_data
[2025-01-16T16:38:44.175+0000] {task_command.py:426} INFO - Running <TaskInstance: ETL.transform_data manual__2025-01-16T16:38:26.563633+00:00 [running]> on host airflow-scheduler
[2025-01-16T16:38:44.314+0000] {taskinstance.py:2648} INFO - Exporting env vars: AIRFLOW_CTX_DAG_OWNER='Ajied(WhatsApp), Ajied(Email)' AIRFLOW_CTX_DAG_ID='ETL' AIRFLOW_CTX_TASK_ID='transform_data' AIRFLOW_CTX_EXECUTION_DATE='2025-01-16T16:38:26.563633+00:00' AIRFLOW_CTX_TRY_NUMBER='1' AIRFLOW_CTX_DAG_RUN_ID='manual__2025-01-16T16:38:26.563633+00:00'
[2025-01-16T16:38:44.315+0000] {taskinstance.py:430} INFO - ::endgroup::
[2025-01-16T16:38:44.328+0000] {base.py:84} INFO - Using connection ID 'spark_main' for task execution.
[2025-01-16T16:38:44.330+0000] {spark_submit.py:474} INFO - Spark-Submit cmd: spark-submit --master spark://spark-master:7077 --jars /spark-scripts/jars/jars_postgresql-42.2.20.jar --name arrow-spark /spark-scripts/resources/transform.py
[2025-01-16T16:38:46.304+0000] {spark_submit.py:641} INFO - 25/01/16 16:38:46 WARN NativeCodeLoader: Unable to load native-hadoop library for your platform... using builtin-java classes where applicable
[2025-01-16T16:38:47.761+0000] {spark_submit.py:641} INFO - 25/01/16 16:38:47 INFO SparkContext: Running Spark version 3.3.2
[2025-01-16T16:38:47.789+0000] {spark_submit.py:641} INFO - 25/01/16 16:38:47 INFO ResourceUtils: ==============================================================
[2025-01-16T16:38:47.790+0000] {spark_submit.py:641} INFO - 25/01/16 16:38:47 INFO ResourceUtils: No custom resources configured for spark.driver.
[2025-01-16T16:38:47.791+0000] {spark_submit.py:641} INFO - 25/01/16 16:38:47 INFO ResourceUtils: ==============================================================
[2025-01-16T16:38:47.791+0000] {spark_submit.py:641} INFO - 25/01/16 16:38:47 INFO SparkContext: Submitted application: Data Transform
[2025-01-16T16:38:47.811+0000] {spark_submit.py:641} INFO - 25/01/16 16:38:47 INFO ResourceProfile: Default ResourceProfile created, executor resources: Map(cores -> name: cores, amount: 1, script: , vendor: , memory -> name: memory, amount: 1024, script: , vendor: , offHeap -> name: offHeap, amount: 0, script: , vendor: ), task resources: Map(cpus -> name: cpus, amount: 1.0)
[2025-01-16T16:38:47.819+0000] {spark_submit.py:641} INFO - 25/01/16 16:38:47 INFO ResourceProfile: Limiting resource is cpu
[2025-01-16T16:38:47.820+0000] {spark_submit.py:641} INFO - 25/01/16 16:38:47 INFO ResourceProfileManager: Added ResourceProfile id: 0
[2025-01-16T16:38:47.866+0000] {spark_submit.py:641} INFO - 25/01/16 16:38:47 INFO SecurityManager: Changing view acls to: airflow
[2025-01-16T16:38:47.867+0000] {spark_submit.py:641} INFO - 25/01/16 16:38:47 INFO SecurityManager: Changing modify acls to: airflow
[2025-01-16T16:38:47.867+0000] {spark_submit.py:641} INFO - 25/01/16 16:38:47 INFO SecurityManager: Changing view acls groups to:
[2025-01-16T16:38:47.868+0000] {spark_submit.py:641} INFO - 25/01/16 16:38:47 INFO SecurityManager: Changing modify acls groups to:
[2025-01-16T16:38:47.868+0000] {spark_submit.py:641} INFO - 25/01/16 16:38:47 INFO SecurityManager: SecurityManager: authentication disabled; ui acls disabled; users  with view permissions: Set(airflow); groups with view permissions: Set(); users  with modify permissions: Set(airflow); groups with modify permissions: Set()
[2025-01-16T16:38:48.085+0000] {spark_submit.py:641} INFO - 25/01/16 16:38:48 INFO Utils: Successfully started service 'sparkDriver' on port 37729.
[2025-01-16T16:38:48.126+0000] {spark_submit.py:641} INFO - 25/01/16 16:38:48 INFO SparkEnv: Registering MapOutputTracker
[2025-01-16T16:38:48.173+0000] {spark_submit.py:641} INFO - 25/01/16 16:38:48 INFO SparkEnv: Registering BlockManagerMaster
[2025-01-16T16:38:48.195+0000] {spark_submit.py:641} INFO - 25/01/16 16:38:48 INFO BlockManagerMasterEndpoint: Using org.apache.spark.storage.DefaultTopologyMapper for getting topology information
[2025-01-16T16:38:48.196+0000] {spark_submit.py:641} INFO - 25/01/16 16:38:48 INFO BlockManagerMasterEndpoint: BlockManagerMasterEndpoint up
[2025-01-16T16:38:48.200+0000] {spark_submit.py:641} INFO - 25/01/16 16:38:48 INFO SparkEnv: Registering BlockManagerMasterHeartbeat
[2025-01-16T16:38:48.222+0000] {spark_submit.py:641} INFO - 25/01/16 16:38:48 INFO DiskBlockManager: Created local directory at /tmp/blockmgr-2c261dfd-e777-4308-8d7b-e145812e4910
[2025-01-16T16:38:48.240+0000] {spark_submit.py:641} INFO - 25/01/16 16:38:48 INFO MemoryStore: MemoryStore started with capacity 434.4 MiB
[2025-01-16T16:38:48.271+0000] {spark_submit.py:641} INFO - 25/01/16 16:38:48 INFO SparkEnv: Registering OutputCommitCoordinator
[2025-01-16T16:38:48.567+0000] {spark_submit.py:641} INFO - 25/01/16 16:38:48 INFO Utils: Successfully started service 'SparkUI' on port 4040.
[2025-01-16T16:38:48.631+0000] {spark_submit.py:641} INFO - 25/01/16 16:38:48 ERROR SparkContext: Failed to add /opt/bitnami/spark/jars/postgresql-42.2.18.jar to Spark environment
[2025-01-16T16:38:48.631+0000] {spark_submit.py:641} INFO - java.io.FileNotFoundException: Jar /opt/bitnami/spark/jars/postgresql-42.2.18.jar not found
[2025-01-16T16:38:48.632+0000] {spark_submit.py:641} INFO - at org.apache.spark.SparkContext.addLocalJarFile$1(SparkContext.scala:1959)
[2025-01-16T16:38:48.633+0000] {spark_submit.py:641} INFO - at org.apache.spark.SparkContext.addJar(SparkContext.scala:2014)
[2025-01-16T16:38:48.634+0000] {spark_submit.py:641} INFO - at org.apache.spark.SparkContext.$anonfun$new$12(SparkContext.scala:507)
[2025-01-16T16:38:48.634+0000] {spark_submit.py:641} INFO - at org.apache.spark.SparkContext.$anonfun$new$12$adapted(SparkContext.scala:507)
[2025-01-16T16:38:48.635+0000] {spark_submit.py:641} INFO - at scala.collection.mutable.ResizableArray.foreach(ResizableArray.scala:62)
[2025-01-16T16:38:48.635+0000] {spark_submit.py:641} INFO - at scala.collection.mutable.ResizableArray.foreach$(ResizableArray.scala:55)
[2025-01-16T16:38:48.636+0000] {spark_submit.py:641} INFO - at scala.collection.mutable.ArrayBuffer.foreach(ArrayBuffer.scala:49)
[2025-01-16T16:38:48.637+0000] {spark_submit.py:641} INFO - at org.apache.spark.SparkContext.<init>(SparkContext.scala:507)
[2025-01-16T16:38:48.638+0000] {spark_submit.py:641} INFO - at org.apache.spark.api.java.JavaSparkContext.<init>(JavaSparkContext.scala:58)
[2025-01-16T16:38:48.639+0000] {spark_submit.py:641} INFO - at java.base/jdk.internal.reflect.NativeConstructorAccessorImpl.newInstance0(Native Method)
[2025-01-16T16:38:48.639+0000] {spark_submit.py:641} INFO - at java.base/jdk.internal.reflect.NativeConstructorAccessorImpl.newInstance(NativeConstructorAccessorImpl.java:77)
[2025-01-16T16:38:48.640+0000] {spark_submit.py:641} INFO - at java.base/jdk.internal.reflect.DelegatingConstructorAccessorImpl.newInstance(DelegatingConstructorAccessorImpl.java:45)
[2025-01-16T16:38:48.641+0000] {spark_submit.py:641} INFO - at java.base/java.lang.reflect.Constructor.newInstanceWithCaller(Constructor.java:500)
[2025-01-16T16:38:48.642+0000] {spark_submit.py:641} INFO - at java.base/java.lang.reflect.Constructor.newInstance(Constructor.java:481)
[2025-01-16T16:38:48.642+0000] {spark_submit.py:641} INFO - at py4j.reflection.MethodInvoker.invoke(MethodInvoker.java:247)
[2025-01-16T16:38:48.643+0000] {spark_submit.py:641} INFO - at py4j.reflection.ReflectionEngine.invoke(ReflectionEngine.java:357)
[2025-01-16T16:38:48.644+0000] {spark_submit.py:641} INFO - at py4j.Gateway.invoke(Gateway.java:238)
[2025-01-16T16:38:48.645+0000] {spark_submit.py:641} INFO - at py4j.commands.ConstructorCommand.invokeConstructor(ConstructorCommand.java:80)
[2025-01-16T16:38:48.645+0000] {spark_submit.py:641} INFO - at py4j.commands.ConstructorCommand.execute(ConstructorCommand.java:69)
[2025-01-16T16:38:48.646+0000] {spark_submit.py:641} INFO - at py4j.ClientServerConnection.waitForCommands(ClientServerConnection.java:182)
[2025-01-16T16:38:48.647+0000] {spark_submit.py:641} INFO - at py4j.ClientServerConnection.run(ClientServerConnection.java:106)
[2025-01-16T16:38:48.647+0000] {spark_submit.py:641} INFO - at java.base/java.lang.Thread.run(Thread.java:840)
[2025-01-16T16:38:48.778+0000] {spark_submit.py:641} INFO - 25/01/16 16:38:48 INFO StandaloneAppClient$ClientEndpoint: Connecting to master spark://spark-master:7077...
[2025-01-16T16:38:48.853+0000] {spark_submit.py:641} INFO - 25/01/16 16:38:48 INFO TransportClientFactory: Successfully created connection to spark-master/172.18.0.5:7077 after 43 ms (0 ms spent in bootstraps)
[2025-01-16T16:38:48.993+0000] {spark_submit.py:641} INFO - 25/01/16 16:38:48 INFO StandaloneSchedulerBackend: Connected to Spark cluster with app ID app-20250116163848-0007
[2025-01-16T16:38:48.996+0000] {spark_submit.py:641} INFO - 25/01/16 16:38:48 INFO StandaloneAppClient$ClientEndpoint: Executor added: app-20250116163848-0007/0 on worker-20250116143101-172.18.0.6-38821 (172.18.0.6:38821) with 1 core(s)
[2025-01-16T16:38:49.001+0000] {spark_submit.py:641} INFO - 25/01/16 16:38:49 INFO StandaloneSchedulerBackend: Granted executor ID app-20250116163848-0007/0 on hostPort 172.18.0.6:38821 with 1 core(s), 1024.0 MiB RAM
[2025-01-16T16:38:49.006+0000] {spark_submit.py:641} INFO - 25/01/16 16:38:49 INFO Utils: Successfully started service 'org.apache.spark.network.netty.NettyBlockTransferService' on port 38047.
[2025-01-16T16:38:49.007+0000] {spark_submit.py:641} INFO - 25/01/16 16:38:49 INFO NettyBlockTransferService: Server created on airflow-scheduler:38047
[2025-01-16T16:38:49.010+0000] {spark_submit.py:641} INFO - 25/01/16 16:38:49 INFO BlockManager: Using org.apache.spark.storage.RandomBlockReplicationPolicy for block replication policy
[2025-01-16T16:38:49.023+0000] {spark_submit.py:641} INFO - 25/01/16 16:38:49 INFO BlockManagerMaster: Registering BlockManager BlockManagerId(driver, airflow-scheduler, 38047, None)
[2025-01-16T16:38:49.031+0000] {spark_submit.py:641} INFO - 25/01/16 16:38:49 INFO BlockManagerMasterEndpoint: Registering block manager airflow-scheduler:38047 with 434.4 MiB RAM, BlockManagerId(driver, airflow-scheduler, 38047, None)
[2025-01-16T16:38:49.036+0000] {spark_submit.py:641} INFO - 25/01/16 16:38:49 INFO BlockManagerMaster: Registered BlockManager BlockManagerId(driver, airflow-scheduler, 38047, None)
[2025-01-16T16:38:49.039+0000] {spark_submit.py:641} INFO - 25/01/16 16:38:49 INFO BlockManager: Initialized BlockManager: BlockManagerId(driver, airflow-scheduler, 38047, None)
[2025-01-16T16:38:49.136+0000] {spark_submit.py:641} INFO - 25/01/16 16:38:49 INFO StandaloneAppClient$ClientEndpoint: Executor updated: app-20250116163848-0007/0 is now RUNNING
[2025-01-16T16:38:49.426+0000] {spark_submit.py:641} INFO - 25/01/16 16:38:49 INFO StandaloneSchedulerBackend: SchedulerBackend is ready for scheduling beginning after reached minRegisteredResourcesRatio: 0.0
[2025-01-16T16:38:49.698+0000] {spark_submit.py:641} INFO - Extracting data from PostgreSQL (products)...
[2025-01-16T16:38:53.531+0000] {spark_submit.py:641} INFO - Extracting data from PostgreSQL (transactions)...
[2025-01-16T16:38:53.599+0000] {spark_submit.py:641} INFO - Transforming data...
[2025-01-16T16:38:58.583+0000] {spark_submit.py:641} INFO - +--------------------+--------------------+--------------------+--------------------+----------+------------------+
[2025-01-16T16:38:58.586+0000] {spark_submit.py:641} INFO - |          product_id|        product_name|            category|        manufacturer|base_price|  discounted_price|
[2025-01-16T16:38:58.587+0000] {spark_submit.py:641} INFO - +--------------------+--------------------+--------------------+--------------------+----------+------------------+
[2025-01-16T16:38:58.588+0000] {spark_submit.py:641} INFO - |       PROD-a7e8c7dd|       Books Item 72|               Books|             EcoTech|    475.85|428.26500000000004|
[2025-01-16T16:38:58.589+0000] {spark_submit.py:641} INFO - |       PROD-a9a7608e|Sports & Outdoors...|   Sports & Outdoors|        GlobalBrands|      null|              null|
[2025-01-16T16:38:58.590+0000] {spark_submit.py:641} INFO - |       PROD-38e2b395|Home & Kitchen It...|      Home & Kitchen|                -683|    235.03|211.52700000000002|
[2025-01-16T16:38:58.590+0000] {spark_submit.py:641} INFO - |       PROD-048762fb|Home & Kitchen It...|      Home & Kitchen|GlobalBrands_NOIS...|     20.09|            18.081|
[2025-01-16T16:38:58.591+0000] {spark_submit.py:641} INFO - |  Too often trouble.|      Books Item 192|               Books|        GlobalBrands|    469.89|           422.901|
[2025-01-16T16:38:58.592+0000] {spark_submit.py:641} INFO - |       PROD-1f031ffb|                -605|               Books|        FashionHouse|     99.87| 89.88300000000001|
[2025-01-16T16:38:58.593+0000] {spark_submit.py:641} INFO - |       PROD-83498373|Beauty & Personal...|Beauty & Personal...|           TechGiant|     13.46|            12.114|
[2025-01-16T16:38:58.594+0000] {spark_submit.py:641} INFO - |       PROD-ac904d51|                -193|      Home & Kitchen|        GlobalBrands|    309.81|           278.829|
[2025-01-16T16:38:58.595+0000] {spark_submit.py:641} INFO - |  PROD-69b00429_head|      Books Item 958|                Bo  |           SportsPro|    189.52|           170.568|
[2025-01-16T16:38:58.596+0000] {spark_submit.py:641} INFO - |       PROD-db9600bd|                null|Beauty & Personal...|         LuxuryGoods|      null|              null|
[2025-01-16T16:38:58.597+0000] {spark_submit.py:641} INFO - |       PROD-b8112728|Electronics Item 647|MISSING_DATA_66aa...|             EcoTech|      32.0|              28.8|
[2025-01-16T16:38:58.597+0000] {spark_submit.py:641} INFO - | PROD-75d4410d_child|Sports & Outdoors...|   Sports & Outdoors|        GlobalBrands|    230.74|207.66600000000003|
[2025-01-16T16:38:58.598+0000] {spark_submit.py:641} INFO - |       PROD-ef9b7568|Electronics Item 777|         Electronics|                -763|    483.16|434.84400000000005|
[2025-01-16T16:38:58.599+0000] {spark_submit.py:641} INFO - |       PROD-e5586dc8|    Clothing Item 92|            Clothing|        FashionHouse|     57.86|            52.074|
[2025-01-16T16:38:58.599+0000] {spark_submit.py:641} INFO - |       PROD-7b2cc2b9|MISSING_DATA_e625...|               Books|            Book    |      69.8|             62.82|
[2025-01-16T16:38:58.600+0000] {spark_submit.py:641} INFO - |        PROD-a      |Home & Kitchen It...|             service|        FashionHouse|    455.57|           410.013|
[2025-01-16T16:38:58.600+0000] {spark_submit.py:641} INFO - |PROD-cfa821be_report|      Books Item 566|               Books|           SportsPro|    162.74|           146.466|
[2025-01-16T16:38:58.601+0000] {spark_submit.py:641} INFO - | PROD-fc6f675d_argue|   Clothing Item 703|            Clothing|           BookWorld|    288.17|           259.353|
[2025-01-16T16:38:58.602+0000] {spark_submit.py:641} INFO - |       PROD-c1ca4f49|   Clothing Item 202|            Clothing|        GlobalBrands|    389.82|           350.838|
[2025-01-16T16:38:58.603+0000] {spark_submit.py:641} INFO - |       PROD-8ed7a88e|                  41|Beauty & Personal...|                null|    464.06|           417.654|
[2025-01-16T16:38:58.604+0000] {spark_submit.py:641} INFO - +--------------------+--------------------+--------------------+--------------------+----------+------------------+
[2025-01-16T16:38:58.605+0000] {spark_submit.py:641} INFO - only showing top 20 rows
[2025-01-16T16:38:58.605+0000] {spark_submit.py:641} INFO - 
[2025-01-16T16:38:59.023+0000] {spark_submit.py:641} INFO - +--------------------+--------------------+--------------------+--------------------+--------------------+--------------------+
[2025-01-16T16:38:59.024+0000] {spark_submit.py:641} INFO - |      transaction_id|         customer_id|          product_id|           sale_date|            quantity|       sales_channel|
[2025-01-16T16:38:59.025+0000] {spark_submit.py:641} INFO - +--------------------+--------------------+--------------------+--------------------+--------------------+--------------------+
[2025-01-16T16:38:59.026+0000] {spark_submit.py:641} INFO - |        TRX-ade9e0f8|       CUST-99750f29|       PROD-81dbf539|  Police big attack.|                 1.0|              Online|
[2025-01-16T16:38:59.026+0000] {spark_submit.py:641} INFO - |        TRX-c98dd6ed|       CUST-0a8f912b|       PROD-ebf8a1ae|   Similar move kid.|      4.0_NOISE_good|          Mobile App|
[2025-01-16T16:38:59.027+0000] {spark_submit.py:641} INFO - |        TRX-fadc8cb5|       CUST-e17bd378|                 bad|          2023-03-22|                 1.0|              Online|
[2025-01-16T16:38:59.028+0000] {spark_submit.py:641} INFO - |        TRX-671ea3ff| Hotel perhaps your.|       PROD-e6000f71|          2023-08-23|                 3.0|            In-Store|
[2025-01-16T16:38:59.029+0000] {spark_submit.py:641} INFO - |        TRX-343d3b22|       CUST-b827794d|       PROD-315cc0f9|                 847|                 3.0|            In-Store|
[2025-01-16T16:38:59.029+0000] {spark_submit.py:641} INFO - |        TRX-620aee5c|  Industry sing bag.|       PROD-162255cc|          2023-12-18|                 3.0|            In-Store|
[2025-01-16T16:38:59.030+0000] {spark_submit.py:641} INFO - |        TRX-1ecc091b|CUST-83bdc2d7_spring|       PROD-a7f3ebd9|          2023-04-02|                 2.0|              Online|
[2025-01-16T16:38:59.031+0000] {spark_submit.py:641} INFO - |        TRX-c9003cf9|  Institution me or.|       PROD-8e56bce7|                 337|                 1.0|              Online|
[2025-01-16T16:38:59.031+0000] {spark_submit.py:641} INFO - |        TRX-0f195e08|       CUST-2017c7fa|       PROD-93772a17|                -443|              2.0_no|              Online|
[2025-01-16T16:38:59.032+0000] {spark_submit.py:641} INFO - |        TRX-53887b19|       CUST-cb6ba2f1|       PROD-9d32883e|                 883|                 3.0|            In-Store|
[2025-01-16T16:38:59.033+0000] {spark_submit.py:641} INFO - |        TRX-3d      |        CUST-d      |                 bit|                -890|                 1.0|          Mobil     |
[2025-01-16T16:38:59.033+0000] {spark_submit.py:641} INFO - |        TRX-521553b8|  CUST-173b9698_step|       PROD-e5586dc8|          2023-01-28|                 3.0|Mobile App_NOISE_...|
[2025-01-16T16:38:59.034+0000] {spark_submit.py:641} INFO - |        TRX-dcca97a4|       CUST-cad6de2a|       PROD-a58ea094|    Run house place.|        2.0_consumer|Mobile App_NOISE_...|
[2025-01-16T16:38:59.035+0000] {spark_submit.py:641} INFO - |        TRX-026f8608|MISSING_DATA_a221...|MISSING_DATA_255e...|          2023-     |                null|MISSING_DATA_cc2e...|
[2025-01-16T16:38:59.035+0000] {spark_submit.py:641} INFO - |        TRX-333a1cdf|  CUST-ba02812f_word|       PROD-deb84f23|          2023-07-21|                 3.0|              Online|
[2025-01-16T16:38:59.036+0000] {spark_submit.py:641} INFO - |MISSING_DATA_a23a...|MISSING_DATA_c35f...|                null|          2023-     |MISSING_DATA_3a8b...|                  n |
[2025-01-16T16:38:59.037+0000] {spark_submit.py:641} INFO - |        TRX-625709a6|CUST-d66482aa_net...|       PROD-2aec3a49|          2023-07-17|           2.0_store|            In-Store|
[2025-01-16T16:38:59.037+0000] {spark_submit.py:641} INFO - |        TRX-c45654f1|       CUST-bafd1426|       PROD-93581264|                -909|                 1.0|  In-Store_NOISE_car|
[2025-01-16T16:38:59.038+0000] {spark_submit.py:641} INFO - |        TRX-1ed9e031|       CUST-047c908e|       PROD-48bda8f6|Likely scene reduce.|                 3.0|              Online|
[2025-01-16T16:38:59.038+0000] {spark_submit.py:641} INFO - |        TRX-c9bf11ea|       CUST-ecb94db5|        PROD-c      |          2023-01-04|MISSING_DATA_6965...|Mobile App_NOISE_...|
[2025-01-16T16:38:59.039+0000] {spark_submit.py:641} INFO - +--------------------+--------------------+--------------------+--------------------+--------------------+--------------------+
[2025-01-16T16:38:59.040+0000] {spark_submit.py:641} INFO - only showing top 20 rows
[2025-01-16T16:38:59.041+0000] {spark_submit.py:641} INFO - 
[2025-01-16T16:38:59.042+0000] {spark_submit.py:641} INFO - Saving transformed data products to PostgreSQL...
[2025-01-16T16:39:01.687+0000] {spark_submit.py:641} INFO - 
[2025-01-16T16:39:01.688+0000] {spark_submit.py:641} INFO - Saving transformed data products to PostgreSQL...
[2025-01-16T16:39:02.472+0000] {spark_submit.py:641} INFO - Transformed data saved successfully!
[2025-01-16T16:39:02.719+0000] {taskinstance.py:441} INFO - ::group::Post task execution logs
[2025-01-16T16:39:02.739+0000] {taskinstance.py:1206} INFO - Marking task as SUCCESS. dag_id=ETL, task_id=transform_data, run_id=manual__2025-01-16T16:38:26.563633+00:00, execution_date=20250116T163826, start_date=20250116T163844, end_date=20250116T163902
[2025-01-16T16:39:02.767+0000] {local_task_job_runner.py:240} INFO - Task exited with return code 0
[2025-01-16T16:39:02.797+0000] {taskinstance.py:3503} INFO - 0 downstream tasks scheduled from follow-on schedule check
[2025-01-16T16:39:02.800+0000] {local_task_job_runner.py:222} INFO - ::endgroup::
