[2025-01-15T10:31:40.968+0000] {local_task_job_runner.py:120} INFO - ::group::Pre task execution logs
[2025-01-15T10:31:41.015+0000] {taskinstance.py:2076} INFO - Dependencies all met for dep_context=non-requeueable deps ti=<TaskInstance: Data_Ingestions.spark_submit_task manual__2025-01-15T10:31:38.384237+00:00 [queued]>
[2025-01-15T10:31:41.027+0000] {taskinstance.py:2076} INFO - Dependencies all met for dep_context=requeueable deps ti=<TaskInstance: Data_Ingestions.spark_submit_task manual__2025-01-15T10:31:38.384237+00:00 [queued]>
[2025-01-15T10:31:41.028+0000] {taskinstance.py:2306} INFO - Starting attempt 1 of 1
[2025-01-15T10:31:41.048+0000] {taskinstance.py:2330} INFO - Executing <Task(SparkSubmitOperator): spark_submit_task> on 2025-01-15 10:31:38.384237+00:00
[2025-01-15T10:31:41.055+0000] {standard_task_runner.py:63} INFO - Started process 809 to run task
[2025-01-15T10:31:41.060+0000] {standard_task_runner.py:90} INFO - Running: ['airflow', 'tasks', 'run', 'Data_Ingestions', 'spark_submit_task', 'manual__2025-01-15T10:31:38.384237+00:00', '--job-id', '4', '--raw', '--subdir', 'DAGS_FOLDER/Data_Ingestions.py', '--cfg-path', '/tmp/tmppfbuvj4j']
[2025-01-15T10:31:41.063+0000] {standard_task_runner.py:91} INFO - Job 4: Subtask spark_submit_task
[2025-01-15T10:31:41.148+0000] {task_command.py:426} INFO - Running <TaskInstance: Data_Ingestions.spark_submit_task manual__2025-01-15T10:31:38.384237+00:00 [running]> on host airflow-scheduler
[2025-01-15T10:31:41.295+0000] {taskinstance.py:2648} INFO - Exporting env vars: AIRFLOW_CTX_DAG_OWNER='Ajied(WhatsApp), Ajied(Email)' AIRFLOW_CTX_DAG_ID='Data_Ingestions' AIRFLOW_CTX_TASK_ID='spark_submit_task' AIRFLOW_CTX_EXECUTION_DATE='2025-01-15T10:31:38.384237+00:00' AIRFLOW_CTX_TRY_NUMBER='1' AIRFLOW_CTX_DAG_RUN_ID='manual__2025-01-15T10:31:38.384237+00:00'
[2025-01-15T10:31:41.297+0000] {taskinstance.py:430} INFO - ::endgroup::
[2025-01-15T10:31:41.310+0000] {base.py:84} INFO - Using connection ID 'spark_main' for task execution.
[2025-01-15T10:31:41.311+0000] {spark_submit.py:474} INFO - Spark-Submit cmd: spark-submit --master spark://spark-master:7077 --jars /spark-scripts/jars/jars_postgresql-42.2.20.jar --name arrow-spark /spark-scripts/data_ingestion.py
[2025-01-15T10:31:43.724+0000] {spark_submit.py:641} INFO - 25/01/15 10:31:43 WARN NativeCodeLoader: Unable to load native-hadoop library for your platform... using builtin-java classes where applicable
[2025-01-15T10:31:45.266+0000] {spark_submit.py:641} INFO - 25/01/15 10:31:45 INFO SparkContext: Running Spark version 3.5.4
[2025-01-15T10:31:45.267+0000] {spark_submit.py:641} INFO - 25/01/15 10:31:45 INFO SparkContext: OS info Linux, 5.15.153.1-microsoft-standard-WSL2, amd64
[2025-01-15T10:31:45.268+0000] {spark_submit.py:641} INFO - 25/01/15 10:31:45 INFO SparkContext: Java version 17.0.13
[2025-01-15T10:31:45.305+0000] {spark_submit.py:641} INFO - 25/01/15 10:31:45 INFO ResourceUtils: ==============================================================
[2025-01-15T10:31:45.306+0000] {spark_submit.py:641} INFO - 25/01/15 10:31:45 INFO ResourceUtils: No custom resources configured for spark.driver.
[2025-01-15T10:31:45.306+0000] {spark_submit.py:641} INFO - 25/01/15 10:31:45 INFO ResourceUtils: ==============================================================
[2025-01-15T10:31:45.307+0000] {spark_submit.py:641} INFO - 25/01/15 10:31:45 INFO SparkContext: Submitted application: NTX
[2025-01-15T10:31:45.331+0000] {spark_submit.py:641} INFO - 25/01/15 10:31:45 INFO ResourceProfile: Default ResourceProfile created, executor resources: Map(memory -> name: memory, amount: 1024, script: , vendor: , offHeap -> name: offHeap, amount: 0, script: , vendor: ), task resources: Map(cpus -> name: cpus, amount: 1.0)
[2025-01-15T10:31:45.340+0000] {spark_submit.py:641} INFO - 25/01/15 10:31:45 INFO ResourceProfile: Limiting resource is cpu
[2025-01-15T10:31:45.341+0000] {spark_submit.py:641} INFO - 25/01/15 10:31:45 INFO ResourceProfileManager: Added ResourceProfile id: 0
[2025-01-15T10:31:45.389+0000] {spark_submit.py:641} INFO - 25/01/15 10:31:45 INFO SecurityManager: Changing view acls to: airflow
[2025-01-15T10:31:45.390+0000] {spark_submit.py:641} INFO - 25/01/15 10:31:45 INFO SecurityManager: Changing modify acls to: airflow
[2025-01-15T10:31:45.391+0000] {spark_submit.py:641} INFO - 25/01/15 10:31:45 INFO SecurityManager: Changing view acls groups to:
[2025-01-15T10:31:45.392+0000] {spark_submit.py:641} INFO - 25/01/15 10:31:45 INFO SecurityManager: Changing modify acls groups to:
[2025-01-15T10:31:45.392+0000] {spark_submit.py:641} INFO - 25/01/15 10:31:45 INFO SecurityManager: SecurityManager: authentication disabled; ui acls disabled; users with view permissions: airflow; groups with view permissions: EMPTY; users with modify permissions: airflow; groups with modify permissions: EMPTY
[2025-01-15T10:31:45.597+0000] {spark_submit.py:641} INFO - 25/01/15 10:31:45 INFO Utils: Successfully started service 'sparkDriver' on port 46219.
[2025-01-15T10:31:45.624+0000] {spark_submit.py:641} INFO - 25/01/15 10:31:45 INFO SparkEnv: Registering MapOutputTracker
[2025-01-15T10:31:45.657+0000] {spark_submit.py:641} INFO - 25/01/15 10:31:45 INFO SparkEnv: Registering BlockManagerMaster
[2025-01-15T10:31:45.672+0000] {spark_submit.py:641} INFO - 25/01/15 10:31:45 INFO BlockManagerMasterEndpoint: Using org.apache.spark.storage.DefaultTopologyMapper for getting topology information
[2025-01-15T10:31:45.673+0000] {spark_submit.py:641} INFO - 25/01/15 10:31:45 INFO BlockManagerMasterEndpoint: BlockManagerMasterEndpoint up
[2025-01-15T10:31:45.676+0000] {spark_submit.py:641} INFO - 25/01/15 10:31:45 INFO SparkEnv: Registering BlockManagerMasterHeartbeat
[2025-01-15T10:31:45.698+0000] {spark_submit.py:641} INFO - 25/01/15 10:31:45 INFO DiskBlockManager: Created local directory at /tmp/blockmgr-4ce60db2-a181-4ca7-b7ee-2405daadb852
[2025-01-15T10:31:45.721+0000] {spark_submit.py:641} INFO - 25/01/15 10:31:45 INFO MemoryStore: MemoryStore started with capacity 434.4 MiB
[2025-01-15T10:31:45.747+0000] {spark_submit.py:641} INFO - 25/01/15 10:31:45 INFO SparkEnv: Registering OutputCommitCoordinator
[2025-01-15T10:31:45.885+0000] {spark_submit.py:641} INFO - 25/01/15 10:31:45 INFO JettyUtils: Start Jetty 0.0.0.0:4040 for SparkUI
[2025-01-15T10:31:45.970+0000] {spark_submit.py:641} INFO - 25/01/15 10:31:45 INFO Utils: Successfully started service 'SparkUI' on port 4040.
[2025-01-15T10:31:46.013+0000] {spark_submit.py:641} INFO - 25/01/15 10:31:46 ERROR SparkContext: Failed to add /opt/bitnami/spark/jars/postgresql-42.2.18.jar to Spark environment
[2025-01-15T10:31:46.015+0000] {spark_submit.py:641} INFO - java.io.FileNotFoundException: Jar /opt/bitnami/spark/jars/postgresql-42.2.18.jar not found
[2025-01-15T10:31:46.015+0000] {spark_submit.py:641} INFO - at org.apache.spark.SparkContext.addLocalJarFile$1(SparkContext.scala:2095)
[2025-01-15T10:31:46.016+0000] {spark_submit.py:641} INFO - at org.apache.spark.SparkContext.addJar(SparkContext.scala:2151)
[2025-01-15T10:31:46.017+0000] {spark_submit.py:641} INFO - at org.apache.spark.SparkContext.$anonfun$new$15(SparkContext.scala:521)
[2025-01-15T10:31:46.017+0000] {spark_submit.py:641} INFO - at org.apache.spark.SparkContext.$anonfun$new$15$adapted(SparkContext.scala:521)
[2025-01-15T10:31:46.018+0000] {spark_submit.py:641} INFO - at scala.collection.mutable.ResizableArray.foreach(ResizableArray.scala:62)
[2025-01-15T10:31:46.019+0000] {spark_submit.py:641} INFO - at scala.collection.mutable.ResizableArray.foreach$(ResizableArray.scala:55)
[2025-01-15T10:31:46.020+0000] {spark_submit.py:641} INFO - at scala.collection.mutable.ArrayBuffer.foreach(ArrayBuffer.scala:49)
[2025-01-15T10:31:46.020+0000] {spark_submit.py:641} INFO - at org.apache.spark.SparkContext.<init>(SparkContext.scala:521)
[2025-01-15T10:31:46.021+0000] {spark_submit.py:641} INFO - at org.apache.spark.api.java.JavaSparkContext.<init>(JavaSparkContext.scala:58)
[2025-01-15T10:31:46.022+0000] {spark_submit.py:641} INFO - at java.base/jdk.internal.reflect.NativeConstructorAccessorImpl.newInstance0(Native Method)
[2025-01-15T10:31:46.022+0000] {spark_submit.py:641} INFO - at java.base/jdk.internal.reflect.NativeConstructorAccessorImpl.newInstance(NativeConstructorAccessorImpl.java:77)
[2025-01-15T10:31:46.023+0000] {spark_submit.py:641} INFO - at java.base/jdk.internal.reflect.DelegatingConstructorAccessorImpl.newInstance(DelegatingConstructorAccessorImpl.java:45)
[2025-01-15T10:31:46.024+0000] {spark_submit.py:641} INFO - at java.base/java.lang.reflect.Constructor.newInstanceWithCaller(Constructor.java:500)
[2025-01-15T10:31:46.024+0000] {spark_submit.py:641} INFO - at java.base/java.lang.reflect.Constructor.newInstance(Constructor.java:481)
[2025-01-15T10:31:46.025+0000] {spark_submit.py:641} INFO - at py4j.reflection.MethodInvoker.invoke(MethodInvoker.java:247)
[2025-01-15T10:31:46.025+0000] {spark_submit.py:641} INFO - at py4j.reflection.ReflectionEngine.invoke(ReflectionEngine.java:374)
[2025-01-15T10:31:46.026+0000] {spark_submit.py:641} INFO - at py4j.Gateway.invoke(Gateway.java:238)
[2025-01-15T10:31:46.027+0000] {spark_submit.py:641} INFO - at py4j.commands.ConstructorCommand.invokeConstructor(ConstructorCommand.java:80)
[2025-01-15T10:31:46.027+0000] {spark_submit.py:641} INFO - at py4j.commands.ConstructorCommand.execute(ConstructorCommand.java:69)
[2025-01-15T10:31:46.028+0000] {spark_submit.py:641} INFO - at py4j.ClientServerConnection.waitForCommands(ClientServerConnection.java:182)
[2025-01-15T10:31:46.028+0000] {spark_submit.py:641} INFO - at py4j.ClientServerConnection.run(ClientServerConnection.java:106)
[2025-01-15T10:31:46.029+0000] {spark_submit.py:641} INFO - at java.base/java.lang.Thread.run(Thread.java:840)
[2025-01-15T10:31:46.104+0000] {spark_submit.py:641} INFO - 25/01/15 10:31:46 INFO StandaloneAppClient$ClientEndpoint: Connecting to master spark://spark-master:7077...
[2025-01-15T10:31:46.157+0000] {spark_submit.py:641} INFO - 25/01/15 10:31:46 INFO TransportClientFactory: Successfully created connection to spark-master/172.18.0.2:7077 after 30 ms (0 ms spent in bootstraps)
[2025-01-15T10:32:06.107+0000] {spark_submit.py:641} INFO - 25/01/15 10:32:06 INFO StandaloneAppClient$ClientEndpoint: Connecting to master spark://spark-master:7077...
[2025-01-15T10:32:26.107+0000] {spark_submit.py:641} INFO - 25/01/15 10:32:26 INFO StandaloneAppClient$ClientEndpoint: Connecting to master spark://spark-master:7077...
[2025-01-15T10:32:46.110+0000] {spark_submit.py:641} INFO - 25/01/15 10:32:46 WARN StandaloneSchedulerBackend: Application ID is not initialized yet.
[2025-01-15T10:32:46.112+0000] {spark_submit.py:641} INFO - 25/01/15 10:32:46 ERROR StandaloneSchedulerBackend: Application has been killed. Reason: All masters are unresponsive! Giving up.
[2025-01-15T10:32:46.135+0000] {spark_submit.py:641} INFO - 25/01/15 10:32:46 INFO Utils: Successfully started service 'org.apache.spark.network.netty.NettyBlockTransferService' on port 36231.
[2025-01-15T10:32:46.136+0000] {spark_submit.py:641} INFO - 25/01/15 10:32:46 INFO NettyBlockTransferService: Server created on airflow-scheduler:36231
[2025-01-15T10:32:46.141+0000] {spark_submit.py:641} INFO - 25/01/15 10:32:46 INFO BlockManager: Using org.apache.spark.storage.RandomBlockReplicationPolicy for block replication policy
[2025-01-15T10:32:46.159+0000] {spark_submit.py:641} INFO - 25/01/15 10:32:46 INFO BlockManagerMaster: Registering BlockManager BlockManagerId(driver, airflow-scheduler, 36231, None)
[2025-01-15T10:32:46.169+0000] {spark_submit.py:641} INFO - 25/01/15 10:32:46 INFO BlockManagerMasterEndpoint: Registering block manager airflow-scheduler:36231 with 434.4 MiB RAM, BlockManagerId(driver, airflow-scheduler, 36231, None)
[2025-01-15T10:32:46.175+0000] {spark_submit.py:641} INFO - 25/01/15 10:32:46 INFO BlockManagerMaster: Registered BlockManager BlockManagerId(driver, airflow-scheduler, 36231, None)
[2025-01-15T10:32:46.180+0000] {spark_submit.py:641} INFO - 25/01/15 10:32:46 INFO BlockManager: Initialized BlockManager: BlockManagerId(driver, airflow-scheduler, 36231, None)
[2025-01-15T10:32:46.406+0000] {spark_submit.py:641} INFO - 25/01/15 10:32:46 INFO StandaloneSchedulerBackend: SchedulerBackend is ready for scheduling beginning after reached minRegisteredResourcesRatio: 0.0
[2025-01-15T10:32:46.696+0000] {spark_submit.py:641} INFO - 25/01/15 10:32:46 WARN StandaloneAppClient$ClientEndpoint: Drop UnregisterApplication(null) because has not yet connected to master
[2025-01-15T10:32:49.590+0000] {spark_submit.py:641} INFO - Traceback (most recent call last):
[2025-01-15T10:32:49.591+0000] {spark_submit.py:641} INFO - File "/spark-scripts/data_ingestion.py", line 66, in <module>
[2025-01-15T10:32:49.594+0000] {spark_submit.py:641} INFO - products_dataset
[2025-01-15T10:32:49.595+0000] {spark_submit.py:641} INFO - File "/home/airflow/.local/lib/python3.10/site-packages/pyspark/python/lib/pyspark.zip/pyspark/sql/readwriter.py", line 1984, in jdbc
[2025-01-15T10:32:49.596+0000] {spark_submit.py:641} INFO - File "/home/airflow/.local/lib/python3.10/site-packages/pyspark/python/lib/py4j-0.10.9.7-src.zip/py4j/java_gateway.py", line 1322, in __call__
[2025-01-15T10:32:49.596+0000] {spark_submit.py:641} INFO - File "/home/airflow/.local/lib/python3.10/site-packages/pyspark/python/lib/pyspark.zip/pyspark/errors/exceptions/captured.py", line 179, in deco
[2025-01-15T10:32:49.597+0000] {spark_submit.py:641} INFO - File "/home/airflow/.local/lib/python3.10/site-packages/pyspark/python/lib/py4j-0.10.9.7-src.zip/py4j/protocol.py", line 326, in get_return_value
[2025-01-15T10:32:49.597+0000] {spark_submit.py:641} INFO - py4j.protocol.Py4JJavaError: An error occurred while calling o53.jdbc.
[2025-01-15T10:32:49.598+0000] {spark_submit.py:641} INFO - : org.postgresql.util.PSQLException: FATAL: database "None" does not exist
[2025-01-15T10:32:49.599+0000] {spark_submit.py:641} INFO - at org.postgresql.core.v3.QueryExecutorImpl.receiveErrorResponse(QueryExecutorImpl.java:2553)
[2025-01-15T10:32:49.599+0000] {spark_submit.py:641} INFO - at org.postgresql.core.v3.QueryExecutorImpl.readStartupMessages(QueryExecutorImpl.java:2665)
[2025-01-15T10:32:49.600+0000] {spark_submit.py:641} INFO - at org.postgresql.core.v3.QueryExecutorImpl.<init>(QueryExecutorImpl.java:147)
[2025-01-15T10:32:49.601+0000] {spark_submit.py:641} INFO - at org.postgresql.core.v3.ConnectionFactoryImpl.openConnectionImpl(ConnectionFactoryImpl.java:273)
[2025-01-15T10:32:49.601+0000] {spark_submit.py:641} INFO - at org.postgresql.core.ConnectionFactory.openConnection(ConnectionFactory.java:51)
[2025-01-15T10:32:49.602+0000] {spark_submit.py:641} INFO - at org.postgresql.jdbc.PgConnection.<init>(PgConnection.java:223)
[2025-01-15T10:32:49.602+0000] {spark_submit.py:641} INFO - at org.postgresql.Driver.makeConnection(Driver.java:465)
[2025-01-15T10:32:49.603+0000] {spark_submit.py:641} INFO - at org.postgresql.Driver.connect(Driver.java:264)
[2025-01-15T10:32:49.603+0000] {spark_submit.py:641} INFO - at org.apache.spark.sql.execution.datasources.jdbc.connection.BasicConnectionProvider.getConnection(BasicConnectionProvider.scala:49)
[2025-01-15T10:32:49.604+0000] {spark_submit.py:641} INFO - at org.apache.spark.sql.execution.datasources.jdbc.connection.ConnectionProviderBase.create(ConnectionProvider.scala:102)
[2025-01-15T10:32:49.604+0000] {spark_submit.py:641} INFO - at org.apache.spark.sql.jdbc.JdbcDialect.$anonfun$createConnectionFactory$1(JdbcDialects.scala:161)
[2025-01-15T10:32:49.605+0000] {spark_submit.py:641} INFO - at org.apache.spark.sql.jdbc.JdbcDialect.$anonfun$createConnectionFactory$1$adapted(JdbcDialects.scala:157)
[2025-01-15T10:32:49.605+0000] {spark_submit.py:641} INFO - at org.apache.spark.sql.execution.datasources.jdbc.JdbcRelationProvider.createRelation(JdbcRelationProvider.scala:50)
[2025-01-15T10:32:49.606+0000] {spark_submit.py:641} INFO - at org.apache.spark.sql.execution.datasources.SaveIntoDataSourceCommand.run(SaveIntoDataSourceCommand.scala:48)
[2025-01-15T10:32:49.606+0000] {spark_submit.py:641} INFO - at org.apache.spark.sql.execution.command.ExecutedCommandExec.sideEffectResult$lzycompute(commands.scala:75)
[2025-01-15T10:32:49.607+0000] {spark_submit.py:641} INFO - at org.apache.spark.sql.execution.command.ExecutedCommandExec.sideEffectResult(commands.scala:73)
[2025-01-15T10:32:49.607+0000] {spark_submit.py:641} INFO - at org.apache.spark.sql.execution.command.ExecutedCommandExec.executeCollect(commands.scala:84)
[2025-01-15T10:32:49.608+0000] {spark_submit.py:641} INFO - at org.apache.spark.sql.execution.QueryExecution$$anonfun$eagerlyExecuteCommands$1.$anonfun$applyOrElse$1(QueryExecution.scala:107)
[2025-01-15T10:32:49.608+0000] {spark_submit.py:641} INFO - at org.apache.spark.sql.execution.SQLExecution$.$anonfun$withNewExecutionId$6(SQLExecution.scala:125)
[2025-01-15T10:32:49.609+0000] {spark_submit.py:641} INFO - at org.apache.spark.sql.execution.SQLExecution$.withSQLConfPropagated(SQLExecution.scala:201)
[2025-01-15T10:32:49.609+0000] {spark_submit.py:641} INFO - at org.apache.spark.sql.execution.SQLExecution$.$anonfun$withNewExecutionId$1(SQLExecution.scala:108)
[2025-01-15T10:32:49.610+0000] {spark_submit.py:641} INFO - at org.apache.spark.sql.SparkSession.withActive(SparkSession.scala:900)
[2025-01-15T10:32:49.610+0000] {spark_submit.py:641} INFO - at org.apache.spark.sql.execution.SQLExecution$.withNewExecutionId(SQLExecution.scala:66)
[2025-01-15T10:32:49.610+0000] {spark_submit.py:641} INFO - at org.apache.spark.sql.execution.QueryExecution$$anonfun$eagerlyExecuteCommands$1.applyOrElse(QueryExecution.scala:107)
[2025-01-15T10:32:49.611+0000] {spark_submit.py:641} INFO - at org.apache.spark.sql.execution.QueryExecution$$anonfun$eagerlyExecuteCommands$1.applyOrElse(QueryExecution.scala:98)
[2025-01-15T10:32:49.611+0000] {spark_submit.py:641} INFO - at org.apache.spark.sql.catalyst.trees.TreeNode.$anonfun$transformDownWithPruning$1(TreeNode.scala:461)
[2025-01-15T10:32:49.612+0000] {spark_submit.py:641} INFO - at org.apache.spark.sql.catalyst.trees.CurrentOrigin$.withOrigin(origin.scala:76)
[2025-01-15T10:32:49.612+0000] {spark_submit.py:641} INFO - at org.apache.spark.sql.catalyst.trees.TreeNode.transformDownWithPruning(TreeNode.scala:461)
[2025-01-15T10:32:49.613+0000] {spark_submit.py:641} INFO - at org.apache.spark.sql.catalyst.plans.logical.LogicalPlan.org$apache$spark$sql$catalyst$plans$logical$AnalysisHelper$$super$transformDownWithPruning(LogicalPlan.scala:32)
[2025-01-15T10:32:49.613+0000] {spark_submit.py:641} INFO - at org.apache.spark.sql.catalyst.plans.logical.AnalysisHelper.transformDownWithPruning(AnalysisHelper.scala:267)
[2025-01-15T10:32:49.614+0000] {spark_submit.py:641} INFO - at org.apache.spark.sql.catalyst.plans.logical.AnalysisHelper.transformDownWithPruning$(AnalysisHelper.scala:263)
[2025-01-15T10:32:49.614+0000] {spark_submit.py:641} INFO - at org.apache.spark.sql.catalyst.plans.logical.LogicalPlan.transformDownWithPruning(LogicalPlan.scala:32)
[2025-01-15T10:32:49.615+0000] {spark_submit.py:641} INFO - at org.apache.spark.sql.catalyst.plans.logical.LogicalPlan.transformDownWithPruning(LogicalPlan.scala:32)
[2025-01-15T10:32:49.615+0000] {spark_submit.py:641} INFO - at org.apache.spark.sql.catalyst.trees.TreeNode.transformDown(TreeNode.scala:437)
[2025-01-15T10:32:49.616+0000] {spark_submit.py:641} INFO - at org.apache.spark.sql.execution.QueryExecution.eagerlyExecuteCommands(QueryExecution.scala:98)
[2025-01-15T10:32:49.616+0000] {spark_submit.py:641} INFO - at org.apache.spark.sql.execution.QueryExecution.commandExecuted$lzycompute(QueryExecution.scala:85)
[2025-01-15T10:32:49.617+0000] {spark_submit.py:641} INFO - at org.apache.spark.sql.execution.QueryExecution.commandExecuted(QueryExecution.scala:83)
[2025-01-15T10:32:49.617+0000] {spark_submit.py:641} INFO - at org.apache.spark.sql.execution.QueryExecution.assertCommandExecuted(QueryExecution.scala:142)
[2025-01-15T10:32:49.618+0000] {spark_submit.py:641} INFO - at org.apache.spark.sql.DataFrameWriter.runCommand(DataFrameWriter.scala:869)
[2025-01-15T10:32:49.618+0000] {spark_submit.py:641} INFO - at org.apache.spark.sql.DataFrameWriter.saveToV1Source(DataFrameWriter.scala:391)
[2025-01-15T10:32:49.619+0000] {spark_submit.py:641} INFO - at org.apache.spark.sql.DataFrameWriter.saveInternal(DataFrameWriter.scala:364)
[2025-01-15T10:32:49.619+0000] {spark_submit.py:641} INFO - at org.apache.spark.sql.DataFrameWriter.save(DataFrameWriter.scala:251)
[2025-01-15T10:32:49.620+0000] {spark_submit.py:641} INFO - at org.apache.spark.sql.DataFrameWriter.jdbc(DataFrameWriter.scala:766)
[2025-01-15T10:32:49.621+0000] {spark_submit.py:641} INFO - at java.base/jdk.internal.reflect.NativeMethodAccessorImpl.invoke0(Native Method)
[2025-01-15T10:32:49.621+0000] {spark_submit.py:641} INFO - at java.base/jdk.internal.reflect.NativeMethodAccessorImpl.invoke(NativeMethodAccessorImpl.java:77)
[2025-01-15T10:32:49.622+0000] {spark_submit.py:641} INFO - at java.base/jdk.internal.reflect.DelegatingMethodAccessorImpl.invoke(DelegatingMethodAccessorImpl.java:43)
[2025-01-15T10:32:49.622+0000] {spark_submit.py:641} INFO - at java.base/java.lang.reflect.Method.invoke(Method.java:569)
[2025-01-15T10:32:49.622+0000] {spark_submit.py:641} INFO - at py4j.reflection.MethodInvoker.invoke(MethodInvoker.java:244)
[2025-01-15T10:32:49.623+0000] {spark_submit.py:641} INFO - at py4j.reflection.ReflectionEngine.invoke(ReflectionEngine.java:374)
[2025-01-15T10:32:49.624+0000] {spark_submit.py:641} INFO - at py4j.Gateway.invoke(Gateway.java:282)
[2025-01-15T10:32:49.624+0000] {spark_submit.py:641} INFO - at py4j.commands.AbstractCommand.invokeMethod(AbstractCommand.java:132)
[2025-01-15T10:32:49.624+0000] {spark_submit.py:641} INFO - at py4j.commands.CallCommand.execute(CallCommand.java:79)
[2025-01-15T10:32:49.625+0000] {spark_submit.py:641} INFO - at py4j.ClientServerConnection.waitForCommands(ClientServerConnection.java:182)
[2025-01-15T10:32:49.625+0000] {spark_submit.py:641} INFO - at py4j.ClientServerConnection.run(ClientServerConnection.java:106)
[2025-01-15T10:32:49.626+0000] {spark_submit.py:641} INFO - at java.base/java.lang.Thread.run(Thread.java:840)
[2025-01-15T10:32:49.626+0000] {spark_submit.py:641} INFO - 
[2025-01-15T10:32:49.702+0000] {taskinstance.py:441} INFO - ::group::Post task execution logs
[2025-01-15T10:32:49.718+0000] {taskinstance.py:2905} ERROR - Task failed with exception
Traceback (most recent call last):
  File "/home/airflow/.local/lib/python3.10/site-packages/airflow/models/taskinstance.py", line 465, in _execute_task
    result = _execute_callable(context=context, **execute_callable_kwargs)
  File "/home/airflow/.local/lib/python3.10/site-packages/airflow/models/taskinstance.py", line 432, in _execute_callable
    return execute_callable(context=context, **execute_callable_kwargs)
  File "/home/airflow/.local/lib/python3.10/site-packages/airflow/models/baseoperator.py", line 401, in wrapper
    return func(self, *args, **kwargs)
  File "/home/airflow/.local/lib/python3.10/site-packages/airflow/providers/apache/spark/operators/spark_submit.py", line 177, in execute
    self._hook.submit(self.application)
  File "/home/airflow/.local/lib/python3.10/site-packages/airflow/providers/apache/spark/hooks/spark_submit.py", line 567, in submit
    raise AirflowException(
airflow.exceptions.AirflowException: Cannot execute: spark-submit --master spark://spark-master:7077 --jars /spark-scripts/jars/jars_postgresql-42.2.20.jar --name arrow-spark /spark-scripts/data_ingestion.py. Error code is: 1.
[2025-01-15T10:32:49.725+0000] {taskinstance.py:1206} INFO - Marking task as FAILED. dag_id=Data_Ingestions, task_id=spark_submit_task, run_id=manual__2025-01-15T10:31:38.384237+00:00, execution_date=20250115T103138, start_date=20250115T103141, end_date=20250115T103249
[2025-01-15T10:32:49.763+0000] {standard_task_runner.py:110} ERROR - Failed to execute job 4 for task spark_submit_task (Cannot execute: spark-submit --master spark://spark-master:7077 --jars /spark-scripts/jars/jars_postgresql-42.2.20.jar --name arrow-spark /spark-scripts/data_ingestion.py. Error code is: 1.; 809)
[2025-01-15T10:32:49.802+0000] {local_task_job_runner.py:240} INFO - Task exited with return code 1
[2025-01-15T10:32:49.885+0000] {taskinstance.py:3503} INFO - 0 downstream tasks scheduled from follow-on schedule check
[2025-01-15T10:32:49.911+0000] {local_task_job_runner.py:222} INFO - ::endgroup::
