[2025-01-15T15:44:01.373+0000] {local_task_job_runner.py:120} INFO - ::group::Pre task execution logs
[2025-01-15T15:44:01.750+0000] {taskinstance.py:2076} INFO - Dependencies all met for dep_context=non-requeueable deps ti=<TaskInstance: Data_Ingestions_produts.spark_submit_task manual__2025-01-15T15:43:58.262789+00:00 [queued]>
[2025-01-15T15:44:01.800+0000] {taskinstance.py:2076} INFO - Dependencies all met for dep_context=requeueable deps ti=<TaskInstance: Data_Ingestions_produts.spark_submit_task manual__2025-01-15T15:43:58.262789+00:00 [queued]>
[2025-01-15T15:44:01.803+0000] {taskinstance.py:2306} INFO - Starting attempt 1 of 1
[2025-01-15T15:44:01.869+0000] {taskinstance.py:2330} INFO - Executing <Task(SparkSubmitOperator): spark_submit_task> on 2025-01-15 15:43:58.262789+00:00
[2025-01-15T15:44:01.889+0000] {standard_task_runner.py:63} INFO - Started process 215 to run task
[2025-01-15T15:44:01.921+0000] {standard_task_runner.py:90} INFO - Running: ['airflow', 'tasks', 'run', 'Data_Ingestions_produts', 'spark_submit_task', 'manual__2025-01-15T15:43:58.262789+00:00', '--job-id', '6', '--raw', '--subdir', 'DAGS_FOLDER/Data_Ingestions_produts.py', '--cfg-path', '/tmp/tmph605c96i']
[2025-01-15T15:44:01.947+0000] {standard_task_runner.py:91} INFO - Job 6: Subtask spark_submit_task
[2025-01-15T15:44:02.123+0000] {task_command.py:426} INFO - Running <TaskInstance: Data_Ingestions_produts.spark_submit_task manual__2025-01-15T15:43:58.262789+00:00 [running]> on host airflow-scheduler
[2025-01-15T15:44:02.303+0000] {taskinstance.py:2648} INFO - Exporting env vars: AIRFLOW_CTX_DAG_OWNER='Ajied(WhatsApp), Ajied(Email)' AIRFLOW_CTX_DAG_ID='Data_Ingestions_produts' AIRFLOW_CTX_TASK_ID='spark_submit_task' AIRFLOW_CTX_EXECUTION_DATE='2025-01-15T15:43:58.262789+00:00' AIRFLOW_CTX_TRY_NUMBER='1' AIRFLOW_CTX_DAG_RUN_ID='manual__2025-01-15T15:43:58.262789+00:00'
[2025-01-15T15:44:02.304+0000] {taskinstance.py:430} INFO - ::endgroup::
[2025-01-15T15:44:02.323+0000] {base.py:84} INFO - Using connection ID 'spark_main' for task execution.
[2025-01-15T15:44:02.324+0000] {spark_submit.py:474} INFO - Spark-Submit cmd: spark-submit --master spark://spark-master:7077 --jars /spark-scripts/jars/jars_postgresql-42.2.20.jar --name arrow-spark /spark-scripts/data_ingestion_products.py
[2025-01-15T15:44:06.483+0000] {spark_submit.py:641} INFO - 25/01/15 15:44:06 WARN NativeCodeLoader: Unable to load native-hadoop library for your platform... using builtin-java classes where applicable
[2025-01-15T15:44:08.531+0000] {spark_submit.py:641} INFO - 25/01/15 15:44:08 INFO SparkContext: Running Spark version 3.5.4
[2025-01-15T15:44:08.532+0000] {spark_submit.py:641} INFO - 25/01/15 15:44:08 INFO SparkContext: OS info Linux, 5.15.153.1-microsoft-standard-WSL2, amd64
[2025-01-15T15:44:08.533+0000] {spark_submit.py:641} INFO - 25/01/15 15:44:08 INFO SparkContext: Java version 17.0.13
[2025-01-15T15:44:08.567+0000] {spark_submit.py:641} INFO - 25/01/15 15:44:08 INFO ResourceUtils: ==============================================================
[2025-01-15T15:44:08.568+0000] {spark_submit.py:641} INFO - 25/01/15 15:44:08 INFO ResourceUtils: No custom resources configured for spark.driver.
[2025-01-15T15:44:08.569+0000] {spark_submit.py:641} INFO - 25/01/15 15:44:08 INFO ResourceUtils: ==============================================================
[2025-01-15T15:44:08.569+0000] {spark_submit.py:641} INFO - 25/01/15 15:44:08 INFO SparkContext: Submitted application: Data Ingestion
[2025-01-15T15:44:08.598+0000] {spark_submit.py:641} INFO - 25/01/15 15:44:08 INFO ResourceProfile: Default ResourceProfile created, executor resources: Map(memory -> name: memory, amount: 1024, script: , vendor: , offHeap -> name: offHeap, amount: 0, script: , vendor: ), task resources: Map(cpus -> name: cpus, amount: 1.0)
[2025-01-15T15:44:08.609+0000] {spark_submit.py:641} INFO - 25/01/15 15:44:08 INFO ResourceProfile: Limiting resource is cpu
[2025-01-15T15:44:08.610+0000] {spark_submit.py:641} INFO - 25/01/15 15:44:08 INFO ResourceProfileManager: Added ResourceProfile id: 0
[2025-01-15T15:44:08.683+0000] {spark_submit.py:641} INFO - 25/01/15 15:44:08 INFO SecurityManager: Changing view acls to: airflow
[2025-01-15T15:44:08.684+0000] {spark_submit.py:641} INFO - 25/01/15 15:44:08 INFO SecurityManager: Changing modify acls to: airflow
[2025-01-15T15:44:08.685+0000] {spark_submit.py:641} INFO - 25/01/15 15:44:08 INFO SecurityManager: Changing view acls groups to:
[2025-01-15T15:44:08.686+0000] {spark_submit.py:641} INFO - 25/01/15 15:44:08 INFO SecurityManager: Changing modify acls groups to:
[2025-01-15T15:44:08.687+0000] {spark_submit.py:641} INFO - 25/01/15 15:44:08 INFO SecurityManager: SecurityManager: authentication disabled; ui acls disabled; users with view permissions: airflow; groups with view permissions: EMPTY; users with modify permissions: airflow; groups with modify permissions: EMPTY
[2025-01-15T15:44:08.949+0000] {spark_submit.py:641} INFO - 25/01/15 15:44:08 INFO Utils: Successfully started service 'sparkDriver' on port 46445.
[2025-01-15T15:44:08.996+0000] {spark_submit.py:641} INFO - 25/01/15 15:44:08 INFO SparkEnv: Registering MapOutputTracker
[2025-01-15T15:44:09.042+0000] {spark_submit.py:641} INFO - 25/01/15 15:44:09 INFO SparkEnv: Registering BlockManagerMaster
[2025-01-15T15:44:09.064+0000] {spark_submit.py:641} INFO - 25/01/15 15:44:09 INFO BlockManagerMasterEndpoint: Using org.apache.spark.storage.DefaultTopologyMapper for getting topology information
[2025-01-15T15:44:09.065+0000] {spark_submit.py:641} INFO - 25/01/15 15:44:09 INFO BlockManagerMasterEndpoint: BlockManagerMasterEndpoint up
[2025-01-15T15:44:09.070+0000] {spark_submit.py:641} INFO - 25/01/15 15:44:09 INFO SparkEnv: Registering BlockManagerMasterHeartbeat
[2025-01-15T15:44:09.101+0000] {spark_submit.py:641} INFO - 25/01/15 15:44:09 INFO DiskBlockManager: Created local directory at /tmp/blockmgr-c853daa3-62b5-49f2-b6e0-4290fd2296df
[2025-01-15T15:44:09.117+0000] {spark_submit.py:641} INFO - 25/01/15 15:44:09 INFO MemoryStore: MemoryStore started with capacity 434.4 MiB
[2025-01-15T15:44:09.134+0000] {spark_submit.py:641} INFO - 25/01/15 15:44:09 INFO SparkEnv: Registering OutputCommitCoordinator
[2025-01-15T15:44:09.279+0000] {spark_submit.py:641} INFO - 25/01/15 15:44:09 INFO JettyUtils: Start Jetty 0.0.0.0:4040 for SparkUI
[2025-01-15T15:44:09.374+0000] {spark_submit.py:641} INFO - 25/01/15 15:44:09 INFO Utils: Successfully started service 'SparkUI' on port 4040.
[2025-01-15T15:44:09.417+0000] {spark_submit.py:641} INFO - 25/01/15 15:44:09 ERROR SparkContext: Failed to add /opt/bitnami/spark/jars/postgresql-42.2.18.jar to Spark environment
[2025-01-15T15:44:09.417+0000] {spark_submit.py:641} INFO - java.io.FileNotFoundException: Jar /opt/bitnami/spark/jars/postgresql-42.2.18.jar not found
[2025-01-15T15:44:09.418+0000] {spark_submit.py:641} INFO - at org.apache.spark.SparkContext.addLocalJarFile$1(SparkContext.scala:2095)
[2025-01-15T15:44:09.419+0000] {spark_submit.py:641} INFO - at org.apache.spark.SparkContext.addJar(SparkContext.scala:2151)
[2025-01-15T15:44:09.419+0000] {spark_submit.py:641} INFO - at org.apache.spark.SparkContext.$anonfun$new$15(SparkContext.scala:521)
[2025-01-15T15:44:09.420+0000] {spark_submit.py:641} INFO - at org.apache.spark.SparkContext.$anonfun$new$15$adapted(SparkContext.scala:521)
[2025-01-15T15:44:09.420+0000] {spark_submit.py:641} INFO - at scala.collection.mutable.ResizableArray.foreach(ResizableArray.scala:62)
[2025-01-15T15:44:09.421+0000] {spark_submit.py:641} INFO - at scala.collection.mutable.ResizableArray.foreach$(ResizableArray.scala:55)
[2025-01-15T15:44:09.421+0000] {spark_submit.py:641} INFO - at scala.collection.mutable.ArrayBuffer.foreach(ArrayBuffer.scala:49)
[2025-01-15T15:44:09.422+0000] {spark_submit.py:641} INFO - at org.apache.spark.SparkContext.<init>(SparkContext.scala:521)
[2025-01-15T15:44:09.422+0000] {spark_submit.py:641} INFO - at org.apache.spark.api.java.JavaSparkContext.<init>(JavaSparkContext.scala:58)
[2025-01-15T15:44:09.423+0000] {spark_submit.py:641} INFO - at java.base/jdk.internal.reflect.NativeConstructorAccessorImpl.newInstance0(Native Method)
[2025-01-15T15:44:09.423+0000] {spark_submit.py:641} INFO - at java.base/jdk.internal.reflect.NativeConstructorAccessorImpl.newInstance(NativeConstructorAccessorImpl.java:77)
[2025-01-15T15:44:09.424+0000] {spark_submit.py:641} INFO - at java.base/jdk.internal.reflect.DelegatingConstructorAccessorImpl.newInstance(DelegatingConstructorAccessorImpl.java:45)
[2025-01-15T15:44:09.424+0000] {spark_submit.py:641} INFO - at java.base/java.lang.reflect.Constructor.newInstanceWithCaller(Constructor.java:500)
[2025-01-15T15:44:09.425+0000] {spark_submit.py:641} INFO - at java.base/java.lang.reflect.Constructor.newInstance(Constructor.java:481)
[2025-01-15T15:44:09.425+0000] {spark_submit.py:641} INFO - at py4j.reflection.MethodInvoker.invoke(MethodInvoker.java:247)
[2025-01-15T15:44:09.426+0000] {spark_submit.py:641} INFO - at py4j.reflection.ReflectionEngine.invoke(ReflectionEngine.java:374)
[2025-01-15T15:44:09.427+0000] {spark_submit.py:641} INFO - at py4j.Gateway.invoke(Gateway.java:238)
[2025-01-15T15:44:09.427+0000] {spark_submit.py:641} INFO - at py4j.commands.ConstructorCommand.invokeConstructor(ConstructorCommand.java:80)
[2025-01-15T15:44:09.428+0000] {spark_submit.py:641} INFO - at py4j.commands.ConstructorCommand.execute(ConstructorCommand.java:69)
[2025-01-15T15:44:09.428+0000] {spark_submit.py:641} INFO - at py4j.ClientServerConnection.waitForCommands(ClientServerConnection.java:182)
[2025-01-15T15:44:09.429+0000] {spark_submit.py:641} INFO - at py4j.ClientServerConnection.run(ClientServerConnection.java:106)
[2025-01-15T15:44:09.430+0000] {spark_submit.py:641} INFO - at java.base/java.lang.Thread.run(Thread.java:840)
[2025-01-15T15:44:09.511+0000] {spark_submit.py:641} INFO - 25/01/15 15:44:09 INFO StandaloneAppClient$ClientEndpoint: Connecting to master spark://spark-master:7077...
[2025-01-15T15:44:09.566+0000] {spark_submit.py:641} INFO - 25/01/15 15:44:09 INFO TransportClientFactory: Successfully created connection to spark-master/172.18.0.2:7077 after 29 ms (0 ms spent in bootstraps)
[2025-01-15T15:44:29.513+0000] {spark_submit.py:641} INFO - 25/01/15 15:44:29 INFO StandaloneAppClient$ClientEndpoint: Connecting to master spark://spark-master:7077...
[2025-01-15T15:44:49.512+0000] {spark_submit.py:641} INFO - 25/01/15 15:44:49 INFO StandaloneAppClient$ClientEndpoint: Connecting to master spark://spark-master:7077...
[2025-01-15T15:45:09.637+0000] {spark_submit.py:641} INFO - 25/01/15 15:45:09 WARN StandaloneSchedulerBackend: Application ID is not initialized yet.
[2025-01-15T15:45:09.657+0000] {spark_submit.py:641} INFO - 25/01/15 15:45:09 ERROR StandaloneSchedulerBackend: Application has been killed. Reason: All masters are unresponsive! Giving up.
[2025-01-15T15:45:09.962+0000] {spark_submit.py:641} INFO - 25/01/15 15:45:09 INFO Utils: Successfully started service 'org.apache.spark.network.netty.NettyBlockTransferService' on port 45369.
[2025-01-15T15:45:09.964+0000] {spark_submit.py:641} INFO - 25/01/15 15:45:09 INFO NettyBlockTransferService: Server created on airflow-scheduler:45369
[2025-01-15T15:45:09.982+0000] {spark_submit.py:641} INFO - 25/01/15 15:45:09 INFO BlockManager: Using org.apache.spark.storage.RandomBlockReplicationPolicy for block replication policy
[2025-01-15T15:45:10.046+0000] {spark_submit.py:641} INFO - 25/01/15 15:45:10 INFO BlockManagerMaster: Registering BlockManager BlockManagerId(driver, airflow-scheduler, 45369, None)
[2025-01-15T15:45:10.109+0000] {spark_submit.py:641} INFO - 25/01/15 15:45:10 INFO BlockManagerMasterEndpoint: Registering block manager airflow-scheduler:45369 with 434.4 MiB RAM, BlockManagerId(driver, airflow-scheduler, 45369, None)
[2025-01-15T15:45:10.124+0000] {spark_submit.py:641} INFO - 25/01/15 15:45:10 INFO BlockManagerMaster: Registered BlockManager BlockManagerId(driver, airflow-scheduler, 45369, None)
[2025-01-15T15:45:10.129+0000] {spark_submit.py:641} INFO - 25/01/15 15:45:10 INFO BlockManager: Initialized BlockManager: BlockManagerId(driver, airflow-scheduler, 45369, None)
[2025-01-15T15:45:10.855+0000] {spark_submit.py:641} INFO - 25/01/15 15:45:10 INFO StandaloneSchedulerBackend: SchedulerBackend is ready for scheduling beginning after reached minRegisteredResourcesRatio: 0.0
[2025-01-15T15:45:11.643+0000] {spark_submit.py:641} INFO - 25/01/15 15:45:11 WARN StandaloneAppClient$ClientEndpoint: Drop UnregisterApplication(null) because has not yet connected to master
[2025-01-15T15:45:11.698+0000] {spark_submit.py:641} INFO - Traceback (most recent call last):
[2025-01-15T15:45:11.702+0000] {spark_submit.py:641} INFO - File "/spark-scripts/data_ingestion_products.py", line 25, in <module>
[2025-01-15T15:45:11.704+0000] {spark_submit.py:641} INFO - spark = pyspark.sql.SparkSession(sparkcontext.getOrCreate())
[2025-01-15T15:45:11.705+0000] {spark_submit.py:641} INFO - File "/home/airflow/.local/lib/python3.10/site-packages/pyspark/python/lib/pyspark.zip/pyspark/sql/session.py", line 589, in __init__
[2025-01-15T15:45:11.712+0000] {spark_submit.py:641} INFO - File "/home/airflow/.local/lib/python3.10/site-packages/pyspark/python/lib/py4j-0.10.9.7-src.zip/py4j/java_gateway.py", line 1587, in __call__
[2025-01-15T15:45:11.714+0000] {spark_submit.py:641} INFO - File "/home/airflow/.local/lib/python3.10/site-packages/pyspark/python/lib/py4j-0.10.9.7-src.zip/py4j/protocol.py", line 326, in get_return_value
[2025-01-15T15:45:11.721+0000] {spark_submit.py:641} INFO - py4j.protocol.Py4JJavaError: An error occurred while calling None.org.apache.spark.sql.SparkSession.
[2025-01-15T15:45:11.722+0000] {spark_submit.py:641} INFO - : java.lang.IllegalStateException: Cannot call methods on a stopped SparkContext.
[2025-01-15T15:45:11.724+0000] {spark_submit.py:641} INFO - This stopped SparkContext was created at:
[2025-01-15T15:45:11.725+0000] {spark_submit.py:641} INFO - 
[2025-01-15T15:45:11.727+0000] {spark_submit.py:641} INFO - org.apache.spark.api.java.JavaSparkContext.<init>(JavaSparkContext.scala:58)
[2025-01-15T15:45:11.727+0000] {spark_submit.py:641} INFO - java.base/jdk.internal.reflect.NativeConstructorAccessorImpl.newInstance0(Native Method)
[2025-01-15T15:45:11.728+0000] {spark_submit.py:641} INFO - java.base/jdk.internal.reflect.NativeConstructorAccessorImpl.newInstance(NativeConstructorAccessorImpl.java:77)
[2025-01-15T15:45:11.728+0000] {spark_submit.py:641} INFO - java.base/jdk.internal.reflect.DelegatingConstructorAccessorImpl.newInstance(DelegatingConstructorAccessorImpl.java:45)
[2025-01-15T15:45:11.729+0000] {spark_submit.py:641} INFO - java.base/java.lang.reflect.Constructor.newInstanceWithCaller(Constructor.java:500)
[2025-01-15T15:45:11.730+0000] {spark_submit.py:641} INFO - java.base/java.lang.reflect.Constructor.newInstance(Constructor.java:481)
[2025-01-15T15:45:11.730+0000] {spark_submit.py:641} INFO - py4j.reflection.MethodInvoker.invoke(MethodInvoker.java:247)
[2025-01-15T15:45:11.731+0000] {spark_submit.py:641} INFO - py4j.reflection.ReflectionEngine.invoke(ReflectionEngine.java:374)
[2025-01-15T15:45:11.731+0000] {spark_submit.py:641} INFO - py4j.Gateway.invoke(Gateway.java:238)
[2025-01-15T15:45:11.732+0000] {spark_submit.py:641} INFO - py4j.commands.ConstructorCommand.invokeConstructor(ConstructorCommand.java:80)
[2025-01-15T15:45:11.732+0000] {spark_submit.py:641} INFO - py4j.commands.ConstructorCommand.execute(ConstructorCommand.java:69)
[2025-01-15T15:45:11.733+0000] {spark_submit.py:641} INFO - py4j.ClientServerConnection.waitForCommands(ClientServerConnection.java:182)
[2025-01-15T15:45:11.733+0000] {spark_submit.py:641} INFO - py4j.ClientServerConnection.run(ClientServerConnection.java:106)
[2025-01-15T15:45:11.733+0000] {spark_submit.py:641} INFO - java.base/java.lang.Thread.run(Thread.java:840)
[2025-01-15T15:45:11.734+0000] {spark_submit.py:641} INFO - 
[2025-01-15T15:45:11.734+0000] {spark_submit.py:641} INFO - The currently active SparkContext was created at:
[2025-01-15T15:45:11.735+0000] {spark_submit.py:641} INFO - 
[2025-01-15T15:45:11.736+0000] {spark_submit.py:641} INFO - org.apache.spark.api.java.JavaSparkContext.<init>(JavaSparkContext.scala:58)
[2025-01-15T15:45:11.736+0000] {spark_submit.py:641} INFO - java.base/jdk.internal.reflect.NativeConstructorAccessorImpl.newInstance0(Native Method)
[2025-01-15T15:45:11.737+0000] {spark_submit.py:641} INFO - java.base/jdk.internal.reflect.NativeConstructorAccessorImpl.newInstance(NativeConstructorAccessorImpl.java:77)
[2025-01-15T15:45:11.737+0000] {spark_submit.py:641} INFO - java.base/jdk.internal.reflect.DelegatingConstructorAccessorImpl.newInstance(DelegatingConstructorAccessorImpl.java:45)
[2025-01-15T15:45:11.738+0000] {spark_submit.py:641} INFO - java.base/java.lang.reflect.Constructor.newInstanceWithCaller(Constructor.java:500)
[2025-01-15T15:45:11.738+0000] {spark_submit.py:641} INFO - java.base/java.lang.reflect.Constructor.newInstance(Constructor.java:481)
[2025-01-15T15:45:11.739+0000] {spark_submit.py:641} INFO - py4j.reflection.MethodInvoker.invoke(MethodInvoker.java:247)
[2025-01-15T15:45:11.739+0000] {spark_submit.py:641} INFO - py4j.reflection.ReflectionEngine.invoke(ReflectionEngine.java:374)
[2025-01-15T15:45:11.740+0000] {spark_submit.py:641} INFO - py4j.Gateway.invoke(Gateway.java:238)
[2025-01-15T15:45:11.740+0000] {spark_submit.py:641} INFO - py4j.commands.ConstructorCommand.invokeConstructor(ConstructorCommand.java:80)
[2025-01-15T15:45:11.740+0000] {spark_submit.py:641} INFO - py4j.commands.ConstructorCommand.execute(ConstructorCommand.java:69)
[2025-01-15T15:45:11.741+0000] {spark_submit.py:641} INFO - py4j.ClientServerConnection.waitForCommands(ClientServerConnection.java:182)
[2025-01-15T15:45:11.741+0000] {spark_submit.py:641} INFO - py4j.ClientServerConnection.run(ClientServerConnection.java:106)
[2025-01-15T15:45:11.742+0000] {spark_submit.py:641} INFO - java.base/java.lang.Thread.run(Thread.java:840)
[2025-01-15T15:45:11.743+0000] {spark_submit.py:641} INFO - 
[2025-01-15T15:45:11.744+0000] {spark_submit.py:641} INFO - at org.apache.spark.SparkContext.assertNotStopped(SparkContext.scala:122)
[2025-01-15T15:45:11.745+0000] {spark_submit.py:641} INFO - at org.apache.spark.sql.SparkSession.<init>(SparkSession.scala:113)
[2025-01-15T15:45:11.746+0000] {spark_submit.py:641} INFO - at org.apache.spark.sql.SparkSession.<init>(SparkSession.scala:106)
[2025-01-15T15:45:11.747+0000] {spark_submit.py:641} INFO - at java.base/jdk.internal.reflect.NativeConstructorAccessorImpl.newInstance0(Native Method)
[2025-01-15T15:45:11.748+0000] {spark_submit.py:641} INFO - at java.base/jdk.internal.reflect.NativeConstructorAccessorImpl.newInstance(NativeConstructorAccessorImpl.java:77)
[2025-01-15T15:45:11.750+0000] {spark_submit.py:641} INFO - at java.base/jdk.internal.reflect.DelegatingConstructorAccessorImpl.newInstance(DelegatingConstructorAccessorImpl.java:45)
[2025-01-15T15:45:11.750+0000] {spark_submit.py:641} INFO - at java.base/java.lang.reflect.Constructor.newInstanceWithCaller(Constructor.java:500)
[2025-01-15T15:45:11.751+0000] {spark_submit.py:641} INFO - at java.base/java.lang.reflect.Constructor.newInstance(Constructor.java:481)
[2025-01-15T15:45:11.752+0000] {spark_submit.py:641} INFO - at py4j.reflection.MethodInvoker.invoke(MethodInvoker.java:247)
[2025-01-15T15:45:11.753+0000] {spark_submit.py:641} INFO - at py4j.reflection.ReflectionEngine.invoke(ReflectionEngine.java:374)
[2025-01-15T15:45:11.754+0000] {spark_submit.py:641} INFO - at py4j.Gateway.invoke(Gateway.java:238)
[2025-01-15T15:45:11.755+0000] {spark_submit.py:641} INFO - at py4j.commands.ConstructorCommand.invokeConstructor(ConstructorCommand.java:80)
[2025-01-15T15:45:11.755+0000] {spark_submit.py:641} INFO - at py4j.commands.ConstructorCommand.execute(ConstructorCommand.java:69)
[2025-01-15T15:45:11.756+0000] {spark_submit.py:641} INFO - at py4j.ClientServerConnection.waitForCommands(ClientServerConnection.java:182)
[2025-01-15T15:45:11.756+0000] {spark_submit.py:641} INFO - at py4j.ClientServerConnection.run(ClientServerConnection.java:106)
[2025-01-15T15:45:11.757+0000] {spark_submit.py:641} INFO - at java.base/java.lang.Thread.run(Thread.java:840)
[2025-01-15T15:45:11.757+0000] {spark_submit.py:641} INFO - 
[2025-01-15T15:45:12.662+0000] {taskinstance.py:441} INFO - ::group::Post task execution logs
[2025-01-15T15:45:12.882+0000] {taskinstance.py:2905} ERROR - Task failed with exception
Traceback (most recent call last):
  File "/home/airflow/.local/lib/python3.10/site-packages/airflow/models/taskinstance.py", line 465, in _execute_task
    result = _execute_callable(context=context, **execute_callable_kwargs)
  File "/home/airflow/.local/lib/python3.10/site-packages/airflow/models/taskinstance.py", line 432, in _execute_callable
    return execute_callable(context=context, **execute_callable_kwargs)
  File "/home/airflow/.local/lib/python3.10/site-packages/airflow/models/baseoperator.py", line 401, in wrapper
    return func(self, *args, **kwargs)
  File "/home/airflow/.local/lib/python3.10/site-packages/airflow/providers/apache/spark/operators/spark_submit.py", line 177, in execute
    self._hook.submit(self.application)
  File "/home/airflow/.local/lib/python3.10/site-packages/airflow/providers/apache/spark/hooks/spark_submit.py", line 567, in submit
    raise AirflowException(
airflow.exceptions.AirflowException: Cannot execute: spark-submit --master spark://spark-master:7077 --jars /spark-scripts/jars/jars_postgresql-42.2.20.jar --name arrow-spark /spark-scripts/data_ingestion_products.py. Error code is: 1.
[2025-01-15T15:45:12.926+0000] {taskinstance.py:1206} INFO - Marking task as FAILED. dag_id=Data_Ingestions_produts, task_id=spark_submit_task, run_id=manual__2025-01-15T15:43:58.262789+00:00, execution_date=20250115T154358, start_date=20250115T154401, end_date=20250115T154512
[2025-01-15T15:45:13.078+0000] {standard_task_runner.py:110} ERROR - Failed to execute job 6 for task spark_submit_task (Cannot execute: spark-submit --master spark://spark-master:7077 --jars /spark-scripts/jars/jars_postgresql-42.2.20.jar --name arrow-spark /spark-scripts/data_ingestion_products.py. Error code is: 1.; 215)
[2025-01-15T15:45:13.147+0000] {local_task_job_runner.py:240} INFO - Task exited with return code 1
[2025-01-15T15:45:13.305+0000] {taskinstance.py:3503} INFO - 0 downstream tasks scheduled from follow-on schedule check
[2025-01-15T15:45:13.313+0000] {local_task_job_runner.py:222} INFO - ::endgroup::
