[2025-01-17T03:05:30.523+0000] {local_task_job_runner.py:120} INFO - ::group::Pre task execution logs
[2025-01-17T03:05:30.548+0000] {taskinstance.py:2076} INFO - Dependencies all met for dep_context=non-requeueable deps ti=<TaskInstance: ETL.transform_data manual__2025-01-17T03:05:17.603968+00:00 [queued]>
[2025-01-17T03:05:30.555+0000] {taskinstance.py:2076} INFO - Dependencies all met for dep_context=requeueable deps ti=<TaskInstance: ETL.transform_data manual__2025-01-17T03:05:17.603968+00:00 [queued]>
[2025-01-17T03:05:30.556+0000] {taskinstance.py:2306} INFO - Starting attempt 1 of 1
[2025-01-17T03:05:30.568+0000] {taskinstance.py:2330} INFO - Executing <Task(SparkSubmitOperator): transform_data> on 2025-01-17 03:05:17.603968+00:00
[2025-01-17T03:05:30.572+0000] {standard_task_runner.py:63} INFO - Started process 6814 to run task
[2025-01-17T03:05:30.575+0000] {standard_task_runner.py:90} INFO - Running: ['airflow', 'tasks', 'run', 'ETL', 'transform_data', 'manual__2025-01-17T03:05:17.603968+00:00', '--job-id', '54', '--raw', '--subdir', 'DAGS_FOLDER/ETL.py', '--cfg-path', '/tmp/tmpubfkz8ht']
[2025-01-17T03:05:30.577+0000] {standard_task_runner.py:91} INFO - Job 54: Subtask transform_data
[2025-01-17T03:05:30.617+0000] {task_command.py:426} INFO - Running <TaskInstance: ETL.transform_data manual__2025-01-17T03:05:17.603968+00:00 [running]> on host airflow-scheduler
[2025-01-17T03:05:30.700+0000] {taskinstance.py:2648} INFO - Exporting env vars: AIRFLOW_CTX_DAG_OWNER='Ajied(WhatsApp), Ajied(Email)' AIRFLOW_CTX_DAG_ID='ETL' AIRFLOW_CTX_TASK_ID='transform_data' AIRFLOW_CTX_EXECUTION_DATE='2025-01-17T03:05:17.603968+00:00' AIRFLOW_CTX_TRY_NUMBER='1' AIRFLOW_CTX_DAG_RUN_ID='manual__2025-01-17T03:05:17.603968+00:00'
[2025-01-17T03:05:30.701+0000] {taskinstance.py:430} INFO - ::endgroup::
[2025-01-17T03:05:30.709+0000] {base.py:84} INFO - Using connection ID 'spark_main' for task execution.
[2025-01-17T03:05:30.711+0000] {spark_submit.py:474} INFO - Spark-Submit cmd: spark-submit --master spark://spark-master:7077 --jars /spark-scripts/jars/jars_postgresql-42.2.20.jar --name arrow-spark /spark-scripts/resources/transform.py
[2025-01-17T03:05:32.167+0000] {spark_submit.py:641} INFO - 25/01/17 03:05:32 WARN NativeCodeLoader: Unable to load native-hadoop library for your platform... using builtin-java classes where applicable
[2025-01-17T03:05:33.194+0000] {spark_submit.py:641} INFO - 25/01/17 03:05:33 INFO SparkContext: Running Spark version 3.3.2
[2025-01-17T03:05:33.216+0000] {spark_submit.py:641} INFO - 25/01/17 03:05:33 INFO ResourceUtils: ==============================================================
[2025-01-17T03:05:33.217+0000] {spark_submit.py:641} INFO - 25/01/17 03:05:33 INFO ResourceUtils: No custom resources configured for spark.driver.
[2025-01-17T03:05:33.218+0000] {spark_submit.py:641} INFO - 25/01/17 03:05:33 INFO ResourceUtils: ==============================================================
[2025-01-17T03:05:33.219+0000] {spark_submit.py:641} INFO - 25/01/17 03:05:33 INFO SparkContext: Submitted application: Data Transform
[2025-01-17T03:05:33.241+0000] {spark_submit.py:641} INFO - 25/01/17 03:05:33 INFO ResourceProfile: Default ResourceProfile created, executor resources: Map(cores -> name: cores, amount: 1, script: , vendor: , memory -> name: memory, amount: 1024, script: , vendor: , offHeap -> name: offHeap, amount: 0, script: , vendor: ), task resources: Map(cpus -> name: cpus, amount: 1.0)
[2025-01-17T03:05:33.253+0000] {spark_submit.py:641} INFO - 25/01/17 03:05:33 INFO ResourceProfile: Limiting resource is cpu
[2025-01-17T03:05:33.254+0000] {spark_submit.py:641} INFO - 25/01/17 03:05:33 INFO ResourceProfileManager: Added ResourceProfile id: 0
[2025-01-17T03:05:33.297+0000] {spark_submit.py:641} INFO - 25/01/17 03:05:33 INFO SecurityManager: Changing view acls to: airflow
[2025-01-17T03:05:33.298+0000] {spark_submit.py:641} INFO - 25/01/17 03:05:33 INFO SecurityManager: Changing modify acls to: airflow
[2025-01-17T03:05:33.299+0000] {spark_submit.py:641} INFO - 25/01/17 03:05:33 INFO SecurityManager: Changing view acls groups to:
[2025-01-17T03:05:33.300+0000] {spark_submit.py:641} INFO - 25/01/17 03:05:33 INFO SecurityManager: Changing modify acls groups to:
[2025-01-17T03:05:33.301+0000] {spark_submit.py:641} INFO - 25/01/17 03:05:33 INFO SecurityManager: SecurityManager: authentication disabled; ui acls disabled; users  with view permissions: Set(airflow); groups with view permissions: Set(); users  with modify permissions: Set(airflow); groups with modify permissions: Set()
[2025-01-17T03:05:33.499+0000] {spark_submit.py:641} INFO - 25/01/17 03:05:33 INFO Utils: Successfully started service 'sparkDriver' on port 42911.
[2025-01-17T03:05:33.525+0000] {spark_submit.py:641} INFO - 25/01/17 03:05:33 INFO SparkEnv: Registering MapOutputTracker
[2025-01-17T03:05:33.556+0000] {spark_submit.py:641} INFO - 25/01/17 03:05:33 INFO SparkEnv: Registering BlockManagerMaster
[2025-01-17T03:05:33.571+0000] {spark_submit.py:641} INFO - 25/01/17 03:05:33 INFO BlockManagerMasterEndpoint: Using org.apache.spark.storage.DefaultTopologyMapper for getting topology information
[2025-01-17T03:05:33.571+0000] {spark_submit.py:641} INFO - 25/01/17 03:05:33 INFO BlockManagerMasterEndpoint: BlockManagerMasterEndpoint up
[2025-01-17T03:05:33.576+0000] {spark_submit.py:641} INFO - 25/01/17 03:05:33 INFO SparkEnv: Registering BlockManagerMasterHeartbeat
[2025-01-17T03:05:33.592+0000] {spark_submit.py:641} INFO - 25/01/17 03:05:33 INFO DiskBlockManager: Created local directory at /tmp/blockmgr-e756f5fa-fb6c-446c-8a62-e274dc6d67bc
[2025-01-17T03:05:33.608+0000] {spark_submit.py:641} INFO - 25/01/17 03:05:33 INFO MemoryStore: MemoryStore started with capacity 434.4 MiB
[2025-01-17T03:05:33.632+0000] {spark_submit.py:641} INFO - 25/01/17 03:05:33 INFO SparkEnv: Registering OutputCommitCoordinator
[2025-01-17T03:05:33.770+0000] {spark_submit.py:641} INFO - 25/01/17 03:05:33 INFO Utils: Successfully started service 'SparkUI' on port 4040.
[2025-01-17T03:05:33.807+0000] {spark_submit.py:641} INFO - 25/01/17 03:05:33 ERROR SparkContext: Failed to add /opt/bitnami/spark/jars/postgresql-42.2.18.jar to Spark environment
[2025-01-17T03:05:33.808+0000] {spark_submit.py:641} INFO - java.io.FileNotFoundException: Jar /opt/bitnami/spark/jars/postgresql-42.2.18.jar not found
[2025-01-17T03:05:33.809+0000] {spark_submit.py:641} INFO - at org.apache.spark.SparkContext.addLocalJarFile$1(SparkContext.scala:1959)
[2025-01-17T03:05:33.809+0000] {spark_submit.py:641} INFO - at org.apache.spark.SparkContext.addJar(SparkContext.scala:2014)
[2025-01-17T03:05:33.810+0000] {spark_submit.py:641} INFO - at org.apache.spark.SparkContext.$anonfun$new$12(SparkContext.scala:507)
[2025-01-17T03:05:33.810+0000] {spark_submit.py:641} INFO - at org.apache.spark.SparkContext.$anonfun$new$12$adapted(SparkContext.scala:507)
[2025-01-17T03:05:33.811+0000] {spark_submit.py:641} INFO - at scala.collection.mutable.ResizableArray.foreach(ResizableArray.scala:62)
[2025-01-17T03:05:33.811+0000] {spark_submit.py:641} INFO - at scala.collection.mutable.ResizableArray.foreach$(ResizableArray.scala:55)
[2025-01-17T03:05:33.811+0000] {spark_submit.py:641} INFO - at scala.collection.mutable.ArrayBuffer.foreach(ArrayBuffer.scala:49)
[2025-01-17T03:05:33.811+0000] {spark_submit.py:641} INFO - at org.apache.spark.SparkContext.<init>(SparkContext.scala:507)
[2025-01-17T03:05:33.812+0000] {spark_submit.py:641} INFO - at org.apache.spark.api.java.JavaSparkContext.<init>(JavaSparkContext.scala:58)
[2025-01-17T03:05:33.812+0000] {spark_submit.py:641} INFO - at java.base/jdk.internal.reflect.NativeConstructorAccessorImpl.newInstance0(Native Method)
[2025-01-17T03:05:33.812+0000] {spark_submit.py:641} INFO - at java.base/jdk.internal.reflect.NativeConstructorAccessorImpl.newInstance(NativeConstructorAccessorImpl.java:77)
[2025-01-17T03:05:33.812+0000] {spark_submit.py:641} INFO - at java.base/jdk.internal.reflect.DelegatingConstructorAccessorImpl.newInstance(DelegatingConstructorAccessorImpl.java:45)
[2025-01-17T03:05:33.813+0000] {spark_submit.py:641} INFO - at java.base/java.lang.reflect.Constructor.newInstanceWithCaller(Constructor.java:500)
[2025-01-17T03:05:33.813+0000] {spark_submit.py:641} INFO - at java.base/java.lang.reflect.Constructor.newInstance(Constructor.java:481)
[2025-01-17T03:05:33.813+0000] {spark_submit.py:641} INFO - at py4j.reflection.MethodInvoker.invoke(MethodInvoker.java:247)
[2025-01-17T03:05:33.814+0000] {spark_submit.py:641} INFO - at py4j.reflection.ReflectionEngine.invoke(ReflectionEngine.java:357)
[2025-01-17T03:05:33.814+0000] {spark_submit.py:641} INFO - at py4j.Gateway.invoke(Gateway.java:238)
[2025-01-17T03:05:33.814+0000] {spark_submit.py:641} INFO - at py4j.commands.ConstructorCommand.invokeConstructor(ConstructorCommand.java:80)
[2025-01-17T03:05:33.814+0000] {spark_submit.py:641} INFO - at py4j.commands.ConstructorCommand.execute(ConstructorCommand.java:69)
[2025-01-17T03:05:33.815+0000] {spark_submit.py:641} INFO - at py4j.ClientServerConnection.waitForCommands(ClientServerConnection.java:182)
[2025-01-17T03:05:33.816+0000] {spark_submit.py:641} INFO - at py4j.ClientServerConnection.run(ClientServerConnection.java:106)
[2025-01-17T03:05:33.816+0000] {spark_submit.py:641} INFO - at java.base/java.lang.Thread.run(Thread.java:840)
[2025-01-17T03:05:33.869+0000] {spark_submit.py:641} INFO - 25/01/17 03:05:33 INFO StandaloneAppClient$ClientEndpoint: Connecting to master spark://spark-master:7077...
[2025-01-17T03:05:33.903+0000] {spark_submit.py:641} INFO - 25/01/17 03:05:33 INFO TransportClientFactory: Successfully created connection to spark-master/172.18.0.5:7077 after 19 ms (0 ms spent in bootstraps)
[2025-01-17T03:05:33.967+0000] {spark_submit.py:641} INFO - 25/01/17 03:05:33 INFO StandaloneSchedulerBackend: Connected to Spark cluster with app ID app-20250117030533-0007
[2025-01-17T03:05:33.969+0000] {spark_submit.py:641} INFO - 25/01/17 03:05:33 INFO StandaloneAppClient$ClientEndpoint: Executor added: app-20250117030533-0007/0 on worker-20250117005035-172.18.0.6-44131 (172.18.0.6:44131) with 1 core(s)
[2025-01-17T03:05:33.971+0000] {spark_submit.py:641} INFO - 25/01/17 03:05:33 INFO StandaloneSchedulerBackend: Granted executor ID app-20250117030533-0007/0 on hostPort 172.18.0.6:44131 with 1 core(s), 1024.0 MiB RAM
[2025-01-17T03:05:33.973+0000] {spark_submit.py:641} INFO - 25/01/17 03:05:33 INFO Utils: Successfully started service 'org.apache.spark.network.netty.NettyBlockTransferService' on port 40791.
[2025-01-17T03:05:33.973+0000] {spark_submit.py:641} INFO - 25/01/17 03:05:33 INFO NettyBlockTransferService: Server created on airflow-scheduler:40791
[2025-01-17T03:05:33.975+0000] {spark_submit.py:641} INFO - 25/01/17 03:05:33 INFO BlockManager: Using org.apache.spark.storage.RandomBlockReplicationPolicy for block replication policy
[2025-01-17T03:05:33.981+0000] {spark_submit.py:641} INFO - 25/01/17 03:05:33 INFO BlockManagerMaster: Registering BlockManager BlockManagerId(driver, airflow-scheduler, 40791, None)
[2025-01-17T03:05:33.984+0000] {spark_submit.py:641} INFO - 25/01/17 03:05:33 INFO BlockManagerMasterEndpoint: Registering block manager airflow-scheduler:40791 with 434.4 MiB RAM, BlockManagerId(driver, airflow-scheduler, 40791, None)
[2025-01-17T03:05:33.986+0000] {spark_submit.py:641} INFO - 25/01/17 03:05:33 INFO BlockManagerMaster: Registered BlockManager BlockManagerId(driver, airflow-scheduler, 40791, None)
[2025-01-17T03:05:33.987+0000] {spark_submit.py:641} INFO - 25/01/17 03:05:33 INFO BlockManager: Initialized BlockManager: BlockManagerId(driver, airflow-scheduler, 40791, None)
[2025-01-17T03:05:34.046+0000] {spark_submit.py:641} INFO - 25/01/17 03:05:34 INFO StandaloneAppClient$ClientEndpoint: Executor updated: app-20250117030533-0007/0 is now RUNNING
[2025-01-17T03:05:34.187+0000] {spark_submit.py:641} INFO - 25/01/17 03:05:34 INFO StandaloneSchedulerBackend: SchedulerBackend is ready for scheduling beginning after reached minRegisteredResourcesRatio: 0.0
[2025-01-17T03:05:34.368+0000] {spark_submit.py:641} INFO - Extracting data from PostgreSQL (products)...
[2025-01-17T03:05:36.640+0000] {spark_submit.py:641} INFO - Extracting data from PostgreSQL (transactions)...
[2025-01-17T03:05:36.674+0000] {spark_submit.py:641} INFO - Transforming data...
[2025-01-17T03:05:37.142+0000] {spark_submit.py:641} INFO - Traceback (most recent call last):
[2025-01-17T03:05:37.143+0000] {spark_submit.py:641} INFO - File "/spark-scripts/resources/transform.py", line 223, in <module>
[2025-01-17T03:05:37.146+0000] {spark_submit.py:641} INFO - transform_data()
[2025-01-17T03:05:37.147+0000] {spark_submit.py:641} INFO - File "/spark-scripts/resources/transform.py", line 137, in transform_data
[2025-01-17T03:05:37.150+0000] {spark_submit.py:641} INFO - .withColumn("base_price", F.col("price").rlike("^[0-9]+(\.[0-9]+)?$"), F.col("base_price")).otherwise("0")
[2025-01-17T03:05:37.151+0000] {spark_submit.py:641} INFO - TypeError: DataFrame.withColumn() takes 3 positional arguments but 4 were given
[2025-01-17T03:05:37.295+0000] {taskinstance.py:441} INFO - ::group::Post task execution logs
[2025-01-17T03:05:37.307+0000] {taskinstance.py:2905} ERROR - Task failed with exception
Traceback (most recent call last):
  File "/home/airflow/.local/lib/python3.10/site-packages/airflow/models/taskinstance.py", line 465, in _execute_task
    result = _execute_callable(context=context, **execute_callable_kwargs)
  File "/home/airflow/.local/lib/python3.10/site-packages/airflow/models/taskinstance.py", line 432, in _execute_callable
    return execute_callable(context=context, **execute_callable_kwargs)
  File "/home/airflow/.local/lib/python3.10/site-packages/airflow/models/baseoperator.py", line 401, in wrapper
    return func(self, *args, **kwargs)
  File "/home/airflow/.local/lib/python3.10/site-packages/airflow/providers/apache/spark/operators/spark_submit.py", line 177, in execute
    self._hook.submit(self.application)
  File "/home/airflow/.local/lib/python3.10/site-packages/airflow/providers/apache/spark/hooks/spark_submit.py", line 567, in submit
    raise AirflowException(
airflow.exceptions.AirflowException: Cannot execute: spark-submit --master spark://spark-master:7077 --jars /spark-scripts/jars/jars_postgresql-42.2.20.jar --name arrow-spark /spark-scripts/resources/transform.py. Error code is: 1.
[2025-01-17T03:05:37.313+0000] {taskinstance.py:1206} INFO - Marking task as FAILED. dag_id=ETL, task_id=transform_data, run_id=manual__2025-01-17T03:05:17.603968+00:00, execution_date=20250117T030517, start_date=20250117T030530, end_date=20250117T030537
[2025-01-17T03:05:37.329+0000] {standard_task_runner.py:110} ERROR - Failed to execute job 54 for task transform_data (Cannot execute: spark-submit --master spark://spark-master:7077 --jars /spark-scripts/jars/jars_postgresql-42.2.20.jar --name arrow-spark /spark-scripts/resources/transform.py. Error code is: 1.; 6814)
[2025-01-17T03:05:37.341+0000] {local_task_job_runner.py:240} INFO - Task exited with return code 1
[2025-01-17T03:05:37.363+0000] {taskinstance.py:3503} INFO - 0 downstream tasks scheduled from follow-on schedule check
[2025-01-17T03:05:37.368+0000] {local_task_job_runner.py:222} INFO - ::endgroup::
