[2025-01-16T15:54:24.878+0000] {local_task_job_runner.py:120} INFO - ::group::Pre task execution logs
[2025-01-16T15:54:24.903+0000] {taskinstance.py:2076} INFO - Dependencies all met for dep_context=non-requeueable deps ti=<TaskInstance: ETL.transform_data manual__2025-01-16T15:54:15.274279+00:00 [queued]>
[2025-01-16T15:54:24.910+0000] {taskinstance.py:2076} INFO - Dependencies all met for dep_context=requeueable deps ti=<TaskInstance: ETL.transform_data manual__2025-01-16T15:54:15.274279+00:00 [queued]>
[2025-01-16T15:54:24.911+0000] {taskinstance.py:2306} INFO - Starting attempt 1 of 1
[2025-01-16T15:54:24.922+0000] {taskinstance.py:2330} INFO - Executing <Task(SparkSubmitOperator): transform_data> on 2025-01-16 15:54:15.274279+00:00
[2025-01-16T15:54:24.925+0000] {standard_task_runner.py:63} INFO - Started process 3686 to run task
[2025-01-16T15:54:24.927+0000] {standard_task_runner.py:90} INFO - Running: ['airflow', 'tasks', 'run', 'ETL', 'transform_data', 'manual__2025-01-16T15:54:15.274279+00:00', '--job-id', '33', '--raw', '--subdir', 'DAGS_FOLDER/ETL.py', '--cfg-path', '/tmp/tmpm23mgn46']
[2025-01-16T15:54:24.929+0000] {standard_task_runner.py:91} INFO - Job 33: Subtask transform_data
[2025-01-16T15:54:24.967+0000] {task_command.py:426} INFO - Running <TaskInstance: ETL.transform_data manual__2025-01-16T15:54:15.274279+00:00 [running]> on host airflow-scheduler
[2025-01-16T15:54:25.040+0000] {taskinstance.py:2648} INFO - Exporting env vars: AIRFLOW_CTX_DAG_OWNER='Ajied(WhatsApp), Ajied(Email)' AIRFLOW_CTX_DAG_ID='ETL' AIRFLOW_CTX_TASK_ID='transform_data' AIRFLOW_CTX_EXECUTION_DATE='2025-01-16T15:54:15.274279+00:00' AIRFLOW_CTX_TRY_NUMBER='1' AIRFLOW_CTX_DAG_RUN_ID='manual__2025-01-16T15:54:15.274279+00:00'
[2025-01-16T15:54:25.041+0000] {taskinstance.py:430} INFO - ::endgroup::
[2025-01-16T15:54:25.048+0000] {base.py:84} INFO - Using connection ID 'spark_main' for task execution.
[2025-01-16T15:54:25.049+0000] {spark_submit.py:474} INFO - Spark-Submit cmd: spark-submit --master spark://spark-master:7077 --jars /spark-scripts/jars/jars_postgresql-42.2.20.jar --name arrow-spark /spark-scripts/resources/transform.py
[2025-01-16T15:54:26.467+0000] {spark_submit.py:641} INFO - 25/01/16 15:54:26 WARN NativeCodeLoader: Unable to load native-hadoop library for your platform... using builtin-java classes where applicable
[2025-01-16T15:54:27.538+0000] {spark_submit.py:641} INFO - 25/01/16 15:54:27 INFO SparkContext: Running Spark version 3.3.2
[2025-01-16T15:54:27.568+0000] {spark_submit.py:641} INFO - 25/01/16 15:54:27 INFO ResourceUtils: ==============================================================
[2025-01-16T15:54:27.569+0000] {spark_submit.py:641} INFO - 25/01/16 15:54:27 INFO ResourceUtils: No custom resources configured for spark.driver.
[2025-01-16T15:54:27.569+0000] {spark_submit.py:641} INFO - 25/01/16 15:54:27 INFO ResourceUtils: ==============================================================
[2025-01-16T15:54:27.570+0000] {spark_submit.py:641} INFO - 25/01/16 15:54:27 INFO SparkContext: Submitted application: Data Transform
[2025-01-16T15:54:27.587+0000] {spark_submit.py:641} INFO - 25/01/16 15:54:27 INFO ResourceProfile: Default ResourceProfile created, executor resources: Map(cores -> name: cores, amount: 1, script: , vendor: , memory -> name: memory, amount: 2048, script: , vendor: , offHeap -> name: offHeap, amount: 0, script: , vendor: ), task resources: Map(cpus -> name: cpus, amount: 1.0)
[2025-01-16T15:54:27.595+0000] {spark_submit.py:641} INFO - 25/01/16 15:54:27 INFO ResourceProfile: Limiting resource is cpu
[2025-01-16T15:54:27.596+0000] {spark_submit.py:641} INFO - 25/01/16 15:54:27 INFO ResourceProfileManager: Added ResourceProfile id: 0
[2025-01-16T15:54:27.633+0000] {spark_submit.py:641} INFO - 25/01/16 15:54:27 INFO SecurityManager: Changing view acls to: airflow
[2025-01-16T15:54:27.634+0000] {spark_submit.py:641} INFO - 25/01/16 15:54:27 INFO SecurityManager: Changing modify acls to: airflow
[2025-01-16T15:54:27.635+0000] {spark_submit.py:641} INFO - 25/01/16 15:54:27 INFO SecurityManager: Changing view acls groups to:
[2025-01-16T15:54:27.636+0000] {spark_submit.py:641} INFO - 25/01/16 15:54:27 INFO SecurityManager: Changing modify acls groups to:
[2025-01-16T15:54:27.636+0000] {spark_submit.py:641} INFO - 25/01/16 15:54:27 INFO SecurityManager: SecurityManager: authentication disabled; ui acls disabled; users  with view permissions: Set(airflow); groups with view permissions: Set(); users  with modify permissions: Set(airflow); groups with modify permissions: Set()
[2025-01-16T15:54:27.810+0000] {spark_submit.py:641} INFO - 25/01/16 15:54:27 INFO Utils: Successfully started service 'sparkDriver' on port 34199.
[2025-01-16T15:54:27.835+0000] {spark_submit.py:641} INFO - 25/01/16 15:54:27 INFO SparkEnv: Registering MapOutputTracker
[2025-01-16T15:54:27.870+0000] {spark_submit.py:641} INFO - 25/01/16 15:54:27 INFO SparkEnv: Registering BlockManagerMaster
[2025-01-16T15:54:27.884+0000] {spark_submit.py:641} INFO - 25/01/16 15:54:27 INFO BlockManagerMasterEndpoint: Using org.apache.spark.storage.DefaultTopologyMapper for getting topology information
[2025-01-16T15:54:27.885+0000] {spark_submit.py:641} INFO - 25/01/16 15:54:27 INFO BlockManagerMasterEndpoint: BlockManagerMasterEndpoint up
[2025-01-16T15:54:27.890+0000] {spark_submit.py:641} INFO - 25/01/16 15:54:27 INFO SparkEnv: Registering BlockManagerMasterHeartbeat
[2025-01-16T15:54:27.908+0000] {spark_submit.py:641} INFO - 25/01/16 15:54:27 INFO DiskBlockManager: Created local directory at /tmp/blockmgr-4d30ad0a-02fe-4b8e-bd42-415fa248af93
[2025-01-16T15:54:27.924+0000] {spark_submit.py:641} INFO - 25/01/16 15:54:27 INFO MemoryStore: MemoryStore started with capacity 434.4 MiB
[2025-01-16T15:54:27.948+0000] {spark_submit.py:641} INFO - 25/01/16 15:54:27 INFO SparkEnv: Registering OutputCommitCoordinator
[2025-01-16T15:54:28.091+0000] {spark_submit.py:641} INFO - 25/01/16 15:54:28 INFO Utils: Successfully started service 'SparkUI' on port 4040.
[2025-01-16T15:54:28.130+0000] {spark_submit.py:641} INFO - 25/01/16 15:54:28 ERROR SparkContext: Failed to add /opt/bitnami/spark/jars/postgresql-42.2.18.jar to Spark environment
[2025-01-16T15:54:28.130+0000] {spark_submit.py:641} INFO - java.io.FileNotFoundException: Jar /opt/bitnami/spark/jars/postgresql-42.2.18.jar not found
[2025-01-16T15:54:28.131+0000] {spark_submit.py:641} INFO - at org.apache.spark.SparkContext.addLocalJarFile$1(SparkContext.scala:1959)
[2025-01-16T15:54:28.131+0000] {spark_submit.py:641} INFO - at org.apache.spark.SparkContext.addJar(SparkContext.scala:2014)
[2025-01-16T15:54:28.131+0000] {spark_submit.py:641} INFO - at org.apache.spark.SparkContext.$anonfun$new$12(SparkContext.scala:507)
[2025-01-16T15:54:28.132+0000] {spark_submit.py:641} INFO - at org.apache.spark.SparkContext.$anonfun$new$12$adapted(SparkContext.scala:507)
[2025-01-16T15:54:28.132+0000] {spark_submit.py:641} INFO - at scala.collection.mutable.ResizableArray.foreach(ResizableArray.scala:62)
[2025-01-16T15:54:28.132+0000] {spark_submit.py:641} INFO - at scala.collection.mutable.ResizableArray.foreach$(ResizableArray.scala:55)
[2025-01-16T15:54:28.133+0000] {spark_submit.py:641} INFO - at scala.collection.mutable.ArrayBuffer.foreach(ArrayBuffer.scala:49)
[2025-01-16T15:54:28.133+0000] {spark_submit.py:641} INFO - at org.apache.spark.SparkContext.<init>(SparkContext.scala:507)
[2025-01-16T15:54:28.133+0000] {spark_submit.py:641} INFO - at org.apache.spark.api.java.JavaSparkContext.<init>(JavaSparkContext.scala:58)
[2025-01-16T15:54:28.134+0000] {spark_submit.py:641} INFO - at java.base/jdk.internal.reflect.NativeConstructorAccessorImpl.newInstance0(Native Method)
[2025-01-16T15:54:28.134+0000] {spark_submit.py:641} INFO - at java.base/jdk.internal.reflect.NativeConstructorAccessorImpl.newInstance(NativeConstructorAccessorImpl.java:77)
[2025-01-16T15:54:28.134+0000] {spark_submit.py:641} INFO - at java.base/jdk.internal.reflect.DelegatingConstructorAccessorImpl.newInstance(DelegatingConstructorAccessorImpl.java:45)
[2025-01-16T15:54:28.135+0000] {spark_submit.py:641} INFO - at java.base/java.lang.reflect.Constructor.newInstanceWithCaller(Constructor.java:500)
[2025-01-16T15:54:28.135+0000] {spark_submit.py:641} INFO - at java.base/java.lang.reflect.Constructor.newInstance(Constructor.java:481)
[2025-01-16T15:54:28.136+0000] {spark_submit.py:641} INFO - at py4j.reflection.MethodInvoker.invoke(MethodInvoker.java:247)
[2025-01-16T15:54:28.136+0000] {spark_submit.py:641} INFO - at py4j.reflection.ReflectionEngine.invoke(ReflectionEngine.java:357)
[2025-01-16T15:54:28.136+0000] {spark_submit.py:641} INFO - at py4j.Gateway.invoke(Gateway.java:238)
[2025-01-16T15:54:28.137+0000] {spark_submit.py:641} INFO - at py4j.commands.ConstructorCommand.invokeConstructor(ConstructorCommand.java:80)
[2025-01-16T15:54:28.137+0000] {spark_submit.py:641} INFO - at py4j.commands.ConstructorCommand.execute(ConstructorCommand.java:69)
[2025-01-16T15:54:28.138+0000] {spark_submit.py:641} INFO - at py4j.ClientServerConnection.waitForCommands(ClientServerConnection.java:182)
[2025-01-16T15:54:28.138+0000] {spark_submit.py:641} INFO - at py4j.ClientServerConnection.run(ClientServerConnection.java:106)
[2025-01-16T15:54:28.138+0000] {spark_submit.py:641} INFO - at java.base/java.lang.Thread.run(Thread.java:840)
[2025-01-16T15:54:28.194+0000] {spark_submit.py:641} INFO - 25/01/16 15:54:28 INFO StandaloneAppClient$ClientEndpoint: Connecting to master spark://spark-master:7077...
[2025-01-16T15:54:28.235+0000] {spark_submit.py:641} INFO - 25/01/16 15:54:28 INFO TransportClientFactory: Successfully created connection to spark-master/172.18.0.5:7077 after 22 ms (0 ms spent in bootstraps)
[2025-01-16T15:54:28.318+0000] {spark_submit.py:641} INFO - 25/01/16 15:54:28 INFO StandaloneSchedulerBackend: Connected to Spark cluster with app ID app-20250116155428-0003
[2025-01-16T15:54:28.323+0000] {spark_submit.py:641} INFO - 25/01/16 15:54:28 INFO Utils: Successfully started service 'org.apache.spark.network.netty.NettyBlockTransferService' on port 34463.
[2025-01-16T15:54:28.323+0000] {spark_submit.py:641} INFO - 25/01/16 15:54:28 INFO NettyBlockTransferService: Server created on airflow-scheduler:34463
[2025-01-16T15:54:28.324+0000] {spark_submit.py:641} INFO - 25/01/16 15:54:28 INFO BlockManager: Using org.apache.spark.storage.RandomBlockReplicationPolicy for block replication policy
[2025-01-16T15:54:28.330+0000] {spark_submit.py:641} INFO - 25/01/16 15:54:28 INFO BlockManagerMaster: Registering BlockManager BlockManagerId(driver, airflow-scheduler, 34463, None)
[2025-01-16T15:54:28.333+0000] {spark_submit.py:641} INFO - 25/01/16 15:54:28 INFO BlockManagerMasterEndpoint: Registering block manager airflow-scheduler:34463 with 434.4 MiB RAM, BlockManagerId(driver, airflow-scheduler, 34463, None)
[2025-01-16T15:54:28.336+0000] {spark_submit.py:641} INFO - 25/01/16 15:54:28 INFO BlockManagerMaster: Registered BlockManager BlockManagerId(driver, airflow-scheduler, 34463, None)
[2025-01-16T15:54:28.336+0000] {spark_submit.py:641} INFO - 25/01/16 15:54:28 INFO BlockManager: Initialized BlockManager: BlockManagerId(driver, airflow-scheduler, 34463, None)
[2025-01-16T15:54:28.469+0000] {spark_submit.py:641} INFO - 25/01/16 15:54:28 INFO StandaloneSchedulerBackend: SchedulerBackend is ready for scheduling beginning after reached minRegisteredResourcesRatio: 0.0
[2025-01-16T15:54:28.614+0000] {spark_submit.py:641} INFO - Extracting data from PostgreSQL (products)...
[2025-01-16T15:54:30.255+0000] {spark_submit.py:641} INFO - Extracting data from PostgreSQL (transactions)...
[2025-01-16T15:54:30.283+0000] {spark_submit.py:641} INFO - Transforming data...
[2025-01-16T15:54:46.160+0000] {spark_submit.py:641} INFO - 25/01/16 15:54:46 WARN TaskSchedulerImpl: Initial job has not accepted any resources; check your cluster UI to ensure that workers are registered and have sufficient resources
[2025-01-16T15:55:01.157+0000] {spark_submit.py:641} INFO - 25/01/16 15:55:01 WARN TaskSchedulerImpl: Initial job has not accepted any resources; check your cluster UI to ensure that workers are registered and have sufficient resources
[2025-01-16T15:55:16.158+0000] {spark_submit.py:641} INFO - 25/01/16 15:55:16 WARN TaskSchedulerImpl: Initial job has not accepted any resources; check your cluster UI to ensure that workers are registered and have sufficient resources
[2025-01-16T15:55:31.158+0000] {spark_submit.py:641} INFO - 25/01/16 15:55:31 WARN TaskSchedulerImpl: Initial job has not accepted any resources; check your cluster UI to ensure that workers are registered and have sufficient resources
[2025-01-16T15:55:46.157+0000] {spark_submit.py:641} INFO - 25/01/16 15:55:46 WARN TaskSchedulerImpl: Initial job has not accepted any resources; check your cluster UI to ensure that workers are registered and have sufficient resources
[2025-01-16T15:56:01.158+0000] {spark_submit.py:641} INFO - 25/01/16 15:56:01 WARN TaskSchedulerImpl: Initial job has not accepted any resources; check your cluster UI to ensure that workers are registered and have sufficient resources
[2025-01-16T15:56:16.158+0000] {spark_submit.py:641} INFO - 25/01/16 15:56:16 WARN TaskSchedulerImpl: Initial job has not accepted any resources; check your cluster UI to ensure that workers are registered and have sufficient resources
[2025-01-16T15:56:31.158+0000] {spark_submit.py:641} INFO - 25/01/16 15:56:31 WARN TaskSchedulerImpl: Initial job has not accepted any resources; check your cluster UI to ensure that workers are registered and have sufficient resources
[2025-01-16T15:56:46.158+0000] {spark_submit.py:641} INFO - 25/01/16 15:56:46 WARN TaskSchedulerImpl: Initial job has not accepted any resources; check your cluster UI to ensure that workers are registered and have sufficient resources
[2025-01-16T15:57:01.158+0000] {spark_submit.py:641} INFO - 25/01/16 15:57:01 WARN TaskSchedulerImpl: Initial job has not accepted any resources; check your cluster UI to ensure that workers are registered and have sufficient resources
[2025-01-16T15:57:16.158+0000] {spark_submit.py:641} INFO - 25/01/16 15:57:16 WARN TaskSchedulerImpl: Initial job has not accepted any resources; check your cluster UI to ensure that workers are registered and have sufficient resources
[2025-01-16T15:57:31.158+0000] {spark_submit.py:641} INFO - 25/01/16 15:57:31 WARN TaskSchedulerImpl: Initial job has not accepted any resources; check your cluster UI to ensure that workers are registered and have sufficient resources
[2025-01-16T15:57:46.158+0000] {spark_submit.py:641} INFO - 25/01/16 15:57:46 WARN TaskSchedulerImpl: Initial job has not accepted any resources; check your cluster UI to ensure that workers are registered and have sufficient resources
[2025-01-16T15:58:01.158+0000] {spark_submit.py:641} INFO - 25/01/16 15:58:01 WARN TaskSchedulerImpl: Initial job has not accepted any resources; check your cluster UI to ensure that workers are registered and have sufficient resources
[2025-01-16T15:58:16.158+0000] {spark_submit.py:641} INFO - 25/01/16 15:58:16 WARN TaskSchedulerImpl: Initial job has not accepted any resources; check your cluster UI to ensure that workers are registered and have sufficient resources
[2025-01-16T15:58:31.158+0000] {spark_submit.py:641} INFO - 25/01/16 15:58:31 WARN TaskSchedulerImpl: Initial job has not accepted any resources; check your cluster UI to ensure that workers are registered and have sufficient resources
[2025-01-16T15:58:46.157+0000] {spark_submit.py:641} INFO - 25/01/16 15:58:46 WARN TaskSchedulerImpl: Initial job has not accepted any resources; check your cluster UI to ensure that workers are registered and have sufficient resources
[2025-01-16T15:59:01.157+0000] {spark_submit.py:641} INFO - 25/01/16 15:59:01 WARN TaskSchedulerImpl: Initial job has not accepted any resources; check your cluster UI to ensure that workers are registered and have sufficient resources
[2025-01-16T15:59:16.158+0000] {spark_submit.py:641} INFO - 25/01/16 15:59:16 WARN TaskSchedulerImpl: Initial job has not accepted any resources; check your cluster UI to ensure that workers are registered and have sufficient resources
[2025-01-16T15:59:31.157+0000] {spark_submit.py:641} INFO - 25/01/16 15:59:31 WARN TaskSchedulerImpl: Initial job has not accepted any resources; check your cluster UI to ensure that workers are registered and have sufficient resources
[2025-01-16T15:59:40.353+0000] {local_task_job_runner.py:124} ERROR - Received SIGTERM. Terminating subprocesses
[2025-01-16T15:59:40.380+0000] {process_utils.py:132} INFO - Sending 15 to group 3686. PIDs of all processes in the group: [3687, 3751, 3686]
[2025-01-16T15:59:40.381+0000] {process_utils.py:87} INFO - Sending the signal 15 to group 3686
[2025-01-16T15:59:40.382+0000] {taskinstance.py:2611} ERROR - Received SIGTERM. Terminating subprocesses.
[2025-01-16T15:59:40.383+0000] {spark_submit.py:767} INFO - Sending kill signal to spark-submit
[2025-01-16T15:59:40.384+0000] {taskinstance.py:441} INFO - ::group::Post task execution logs
[2025-01-16T15:59:40.398+0000] {taskinstance.py:2905} ERROR - Task failed with exception
Traceback (most recent call last):
  File "/home/airflow/.local/lib/python3.10/site-packages/airflow/models/taskinstance.py", line 465, in _execute_task
    result = _execute_callable(context=context, **execute_callable_kwargs)
  File "/home/airflow/.local/lib/python3.10/site-packages/airflow/models/taskinstance.py", line 432, in _execute_callable
    return execute_callable(context=context, **execute_callable_kwargs)
  File "/home/airflow/.local/lib/python3.10/site-packages/airflow/models/baseoperator.py", line 401, in wrapper
    return func(self, *args, **kwargs)
  File "/home/airflow/.local/lib/python3.10/site-packages/airflow/providers/apache/spark/operators/spark_submit.py", line 177, in execute
    self._hook.submit(self.application)
  File "/home/airflow/.local/lib/python3.10/site-packages/airflow/providers/apache/spark/hooks/spark_submit.py", line 555, in submit
    self._process_spark_submit_log(iter(self._submit_sp.stdout))  # type: ignore
  File "/home/airflow/.local/lib/python3.10/site-packages/airflow/providers/apache/spark/hooks/spark_submit.py", line 604, in _process_spark_submit_log
    for line in itr:
  File "/home/airflow/.local/lib/python3.10/site-packages/airflow/models/taskinstance.py", line 2613, in signal_handler
    raise AirflowTaskTerminated("Task received SIGTERM signal")
airflow.exceptions.AirflowTaskTerminated: Task received SIGTERM signal
[2025-01-16T15:59:40.403+0000] {taskinstance.py:1206} INFO - Marking task as FAILED. dag_id=ETL, task_id=transform_data, run_id=manual__2025-01-16T15:54:15.274279+00:00, execution_date=20250116T155415, start_date=20250116T155424, end_date=20250116T155940
[2025-01-16T15:59:40.435+0000] {process_utils.py:80} INFO - Process psutil.Process(pid=3687, status='terminated', started='15:54:24') (3687) terminated with exit code None
[2025-01-16T15:59:40.436+0000] {process_utils.py:80} INFO - Process psutil.Process(pid=3686, status='terminated', exitcode=2, started='15:54:24') (3686) terminated with exit code 2
[2025-01-16T15:59:40.437+0000] {process_utils.py:80} INFO - Process psutil.Process(pid=3751, status='terminated', started='15:54:25') (3751) terminated with exit code None
[2025-01-16T15:59:40.438+0000] {local_task_job_runner.py:240} INFO - Task exited with return code 143
[2025-01-16T15:59:40.472+0000] {taskinstance.py:3503} INFO - 0 downstream tasks scheduled from follow-on schedule check
[2025-01-16T15:59:42.494+0000] {local_task_job_runner.py:222} INFO - ::endgroup::
