[2025-01-16T03:46:10.766+0000] {local_task_job_runner.py:120} INFO - ::group::Pre task execution logs
[2025-01-16T03:46:10.793+0000] {taskinstance.py:2076} INFO - Dependencies all met for dep_context=non-requeueable deps ti=<TaskInstance: Data_Ingestions_produts.Products manual__2025-01-16T03:46:07.454996+00:00 [queued]>
[2025-01-16T03:46:10.802+0000] {taskinstance.py:2076} INFO - Dependencies all met for dep_context=requeueable deps ti=<TaskInstance: Data_Ingestions_produts.Products manual__2025-01-16T03:46:07.454996+00:00 [queued]>
[2025-01-16T03:46:10.803+0000] {taskinstance.py:2306} INFO - Starting attempt 1 of 1
[2025-01-16T03:46:10.818+0000] {taskinstance.py:2330} INFO - Executing <Task(SparkSubmitOperator): Products> on 2025-01-16 03:46:07.454996+00:00
[2025-01-16T03:46:10.823+0000] {standard_task_runner.py:63} INFO - Started process 594 to run task
[2025-01-16T03:46:10.828+0000] {standard_task_runner.py:90} INFO - Running: ['airflow', 'tasks', 'run', 'Data_Ingestions_produts', 'Products', 'manual__2025-01-16T03:46:07.454996+00:00', '--job-id', '6', '--raw', '--subdir', 'DAGS_FOLDER/Data_Ingestions_produts.py', '--cfg-path', '/tmp/tmpc85d1j6t']
[2025-01-16T03:46:10.831+0000] {standard_task_runner.py:91} INFO - Job 6: Subtask Products
[2025-01-16T03:46:10.885+0000] {task_command.py:426} INFO - Running <TaskInstance: Data_Ingestions_produts.Products manual__2025-01-16T03:46:07.454996+00:00 [running]> on host airflow-scheduler
[2025-01-16T03:46:10.980+0000] {taskinstance.py:2648} INFO - Exporting env vars: AIRFLOW_CTX_DAG_OWNER='Ajied(WhatsApp), Ajied(Email)' AIRFLOW_CTX_DAG_ID='Data_Ingestions_produts' AIRFLOW_CTX_TASK_ID='Products' AIRFLOW_CTX_EXECUTION_DATE='2025-01-16T03:46:07.454996+00:00' AIRFLOW_CTX_TRY_NUMBER='1' AIRFLOW_CTX_DAG_RUN_ID='manual__2025-01-16T03:46:07.454996+00:00'
[2025-01-16T03:46:10.982+0000] {taskinstance.py:430} INFO - ::endgroup::
[2025-01-16T03:46:10.992+0000] {base.py:84} INFO - Using connection ID 'spark_main' for task execution.
[2025-01-16T03:46:10.993+0000] {spark_submit.py:474} INFO - Spark-Submit cmd: spark-submit --master spark://spark-master:7077 --jars /spark-scripts/jars/jars_postgresql-42.2.20.jar --name arrow-spark /spark-scripts/data_ingestion_products.py
[2025-01-16T03:46:13.054+0000] {spark_submit.py:641} INFO - 25/01/16 03:46:13 WARN NativeCodeLoader: Unable to load native-hadoop library for your platform... using builtin-java classes where applicable
[2025-01-16T03:46:14.282+0000] {spark_submit.py:641} INFO - 25/01/16 03:46:14 INFO SparkContext: Running Spark version 3.3.2
[2025-01-16T03:46:14.308+0000] {spark_submit.py:641} INFO - 25/01/16 03:46:14 INFO ResourceUtils: ==============================================================
[2025-01-16T03:46:14.309+0000] {spark_submit.py:641} INFO - 25/01/16 03:46:14 INFO ResourceUtils: No custom resources configured for spark.driver.
[2025-01-16T03:46:14.309+0000] {spark_submit.py:641} INFO - 25/01/16 03:46:14 INFO ResourceUtils: ==============================================================
[2025-01-16T03:46:14.310+0000] {spark_submit.py:641} INFO - 25/01/16 03:46:14 INFO SparkContext: Submitted application: Data Ingestion
[2025-01-16T03:46:14.327+0000] {spark_submit.py:641} INFO - 25/01/16 03:46:14 INFO ResourceProfile: Default ResourceProfile created, executor resources: Map(cores -> name: cores, amount: 1, script: , vendor: , memory -> name: memory, amount: 1024, script: , vendor: , offHeap -> name: offHeap, amount: 0, script: , vendor: ), task resources: Map(cpus -> name: cpus, amount: 1.0)
[2025-01-16T03:46:14.335+0000] {spark_submit.py:641} INFO - 25/01/16 03:46:14 INFO ResourceProfile: Limiting resource is cpu
[2025-01-16T03:46:14.336+0000] {spark_submit.py:641} INFO - 25/01/16 03:46:14 INFO ResourceProfileManager: Added ResourceProfile id: 0
[2025-01-16T03:46:14.375+0000] {spark_submit.py:641} INFO - 25/01/16 03:46:14 INFO SecurityManager: Changing view acls to: airflow
[2025-01-16T03:46:14.376+0000] {spark_submit.py:641} INFO - 25/01/16 03:46:14 INFO SecurityManager: Changing modify acls to: airflow
[2025-01-16T03:46:14.377+0000] {spark_submit.py:641} INFO - 25/01/16 03:46:14 INFO SecurityManager: Changing view acls groups to:
[2025-01-16T03:46:14.377+0000] {spark_submit.py:641} INFO - 25/01/16 03:46:14 INFO SecurityManager: Changing modify acls groups to:
[2025-01-16T03:46:14.378+0000] {spark_submit.py:641} INFO - 25/01/16 03:46:14 INFO SecurityManager: SecurityManager: authentication disabled; ui acls disabled; users  with view permissions: Set(airflow); groups with view permissions: Set(); users  with modify permissions: Set(airflow); groups with modify permissions: Set()
[2025-01-16T03:46:14.590+0000] {spark_submit.py:641} INFO - 25/01/16 03:46:14 INFO Utils: Successfully started service 'sparkDriver' on port 45121.
[2025-01-16T03:46:14.622+0000] {spark_submit.py:641} INFO - 25/01/16 03:46:14 INFO SparkEnv: Registering MapOutputTracker
[2025-01-16T03:46:14.663+0000] {spark_submit.py:641} INFO - 25/01/16 03:46:14 INFO SparkEnv: Registering BlockManagerMaster
[2025-01-16T03:46:14.683+0000] {spark_submit.py:641} INFO - 25/01/16 03:46:14 INFO BlockManagerMasterEndpoint: Using org.apache.spark.storage.DefaultTopologyMapper for getting topology information
[2025-01-16T03:46:14.684+0000] {spark_submit.py:641} INFO - 25/01/16 03:46:14 INFO BlockManagerMasterEndpoint: BlockManagerMasterEndpoint up
[2025-01-16T03:46:14.689+0000] {spark_submit.py:641} INFO - 25/01/16 03:46:14 INFO SparkEnv: Registering BlockManagerMasterHeartbeat
[2025-01-16T03:46:14.717+0000] {spark_submit.py:641} INFO - 25/01/16 03:46:14 INFO DiskBlockManager: Created local directory at /tmp/blockmgr-543cc39d-7df7-477c-ba6a-8910fdcf5909
[2025-01-16T03:46:14.737+0000] {spark_submit.py:641} INFO - 25/01/16 03:46:14 INFO MemoryStore: MemoryStore started with capacity 434.4 MiB
[2025-01-16T03:46:14.765+0000] {spark_submit.py:641} INFO - 25/01/16 03:46:14 INFO SparkEnv: Registering OutputCommitCoordinator
[2025-01-16T03:46:14.921+0000] {spark_submit.py:641} INFO - 25/01/16 03:46:14 WARN Utils: Service 'SparkUI' could not bind on port 4040. Attempting port 4041.
[2025-01-16T03:46:14.930+0000] {spark_submit.py:641} INFO - 25/01/16 03:46:14 INFO Utils: Successfully started service 'SparkUI' on port 4041.
[2025-01-16T03:46:14.977+0000] {spark_submit.py:641} INFO - 25/01/16 03:46:14 ERROR SparkContext: Failed to add /opt/bitnami/spark/jars/postgresql-42.2.18.jar to Spark environment
[2025-01-16T03:46:14.978+0000] {spark_submit.py:641} INFO - java.io.FileNotFoundException: Jar /opt/bitnami/spark/jars/postgresql-42.2.18.jar not found
[2025-01-16T03:46:14.978+0000] {spark_submit.py:641} INFO - at org.apache.spark.SparkContext.addLocalJarFile$1(SparkContext.scala:1959)
[2025-01-16T03:46:14.979+0000] {spark_submit.py:641} INFO - at org.apache.spark.SparkContext.addJar(SparkContext.scala:2014)
[2025-01-16T03:46:14.980+0000] {spark_submit.py:641} INFO - at org.apache.spark.SparkContext.$anonfun$new$12(SparkContext.scala:507)
[2025-01-16T03:46:14.981+0000] {spark_submit.py:641} INFO - at org.apache.spark.SparkContext.$anonfun$new$12$adapted(SparkContext.scala:507)
[2025-01-16T03:46:14.982+0000] {spark_submit.py:641} INFO - at scala.collection.mutable.ResizableArray.foreach(ResizableArray.scala:62)
[2025-01-16T03:46:14.982+0000] {spark_submit.py:641} INFO - at scala.collection.mutable.ResizableArray.foreach$(ResizableArray.scala:55)
[2025-01-16T03:46:14.983+0000] {spark_submit.py:641} INFO - at scala.collection.mutable.ArrayBuffer.foreach(ArrayBuffer.scala:49)
[2025-01-16T03:46:14.983+0000] {spark_submit.py:641} INFO - at org.apache.spark.SparkContext.<init>(SparkContext.scala:507)
[2025-01-16T03:46:14.984+0000] {spark_submit.py:641} INFO - at org.apache.spark.api.java.JavaSparkContext.<init>(JavaSparkContext.scala:58)
[2025-01-16T03:46:14.984+0000] {spark_submit.py:641} INFO - at java.base/jdk.internal.reflect.NativeConstructorAccessorImpl.newInstance0(Native Method)
[2025-01-16T03:46:14.985+0000] {spark_submit.py:641} INFO - at java.base/jdk.internal.reflect.NativeConstructorAccessorImpl.newInstance(NativeConstructorAccessorImpl.java:77)
[2025-01-16T03:46:14.985+0000] {spark_submit.py:641} INFO - at java.base/jdk.internal.reflect.DelegatingConstructorAccessorImpl.newInstance(DelegatingConstructorAccessorImpl.java:45)
[2025-01-16T03:46:14.986+0000] {spark_submit.py:641} INFO - at java.base/java.lang.reflect.Constructor.newInstanceWithCaller(Constructor.java:500)
[2025-01-16T03:46:14.987+0000] {spark_submit.py:641} INFO - at java.base/java.lang.reflect.Constructor.newInstance(Constructor.java:481)
[2025-01-16T03:46:14.988+0000] {spark_submit.py:641} INFO - at py4j.reflection.MethodInvoker.invoke(MethodInvoker.java:247)
[2025-01-16T03:46:14.988+0000] {spark_submit.py:641} INFO - at py4j.reflection.ReflectionEngine.invoke(ReflectionEngine.java:357)
[2025-01-16T03:46:14.989+0000] {spark_submit.py:641} INFO - at py4j.Gateway.invoke(Gateway.java:238)
[2025-01-16T03:46:14.989+0000] {spark_submit.py:641} INFO - at py4j.commands.ConstructorCommand.invokeConstructor(ConstructorCommand.java:80)
[2025-01-16T03:46:14.990+0000] {spark_submit.py:641} INFO - at py4j.commands.ConstructorCommand.execute(ConstructorCommand.java:69)
[2025-01-16T03:46:14.990+0000] {spark_submit.py:641} INFO - at py4j.ClientServerConnection.waitForCommands(ClientServerConnection.java:182)
[2025-01-16T03:46:14.991+0000] {spark_submit.py:641} INFO - at py4j.ClientServerConnection.run(ClientServerConnection.java:106)
[2025-01-16T03:46:14.991+0000] {spark_submit.py:641} INFO - at java.base/java.lang.Thread.run(Thread.java:840)
[2025-01-16T03:46:15.059+0000] {spark_submit.py:641} INFO - 25/01/16 03:46:15 INFO StandaloneAppClient$ClientEndpoint: Connecting to master spark://spark-master:7077...
[2025-01-16T03:46:15.098+0000] {spark_submit.py:641} INFO - 25/01/16 03:46:15 INFO TransportClientFactory: Successfully created connection to spark-master/172.18.0.2:7077 after 22 ms (0 ms spent in bootstraps)
[2025-01-16T03:46:15.210+0000] {spark_submit.py:641} INFO - 25/01/16 03:46:15 INFO StandaloneSchedulerBackend: Connected to Spark cluster with app ID app-20250116034615-0003
[2025-01-16T03:46:15.217+0000] {spark_submit.py:641} INFO - 25/01/16 03:46:15 INFO Utils: Successfully started service 'org.apache.spark.network.netty.NettyBlockTransferService' on port 46075.
[2025-01-16T03:46:15.218+0000] {spark_submit.py:641} INFO - 25/01/16 03:46:15 INFO NettyBlockTransferService: Server created on airflow-scheduler:46075
[2025-01-16T03:46:15.219+0000] {spark_submit.py:641} INFO - 25/01/16 03:46:15 INFO BlockManager: Using org.apache.spark.storage.RandomBlockReplicationPolicy for block replication policy
[2025-01-16T03:46:15.225+0000] {spark_submit.py:641} INFO - 25/01/16 03:46:15 INFO BlockManagerMaster: Registering BlockManager BlockManagerId(driver, airflow-scheduler, 46075, None)
[2025-01-16T03:46:15.229+0000] {spark_submit.py:641} INFO - 25/01/16 03:46:15 INFO BlockManagerMasterEndpoint: Registering block manager airflow-scheduler:46075 with 434.4 MiB RAM, BlockManagerId(driver, airflow-scheduler, 46075, None)
[2025-01-16T03:46:15.232+0000] {spark_submit.py:641} INFO - 25/01/16 03:46:15 INFO BlockManagerMaster: Registered BlockManager BlockManagerId(driver, airflow-scheduler, 46075, None)
[2025-01-16T03:46:15.233+0000] {spark_submit.py:641} INFO - 25/01/16 03:46:15 INFO BlockManager: Initialized BlockManager: BlockManagerId(driver, airflow-scheduler, 46075, None)
[2025-01-16T03:46:15.426+0000] {spark_submit.py:641} INFO - 25/01/16 03:46:15 INFO StandaloneSchedulerBackend: SchedulerBackend is ready for scheduling beginning after reached minRegisteredResourcesRatio: 0.0
[2025-01-16T03:46:26.561+0000] {spark_submit.py:641} INFO - Data berhasil disimpan ke database PostgreSQL.
[2025-01-16T03:46:26.580+0000] {spark_submit.py:641} INFO - Products Dataset:
[2025-01-16T03:46:26.921+0000] {spark_submit.py:641} INFO - +------------------+--------------------+--------------------+--------------------+--------------------+
[2025-01-16T03:46:26.921+0000] {spark_submit.py:641} INFO - |        product_id|        product_name|            category|        manufacturer|          base_price|
[2025-01-16T03:46:26.922+0000] {spark_submit.py:641} INFO - +------------------+--------------------+--------------------+--------------------+--------------------+
[2025-01-16T03:46:26.922+0000] {spark_submit.py:641} INFO - |     PROD-a7e8c7dd|       Books Item 72|               Books|             EcoTech|              475.85|
[2025-01-16T03:46:26.923+0000] {spark_submit.py:641} INFO - |     PROD-a9a7608e|Sports & Outdoors...|   Sports & Outdoors|        GlobalBrands|                hear|
[2025-01-16T03:46:26.923+0000] {spark_submit.py:641} INFO - |     PROD-38e2b395|Home & Kitchen It...|      Home & Kitchen|                -683|              235.03|
[2025-01-16T03:46:26.923+0000] {spark_submit.py:641} INFO - |     PROD-048762fb|Home & Kitchen It...|      Home & Kitchen|GlobalBrands_NOIS...|               20.09|
[2025-01-16T03:46:26.924+0000] {spark_submit.py:641} INFO - |Too often trouble.|      Books Item 192|               Books|        GlobalBrands|              469.89|
[2025-01-16T03:46:26.924+0000] {spark_submit.py:641} INFO - |     PROD-1f031ffb|                -605|               Books|        FashionHouse|               99.87|
[2025-01-16T03:46:26.924+0000] {spark_submit.py:641} INFO - |     PROD-83498373|Beauty & Personal...|Beauty & Personal...|           TechGiant|               13.46|
[2025-01-16T03:46:26.925+0000] {spark_submit.py:641} INFO - |     PROD-ac904d51|                -193|      Home & Kitchen|        GlobalBrands|              309.81|
[2025-01-16T03:46:26.925+0000] {spark_submit.py:641} INFO - |PROD-69b00429_head|      Books Item 958|                Bo  |           SportsPro|              189.52|
[2025-01-16T03:46:26.926+0000] {spark_submit.py:641} INFO - |     PROD-db9600bd|                null|Beauty & Personal...|         LuxuryGoods|MISSING_DATA_a207...|
[2025-01-16T03:46:26.926+0000] {spark_submit.py:641} INFO - +------------------+--------------------+--------------------+--------------------+--------------------+
[2025-01-16T03:46:26.926+0000] {spark_submit.py:641} INFO - only showing top 10 rows
[2025-01-16T03:46:26.927+0000] {spark_submit.py:641} INFO - 
[2025-01-16T03:46:27.055+0000] {taskinstance.py:441} INFO - ::group::Post task execution logs
[2025-01-16T03:46:27.062+0000] {taskinstance.py:1206} INFO - Marking task as SUCCESS. dag_id=Data_Ingestions_produts, task_id=Products, run_id=manual__2025-01-16T03:46:07.454996+00:00, execution_date=20250116T034607, start_date=20250116T034610, end_date=20250116T034627
[2025-01-16T03:46:27.086+0000] {local_task_job_runner.py:240} INFO - Task exited with return code 0
[2025-01-16T03:46:27.099+0000] {taskinstance.py:3503} INFO - 0 downstream tasks scheduled from follow-on schedule check
[2025-01-16T03:46:27.101+0000] {local_task_job_runner.py:222} INFO - ::endgroup::
