[2025-01-15T10:56:32.508+0000] {local_task_job_runner.py:120} INFO - ::group::Pre task execution logs
[2025-01-15T10:56:32.551+0000] {taskinstance.py:2076} INFO - Dependencies all met for dep_context=non-requeueable deps ti=<TaskInstance: Data_Ingestions_transactions.spark_submit_task manual__2025-01-15T10:56:30.057385+00:00 [queued]>
[2025-01-15T10:56:32.561+0000] {taskinstance.py:2076} INFO - Dependencies all met for dep_context=requeueable deps ti=<TaskInstance: Data_Ingestions_transactions.spark_submit_task manual__2025-01-15T10:56:30.057385+00:00 [queued]>
[2025-01-15T10:56:32.562+0000] {taskinstance.py:2306} INFO - Starting attempt 1 of 1
[2025-01-15T10:56:32.580+0000] {taskinstance.py:2330} INFO - Executing <Task(SparkSubmitOperator): spark_submit_task> on 2025-01-15 10:56:30.057385+00:00
[2025-01-15T10:56:32.587+0000] {standard_task_runner.py:63} INFO - Started process 1846 to run task
[2025-01-15T10:56:32.592+0000] {standard_task_runner.py:90} INFO - Running: ['airflow', 'tasks', 'run', 'Data_Ingestions_transactions', 'spark_submit_task', 'manual__2025-01-15T10:56:30.057385+00:00', '--job-id', '9', '--raw', '--subdir', 'DAGS_FOLDER/Data_Ingestions_transactions.py', '--cfg-path', '/tmp/tmpiur540o7']
[2025-01-15T10:56:32.595+0000] {standard_task_runner.py:91} INFO - Job 9: Subtask spark_submit_task
[2025-01-15T10:56:32.668+0000] {task_command.py:426} INFO - Running <TaskInstance: Data_Ingestions_transactions.spark_submit_task manual__2025-01-15T10:56:30.057385+00:00 [running]> on host airflow-scheduler
[2025-01-15T10:56:32.806+0000] {taskinstance.py:2648} INFO - Exporting env vars: AIRFLOW_CTX_DAG_OWNER='Ajied(WhatsApp), Ajied(Email)' AIRFLOW_CTX_DAG_ID='Data_Ingestions_transactions' AIRFLOW_CTX_TASK_ID='spark_submit_task' AIRFLOW_CTX_EXECUTION_DATE='2025-01-15T10:56:30.057385+00:00' AIRFLOW_CTX_TRY_NUMBER='1' AIRFLOW_CTX_DAG_RUN_ID='manual__2025-01-15T10:56:30.057385+00:00'
[2025-01-15T10:56:32.808+0000] {taskinstance.py:430} INFO - ::endgroup::
[2025-01-15T10:56:32.820+0000] {base.py:84} INFO - Using connection ID 'spark_main' for task execution.
[2025-01-15T10:56:32.822+0000] {spark_submit.py:474} INFO - Spark-Submit cmd: spark-submit --master spark://spark-master:7077 --jars /spark-scripts/jars/jars_postgresql-42.2.20.jar --name arrow-spark /spark-scripts/data_ingestion_transactions.py
[2025-01-15T10:56:34.838+0000] {spark_submit.py:641} INFO - 25/01/15 10:56:34 WARN NativeCodeLoader: Unable to load native-hadoop library for your platform... using builtin-java classes where applicable
[2025-01-15T10:56:36.578+0000] {spark_submit.py:641} INFO - 25/01/15 10:56:36 INFO SparkContext: Running Spark version 3.5.4
[2025-01-15T10:56:36.579+0000] {spark_submit.py:641} INFO - 25/01/15 10:56:36 INFO SparkContext: OS info Linux, 5.15.153.1-microsoft-standard-WSL2, amd64
[2025-01-15T10:56:36.579+0000] {spark_submit.py:641} INFO - 25/01/15 10:56:36 INFO SparkContext: Java version 17.0.13
[2025-01-15T10:56:36.613+0000] {spark_submit.py:641} INFO - 25/01/15 10:56:36 INFO ResourceUtils: ==============================================================
[2025-01-15T10:56:36.614+0000] {spark_submit.py:641} INFO - 25/01/15 10:56:36 INFO ResourceUtils: No custom resources configured for spark.driver.
[2025-01-15T10:56:36.615+0000] {spark_submit.py:641} INFO - 25/01/15 10:56:36 INFO ResourceUtils: ==============================================================
[2025-01-15T10:56:36.615+0000] {spark_submit.py:641} INFO - 25/01/15 10:56:36 INFO SparkContext: Submitted application: NTX
[2025-01-15T10:56:36.642+0000] {spark_submit.py:641} INFO - 25/01/15 10:56:36 INFO ResourceProfile: Default ResourceProfile created, executor resources: Map(memory -> name: memory, amount: 1024, script: , vendor: , offHeap -> name: offHeap, amount: 0, script: , vendor: ), task resources: Map(cpus -> name: cpus, amount: 1.0)
[2025-01-15T10:56:36.653+0000] {spark_submit.py:641} INFO - 25/01/15 10:56:36 INFO ResourceProfile: Limiting resource is cpu
[2025-01-15T10:56:36.654+0000] {spark_submit.py:641} INFO - 25/01/15 10:56:36 INFO ResourceProfileManager: Added ResourceProfile id: 0
[2025-01-15T10:56:36.715+0000] {spark_submit.py:641} INFO - 25/01/15 10:56:36 INFO SecurityManager: Changing view acls to: airflow
[2025-01-15T10:56:36.715+0000] {spark_submit.py:641} INFO - 25/01/15 10:56:36 INFO SecurityManager: Changing modify acls to: airflow
[2025-01-15T10:56:36.716+0000] {spark_submit.py:641} INFO - 25/01/15 10:56:36 INFO SecurityManager: Changing view acls groups to:
[2025-01-15T10:56:36.717+0000] {spark_submit.py:641} INFO - 25/01/15 10:56:36 INFO SecurityManager: Changing modify acls groups to:
[2025-01-15T10:56:36.717+0000] {spark_submit.py:641} INFO - 25/01/15 10:56:36 INFO SecurityManager: SecurityManager: authentication disabled; ui acls disabled; users with view permissions: airflow; groups with view permissions: EMPTY; users with modify permissions: airflow; groups with modify permissions: EMPTY
[2025-01-15T10:56:37.044+0000] {spark_submit.py:641} INFO - 25/01/15 10:56:37 INFO Utils: Successfully started service 'sparkDriver' on port 34683.
[2025-01-15T10:56:37.093+0000] {spark_submit.py:641} INFO - 25/01/15 10:56:37 INFO SparkEnv: Registering MapOutputTracker
[2025-01-15T10:56:37.142+0000] {spark_submit.py:641} INFO - 25/01/15 10:56:37 INFO SparkEnv: Registering BlockManagerMaster
[2025-01-15T10:56:37.165+0000] {spark_submit.py:641} INFO - 25/01/15 10:56:37 INFO BlockManagerMasterEndpoint: Using org.apache.spark.storage.DefaultTopologyMapper for getting topology information
[2025-01-15T10:56:37.166+0000] {spark_submit.py:641} INFO - 25/01/15 10:56:37 INFO BlockManagerMasterEndpoint: BlockManagerMasterEndpoint up
[2025-01-15T10:56:37.172+0000] {spark_submit.py:641} INFO - 25/01/15 10:56:37 INFO SparkEnv: Registering BlockManagerMasterHeartbeat
[2025-01-15T10:56:37.213+0000] {spark_submit.py:641} INFO - 25/01/15 10:56:37 INFO DiskBlockManager: Created local directory at /tmp/blockmgr-97316539-fa49-4473-b8d0-5a1c73f5d1b0
[2025-01-15T10:56:37.227+0000] {spark_submit.py:641} INFO - 25/01/15 10:56:37 INFO MemoryStore: MemoryStore started with capacity 434.4 MiB
[2025-01-15T10:56:37.245+0000] {spark_submit.py:641} INFO - 25/01/15 10:56:37 INFO SparkEnv: Registering OutputCommitCoordinator
[2025-01-15T10:56:37.378+0000] {spark_submit.py:641} INFO - 25/01/15 10:56:37 INFO JettyUtils: Start Jetty 0.0.0.0:4040 for SparkUI
[2025-01-15T10:56:37.452+0000] {spark_submit.py:641} INFO - 25/01/15 10:56:37 WARN Utils: Service 'SparkUI' could not bind on port 4040. Attempting port 4041.
[2025-01-15T10:56:37.465+0000] {spark_submit.py:641} INFO - 25/01/15 10:56:37 INFO Utils: Successfully started service 'SparkUI' on port 4041.
[2025-01-15T10:56:37.510+0000] {spark_submit.py:641} INFO - 25/01/15 10:56:37 ERROR SparkContext: Failed to add /opt/bitnami/spark/jars/postgresql-42.2.18.jar to Spark environment
[2025-01-15T10:56:37.511+0000] {spark_submit.py:641} INFO - java.io.FileNotFoundException: Jar /opt/bitnami/spark/jars/postgresql-42.2.18.jar not found
[2025-01-15T10:56:37.511+0000] {spark_submit.py:641} INFO - at org.apache.spark.SparkContext.addLocalJarFile$1(SparkContext.scala:2095)
[2025-01-15T10:56:37.512+0000] {spark_submit.py:641} INFO - at org.apache.spark.SparkContext.addJar(SparkContext.scala:2151)
[2025-01-15T10:56:37.513+0000] {spark_submit.py:641} INFO - at org.apache.spark.SparkContext.$anonfun$new$15(SparkContext.scala:521)
[2025-01-15T10:56:37.513+0000] {spark_submit.py:641} INFO - at org.apache.spark.SparkContext.$anonfun$new$15$adapted(SparkContext.scala:521)
[2025-01-15T10:56:37.514+0000] {spark_submit.py:641} INFO - at scala.collection.mutable.ResizableArray.foreach(ResizableArray.scala:62)
[2025-01-15T10:56:37.515+0000] {spark_submit.py:641} INFO - at scala.collection.mutable.ResizableArray.foreach$(ResizableArray.scala:55)
[2025-01-15T10:56:37.515+0000] {spark_submit.py:641} INFO - at scala.collection.mutable.ArrayBuffer.foreach(ArrayBuffer.scala:49)
[2025-01-15T10:56:37.516+0000] {spark_submit.py:641} INFO - at org.apache.spark.SparkContext.<init>(SparkContext.scala:521)
[2025-01-15T10:56:37.517+0000] {spark_submit.py:641} INFO - at org.apache.spark.api.java.JavaSparkContext.<init>(JavaSparkContext.scala:58)
[2025-01-15T10:56:37.517+0000] {spark_submit.py:641} INFO - at java.base/jdk.internal.reflect.NativeConstructorAccessorImpl.newInstance0(Native Method)
[2025-01-15T10:56:37.518+0000] {spark_submit.py:641} INFO - at java.base/jdk.internal.reflect.NativeConstructorAccessorImpl.newInstance(NativeConstructorAccessorImpl.java:77)
[2025-01-15T10:56:37.519+0000] {spark_submit.py:641} INFO - at java.base/jdk.internal.reflect.DelegatingConstructorAccessorImpl.newInstance(DelegatingConstructorAccessorImpl.java:45)
[2025-01-15T10:56:37.519+0000] {spark_submit.py:641} INFO - at java.base/java.lang.reflect.Constructor.newInstanceWithCaller(Constructor.java:500)
[2025-01-15T10:56:37.520+0000] {spark_submit.py:641} INFO - at java.base/java.lang.reflect.Constructor.newInstance(Constructor.java:481)
[2025-01-15T10:56:37.520+0000] {spark_submit.py:641} INFO - at py4j.reflection.MethodInvoker.invoke(MethodInvoker.java:247)
[2025-01-15T10:56:37.521+0000] {spark_submit.py:641} INFO - at py4j.reflection.ReflectionEngine.invoke(ReflectionEngine.java:374)
[2025-01-15T10:56:37.522+0000] {spark_submit.py:641} INFO - at py4j.Gateway.invoke(Gateway.java:238)
[2025-01-15T10:56:37.522+0000] {spark_submit.py:641} INFO - at py4j.commands.ConstructorCommand.invokeConstructor(ConstructorCommand.java:80)
[2025-01-15T10:56:37.523+0000] {spark_submit.py:641} INFO - at py4j.commands.ConstructorCommand.execute(ConstructorCommand.java:69)
[2025-01-15T10:56:37.524+0000] {spark_submit.py:641} INFO - at py4j.ClientServerConnection.waitForCommands(ClientServerConnection.java:182)
[2025-01-15T10:56:37.525+0000] {spark_submit.py:641} INFO - at py4j.ClientServerConnection.run(ClientServerConnection.java:106)
[2025-01-15T10:56:37.525+0000] {spark_submit.py:641} INFO - at java.base/java.lang.Thread.run(Thread.java:840)
[2025-01-15T10:56:37.601+0000] {spark_submit.py:641} INFO - 25/01/15 10:56:37 INFO StandaloneAppClient$ClientEndpoint: Connecting to master spark://spark-master:7077...
[2025-01-15T10:56:37.648+0000] {spark_submit.py:641} INFO - 25/01/15 10:56:37 INFO TransportClientFactory: Successfully created connection to spark-master/172.18.0.2:7077 after 25 ms (0 ms spent in bootstraps)
[2025-01-15T10:56:57.604+0000] {spark_submit.py:641} INFO - 25/01/15 10:56:57 INFO StandaloneAppClient$ClientEndpoint: Connecting to master spark://spark-master:7077...
[2025-01-15T10:57:17.605+0000] {spark_submit.py:641} INFO - 25/01/15 10:57:17 INFO StandaloneAppClient$ClientEndpoint: Connecting to master spark://spark-master:7077...
[2025-01-15T10:57:37.605+0000] {spark_submit.py:641} INFO - 25/01/15 10:57:37 ERROR StandaloneSchedulerBackend: Application has been killed. Reason: All masters are unresponsive! Giving up.
[2025-01-15T10:57:37.606+0000] {spark_submit.py:641} INFO - 25/01/15 10:57:37 WARN StandaloneSchedulerBackend: Application ID is not initialized yet.
[2025-01-15T10:57:37.618+0000] {spark_submit.py:641} INFO - 25/01/15 10:57:37 INFO Utils: Successfully started service 'org.apache.spark.network.netty.NettyBlockTransferService' on port 37505.
[2025-01-15T10:57:37.619+0000] {spark_submit.py:641} INFO - 25/01/15 10:57:37 INFO NettyBlockTransferService: Server created on airflow-scheduler:37505
[2025-01-15T10:57:37.621+0000] {spark_submit.py:641} INFO - 25/01/15 10:57:37 INFO BlockManager: Using org.apache.spark.storage.RandomBlockReplicationPolicy for block replication policy
[2025-01-15T10:57:37.630+0000] {spark_submit.py:641} INFO - 25/01/15 10:57:37 INFO BlockManagerMaster: Registering BlockManager BlockManagerId(driver, airflow-scheduler, 37505, None)
[2025-01-15T10:57:37.635+0000] {spark_submit.py:641} INFO - 25/01/15 10:57:37 INFO BlockManagerMasterEndpoint: Registering block manager airflow-scheduler:37505 with 434.4 MiB RAM, BlockManagerId(driver, airflow-scheduler, 37505, None)
[2025-01-15T10:57:37.638+0000] {spark_submit.py:641} INFO - 25/01/15 10:57:37 INFO BlockManagerMaster: Registered BlockManager BlockManagerId(driver, airflow-scheduler, 37505, None)
[2025-01-15T10:57:37.640+0000] {spark_submit.py:641} INFO - 25/01/15 10:57:37 INFO BlockManager: Initialized BlockManager: BlockManagerId(driver, airflow-scheduler, 37505, None)
[2025-01-15T10:57:37.870+0000] {spark_submit.py:641} INFO - 25/01/15 10:57:37 INFO StandaloneSchedulerBackend: SchedulerBackend is ready for scheduling beginning after reached minRegisteredResourcesRatio: 0.0
[2025-01-15T10:57:38.225+0000] {spark_submit.py:641} INFO - 25/01/15 10:57:38 WARN StandaloneAppClient$ClientEndpoint: Drop UnregisterApplication(null) because has not yet connected to master
[2025-01-15T10:57:40.942+0000] {spark_submit.py:641} INFO - Traceback (most recent call last):
[2025-01-15T10:57:40.944+0000] {spark_submit.py:641} INFO - File "/spark-scripts/data_ingestion_transactions.py", line 48, in <module>
[2025-01-15T10:57:40.955+0000] {spark_submit.py:641} INFO - transactions_dataset.write.mode("overwrite").jdbc(jdbc_url, 'public.transactions', properties=jdbc_properties)
[2025-01-15T10:57:40.958+0000] {spark_submit.py:641} INFO - File "/home/airflow/.local/lib/python3.10/site-packages/pyspark/python/lib/pyspark.zip/pyspark/sql/readwriter.py", line 1984, in jdbc
[2025-01-15T10:57:40.960+0000] {spark_submit.py:641} INFO - File "/home/airflow/.local/lib/python3.10/site-packages/pyspark/python/lib/py4j-0.10.9.7-src.zip/py4j/java_gateway.py", line 1322, in __call__
[2025-01-15T10:57:40.961+0000] {spark_submit.py:641} INFO - File "/home/airflow/.local/lib/python3.10/site-packages/pyspark/python/lib/pyspark.zip/pyspark/errors/exceptions/captured.py", line 179, in deco
[2025-01-15T10:57:40.963+0000] {spark_submit.py:641} INFO - File "/home/airflow/.local/lib/python3.10/site-packages/pyspark/python/lib/py4j-0.10.9.7-src.zip/py4j/protocol.py", line 326, in get_return_value
[2025-01-15T10:57:41.008+0000] {spark_submit.py:641} INFO - py4j.protocol.Py4JJavaError: An error occurred while calling o42.jdbc.
[2025-01-15T10:57:41.011+0000] {spark_submit.py:641} INFO - : java.lang.IllegalStateException: Cannot call methods on a stopped SparkContext.
[2025-01-15T10:57:41.013+0000] {spark_submit.py:641} INFO - This stopped SparkContext was created at:
[2025-01-15T10:57:41.014+0000] {spark_submit.py:641} INFO - 
[2025-01-15T10:57:41.016+0000] {spark_submit.py:641} INFO - org.apache.spark.api.java.JavaSparkContext.<init>(JavaSparkContext.scala:58)
[2025-01-15T10:57:41.018+0000] {spark_submit.py:641} INFO - java.base/jdk.internal.reflect.NativeConstructorAccessorImpl.newInstance0(Native Method)
[2025-01-15T10:57:41.020+0000] {spark_submit.py:641} INFO - java.base/jdk.internal.reflect.NativeConstructorAccessorImpl.newInstance(NativeConstructorAccessorImpl.java:77)
[2025-01-15T10:57:41.022+0000] {spark_submit.py:641} INFO - java.base/jdk.internal.reflect.DelegatingConstructorAccessorImpl.newInstance(DelegatingConstructorAccessorImpl.java:45)
[2025-01-15T10:57:41.024+0000] {spark_submit.py:641} INFO - java.base/java.lang.reflect.Constructor.newInstanceWithCaller(Constructor.java:500)
[2025-01-15T10:57:41.025+0000] {spark_submit.py:641} INFO - java.base/java.lang.reflect.Constructor.newInstance(Constructor.java:481)
[2025-01-15T10:57:41.027+0000] {spark_submit.py:641} INFO - py4j.reflection.MethodInvoker.invoke(MethodInvoker.java:247)
[2025-01-15T10:57:41.029+0000] {spark_submit.py:641} INFO - py4j.reflection.ReflectionEngine.invoke(ReflectionEngine.java:374)
[2025-01-15T10:57:41.031+0000] {spark_submit.py:641} INFO - py4j.Gateway.invoke(Gateway.java:238)
[2025-01-15T10:57:41.033+0000] {spark_submit.py:641} INFO - py4j.commands.ConstructorCommand.invokeConstructor(ConstructorCommand.java:80)
[2025-01-15T10:57:41.034+0000] {spark_submit.py:641} INFO - py4j.commands.ConstructorCommand.execute(ConstructorCommand.java:69)
[2025-01-15T10:57:41.036+0000] {spark_submit.py:641} INFO - py4j.ClientServerConnection.waitForCommands(ClientServerConnection.java:182)
[2025-01-15T10:57:41.038+0000] {spark_submit.py:641} INFO - py4j.ClientServerConnection.run(ClientServerConnection.java:106)
[2025-01-15T10:57:41.040+0000] {spark_submit.py:641} INFO - java.base/java.lang.Thread.run(Thread.java:840)
[2025-01-15T10:57:41.041+0000] {spark_submit.py:641} INFO - 
[2025-01-15T10:57:41.043+0000] {spark_submit.py:641} INFO - The currently active SparkContext was created at:
[2025-01-15T10:57:41.045+0000] {spark_submit.py:641} INFO - 
[2025-01-15T10:57:41.046+0000] {spark_submit.py:641} INFO - (No active SparkContext.)
[2025-01-15T10:57:41.048+0000] {spark_submit.py:641} INFO - 
[2025-01-15T10:57:41.050+0000] {spark_submit.py:641} INFO - at org.apache.spark.SparkContext.assertNotStopped(SparkContext.scala:122)
[2025-01-15T10:57:41.052+0000] {spark_submit.py:641} INFO - at org.apache.spark.SparkContext.broadcastInternal(SparkContext.scala:1654)
[2025-01-15T10:57:41.054+0000] {spark_submit.py:641} INFO - at org.apache.spark.SparkContext.broadcast(SparkContext.scala:1639)
[2025-01-15T10:57:41.055+0000] {spark_submit.py:641} INFO - at org.apache.spark.sql.execution.datasources.csv.CSVFileFormat.buildReader(CSVFileFormat.scala:102)
[2025-01-15T10:57:41.057+0000] {spark_submit.py:641} INFO - at org.apache.spark.sql.execution.datasources.FileFormat.buildReaderWithPartitionValues(FileFormat.scala:138)
[2025-01-15T10:57:41.059+0000] {spark_submit.py:641} INFO - at org.apache.spark.sql.execution.datasources.FileFormat.buildReaderWithPartitionValues$(FileFormat.scala:129)
[2025-01-15T10:57:41.060+0000] {spark_submit.py:641} INFO - at org.apache.spark.sql.execution.datasources.TextBasedFileFormat.buildReaderWithPartitionValues(FileFormat.scala:346)
[2025-01-15T10:57:41.062+0000] {spark_submit.py:641} INFO - at org.apache.spark.sql.execution.FileSourceScanExec.inputRDD$lzycompute(DataSourceScanExec.scala:548)
[2025-01-15T10:57:41.064+0000] {spark_submit.py:641} INFO - at org.apache.spark.sql.execution.FileSourceScanExec.inputRDD(DataSourceScanExec.scala:537)
[2025-01-15T10:57:41.066+0000] {spark_submit.py:641} INFO - at org.apache.spark.sql.execution.FileSourceScanExec.doExecute(DataSourceScanExec.scala:575)
[2025-01-15T10:57:41.068+0000] {spark_submit.py:641} INFO - at org.apache.spark.sql.execution.SparkPlan.$anonfun$execute$1(SparkPlan.scala:195)
[2025-01-15T10:57:41.069+0000] {spark_submit.py:641} INFO - at org.apache.spark.sql.execution.SparkPlan.$anonfun$executeQuery$1(SparkPlan.scala:246)
[2025-01-15T10:57:41.071+0000] {spark_submit.py:641} INFO - at org.apache.spark.rdd.RDDOperationScope$.withScope(RDDOperationScope.scala:151)
[2025-01-15T10:57:41.073+0000] {spark_submit.py:641} INFO - at org.apache.spark.sql.execution.SparkPlan.executeQuery(SparkPlan.scala:243)
[2025-01-15T10:57:41.075+0000] {spark_submit.py:641} INFO - at org.apache.spark.sql.execution.SparkPlan.execute(SparkPlan.scala:191)
[2025-01-15T10:57:41.076+0000] {spark_submit.py:641} INFO - at org.apache.spark.sql.execution.DeserializeToObjectExec.doExecute(objects.scala:93)
[2025-01-15T10:57:41.078+0000] {spark_submit.py:641} INFO - at org.apache.spark.sql.execution.SparkPlan.$anonfun$execute$1(SparkPlan.scala:195)
[2025-01-15T10:57:41.080+0000] {spark_submit.py:641} INFO - at org.apache.spark.sql.execution.SparkPlan.$anonfun$executeQuery$1(SparkPlan.scala:246)
[2025-01-15T10:57:41.082+0000] {spark_submit.py:641} INFO - at org.apache.spark.rdd.RDDOperationScope$.withScope(RDDOperationScope.scala:151)
[2025-01-15T10:57:41.084+0000] {spark_submit.py:641} INFO - at org.apache.spark.sql.execution.SparkPlan.executeQuery(SparkPlan.scala:243)
[2025-01-15T10:57:41.086+0000] {spark_submit.py:641} INFO - at org.apache.spark.sql.execution.SparkPlan.execute(SparkPlan.scala:191)
[2025-01-15T10:57:41.088+0000] {spark_submit.py:641} INFO - at org.apache.spark.sql.execution.QueryExecution.toRdd$lzycompute(QueryExecution.scala:207)
[2025-01-15T10:57:41.090+0000] {spark_submit.py:641} INFO - at org.apache.spark.sql.execution.QueryExecution.toRdd(QueryExecution.scala:206)
[2025-01-15T10:57:41.091+0000] {spark_submit.py:641} INFO - at org.apache.spark.sql.Dataset.rdd$lzycompute(Dataset.scala:3851)
[2025-01-15T10:57:41.093+0000] {spark_submit.py:641} INFO - at org.apache.spark.sql.Dataset.rdd(Dataset.scala:3849)
[2025-01-15T10:57:41.095+0000] {spark_submit.py:641} INFO - at org.apache.spark.sql.Dataset.$anonfun$foreachPartition$1(Dataset.scala:3516)
[2025-01-15T10:57:41.097+0000] {spark_submit.py:641} INFO - at scala.runtime.java8.JFunction0$mcV$sp.apply(JFunction0$mcV$sp.java:23)
[2025-01-15T10:57:41.099+0000] {spark_submit.py:641} INFO - at org.apache.spark.sql.Dataset.$anonfun$withNewRDDExecutionId$1(Dataset.scala:4310)
[2025-01-15T10:57:41.100+0000] {spark_submit.py:641} INFO - at org.apache.spark.sql.execution.SQLExecution$.$anonfun$withNewExecutionId$6(SQLExecution.scala:125)
[2025-01-15T10:57:41.102+0000] {spark_submit.py:641} INFO - at org.apache.spark.sql.execution.SQLExecution$.withSQLConfPropagated(SQLExecution.scala:201)
[2025-01-15T10:57:41.104+0000] {spark_submit.py:641} INFO - at org.apache.spark.sql.execution.SQLExecution$.$anonfun$withNewExecutionId$1(SQLExecution.scala:108)
[2025-01-15T10:57:41.106+0000] {spark_submit.py:641} INFO - at org.apache.spark.sql.SparkSession.withActive(SparkSession.scala:900)
[2025-01-15T10:57:41.107+0000] {spark_submit.py:641} INFO - at org.apache.spark.sql.execution.SQLExecution$.withNewExecutionId(SQLExecution.scala:66)
[2025-01-15T10:57:41.109+0000] {spark_submit.py:641} INFO - at org.apache.spark.sql.Dataset.withNewRDDExecutionId(Dataset.scala:4308)
[2025-01-15T10:57:41.111+0000] {spark_submit.py:641} INFO - at org.apache.spark.sql.Dataset.foreachPartition(Dataset.scala:3516)
[2025-01-15T10:57:41.113+0000] {spark_submit.py:641} INFO - at org.apache.spark.sql.execution.datasources.jdbc.JdbcUtils$.saveTable(JdbcUtils.scala:903)
[2025-01-15T10:57:41.115+0000] {spark_submit.py:641} INFO - at org.apache.spark.sql.execution.datasources.jdbc.JdbcRelationProvider.createRelation(JdbcRelationProvider.scala:82)
[2025-01-15T10:57:41.117+0000] {spark_submit.py:641} INFO - at org.apache.spark.sql.execution.datasources.SaveIntoDataSourceCommand.run(SaveIntoDataSourceCommand.scala:48)
[2025-01-15T10:57:41.119+0000] {spark_submit.py:641} INFO - at org.apache.spark.sql.execution.command.ExecutedCommandExec.sideEffectResult$lzycompute(commands.scala:75)
[2025-01-15T10:57:41.126+0000] {spark_submit.py:641} INFO - at org.apache.spark.sql.execution.command.ExecutedCommandExec.sideEffectResult(commands.scala:73)
[2025-01-15T10:57:41.128+0000] {spark_submit.py:641} INFO - at org.apache.spark.sql.execution.command.ExecutedCommandExec.executeCollect(commands.scala:84)
[2025-01-15T10:57:41.130+0000] {spark_submit.py:641} INFO - at org.apache.spark.sql.execution.QueryExecution$$anonfun$eagerlyExecuteCommands$1.$anonfun$applyOrElse$1(QueryExecution.scala:107)
[2025-01-15T10:57:41.132+0000] {spark_submit.py:641} INFO - at org.apache.spark.sql.execution.SQLExecution$.$anonfun$withNewExecutionId$6(SQLExecution.scala:125)
[2025-01-15T10:57:41.134+0000] {spark_submit.py:641} INFO - at org.apache.spark.sql.execution.SQLExecution$.withSQLConfPropagated(SQLExecution.scala:201)
[2025-01-15T10:57:41.136+0000] {spark_submit.py:641} INFO - at org.apache.spark.sql.execution.SQLExecution$.$anonfun$withNewExecutionId$1(SQLExecution.scala:108)
[2025-01-15T10:57:41.138+0000] {spark_submit.py:641} INFO - at org.apache.spark.sql.SparkSession.withActive(SparkSession.scala:900)
[2025-01-15T10:57:41.140+0000] {spark_submit.py:641} INFO - at org.apache.spark.sql.execution.SQLExecution$.withNewExecutionId(SQLExecution.scala:66)
[2025-01-15T10:57:41.142+0000] {spark_submit.py:641} INFO - at org.apache.spark.sql.execution.QueryExecution$$anonfun$eagerlyExecuteCommands$1.applyOrElse(QueryExecution.scala:107)
[2025-01-15T10:57:41.143+0000] {spark_submit.py:641} INFO - at org.apache.spark.sql.execution.QueryExecution$$anonfun$eagerlyExecuteCommands$1.applyOrElse(QueryExecution.scala:98)
[2025-01-15T10:57:41.146+0000] {spark_submit.py:641} INFO - at org.apache.spark.sql.catalyst.trees.TreeNode.$anonfun$transformDownWithPruning$1(TreeNode.scala:461)
[2025-01-15T10:57:41.148+0000] {spark_submit.py:641} INFO - at org.apache.spark.sql.catalyst.trees.CurrentOrigin$.withOrigin(origin.scala:76)
[2025-01-15T10:57:41.149+0000] {spark_submit.py:641} INFO - at org.apache.spark.sql.catalyst.trees.TreeNode.transformDownWithPruning(TreeNode.scala:461)
[2025-01-15T10:57:41.150+0000] {spark_submit.py:641} INFO - at org.apache.spark.sql.catalyst.plans.logical.LogicalPlan.org$apache$spark$sql$catalyst$plans$logical$AnalysisHelper$$super$transformDownWithPruning(LogicalPlan.scala:32)
[2025-01-15T10:57:41.152+0000] {spark_submit.py:641} INFO - at org.apache.spark.sql.catalyst.plans.logical.AnalysisHelper.transformDownWithPruning(AnalysisHelper.scala:267)
[2025-01-15T10:57:41.154+0000] {spark_submit.py:641} INFO - at org.apache.spark.sql.catalyst.plans.logical.AnalysisHelper.transformDownWithPruning$(AnalysisHelper.scala:263)
[2025-01-15T10:57:41.155+0000] {spark_submit.py:641} INFO - at org.apache.spark.sql.catalyst.plans.logical.LogicalPlan.transformDownWithPruning(LogicalPlan.scala:32)
[2025-01-15T10:57:41.156+0000] {spark_submit.py:641} INFO - at org.apache.spark.sql.catalyst.plans.logical.LogicalPlan.transformDownWithPruning(LogicalPlan.scala:32)
[2025-01-15T10:57:41.157+0000] {spark_submit.py:641} INFO - at org.apache.spark.sql.catalyst.trees.TreeNode.transformDown(TreeNode.scala:437)
[2025-01-15T10:57:41.159+0000] {spark_submit.py:641} INFO - at org.apache.spark.sql.execution.QueryExecution.eagerlyExecuteCommands(QueryExecution.scala:98)
[2025-01-15T10:57:41.160+0000] {spark_submit.py:641} INFO - at org.apache.spark.sql.execution.QueryExecution.commandExecuted$lzycompute(QueryExecution.scala:85)
[2025-01-15T10:57:41.161+0000] {spark_submit.py:641} INFO - at org.apache.spark.sql.execution.QueryExecution.commandExecuted(QueryExecution.scala:83)
[2025-01-15T10:57:41.162+0000] {spark_submit.py:641} INFO - at org.apache.spark.sql.execution.QueryExecution.assertCommandExecuted(QueryExecution.scala:142)
[2025-01-15T10:57:41.163+0000] {spark_submit.py:641} INFO - at org.apache.spark.sql.DataFrameWriter.runCommand(DataFrameWriter.scala:869)
[2025-01-15T10:57:41.164+0000] {spark_submit.py:641} INFO - at org.apache.spark.sql.DataFrameWriter.saveToV1Source(DataFrameWriter.scala:391)
[2025-01-15T10:57:41.165+0000] {spark_submit.py:641} INFO - at org.apache.spark.sql.DataFrameWriter.saveInternal(DataFrameWriter.scala:364)
[2025-01-15T10:57:41.166+0000] {spark_submit.py:641} INFO - at org.apache.spark.sql.DataFrameWriter.save(DataFrameWriter.scala:251)
[2025-01-15T10:57:41.167+0000] {spark_submit.py:641} INFO - at org.apache.spark.sql.DataFrameWriter.jdbc(DataFrameWriter.scala:766)
[2025-01-15T10:57:41.168+0000] {spark_submit.py:641} INFO - at java.base/jdk.internal.reflect.NativeMethodAccessorImpl.invoke0(Native Method)
[2025-01-15T10:57:41.169+0000] {spark_submit.py:641} INFO - at java.base/jdk.internal.reflect.NativeMethodAccessorImpl.invoke(NativeMethodAccessorImpl.java:77)
[2025-01-15T10:57:41.169+0000] {spark_submit.py:641} INFO - at java.base/jdk.internal.reflect.DelegatingMethodAccessorImpl.invoke(DelegatingMethodAccessorImpl.java:43)
[2025-01-15T10:57:41.170+0000] {spark_submit.py:641} INFO - at java.base/java.lang.reflect.Method.invoke(Method.java:569)
[2025-01-15T10:57:41.171+0000] {spark_submit.py:641} INFO - at py4j.reflection.MethodInvoker.invoke(MethodInvoker.java:244)
[2025-01-15T10:57:41.172+0000] {spark_submit.py:641} INFO - at py4j.reflection.ReflectionEngine.invoke(ReflectionEngine.java:374)
[2025-01-15T10:57:41.172+0000] {spark_submit.py:641} INFO - at py4j.Gateway.invoke(Gateway.java:282)
[2025-01-15T10:57:41.173+0000] {spark_submit.py:641} INFO - at py4j.commands.AbstractCommand.invokeMethod(AbstractCommand.java:132)
[2025-01-15T10:57:41.174+0000] {spark_submit.py:641} INFO - at py4j.commands.CallCommand.execute(CallCommand.java:79)
[2025-01-15T10:57:41.175+0000] {spark_submit.py:641} INFO - at py4j.ClientServerConnection.waitForCommands(ClientServerConnection.java:182)
[2025-01-15T10:57:41.176+0000] {spark_submit.py:641} INFO - at py4j.ClientServerConnection.run(ClientServerConnection.java:106)
[2025-01-15T10:57:41.177+0000] {spark_submit.py:641} INFO - at java.base/java.lang.Thread.run(Thread.java:840)
[2025-01-15T10:57:41.177+0000] {spark_submit.py:641} INFO - 
[2025-01-15T10:57:41.242+0000] {taskinstance.py:441} INFO - ::group::Post task execution logs
[2025-01-15T10:57:41.253+0000] {taskinstance.py:2905} ERROR - Task failed with exception
Traceback (most recent call last):
  File "/home/airflow/.local/lib/python3.10/site-packages/airflow/models/taskinstance.py", line 465, in _execute_task
    result = _execute_callable(context=context, **execute_callable_kwargs)
  File "/home/airflow/.local/lib/python3.10/site-packages/airflow/models/taskinstance.py", line 432, in _execute_callable
    return execute_callable(context=context, **execute_callable_kwargs)
  File "/home/airflow/.local/lib/python3.10/site-packages/airflow/models/baseoperator.py", line 401, in wrapper
    return func(self, *args, **kwargs)
  File "/home/airflow/.local/lib/python3.10/site-packages/airflow/providers/apache/spark/operators/spark_submit.py", line 177, in execute
    self._hook.submit(self.application)
  File "/home/airflow/.local/lib/python3.10/site-packages/airflow/providers/apache/spark/hooks/spark_submit.py", line 567, in submit
    raise AirflowException(
airflow.exceptions.AirflowException: Cannot execute: spark-submit --master spark://spark-master:7077 --jars /spark-scripts/jars/jars_postgresql-42.2.20.jar --name arrow-spark /spark-scripts/data_ingestion_transactions.py. Error code is: 1.
[2025-01-15T10:57:41.259+0000] {taskinstance.py:1206} INFO - Marking task as FAILED. dag_id=Data_Ingestions_transactions, task_id=spark_submit_task, run_id=manual__2025-01-15T10:56:30.057385+00:00, execution_date=20250115T105630, start_date=20250115T105632, end_date=20250115T105741
[2025-01-15T10:57:41.275+0000] {standard_task_runner.py:110} ERROR - Failed to execute job 9 for task spark_submit_task (Cannot execute: spark-submit --master spark://spark-master:7077 --jars /spark-scripts/jars/jars_postgresql-42.2.20.jar --name arrow-spark /spark-scripts/data_ingestion_transactions.py. Error code is: 1.; 1846)
[2025-01-15T10:57:41.290+0000] {local_task_job_runner.py:240} INFO - Task exited with return code 1
[2025-01-15T10:57:41.316+0000] {taskinstance.py:3503} INFO - 0 downstream tasks scheduled from follow-on schedule check
[2025-01-15T10:57:41.322+0000] {local_task_job_runner.py:222} INFO - ::endgroup::
