[2025-01-17T07:58:41.670+0000] {local_task_job_runner.py:120} INFO - ::group::Pre task execution logs
[2025-01-17T07:58:41.711+0000] {taskinstance.py:2076} INFO - Dependencies all met for dep_context=non-requeueable deps ti=<TaskInstance: ETL.load_data manual__2025-01-17T07:58:06.873100+00:00 [queued]>
[2025-01-17T07:58:41.724+0000] {taskinstance.py:2076} INFO - Dependencies all met for dep_context=requeueable deps ti=<TaskInstance: ETL.load_data manual__2025-01-17T07:58:06.873100+00:00 [queued]>
[2025-01-17T07:58:41.734+0000] {taskinstance.py:2306} INFO - Starting attempt 1 of 1
[2025-01-17T07:58:41.754+0000] {taskinstance.py:2330} INFO - Executing <Task(BashOperator): load_data> on 2025-01-17 07:58:06.873100+00:00
[2025-01-17T07:58:41.759+0000] {standard_task_runner.py:63} INFO - Started process 11307 to run task
[2025-01-17T07:58:41.764+0000] {standard_task_runner.py:90} INFO - Running: ['airflow', 'tasks', 'run', 'ETL', 'load_data', 'manual__2025-01-17T07:58:06.873100+00:00', '--job-id', '153', '--raw', '--subdir', 'DAGS_FOLDER/ETL.py', '--cfg-path', '/tmp/tmp6ox7tsuv']
[2025-01-17T07:58:41.767+0000] {standard_task_runner.py:91} INFO - Job 153: Subtask load_data
[2025-01-17T07:58:41.826+0000] {task_command.py:426} INFO - Running <TaskInstance: ETL.load_data manual__2025-01-17T07:58:06.873100+00:00 [running]> on host airflow-scheduler
[2025-01-17T07:58:41.936+0000] {taskinstance.py:2648} INFO - Exporting env vars: AIRFLOW_CTX_DAG_OWNER='Ajied(WhatsApp), Ajied(Email)' AIRFLOW_CTX_DAG_ID='ETL' AIRFLOW_CTX_TASK_ID='load_data' AIRFLOW_CTX_EXECUTION_DATE='2025-01-17T07:58:06.873100+00:00' AIRFLOW_CTX_TRY_NUMBER='1' AIRFLOW_CTX_DAG_RUN_ID='manual__2025-01-17T07:58:06.873100+00:00'
[2025-01-17T07:58:41.938+0000] {taskinstance.py:430} INFO - ::endgroup::
[2025-01-17T07:58:41.939+0000] {subprocess.py:63} INFO - Tmp dir root location: /tmp
[2025-01-17T07:58:41.940+0000] {subprocess.py:75} INFO - Running command: ['/usr/bin/bash', '-c', 'python /spark-scripts/resources/load.py']
[2025-01-17T07:58:41.949+0000] {subprocess.py:86} INFO - Output:
[2025-01-17T07:58:55.967+0000] {subprocess.py:93} INFO - Data berhasil diupload ke BigQuery!
[2025-01-17T07:58:56.251+0000] {subprocess.py:97} INFO - Command exited with return code 0
[2025-01-17T07:58:56.253+0000] {taskinstance.py:441} INFO - ::group::Post task execution logs
[2025-01-17T07:58:56.296+0000] {taskinstance.py:1206} INFO - Marking task as SUCCESS. dag_id=ETL, task_id=load_data, run_id=manual__2025-01-17T07:58:06.873100+00:00, execution_date=20250117T075806, start_date=20250117T075841, end_date=20250117T075856
[2025-01-17T07:58:56.344+0000] {local_task_job_runner.py:240} INFO - Task exited with return code 0
[2025-01-17T07:58:56.412+0000] {taskinstance.py:3503} INFO - 0 downstream tasks scheduled from follow-on schedule check
[2025-01-17T07:58:56.419+0000] {local_task_job_runner.py:222} INFO - ::endgroup::
