[2025-01-15T10:42:02.258+0000] {local_task_job_runner.py:120} INFO - ::group::Pre task execution logs
[2025-01-15T10:42:02.394+0000] {taskinstance.py:2076} INFO - Dependencies all met for dep_context=non-requeueable deps ti=<TaskInstance: Data_Ingestions.spark_submit_task manual__2025-01-15T10:41:59.149923+00:00 [queued]>
[2025-01-15T10:42:02.427+0000] {taskinstance.py:2076} INFO - Dependencies all met for dep_context=requeueable deps ti=<TaskInstance: Data_Ingestions.spark_submit_task manual__2025-01-15T10:41:59.149923+00:00 [queued]>
[2025-01-15T10:42:02.433+0000] {taskinstance.py:2306} INFO - Starting attempt 1 of 1
[2025-01-15T10:42:02.485+0000] {taskinstance.py:2330} INFO - Executing <Task(SparkSubmitOperator): spark_submit_task> on 2025-01-15 10:41:59.149923+00:00
[2025-01-15T10:42:02.500+0000] {standard_task_runner.py:63} INFO - Started process 1282 to run task
[2025-01-15T10:42:02.512+0000] {standard_task_runner.py:90} INFO - Running: ['airflow', 'tasks', 'run', 'Data_Ingestions', 'spark_submit_task', 'manual__2025-01-15T10:41:59.149923+00:00', '--job-id', '6', '--raw', '--subdir', 'DAGS_FOLDER/Data_Ingestions.py', '--cfg-path', '/tmp/tmpe3zupugl']
[2025-01-15T10:42:02.521+0000] {standard_task_runner.py:91} INFO - Job 6: Subtask spark_submit_task
[2025-01-15T10:42:02.690+0000] {task_command.py:426} INFO - Running <TaskInstance: Data_Ingestions.spark_submit_task manual__2025-01-15T10:41:59.149923+00:00 [running]> on host airflow-scheduler
[2025-01-15T10:42:03.012+0000] {taskinstance.py:2648} INFO - Exporting env vars: AIRFLOW_CTX_DAG_OWNER='Ajied(WhatsApp), Ajied(Email)' AIRFLOW_CTX_DAG_ID='Data_Ingestions' AIRFLOW_CTX_TASK_ID='spark_submit_task' AIRFLOW_CTX_EXECUTION_DATE='2025-01-15T10:41:59.149923+00:00' AIRFLOW_CTX_TRY_NUMBER='1' AIRFLOW_CTX_DAG_RUN_ID='manual__2025-01-15T10:41:59.149923+00:00'
[2025-01-15T10:42:03.016+0000] {taskinstance.py:430} INFO - ::endgroup::
[2025-01-15T10:42:03.044+0000] {base.py:84} INFO - Using connection ID 'spark_main' for task execution.
[2025-01-15T10:42:03.048+0000] {spark_submit.py:474} INFO - Spark-Submit cmd: spark-submit --master spark://spark-master:7077 --jars /spark-scripts/jars/jars_postgresql-42.2.20.jar --name arrow-spark /spark-scripts/data_ingestion.py
[2025-01-15T10:42:05.837+0000] {spark_submit.py:641} INFO - 25/01/15 10:42:05 WARN NativeCodeLoader: Unable to load native-hadoop library for your platform... using builtin-java classes where applicable
[2025-01-15T10:42:07.600+0000] {spark_submit.py:641} INFO - 25/01/15 10:42:07 INFO SparkContext: Running Spark version 3.5.4
[2025-01-15T10:42:07.601+0000] {spark_submit.py:641} INFO - 25/01/15 10:42:07 INFO SparkContext: OS info Linux, 5.15.153.1-microsoft-standard-WSL2, amd64
[2025-01-15T10:42:07.602+0000] {spark_submit.py:641} INFO - 25/01/15 10:42:07 INFO SparkContext: Java version 17.0.13
[2025-01-15T10:42:07.628+0000] {spark_submit.py:641} INFO - 25/01/15 10:42:07 INFO ResourceUtils: ==============================================================
[2025-01-15T10:42:07.629+0000] {spark_submit.py:641} INFO - 25/01/15 10:42:07 INFO ResourceUtils: No custom resources configured for spark.driver.
[2025-01-15T10:42:07.630+0000] {spark_submit.py:641} INFO - 25/01/15 10:42:07 INFO ResourceUtils: ==============================================================
[2025-01-15T10:42:07.631+0000] {spark_submit.py:641} INFO - 25/01/15 10:42:07 INFO SparkContext: Submitted application: NTX
[2025-01-15T10:42:07.651+0000] {spark_submit.py:641} INFO - 25/01/15 10:42:07 INFO ResourceProfile: Default ResourceProfile created, executor resources: Map(memory -> name: memory, amount: 1024, script: , vendor: , offHeap -> name: offHeap, amount: 0, script: , vendor: ), task resources: Map(cpus -> name: cpus, amount: 1.0)
[2025-01-15T10:42:07.660+0000] {spark_submit.py:641} INFO - 25/01/15 10:42:07 INFO ResourceProfile: Limiting resource is cpu
[2025-01-15T10:42:07.661+0000] {spark_submit.py:641} INFO - 25/01/15 10:42:07 INFO ResourceProfileManager: Added ResourceProfile id: 0
[2025-01-15T10:42:07.710+0000] {spark_submit.py:641} INFO - 25/01/15 10:42:07 INFO SecurityManager: Changing view acls to: airflow
[2025-01-15T10:42:07.711+0000] {spark_submit.py:641} INFO - 25/01/15 10:42:07 INFO SecurityManager: Changing modify acls to: airflow
[2025-01-15T10:42:07.711+0000] {spark_submit.py:641} INFO - 25/01/15 10:42:07 INFO SecurityManager: Changing view acls groups to:
[2025-01-15T10:42:07.712+0000] {spark_submit.py:641} INFO - 25/01/15 10:42:07 INFO SecurityManager: Changing modify acls groups to:
[2025-01-15T10:42:07.713+0000] {spark_submit.py:641} INFO - 25/01/15 10:42:07 INFO SecurityManager: SecurityManager: authentication disabled; ui acls disabled; users with view permissions: airflow; groups with view permissions: EMPTY; users with modify permissions: airflow; groups with modify permissions: EMPTY
[2025-01-15T10:42:07.961+0000] {spark_submit.py:641} INFO - 25/01/15 10:42:07 INFO Utils: Successfully started service 'sparkDriver' on port 43471.
[2025-01-15T10:42:07.995+0000] {spark_submit.py:641} INFO - 25/01/15 10:42:07 INFO SparkEnv: Registering MapOutputTracker
[2025-01-15T10:42:08.032+0000] {spark_submit.py:641} INFO - 25/01/15 10:42:08 INFO SparkEnv: Registering BlockManagerMaster
[2025-01-15T10:42:08.049+0000] {spark_submit.py:641} INFO - 25/01/15 10:42:08 INFO BlockManagerMasterEndpoint: Using org.apache.spark.storage.DefaultTopologyMapper for getting topology information
[2025-01-15T10:42:08.050+0000] {spark_submit.py:641} INFO - 25/01/15 10:42:08 INFO BlockManagerMasterEndpoint: BlockManagerMasterEndpoint up
[2025-01-15T10:42:08.054+0000] {spark_submit.py:641} INFO - 25/01/15 10:42:08 INFO SparkEnv: Registering BlockManagerMasterHeartbeat
[2025-01-15T10:42:08.085+0000] {spark_submit.py:641} INFO - 25/01/15 10:42:08 INFO DiskBlockManager: Created local directory at /tmp/blockmgr-894ce526-2be9-405e-83f5-ca980140a27f
[2025-01-15T10:42:08.099+0000] {spark_submit.py:641} INFO - 25/01/15 10:42:08 INFO MemoryStore: MemoryStore started with capacity 434.4 MiB
[2025-01-15T10:42:08.115+0000] {spark_submit.py:641} INFO - 25/01/15 10:42:08 INFO SparkEnv: Registering OutputCommitCoordinator
[2025-01-15T10:42:08.236+0000] {spark_submit.py:641} INFO - 25/01/15 10:42:08 INFO JettyUtils: Start Jetty 0.0.0.0:4040 for SparkUI
[2025-01-15T10:42:08.313+0000] {spark_submit.py:641} INFO - 25/01/15 10:42:08 INFO Utils: Successfully started service 'SparkUI' on port 4040.
[2025-01-15T10:42:08.360+0000] {spark_submit.py:641} INFO - 25/01/15 10:42:08 ERROR SparkContext: Failed to add /opt/bitnami/spark/jars/postgresql-42.2.18.jar to Spark environment
[2025-01-15T10:42:08.361+0000] {spark_submit.py:641} INFO - java.io.FileNotFoundException: Jar /opt/bitnami/spark/jars/postgresql-42.2.18.jar not found
[2025-01-15T10:42:08.361+0000] {spark_submit.py:641} INFO - at org.apache.spark.SparkContext.addLocalJarFile$1(SparkContext.scala:2095)
[2025-01-15T10:42:08.362+0000] {spark_submit.py:641} INFO - at org.apache.spark.SparkContext.addJar(SparkContext.scala:2151)
[2025-01-15T10:42:08.363+0000] {spark_submit.py:641} INFO - at org.apache.spark.SparkContext.$anonfun$new$15(SparkContext.scala:521)
[2025-01-15T10:42:08.363+0000] {spark_submit.py:641} INFO - at org.apache.spark.SparkContext.$anonfun$new$15$adapted(SparkContext.scala:521)
[2025-01-15T10:42:08.364+0000] {spark_submit.py:641} INFO - at scala.collection.mutable.ResizableArray.foreach(ResizableArray.scala:62)
[2025-01-15T10:42:08.365+0000] {spark_submit.py:641} INFO - at scala.collection.mutable.ResizableArray.foreach$(ResizableArray.scala:55)
[2025-01-15T10:42:08.365+0000] {spark_submit.py:641} INFO - at scala.collection.mutable.ArrayBuffer.foreach(ArrayBuffer.scala:49)
[2025-01-15T10:42:08.366+0000] {spark_submit.py:641} INFO - at org.apache.spark.SparkContext.<init>(SparkContext.scala:521)
[2025-01-15T10:42:08.367+0000] {spark_submit.py:641} INFO - at org.apache.spark.api.java.JavaSparkContext.<init>(JavaSparkContext.scala:58)
[2025-01-15T10:42:08.367+0000] {spark_submit.py:641} INFO - at java.base/jdk.internal.reflect.NativeConstructorAccessorImpl.newInstance0(Native Method)
[2025-01-15T10:42:08.368+0000] {spark_submit.py:641} INFO - at java.base/jdk.internal.reflect.NativeConstructorAccessorImpl.newInstance(NativeConstructorAccessorImpl.java:77)
[2025-01-15T10:42:08.368+0000] {spark_submit.py:641} INFO - at java.base/jdk.internal.reflect.DelegatingConstructorAccessorImpl.newInstance(DelegatingConstructorAccessorImpl.java:45)
[2025-01-15T10:42:08.369+0000] {spark_submit.py:641} INFO - at java.base/java.lang.reflect.Constructor.newInstanceWithCaller(Constructor.java:500)
[2025-01-15T10:42:08.369+0000] {spark_submit.py:641} INFO - at java.base/java.lang.reflect.Constructor.newInstance(Constructor.java:481)
[2025-01-15T10:42:08.370+0000] {spark_submit.py:641} INFO - at py4j.reflection.MethodInvoker.invoke(MethodInvoker.java:247)
[2025-01-15T10:42:08.371+0000] {spark_submit.py:641} INFO - at py4j.reflection.ReflectionEngine.invoke(ReflectionEngine.java:374)
[2025-01-15T10:42:08.371+0000] {spark_submit.py:641} INFO - at py4j.Gateway.invoke(Gateway.java:238)
[2025-01-15T10:42:08.372+0000] {spark_submit.py:641} INFO - at py4j.commands.ConstructorCommand.invokeConstructor(ConstructorCommand.java:80)
[2025-01-15T10:42:08.372+0000] {spark_submit.py:641} INFO - at py4j.commands.ConstructorCommand.execute(ConstructorCommand.java:69)
[2025-01-15T10:42:08.373+0000] {spark_submit.py:641} INFO - at py4j.ClientServerConnection.waitForCommands(ClientServerConnection.java:182)
[2025-01-15T10:42:08.373+0000] {spark_submit.py:641} INFO - at py4j.ClientServerConnection.run(ClientServerConnection.java:106)
[2025-01-15T10:42:08.374+0000] {spark_submit.py:641} INFO - at java.base/java.lang.Thread.run(Thread.java:840)
[2025-01-15T10:42:08.439+0000] {spark_submit.py:641} INFO - 25/01/15 10:42:08 INFO StandaloneAppClient$ClientEndpoint: Connecting to master spark://spark-master:7077...
[2025-01-15T10:42:08.484+0000] {spark_submit.py:641} INFO - 25/01/15 10:42:08 INFO TransportClientFactory: Successfully created connection to spark-master/172.18.0.2:7077 after 25 ms (0 ms spent in bootstraps)
[2025-01-15T10:42:28.442+0000] {spark_submit.py:641} INFO - 25/01/15 10:42:28 INFO StandaloneAppClient$ClientEndpoint: Connecting to master spark://spark-master:7077...
[2025-01-15T10:42:48.442+0000] {spark_submit.py:641} INFO - 25/01/15 10:42:48 INFO StandaloneAppClient$ClientEndpoint: Connecting to master spark://spark-master:7077...
[2025-01-15T10:43:08.444+0000] {spark_submit.py:641} INFO - 25/01/15 10:43:08 ERROR StandaloneSchedulerBackend: Application has been killed. Reason: All masters are unresponsive! Giving up.
[2025-01-15T10:43:08.446+0000] {spark_submit.py:641} INFO - 25/01/15 10:43:08 WARN StandaloneSchedulerBackend: Application ID is not initialized yet.
[2025-01-15T10:43:08.469+0000] {spark_submit.py:641} INFO - 25/01/15 10:43:08 INFO Utils: Successfully started service 'org.apache.spark.network.netty.NettyBlockTransferService' on port 42857.
[2025-01-15T10:43:08.471+0000] {spark_submit.py:641} INFO - 25/01/15 10:43:08 INFO NettyBlockTransferService: Server created on airflow-scheduler:42857
[2025-01-15T10:43:08.476+0000] {spark_submit.py:641} INFO - 25/01/15 10:43:08 INFO BlockManager: Using org.apache.spark.storage.RandomBlockReplicationPolicy for block replication policy
[2025-01-15T10:43:08.495+0000] {spark_submit.py:641} INFO - 25/01/15 10:43:08 INFO BlockManagerMaster: Registering BlockManager BlockManagerId(driver, airflow-scheduler, 42857, None)
[2025-01-15T10:43:08.506+0000] {spark_submit.py:641} INFO - 25/01/15 10:43:08 INFO BlockManagerMasterEndpoint: Registering block manager airflow-scheduler:42857 with 434.4 MiB RAM, BlockManagerId(driver, airflow-scheduler, 42857, None)
[2025-01-15T10:43:08.513+0000] {spark_submit.py:641} INFO - 25/01/15 10:43:08 INFO BlockManagerMaster: Registered BlockManager BlockManagerId(driver, airflow-scheduler, 42857, None)
[2025-01-15T10:43:08.517+0000] {spark_submit.py:641} INFO - 25/01/15 10:43:08 INFO BlockManager: Initialized BlockManager: BlockManagerId(driver, airflow-scheduler, 42857, None)
[2025-01-15T10:43:08.907+0000] {spark_submit.py:641} INFO - 25/01/15 10:43:08 INFO StandaloneSchedulerBackend: SchedulerBackend is ready for scheduling beginning after reached minRegisteredResourcesRatio: 0.0
[2025-01-15T10:43:09.172+0000] {spark_submit.py:641} INFO - 25/01/15 10:43:09 WARN StandaloneAppClient$ClientEndpoint: Drop UnregisterApplication(null) because has not yet connected to master
[2025-01-15T10:43:11.695+0000] {spark_submit.py:641} INFO - Traceback (most recent call last):
[2025-01-15T10:43:11.696+0000] {spark_submit.py:641} INFO - File "/spark-scripts/data_ingestion.py", line 65, in <module>
[2025-01-15T10:43:11.700+0000] {spark_submit.py:641} INFO - products_dataset
[2025-01-15T10:43:11.701+0000] {spark_submit.py:641} INFO - File "/home/airflow/.local/lib/python3.10/site-packages/pyspark/python/lib/pyspark.zip/pyspark/sql/readwriter.py", line 1984, in jdbc
[2025-01-15T10:43:11.702+0000] {spark_submit.py:641} INFO - File "/home/airflow/.local/lib/python3.10/site-packages/pyspark/python/lib/py4j-0.10.9.7-src.zip/py4j/java_gateway.py", line 1322, in __call__
[2025-01-15T10:43:11.702+0000] {spark_submit.py:641} INFO - File "/home/airflow/.local/lib/python3.10/site-packages/pyspark/python/lib/pyspark.zip/pyspark/errors/exceptions/captured.py", line 179, in deco
[2025-01-15T10:43:11.703+0000] {spark_submit.py:641} INFO - File "/home/airflow/.local/lib/python3.10/site-packages/pyspark/python/lib/py4j-0.10.9.7-src.zip/py4j/protocol.py", line 326, in get_return_value
[2025-01-15T10:43:11.745+0000] {spark_submit.py:641} INFO - py4j.protocol.Py4JJavaError: An error occurred while calling o53.jdbc.
[2025-01-15T10:43:11.746+0000] {spark_submit.py:641} INFO - : java.lang.IllegalStateException: Cannot call methods on a stopped SparkContext.
[2025-01-15T10:43:11.747+0000] {spark_submit.py:641} INFO - This stopped SparkContext was created at:
[2025-01-15T10:43:11.748+0000] {spark_submit.py:641} INFO - 
[2025-01-15T10:43:11.749+0000] {spark_submit.py:641} INFO - org.apache.spark.api.java.JavaSparkContext.<init>(JavaSparkContext.scala:58)
[2025-01-15T10:43:11.750+0000] {spark_submit.py:641} INFO - java.base/jdk.internal.reflect.NativeConstructorAccessorImpl.newInstance0(Native Method)
[2025-01-15T10:43:11.751+0000] {spark_submit.py:641} INFO - java.base/jdk.internal.reflect.NativeConstructorAccessorImpl.newInstance(NativeConstructorAccessorImpl.java:77)
[2025-01-15T10:43:11.753+0000] {spark_submit.py:641} INFO - java.base/jdk.internal.reflect.DelegatingConstructorAccessorImpl.newInstance(DelegatingConstructorAccessorImpl.java:45)
[2025-01-15T10:43:11.754+0000] {spark_submit.py:641} INFO - java.base/java.lang.reflect.Constructor.newInstanceWithCaller(Constructor.java:500)
[2025-01-15T10:43:11.755+0000] {spark_submit.py:641} INFO - java.base/java.lang.reflect.Constructor.newInstance(Constructor.java:481)
[2025-01-15T10:43:11.756+0000] {spark_submit.py:641} INFO - py4j.reflection.MethodInvoker.invoke(MethodInvoker.java:247)
[2025-01-15T10:43:11.758+0000] {spark_submit.py:641} INFO - py4j.reflection.ReflectionEngine.invoke(ReflectionEngine.java:374)
[2025-01-15T10:43:11.759+0000] {spark_submit.py:641} INFO - py4j.Gateway.invoke(Gateway.java:238)
[2025-01-15T10:43:11.760+0000] {spark_submit.py:641} INFO - py4j.commands.ConstructorCommand.invokeConstructor(ConstructorCommand.java:80)
[2025-01-15T10:43:11.762+0000] {spark_submit.py:641} INFO - py4j.commands.ConstructorCommand.execute(ConstructorCommand.java:69)
[2025-01-15T10:43:11.763+0000] {spark_submit.py:641} INFO - py4j.ClientServerConnection.waitForCommands(ClientServerConnection.java:182)
[2025-01-15T10:43:11.765+0000] {spark_submit.py:641} INFO - py4j.ClientServerConnection.run(ClientServerConnection.java:106)
[2025-01-15T10:43:11.767+0000] {spark_submit.py:641} INFO - java.base/java.lang.Thread.run(Thread.java:840)
[2025-01-15T10:43:11.768+0000] {spark_submit.py:641} INFO - 
[2025-01-15T10:43:11.770+0000] {spark_submit.py:641} INFO - The currently active SparkContext was created at:
[2025-01-15T10:43:11.772+0000] {spark_submit.py:641} INFO - 
[2025-01-15T10:43:11.774+0000] {spark_submit.py:641} INFO - (No active SparkContext.)
[2025-01-15T10:43:11.776+0000] {spark_submit.py:641} INFO - 
[2025-01-15T10:43:11.777+0000] {spark_submit.py:641} INFO - at org.apache.spark.SparkContext.assertNotStopped(SparkContext.scala:122)
[2025-01-15T10:43:11.779+0000] {spark_submit.py:641} INFO - at org.apache.spark.SparkContext.broadcastInternal(SparkContext.scala:1654)
[2025-01-15T10:43:11.781+0000] {spark_submit.py:641} INFO - at org.apache.spark.SparkContext.broadcast(SparkContext.scala:1639)
[2025-01-15T10:43:11.783+0000] {spark_submit.py:641} INFO - at org.apache.spark.sql.execution.datasources.csv.CSVFileFormat.buildReader(CSVFileFormat.scala:102)
[2025-01-15T10:43:11.785+0000] {spark_submit.py:641} INFO - at org.apache.spark.sql.execution.datasources.FileFormat.buildReaderWithPartitionValues(FileFormat.scala:138)
[2025-01-15T10:43:11.787+0000] {spark_submit.py:641} INFO - at org.apache.spark.sql.execution.datasources.FileFormat.buildReaderWithPartitionValues$(FileFormat.scala:129)
[2025-01-15T10:43:11.788+0000] {spark_submit.py:641} INFO - at org.apache.spark.sql.execution.datasources.TextBasedFileFormat.buildReaderWithPartitionValues(FileFormat.scala:346)
[2025-01-15T10:43:11.790+0000] {spark_submit.py:641} INFO - at org.apache.spark.sql.execution.FileSourceScanExec.inputRDD$lzycompute(DataSourceScanExec.scala:548)
[2025-01-15T10:43:11.792+0000] {spark_submit.py:641} INFO - at org.apache.spark.sql.execution.FileSourceScanExec.inputRDD(DataSourceScanExec.scala:537)
[2025-01-15T10:43:11.794+0000] {spark_submit.py:641} INFO - at org.apache.spark.sql.execution.FileSourceScanExec.doExecute(DataSourceScanExec.scala:575)
[2025-01-15T10:43:11.796+0000] {spark_submit.py:641} INFO - at org.apache.spark.sql.execution.SparkPlan.$anonfun$execute$1(SparkPlan.scala:195)
[2025-01-15T10:43:11.797+0000] {spark_submit.py:641} INFO - at org.apache.spark.sql.execution.SparkPlan.$anonfun$executeQuery$1(SparkPlan.scala:246)
[2025-01-15T10:43:11.799+0000] {spark_submit.py:641} INFO - at org.apache.spark.rdd.RDDOperationScope$.withScope(RDDOperationScope.scala:151)
[2025-01-15T10:43:11.801+0000] {spark_submit.py:641} INFO - at org.apache.spark.sql.execution.SparkPlan.executeQuery(SparkPlan.scala:243)
[2025-01-15T10:43:11.803+0000] {spark_submit.py:641} INFO - at org.apache.spark.sql.execution.SparkPlan.execute(SparkPlan.scala:191)
[2025-01-15T10:43:11.805+0000] {spark_submit.py:641} INFO - at org.apache.spark.sql.execution.DeserializeToObjectExec.doExecute(objects.scala:93)
[2025-01-15T10:43:11.807+0000] {spark_submit.py:641} INFO - at org.apache.spark.sql.execution.SparkPlan.$anonfun$execute$1(SparkPlan.scala:195)
[2025-01-15T10:43:11.809+0000] {spark_submit.py:641} INFO - at org.apache.spark.sql.execution.SparkPlan.$anonfun$executeQuery$1(SparkPlan.scala:246)
[2025-01-15T10:43:11.811+0000] {spark_submit.py:641} INFO - at org.apache.spark.rdd.RDDOperationScope$.withScope(RDDOperationScope.scala:151)
[2025-01-15T10:43:11.812+0000] {spark_submit.py:641} INFO - at org.apache.spark.sql.execution.SparkPlan.executeQuery(SparkPlan.scala:243)
[2025-01-15T10:43:11.814+0000] {spark_submit.py:641} INFO - at org.apache.spark.sql.execution.SparkPlan.execute(SparkPlan.scala:191)
[2025-01-15T10:43:11.816+0000] {spark_submit.py:641} INFO - at org.apache.spark.sql.execution.QueryExecution.toRdd$lzycompute(QueryExecution.scala:207)
[2025-01-15T10:43:11.818+0000] {spark_submit.py:641} INFO - at org.apache.spark.sql.execution.QueryExecution.toRdd(QueryExecution.scala:206)
[2025-01-15T10:43:11.820+0000] {spark_submit.py:641} INFO - at org.apache.spark.sql.Dataset.rdd$lzycompute(Dataset.scala:3851)
[2025-01-15T10:43:11.821+0000] {spark_submit.py:641} INFO - at org.apache.spark.sql.Dataset.rdd(Dataset.scala:3849)
[2025-01-15T10:43:11.823+0000] {spark_submit.py:641} INFO - at org.apache.spark.sql.Dataset.$anonfun$foreachPartition$1(Dataset.scala:3516)
[2025-01-15T10:43:11.826+0000] {spark_submit.py:641} INFO - at scala.runtime.java8.JFunction0$mcV$sp.apply(JFunction0$mcV$sp.java:23)
[2025-01-15T10:43:11.827+0000] {spark_submit.py:641} INFO - at org.apache.spark.sql.Dataset.$anonfun$withNewRDDExecutionId$1(Dataset.scala:4310)
[2025-01-15T10:43:11.829+0000] {spark_submit.py:641} INFO - at org.apache.spark.sql.execution.SQLExecution$.$anonfun$withNewExecutionId$6(SQLExecution.scala:125)
[2025-01-15T10:43:11.831+0000] {spark_submit.py:641} INFO - at org.apache.spark.sql.execution.SQLExecution$.withSQLConfPropagated(SQLExecution.scala:201)
[2025-01-15T10:43:11.833+0000] {spark_submit.py:641} INFO - at org.apache.spark.sql.execution.SQLExecution$.$anonfun$withNewExecutionId$1(SQLExecution.scala:108)
[2025-01-15T10:43:11.835+0000] {spark_submit.py:641} INFO - at org.apache.spark.sql.SparkSession.withActive(SparkSession.scala:900)
[2025-01-15T10:43:11.837+0000] {spark_submit.py:641} INFO - at org.apache.spark.sql.execution.SQLExecution$.withNewExecutionId(SQLExecution.scala:66)
[2025-01-15T10:43:11.839+0000] {spark_submit.py:641} INFO - at org.apache.spark.sql.Dataset.withNewRDDExecutionId(Dataset.scala:4308)
[2025-01-15T10:43:11.841+0000] {spark_submit.py:641} INFO - at org.apache.spark.sql.Dataset.foreachPartition(Dataset.scala:3516)
[2025-01-15T10:43:11.842+0000] {spark_submit.py:641} INFO - at org.apache.spark.sql.execution.datasources.jdbc.JdbcUtils$.saveTable(JdbcUtils.scala:903)
[2025-01-15T10:43:11.844+0000] {spark_submit.py:641} INFO - at org.apache.spark.sql.execution.datasources.jdbc.JdbcRelationProvider.createRelation(JdbcRelationProvider.scala:82)
[2025-01-15T10:43:11.846+0000] {spark_submit.py:641} INFO - at org.apache.spark.sql.execution.datasources.SaveIntoDataSourceCommand.run(SaveIntoDataSourceCommand.scala:48)
[2025-01-15T10:43:11.848+0000] {spark_submit.py:641} INFO - at org.apache.spark.sql.execution.command.ExecutedCommandExec.sideEffectResult$lzycompute(commands.scala:75)
[2025-01-15T10:43:11.850+0000] {spark_submit.py:641} INFO - at org.apache.spark.sql.execution.command.ExecutedCommandExec.sideEffectResult(commands.scala:73)
[2025-01-15T10:43:11.852+0000] {spark_submit.py:641} INFO - at org.apache.spark.sql.execution.command.ExecutedCommandExec.executeCollect(commands.scala:84)
[2025-01-15T10:43:11.854+0000] {spark_submit.py:641} INFO - at org.apache.spark.sql.execution.QueryExecution$$anonfun$eagerlyExecuteCommands$1.$anonfun$applyOrElse$1(QueryExecution.scala:107)
[2025-01-15T10:43:11.856+0000] {spark_submit.py:641} INFO - at org.apache.spark.sql.execution.SQLExecution$.$anonfun$withNewExecutionId$6(SQLExecution.scala:125)
[2025-01-15T10:43:11.858+0000] {spark_submit.py:641} INFO - at org.apache.spark.sql.execution.SQLExecution$.withSQLConfPropagated(SQLExecution.scala:201)
[2025-01-15T10:43:11.859+0000] {spark_submit.py:641} INFO - at org.apache.spark.sql.execution.SQLExecution$.$anonfun$withNewExecutionId$1(SQLExecution.scala:108)
[2025-01-15T10:43:11.861+0000] {spark_submit.py:641} INFO - at org.apache.spark.sql.SparkSession.withActive(SparkSession.scala:900)
[2025-01-15T10:43:11.863+0000] {spark_submit.py:641} INFO - at org.apache.spark.sql.execution.SQLExecution$.withNewExecutionId(SQLExecution.scala:66)
[2025-01-15T10:43:11.865+0000] {spark_submit.py:641} INFO - at org.apache.spark.sql.execution.QueryExecution$$anonfun$eagerlyExecuteCommands$1.applyOrElse(QueryExecution.scala:107)
[2025-01-15T10:43:11.866+0000] {spark_submit.py:641} INFO - at org.apache.spark.sql.execution.QueryExecution$$anonfun$eagerlyExecuteCommands$1.applyOrElse(QueryExecution.scala:98)
[2025-01-15T10:43:11.868+0000] {spark_submit.py:641} INFO - at org.apache.spark.sql.catalyst.trees.TreeNode.$anonfun$transformDownWithPruning$1(TreeNode.scala:461)
[2025-01-15T10:43:11.870+0000] {spark_submit.py:641} INFO - at org.apache.spark.sql.catalyst.trees.CurrentOrigin$.withOrigin(origin.scala:76)
[2025-01-15T10:43:11.872+0000] {spark_submit.py:641} INFO - at org.apache.spark.sql.catalyst.trees.TreeNode.transformDownWithPruning(TreeNode.scala:461)
[2025-01-15T10:43:11.874+0000] {spark_submit.py:641} INFO - at org.apache.spark.sql.catalyst.plans.logical.LogicalPlan.org$apache$spark$sql$catalyst$plans$logical$AnalysisHelper$$super$transformDownWithPruning(LogicalPlan.scala:32)
[2025-01-15T10:43:11.875+0000] {spark_submit.py:641} INFO - at org.apache.spark.sql.catalyst.plans.logical.AnalysisHelper.transformDownWithPruning(AnalysisHelper.scala:267)
[2025-01-15T10:43:11.877+0000] {spark_submit.py:641} INFO - at org.apache.spark.sql.catalyst.plans.logical.AnalysisHelper.transformDownWithPruning$(AnalysisHelper.scala:263)
[2025-01-15T10:43:11.879+0000] {spark_submit.py:641} INFO - at org.apache.spark.sql.catalyst.plans.logical.LogicalPlan.transformDownWithPruning(LogicalPlan.scala:32)
[2025-01-15T10:43:11.880+0000] {spark_submit.py:641} INFO - at org.apache.spark.sql.catalyst.plans.logical.LogicalPlan.transformDownWithPruning(LogicalPlan.scala:32)
[2025-01-15T10:43:11.882+0000] {spark_submit.py:641} INFO - at org.apache.spark.sql.catalyst.trees.TreeNode.transformDown(TreeNode.scala:437)
[2025-01-15T10:43:11.884+0000] {spark_submit.py:641} INFO - at org.apache.spark.sql.execution.QueryExecution.eagerlyExecuteCommands(QueryExecution.scala:98)
[2025-01-15T10:43:11.886+0000] {spark_submit.py:641} INFO - at org.apache.spark.sql.execution.QueryExecution.commandExecuted$lzycompute(QueryExecution.scala:85)
[2025-01-15T10:43:11.888+0000] {spark_submit.py:641} INFO - at org.apache.spark.sql.execution.QueryExecution.commandExecuted(QueryExecution.scala:83)
[2025-01-15T10:43:11.890+0000] {spark_submit.py:641} INFO - at org.apache.spark.sql.execution.QueryExecution.assertCommandExecuted(QueryExecution.scala:142)
[2025-01-15T10:43:11.892+0000] {spark_submit.py:641} INFO - at org.apache.spark.sql.DataFrameWriter.runCommand(DataFrameWriter.scala:869)
[2025-01-15T10:43:11.894+0000] {spark_submit.py:641} INFO - at org.apache.spark.sql.DataFrameWriter.saveToV1Source(DataFrameWriter.scala:391)
[2025-01-15T10:43:11.895+0000] {spark_submit.py:641} INFO - at org.apache.spark.sql.DataFrameWriter.saveInternal(DataFrameWriter.scala:364)
[2025-01-15T10:43:11.897+0000] {spark_submit.py:641} INFO - at org.apache.spark.sql.DataFrameWriter.save(DataFrameWriter.scala:251)
[2025-01-15T10:43:11.899+0000] {spark_submit.py:641} INFO - at org.apache.spark.sql.DataFrameWriter.jdbc(DataFrameWriter.scala:766)
[2025-01-15T10:43:11.901+0000] {spark_submit.py:641} INFO - at java.base/jdk.internal.reflect.NativeMethodAccessorImpl.invoke0(Native Method)
[2025-01-15T10:43:11.903+0000] {spark_submit.py:641} INFO - at java.base/jdk.internal.reflect.NativeMethodAccessorImpl.invoke(NativeMethodAccessorImpl.java:77)
[2025-01-15T10:43:11.905+0000] {spark_submit.py:641} INFO - at java.base/jdk.internal.reflect.DelegatingMethodAccessorImpl.invoke(DelegatingMethodAccessorImpl.java:43)
[2025-01-15T10:43:11.906+0000] {spark_submit.py:641} INFO - at java.base/java.lang.reflect.Method.invoke(Method.java:569)
[2025-01-15T10:43:11.908+0000] {spark_submit.py:641} INFO - at py4j.reflection.MethodInvoker.invoke(MethodInvoker.java:244)
[2025-01-15T10:43:11.910+0000] {spark_submit.py:641} INFO - at py4j.reflection.ReflectionEngine.invoke(ReflectionEngine.java:374)
[2025-01-15T10:43:11.912+0000] {spark_submit.py:641} INFO - at py4j.Gateway.invoke(Gateway.java:282)
[2025-01-15T10:43:11.914+0000] {spark_submit.py:641} INFO - at py4j.commands.AbstractCommand.invokeMethod(AbstractCommand.java:132)
[2025-01-15T10:43:11.916+0000] {spark_submit.py:641} INFO - at py4j.commands.CallCommand.execute(CallCommand.java:79)
[2025-01-15T10:43:11.918+0000] {spark_submit.py:641} INFO - at py4j.ClientServerConnection.waitForCommands(ClientServerConnection.java:182)
[2025-01-15T10:43:11.919+0000] {spark_submit.py:641} INFO - at py4j.ClientServerConnection.run(ClientServerConnection.java:106)
[2025-01-15T10:43:11.921+0000] {spark_submit.py:641} INFO - at java.base/java.lang.Thread.run(Thread.java:840)
[2025-01-15T10:43:11.923+0000] {spark_submit.py:641} INFO - 
[2025-01-15T10:43:12.028+0000] {taskinstance.py:441} INFO - ::group::Post task execution logs
[2025-01-15T10:43:12.059+0000] {taskinstance.py:2905} ERROR - Task failed with exception
Traceback (most recent call last):
  File "/home/airflow/.local/lib/python3.10/site-packages/airflow/models/taskinstance.py", line 465, in _execute_task
    result = _execute_callable(context=context, **execute_callable_kwargs)
  File "/home/airflow/.local/lib/python3.10/site-packages/airflow/models/taskinstance.py", line 432, in _execute_callable
    return execute_callable(context=context, **execute_callable_kwargs)
  File "/home/airflow/.local/lib/python3.10/site-packages/airflow/models/baseoperator.py", line 401, in wrapper
    return func(self, *args, **kwargs)
  File "/home/airflow/.local/lib/python3.10/site-packages/airflow/providers/apache/spark/operators/spark_submit.py", line 177, in execute
    self._hook.submit(self.application)
  File "/home/airflow/.local/lib/python3.10/site-packages/airflow/providers/apache/spark/hooks/spark_submit.py", line 567, in submit
    raise AirflowException(
airflow.exceptions.AirflowException: Cannot execute: spark-submit --master spark://spark-master:7077 --jars /spark-scripts/jars/jars_postgresql-42.2.20.jar --name arrow-spark /spark-scripts/data_ingestion.py. Error code is: 1.
[2025-01-15T10:43:12.073+0000] {taskinstance.py:1206} INFO - Marking task as FAILED. dag_id=Data_Ingestions, task_id=spark_submit_task, run_id=manual__2025-01-15T10:41:59.149923+00:00, execution_date=20250115T104159, start_date=20250115T104202, end_date=20250115T104312
[2025-01-15T10:43:12.121+0000] {standard_task_runner.py:110} ERROR - Failed to execute job 6 for task spark_submit_task (Cannot execute: spark-submit --master spark://spark-master:7077 --jars /spark-scripts/jars/jars_postgresql-42.2.20.jar --name arrow-spark /spark-scripts/data_ingestion.py. Error code is: 1.; 1282)
[2025-01-15T10:43:12.181+0000] {local_task_job_runner.py:240} INFO - Task exited with return code 1
[2025-01-15T10:43:12.259+0000] {taskinstance.py:3503} INFO - 0 downstream tasks scheduled from follow-on schedule check
[2025-01-15T10:43:12.278+0000] {local_task_job_runner.py:222} INFO - ::endgroup::
