[2025-01-15T10:58:37.889+0000] {local_task_job_runner.py:120} INFO - ::group::Pre task execution logs
[2025-01-15T10:58:37.933+0000] {taskinstance.py:2076} INFO - Dependencies all met for dep_context=non-requeueable deps ti=<TaskInstance: Data_Ingestions_produts.spark_submit_task manual__2025-01-15T10:58:35.234776+00:00 [queued]>
[2025-01-15T10:58:37.944+0000] {taskinstance.py:2076} INFO - Dependencies all met for dep_context=requeueable deps ti=<TaskInstance: Data_Ingestions_produts.spark_submit_task manual__2025-01-15T10:58:35.234776+00:00 [queued]>
[2025-01-15T10:58:37.945+0000] {taskinstance.py:2306} INFO - Starting attempt 1 of 1
[2025-01-15T10:58:37.963+0000] {taskinstance.py:2330} INFO - Executing <Task(SparkSubmitOperator): spark_submit_task> on 2025-01-15 10:58:35.234776+00:00
[2025-01-15T10:58:37.969+0000] {standard_task_runner.py:63} INFO - Started process 2208 to run task
[2025-01-15T10:58:37.973+0000] {standard_task_runner.py:90} INFO - Running: ['airflow', 'tasks', 'run', 'Data_Ingestions_produts', 'spark_submit_task', 'manual__2025-01-15T10:58:35.234776+00:00', '--job-id', '10', '--raw', '--subdir', 'DAGS_FOLDER/Data_Ingestions_produts.py', '--cfg-path', '/tmp/tmp8lsy0ey6']
[2025-01-15T10:58:37.976+0000] {standard_task_runner.py:91} INFO - Job 10: Subtask spark_submit_task
[2025-01-15T10:58:38.051+0000] {task_command.py:426} INFO - Running <TaskInstance: Data_Ingestions_produts.spark_submit_task manual__2025-01-15T10:58:35.234776+00:00 [running]> on host airflow-scheduler
[2025-01-15T10:58:38.173+0000] {taskinstance.py:2648} INFO - Exporting env vars: AIRFLOW_CTX_DAG_OWNER='Ajied(WhatsApp), Ajied(Email)' AIRFLOW_CTX_DAG_ID='Data_Ingestions_produts' AIRFLOW_CTX_TASK_ID='spark_submit_task' AIRFLOW_CTX_EXECUTION_DATE='2025-01-15T10:58:35.234776+00:00' AIRFLOW_CTX_TRY_NUMBER='1' AIRFLOW_CTX_DAG_RUN_ID='manual__2025-01-15T10:58:35.234776+00:00'
[2025-01-15T10:58:38.175+0000] {taskinstance.py:430} INFO - ::endgroup::
[2025-01-15T10:58:38.186+0000] {base.py:84} INFO - Using connection ID 'spark_main' for task execution.
[2025-01-15T10:58:38.188+0000] {spark_submit.py:474} INFO - Spark-Submit cmd: spark-submit --master spark://spark-master:7077 --jars /spark-scripts/jars/jars_postgresql-42.2.20.jar --name arrow-spark /spark-scripts/data_ingestion_products.py
[2025-01-15T10:58:40.328+0000] {spark_submit.py:641} INFO - 25/01/15 10:58:40 WARN NativeCodeLoader: Unable to load native-hadoop library for your platform... using builtin-java classes where applicable
[2025-01-15T10:58:41.973+0000] {spark_submit.py:641} INFO - 25/01/15 10:58:41 INFO SparkContext: Running Spark version 3.5.4
[2025-01-15T10:58:41.974+0000] {spark_submit.py:641} INFO - 25/01/15 10:58:41 INFO SparkContext: OS info Linux, 5.15.153.1-microsoft-standard-WSL2, amd64
[2025-01-15T10:58:41.975+0000] {spark_submit.py:641} INFO - 25/01/15 10:58:41 INFO SparkContext: Java version 17.0.13
[2025-01-15T10:58:42.007+0000] {spark_submit.py:641} INFO - 25/01/15 10:58:42 INFO ResourceUtils: ==============================================================
[2025-01-15T10:58:42.007+0000] {spark_submit.py:641} INFO - 25/01/15 10:58:42 INFO ResourceUtils: No custom resources configured for spark.driver.
[2025-01-15T10:58:42.008+0000] {spark_submit.py:641} INFO - 25/01/15 10:58:42 INFO ResourceUtils: ==============================================================
[2025-01-15T10:58:42.009+0000] {spark_submit.py:641} INFO - 25/01/15 10:58:42 INFO SparkContext: Submitted application: NTX
[2025-01-15T10:58:42.033+0000] {spark_submit.py:641} INFO - 25/01/15 10:58:42 INFO ResourceProfile: Default ResourceProfile created, executor resources: Map(memory -> name: memory, amount: 1024, script: , vendor: , offHeap -> name: offHeap, amount: 0, script: , vendor: ), task resources: Map(cpus -> name: cpus, amount: 1.0)
[2025-01-15T10:58:42.043+0000] {spark_submit.py:641} INFO - 25/01/15 10:58:42 INFO ResourceProfile: Limiting resource is cpu
[2025-01-15T10:58:42.044+0000] {spark_submit.py:641} INFO - 25/01/15 10:58:42 INFO ResourceProfileManager: Added ResourceProfile id: 0
[2025-01-15T10:58:42.101+0000] {spark_submit.py:641} INFO - 25/01/15 10:58:42 INFO SecurityManager: Changing view acls to: airflow
[2025-01-15T10:58:42.102+0000] {spark_submit.py:641} INFO - 25/01/15 10:58:42 INFO SecurityManager: Changing modify acls to: airflow
[2025-01-15T10:58:42.103+0000] {spark_submit.py:641} INFO - 25/01/15 10:58:42 INFO SecurityManager: Changing view acls groups to:
[2025-01-15T10:58:42.103+0000] {spark_submit.py:641} INFO - 25/01/15 10:58:42 INFO SecurityManager: Changing modify acls groups to:
[2025-01-15T10:58:42.104+0000] {spark_submit.py:641} INFO - 25/01/15 10:58:42 INFO SecurityManager: SecurityManager: authentication disabled; ui acls disabled; users with view permissions: airflow; groups with view permissions: EMPTY; users with modify permissions: airflow; groups with modify permissions: EMPTY
[2025-01-15T10:58:42.391+0000] {spark_submit.py:641} INFO - 25/01/15 10:58:42 INFO Utils: Successfully started service 'sparkDriver' on port 33543.
[2025-01-15T10:58:42.430+0000] {spark_submit.py:641} INFO - 25/01/15 10:58:42 INFO SparkEnv: Registering MapOutputTracker
[2025-01-15T10:58:42.476+0000] {spark_submit.py:641} INFO - 25/01/15 10:58:42 INFO SparkEnv: Registering BlockManagerMaster
[2025-01-15T10:58:42.493+0000] {spark_submit.py:641} INFO - 25/01/15 10:58:42 INFO BlockManagerMasterEndpoint: Using org.apache.spark.storage.DefaultTopologyMapper for getting topology information
[2025-01-15T10:58:42.494+0000] {spark_submit.py:641} INFO - 25/01/15 10:58:42 INFO BlockManagerMasterEndpoint: BlockManagerMasterEndpoint up
[2025-01-15T10:58:42.499+0000] {spark_submit.py:641} INFO - 25/01/15 10:58:42 INFO SparkEnv: Registering BlockManagerMasterHeartbeat
[2025-01-15T10:58:42.525+0000] {spark_submit.py:641} INFO - 25/01/15 10:58:42 INFO DiskBlockManager: Created local directory at /tmp/blockmgr-9cab05aa-6d98-4523-8af1-36f1bae66dc4
[2025-01-15T10:58:42.541+0000] {spark_submit.py:641} INFO - 25/01/15 10:58:42 INFO MemoryStore: MemoryStore started with capacity 434.4 MiB
[2025-01-15T10:58:42.567+0000] {spark_submit.py:641} INFO - 25/01/15 10:58:42 INFO SparkEnv: Registering OutputCommitCoordinator
[2025-01-15T10:58:42.692+0000] {spark_submit.py:641} INFO - 25/01/15 10:58:42 INFO JettyUtils: Start Jetty 0.0.0.0:4040 for SparkUI
[2025-01-15T10:58:42.768+0000] {spark_submit.py:641} INFO - 25/01/15 10:58:42 INFO Utils: Successfully started service 'SparkUI' on port 4040.
[2025-01-15T10:58:42.803+0000] {spark_submit.py:641} INFO - 25/01/15 10:58:42 ERROR SparkContext: Failed to add /opt/bitnami/spark/jars/postgresql-42.2.18.jar to Spark environment
[2025-01-15T10:58:42.804+0000] {spark_submit.py:641} INFO - java.io.FileNotFoundException: Jar /opt/bitnami/spark/jars/postgresql-42.2.18.jar not found
[2025-01-15T10:58:42.805+0000] {spark_submit.py:641} INFO - at org.apache.spark.SparkContext.addLocalJarFile$1(SparkContext.scala:2095)
[2025-01-15T10:58:42.805+0000] {spark_submit.py:641} INFO - at org.apache.spark.SparkContext.addJar(SparkContext.scala:2151)
[2025-01-15T10:58:42.806+0000] {spark_submit.py:641} INFO - at org.apache.spark.SparkContext.$anonfun$new$15(SparkContext.scala:521)
[2025-01-15T10:58:42.806+0000] {spark_submit.py:641} INFO - at org.apache.spark.SparkContext.$anonfun$new$15$adapted(SparkContext.scala:521)
[2025-01-15T10:58:42.807+0000] {spark_submit.py:641} INFO - at scala.collection.mutable.ResizableArray.foreach(ResizableArray.scala:62)
[2025-01-15T10:58:42.808+0000] {spark_submit.py:641} INFO - at scala.collection.mutable.ResizableArray.foreach$(ResizableArray.scala:55)
[2025-01-15T10:58:42.808+0000] {spark_submit.py:641} INFO - at scala.collection.mutable.ArrayBuffer.foreach(ArrayBuffer.scala:49)
[2025-01-15T10:58:42.809+0000] {spark_submit.py:641} INFO - at org.apache.spark.SparkContext.<init>(SparkContext.scala:521)
[2025-01-15T10:58:42.809+0000] {spark_submit.py:641} INFO - at org.apache.spark.api.java.JavaSparkContext.<init>(JavaSparkContext.scala:58)
[2025-01-15T10:58:42.810+0000] {spark_submit.py:641} INFO - at java.base/jdk.internal.reflect.NativeConstructorAccessorImpl.newInstance0(Native Method)
[2025-01-15T10:58:42.810+0000] {spark_submit.py:641} INFO - at java.base/jdk.internal.reflect.NativeConstructorAccessorImpl.newInstance(NativeConstructorAccessorImpl.java:77)
[2025-01-15T10:58:42.811+0000] {spark_submit.py:641} INFO - at java.base/jdk.internal.reflect.DelegatingConstructorAccessorImpl.newInstance(DelegatingConstructorAccessorImpl.java:45)
[2025-01-15T10:58:42.811+0000] {spark_submit.py:641} INFO - at java.base/java.lang.reflect.Constructor.newInstanceWithCaller(Constructor.java:500)
[2025-01-15T10:58:42.812+0000] {spark_submit.py:641} INFO - at java.base/java.lang.reflect.Constructor.newInstance(Constructor.java:481)
[2025-01-15T10:58:42.812+0000] {spark_submit.py:641} INFO - at py4j.reflection.MethodInvoker.invoke(MethodInvoker.java:247)
[2025-01-15T10:58:42.813+0000] {spark_submit.py:641} INFO - at py4j.reflection.ReflectionEngine.invoke(ReflectionEngine.java:374)
[2025-01-15T10:58:42.813+0000] {spark_submit.py:641} INFO - at py4j.Gateway.invoke(Gateway.java:238)
[2025-01-15T10:58:42.813+0000] {spark_submit.py:641} INFO - at py4j.commands.ConstructorCommand.invokeConstructor(ConstructorCommand.java:80)
[2025-01-15T10:58:42.814+0000] {spark_submit.py:641} INFO - at py4j.commands.ConstructorCommand.execute(ConstructorCommand.java:69)
[2025-01-15T10:58:42.814+0000] {spark_submit.py:641} INFO - at py4j.ClientServerConnection.waitForCommands(ClientServerConnection.java:182)
[2025-01-15T10:58:42.815+0000] {spark_submit.py:641} INFO - at py4j.ClientServerConnection.run(ClientServerConnection.java:106)
[2025-01-15T10:58:42.815+0000] {spark_submit.py:641} INFO - at java.base/java.lang.Thread.run(Thread.java:840)
[2025-01-15T10:58:42.891+0000] {spark_submit.py:641} INFO - 25/01/15 10:58:42 INFO StandaloneAppClient$ClientEndpoint: Connecting to master spark://spark-master:7077...
[2025-01-15T10:58:42.936+0000] {spark_submit.py:641} INFO - 25/01/15 10:58:42 INFO TransportClientFactory: Successfully created connection to spark-master/172.18.0.2:7077 after 26 ms (0 ms spent in bootstraps)
[2025-01-15T10:59:02.893+0000] {spark_submit.py:641} INFO - 25/01/15 10:59:02 INFO StandaloneAppClient$ClientEndpoint: Connecting to master spark://spark-master:7077...
[2025-01-15T10:59:22.893+0000] {spark_submit.py:641} INFO - 25/01/15 10:59:22 INFO StandaloneAppClient$ClientEndpoint: Connecting to master spark://spark-master:7077...
[2025-01-15T10:59:42.896+0000] {spark_submit.py:641} INFO - 25/01/15 10:59:42 WARN StandaloneSchedulerBackend: Application ID is not initialized yet.
[2025-01-15T10:59:42.898+0000] {spark_submit.py:641} INFO - 25/01/15 10:59:42 ERROR StandaloneSchedulerBackend: Application has been killed. Reason: All masters are unresponsive! Giving up.
[2025-01-15T10:59:42.919+0000] {spark_submit.py:641} INFO - 25/01/15 10:59:42 INFO Utils: Successfully started service 'org.apache.spark.network.netty.NettyBlockTransferService' on port 38161.
[2025-01-15T10:59:42.922+0000] {spark_submit.py:641} INFO - 25/01/15 10:59:42 INFO NettyBlockTransferService: Server created on airflow-scheduler:38161
[2025-01-15T10:59:42.926+0000] {spark_submit.py:641} INFO - 25/01/15 10:59:42 INFO BlockManager: Using org.apache.spark.storage.RandomBlockReplicationPolicy for block replication policy
[2025-01-15T10:59:42.946+0000] {spark_submit.py:641} INFO - 25/01/15 10:59:42 INFO BlockManagerMaster: Registering BlockManager BlockManagerId(driver, airflow-scheduler, 38161, None)
[2025-01-15T10:59:42.956+0000] {spark_submit.py:641} INFO - 25/01/15 10:59:42 INFO BlockManagerMasterEndpoint: Registering block manager airflow-scheduler:38161 with 434.4 MiB RAM, BlockManagerId(driver, airflow-scheduler, 38161, None)
[2025-01-15T10:59:42.963+0000] {spark_submit.py:641} INFO - 25/01/15 10:59:42 INFO BlockManagerMaster: Registered BlockManager BlockManagerId(driver, airflow-scheduler, 38161, None)
[2025-01-15T10:59:42.966+0000] {spark_submit.py:641} INFO - 25/01/15 10:59:42 INFO BlockManager: Initialized BlockManager: BlockManagerId(driver, airflow-scheduler, 38161, None)
[2025-01-15T10:59:43.175+0000] {spark_submit.py:641} INFO - 25/01/15 10:59:43 INFO StandaloneSchedulerBackend: SchedulerBackend is ready for scheduling beginning after reached minRegisteredResourcesRatio: 0.0
[2025-01-15T10:59:43.422+0000] {spark_submit.py:641} INFO - 25/01/15 10:59:43 WARN StandaloneAppClient$ClientEndpoint: Drop UnregisterApplication(null) because has not yet connected to master
[2025-01-15T10:59:45.699+0000] {spark_submit.py:641} INFO - Traceback (most recent call last):
[2025-01-15T10:59:45.701+0000] {spark_submit.py:641} INFO - File "/spark-scripts/data_ingestion_products.py", line 46, in <module>
[2025-01-15T10:59:45.711+0000] {spark_submit.py:641} INFO - products_dataset.write.mode("overwrite").jdbc(jdbc_url, 'public.products', properties=jdbc_properties)
[2025-01-15T10:59:45.712+0000] {spark_submit.py:641} INFO - File "/home/airflow/.local/lib/python3.10/site-packages/pyspark/python/lib/pyspark.zip/pyspark/sql/readwriter.py", line 1984, in jdbc
[2025-01-15T10:59:45.714+0000] {spark_submit.py:641} INFO - File "/home/airflow/.local/lib/python3.10/site-packages/pyspark/python/lib/py4j-0.10.9.7-src.zip/py4j/java_gateway.py", line 1322, in __call__
[2025-01-15T10:59:45.715+0000] {spark_submit.py:641} INFO - File "/home/airflow/.local/lib/python3.10/site-packages/pyspark/python/lib/pyspark.zip/pyspark/errors/exceptions/captured.py", line 179, in deco
[2025-01-15T10:59:45.717+0000] {spark_submit.py:641} INFO - File "/home/airflow/.local/lib/python3.10/site-packages/pyspark/python/lib/py4j-0.10.9.7-src.zip/py4j/protocol.py", line 326, in get_return_value
[2025-01-15T10:59:45.768+0000] {spark_submit.py:641} INFO - py4j.protocol.Py4JJavaError: An error occurred while calling o42.jdbc.
[2025-01-15T10:59:45.769+0000] {spark_submit.py:641} INFO - : java.lang.IllegalStateException: Cannot call methods on a stopped SparkContext.
[2025-01-15T10:59:45.771+0000] {spark_submit.py:641} INFO - This stopped SparkContext was created at:
[2025-01-15T10:59:45.773+0000] {spark_submit.py:641} INFO - 
[2025-01-15T10:59:45.775+0000] {spark_submit.py:641} INFO - org.apache.spark.api.java.JavaSparkContext.<init>(JavaSparkContext.scala:58)
[2025-01-15T10:59:45.776+0000] {spark_submit.py:641} INFO - java.base/jdk.internal.reflect.NativeConstructorAccessorImpl.newInstance0(Native Method)
[2025-01-15T10:59:45.778+0000] {spark_submit.py:641} INFO - java.base/jdk.internal.reflect.NativeConstructorAccessorImpl.newInstance(NativeConstructorAccessorImpl.java:77)
[2025-01-15T10:59:45.780+0000] {spark_submit.py:641} INFO - java.base/jdk.internal.reflect.DelegatingConstructorAccessorImpl.newInstance(DelegatingConstructorAccessorImpl.java:45)
[2025-01-15T10:59:45.782+0000] {spark_submit.py:641} INFO - java.base/java.lang.reflect.Constructor.newInstanceWithCaller(Constructor.java:500)
[2025-01-15T10:59:45.783+0000] {spark_submit.py:641} INFO - java.base/java.lang.reflect.Constructor.newInstance(Constructor.java:481)
[2025-01-15T10:59:45.785+0000] {spark_submit.py:641} INFO - py4j.reflection.MethodInvoker.invoke(MethodInvoker.java:247)
[2025-01-15T10:59:45.787+0000] {spark_submit.py:641} INFO - py4j.reflection.ReflectionEngine.invoke(ReflectionEngine.java:374)
[2025-01-15T10:59:45.789+0000] {spark_submit.py:641} INFO - py4j.Gateway.invoke(Gateway.java:238)
[2025-01-15T10:59:45.791+0000] {spark_submit.py:641} INFO - py4j.commands.ConstructorCommand.invokeConstructor(ConstructorCommand.java:80)
[2025-01-15T10:59:45.793+0000] {spark_submit.py:641} INFO - py4j.commands.ConstructorCommand.execute(ConstructorCommand.java:69)
[2025-01-15T10:59:45.795+0000] {spark_submit.py:641} INFO - py4j.ClientServerConnection.waitForCommands(ClientServerConnection.java:182)
[2025-01-15T10:59:45.797+0000] {spark_submit.py:641} INFO - py4j.ClientServerConnection.run(ClientServerConnection.java:106)
[2025-01-15T10:59:45.798+0000] {spark_submit.py:641} INFO - java.base/java.lang.Thread.run(Thread.java:840)
[2025-01-15T10:59:45.800+0000] {spark_submit.py:641} INFO - 
[2025-01-15T10:59:45.802+0000] {spark_submit.py:641} INFO - The currently active SparkContext was created at:
[2025-01-15T10:59:45.804+0000] {spark_submit.py:641} INFO - 
[2025-01-15T10:59:45.805+0000] {spark_submit.py:641} INFO - (No active SparkContext.)
[2025-01-15T10:59:45.808+0000] {spark_submit.py:641} INFO - 
[2025-01-15T10:59:45.810+0000] {spark_submit.py:641} INFO - at org.apache.spark.SparkContext.assertNotStopped(SparkContext.scala:122)
[2025-01-15T10:59:45.811+0000] {spark_submit.py:641} INFO - at org.apache.spark.SparkContext.broadcastInternal(SparkContext.scala:1654)
[2025-01-15T10:59:45.813+0000] {spark_submit.py:641} INFO - at org.apache.spark.SparkContext.broadcast(SparkContext.scala:1639)
[2025-01-15T10:59:45.815+0000] {spark_submit.py:641} INFO - at org.apache.spark.sql.execution.datasources.csv.CSVFileFormat.buildReader(CSVFileFormat.scala:102)
[2025-01-15T10:59:45.817+0000] {spark_submit.py:641} INFO - at org.apache.spark.sql.execution.datasources.FileFormat.buildReaderWithPartitionValues(FileFormat.scala:138)
[2025-01-15T10:59:45.819+0000] {spark_submit.py:641} INFO - at org.apache.spark.sql.execution.datasources.FileFormat.buildReaderWithPartitionValues$(FileFormat.scala:129)
[2025-01-15T10:59:45.821+0000] {spark_submit.py:641} INFO - at org.apache.spark.sql.execution.datasources.TextBasedFileFormat.buildReaderWithPartitionValues(FileFormat.scala:346)
[2025-01-15T10:59:45.822+0000] {spark_submit.py:641} INFO - at org.apache.spark.sql.execution.FileSourceScanExec.inputRDD$lzycompute(DataSourceScanExec.scala:548)
[2025-01-15T10:59:45.824+0000] {spark_submit.py:641} INFO - at org.apache.spark.sql.execution.FileSourceScanExec.inputRDD(DataSourceScanExec.scala:537)
[2025-01-15T10:59:45.826+0000] {spark_submit.py:641} INFO - at org.apache.spark.sql.execution.FileSourceScanExec.doExecute(DataSourceScanExec.scala:575)
[2025-01-15T10:59:45.828+0000] {spark_submit.py:641} INFO - at org.apache.spark.sql.execution.SparkPlan.$anonfun$execute$1(SparkPlan.scala:195)
[2025-01-15T10:59:45.829+0000] {spark_submit.py:641} INFO - at org.apache.spark.sql.execution.SparkPlan.$anonfun$executeQuery$1(SparkPlan.scala:246)
[2025-01-15T10:59:45.831+0000] {spark_submit.py:641} INFO - at org.apache.spark.rdd.RDDOperationScope$.withScope(RDDOperationScope.scala:151)
[2025-01-15T10:59:45.833+0000] {spark_submit.py:641} INFO - at org.apache.spark.sql.execution.SparkPlan.executeQuery(SparkPlan.scala:243)
[2025-01-15T10:59:45.834+0000] {spark_submit.py:641} INFO - at org.apache.spark.sql.execution.SparkPlan.execute(SparkPlan.scala:191)
[2025-01-15T10:59:45.836+0000] {spark_submit.py:641} INFO - at org.apache.spark.sql.execution.DeserializeToObjectExec.doExecute(objects.scala:93)
[2025-01-15T10:59:45.838+0000] {spark_submit.py:641} INFO - at org.apache.spark.sql.execution.SparkPlan.$anonfun$execute$1(SparkPlan.scala:195)
[2025-01-15T10:59:45.839+0000] {spark_submit.py:641} INFO - at org.apache.spark.sql.execution.SparkPlan.$anonfun$executeQuery$1(SparkPlan.scala:246)
[2025-01-15T10:59:45.841+0000] {spark_submit.py:641} INFO - at org.apache.spark.rdd.RDDOperationScope$.withScope(RDDOperationScope.scala:151)
[2025-01-15T10:59:45.843+0000] {spark_submit.py:641} INFO - at org.apache.spark.sql.execution.SparkPlan.executeQuery(SparkPlan.scala:243)
[2025-01-15T10:59:45.844+0000] {spark_submit.py:641} INFO - at org.apache.spark.sql.execution.SparkPlan.execute(SparkPlan.scala:191)
[2025-01-15T10:59:45.845+0000] {spark_submit.py:641} INFO - at org.apache.spark.sql.execution.QueryExecution.toRdd$lzycompute(QueryExecution.scala:207)
[2025-01-15T10:59:45.846+0000] {spark_submit.py:641} INFO - at org.apache.spark.sql.execution.QueryExecution.toRdd(QueryExecution.scala:206)
[2025-01-15T10:59:45.847+0000] {spark_submit.py:641} INFO - at org.apache.spark.sql.Dataset.rdd$lzycompute(Dataset.scala:3851)
[2025-01-15T10:59:45.849+0000] {spark_submit.py:641} INFO - at org.apache.spark.sql.Dataset.rdd(Dataset.scala:3849)
[2025-01-15T10:59:45.850+0000] {spark_submit.py:641} INFO - at org.apache.spark.sql.Dataset.$anonfun$foreachPartition$1(Dataset.scala:3516)
[2025-01-15T10:59:45.851+0000] {spark_submit.py:641} INFO - at scala.runtime.java8.JFunction0$mcV$sp.apply(JFunction0$mcV$sp.java:23)
[2025-01-15T10:59:45.852+0000] {spark_submit.py:641} INFO - at org.apache.spark.sql.Dataset.$anonfun$withNewRDDExecutionId$1(Dataset.scala:4310)
[2025-01-15T10:59:45.853+0000] {spark_submit.py:641} INFO - at org.apache.spark.sql.execution.SQLExecution$.$anonfun$withNewExecutionId$6(SQLExecution.scala:125)
[2025-01-15T10:59:45.854+0000] {spark_submit.py:641} INFO - at org.apache.spark.sql.execution.SQLExecution$.withSQLConfPropagated(SQLExecution.scala:201)
[2025-01-15T10:59:45.855+0000] {spark_submit.py:641} INFO - at org.apache.spark.sql.execution.SQLExecution$.$anonfun$withNewExecutionId$1(SQLExecution.scala:108)
[2025-01-15T10:59:45.856+0000] {spark_submit.py:641} INFO - at org.apache.spark.sql.SparkSession.withActive(SparkSession.scala:900)
[2025-01-15T10:59:45.857+0000] {spark_submit.py:641} INFO - at org.apache.spark.sql.execution.SQLExecution$.withNewExecutionId(SQLExecution.scala:66)
[2025-01-15T10:59:45.858+0000] {spark_submit.py:641} INFO - at org.apache.spark.sql.Dataset.withNewRDDExecutionId(Dataset.scala:4308)
[2025-01-15T10:59:45.859+0000] {spark_submit.py:641} INFO - at org.apache.spark.sql.Dataset.foreachPartition(Dataset.scala:3516)
[2025-01-15T10:59:45.860+0000] {spark_submit.py:641} INFO - at org.apache.spark.sql.execution.datasources.jdbc.JdbcUtils$.saveTable(JdbcUtils.scala:903)
[2025-01-15T10:59:45.860+0000] {spark_submit.py:641} INFO - at org.apache.spark.sql.execution.datasources.jdbc.JdbcRelationProvider.createRelation(JdbcRelationProvider.scala:65)
[2025-01-15T10:59:45.861+0000] {spark_submit.py:641} INFO - at org.apache.spark.sql.execution.datasources.SaveIntoDataSourceCommand.run(SaveIntoDataSourceCommand.scala:48)
[2025-01-15T10:59:45.862+0000] {spark_submit.py:641} INFO - at org.apache.spark.sql.execution.command.ExecutedCommandExec.sideEffectResult$lzycompute(commands.scala:75)
[2025-01-15T10:59:45.863+0000] {spark_submit.py:641} INFO - at org.apache.spark.sql.execution.command.ExecutedCommandExec.sideEffectResult(commands.scala:73)
[2025-01-15T10:59:45.864+0000] {spark_submit.py:641} INFO - at org.apache.spark.sql.execution.command.ExecutedCommandExec.executeCollect(commands.scala:84)
[2025-01-15T10:59:45.864+0000] {spark_submit.py:641} INFO - at org.apache.spark.sql.execution.QueryExecution$$anonfun$eagerlyExecuteCommands$1.$anonfun$applyOrElse$1(QueryExecution.scala:107)
[2025-01-15T10:59:45.865+0000] {spark_submit.py:641} INFO - at org.apache.spark.sql.execution.SQLExecution$.$anonfun$withNewExecutionId$6(SQLExecution.scala:125)
[2025-01-15T10:59:45.866+0000] {spark_submit.py:641} INFO - at org.apache.spark.sql.execution.SQLExecution$.withSQLConfPropagated(SQLExecution.scala:201)
[2025-01-15T10:59:45.867+0000] {spark_submit.py:641} INFO - at org.apache.spark.sql.execution.SQLExecution$.$anonfun$withNewExecutionId$1(SQLExecution.scala:108)
[2025-01-15T10:59:45.868+0000] {spark_submit.py:641} INFO - at org.apache.spark.sql.SparkSession.withActive(SparkSession.scala:900)
[2025-01-15T10:59:45.868+0000] {spark_submit.py:641} INFO - at org.apache.spark.sql.execution.SQLExecution$.withNewExecutionId(SQLExecution.scala:66)
[2025-01-15T10:59:45.869+0000] {spark_submit.py:641} INFO - at org.apache.spark.sql.execution.QueryExecution$$anonfun$eagerlyExecuteCommands$1.applyOrElse(QueryExecution.scala:107)
[2025-01-15T10:59:45.870+0000] {spark_submit.py:641} INFO - at org.apache.spark.sql.execution.QueryExecution$$anonfun$eagerlyExecuteCommands$1.applyOrElse(QueryExecution.scala:98)
[2025-01-15T10:59:45.871+0000] {spark_submit.py:641} INFO - at org.apache.spark.sql.catalyst.trees.TreeNode.$anonfun$transformDownWithPruning$1(TreeNode.scala:461)
[2025-01-15T10:59:45.871+0000] {spark_submit.py:641} INFO - at org.apache.spark.sql.catalyst.trees.CurrentOrigin$.withOrigin(origin.scala:76)
[2025-01-15T10:59:45.872+0000] {spark_submit.py:641} INFO - at org.apache.spark.sql.catalyst.trees.TreeNode.transformDownWithPruning(TreeNode.scala:461)
[2025-01-15T10:59:45.873+0000] {spark_submit.py:641} INFO - at org.apache.spark.sql.catalyst.plans.logical.LogicalPlan.org$apache$spark$sql$catalyst$plans$logical$AnalysisHelper$$super$transformDownWithPruning(LogicalPlan.scala:32)
[2025-01-15T10:59:45.874+0000] {spark_submit.py:641} INFO - at org.apache.spark.sql.catalyst.plans.logical.AnalysisHelper.transformDownWithPruning(AnalysisHelper.scala:267)
[2025-01-15T10:59:45.874+0000] {spark_submit.py:641} INFO - at org.apache.spark.sql.catalyst.plans.logical.AnalysisHelper.transformDownWithPruning$(AnalysisHelper.scala:263)
[2025-01-15T10:59:45.875+0000] {spark_submit.py:641} INFO - at org.apache.spark.sql.catalyst.plans.logical.LogicalPlan.transformDownWithPruning(LogicalPlan.scala:32)
[2025-01-15T10:59:45.876+0000] {spark_submit.py:641} INFO - at org.apache.spark.sql.catalyst.plans.logical.LogicalPlan.transformDownWithPruning(LogicalPlan.scala:32)
[2025-01-15T10:59:45.877+0000] {spark_submit.py:641} INFO - at org.apache.spark.sql.catalyst.trees.TreeNode.transformDown(TreeNode.scala:437)
[2025-01-15T10:59:45.877+0000] {spark_submit.py:641} INFO - at org.apache.spark.sql.execution.QueryExecution.eagerlyExecuteCommands(QueryExecution.scala:98)
[2025-01-15T10:59:45.878+0000] {spark_submit.py:641} INFO - at org.apache.spark.sql.execution.QueryExecution.commandExecuted$lzycompute(QueryExecution.scala:85)
[2025-01-15T10:59:45.879+0000] {spark_submit.py:641} INFO - at org.apache.spark.sql.execution.QueryExecution.commandExecuted(QueryExecution.scala:83)
[2025-01-15T10:59:45.880+0000] {spark_submit.py:641} INFO - at org.apache.spark.sql.execution.QueryExecution.assertCommandExecuted(QueryExecution.scala:142)
[2025-01-15T10:59:45.881+0000] {spark_submit.py:641} INFO - at org.apache.spark.sql.DataFrameWriter.runCommand(DataFrameWriter.scala:869)
[2025-01-15T10:59:45.881+0000] {spark_submit.py:641} INFO - at org.apache.spark.sql.DataFrameWriter.saveToV1Source(DataFrameWriter.scala:391)
[2025-01-15T10:59:45.882+0000] {spark_submit.py:641} INFO - at org.apache.spark.sql.DataFrameWriter.saveInternal(DataFrameWriter.scala:364)
[2025-01-15T10:59:45.883+0000] {spark_submit.py:641} INFO - at org.apache.spark.sql.DataFrameWriter.save(DataFrameWriter.scala:251)
[2025-01-15T10:59:45.883+0000] {spark_submit.py:641} INFO - at org.apache.spark.sql.DataFrameWriter.jdbc(DataFrameWriter.scala:766)
[2025-01-15T10:59:45.884+0000] {spark_submit.py:641} INFO - at java.base/jdk.internal.reflect.NativeMethodAccessorImpl.invoke0(Native Method)
[2025-01-15T10:59:45.885+0000] {spark_submit.py:641} INFO - at java.base/jdk.internal.reflect.NativeMethodAccessorImpl.invoke(NativeMethodAccessorImpl.java:77)
[2025-01-15T10:59:45.886+0000] {spark_submit.py:641} INFO - at java.base/jdk.internal.reflect.DelegatingMethodAccessorImpl.invoke(DelegatingMethodAccessorImpl.java:43)
[2025-01-15T10:59:45.886+0000] {spark_submit.py:641} INFO - at java.base/java.lang.reflect.Method.invoke(Method.java:569)
[2025-01-15T10:59:45.887+0000] {spark_submit.py:641} INFO - at py4j.reflection.MethodInvoker.invoke(MethodInvoker.java:244)
[2025-01-15T10:59:45.888+0000] {spark_submit.py:641} INFO - at py4j.reflection.ReflectionEngine.invoke(ReflectionEngine.java:374)
[2025-01-15T10:59:45.889+0000] {spark_submit.py:641} INFO - at py4j.Gateway.invoke(Gateway.java:282)
[2025-01-15T10:59:45.889+0000] {spark_submit.py:641} INFO - at py4j.commands.AbstractCommand.invokeMethod(AbstractCommand.java:132)
[2025-01-15T10:59:45.890+0000] {spark_submit.py:641} INFO - at py4j.commands.CallCommand.execute(CallCommand.java:79)
[2025-01-15T10:59:45.891+0000] {spark_submit.py:641} INFO - at py4j.ClientServerConnection.waitForCommands(ClientServerConnection.java:182)
[2025-01-15T10:59:45.892+0000] {spark_submit.py:641} INFO - at py4j.ClientServerConnection.run(ClientServerConnection.java:106)
[2025-01-15T10:59:45.893+0000] {spark_submit.py:641} INFO - at java.base/java.lang.Thread.run(Thread.java:840)
[2025-01-15T10:59:45.893+0000] {spark_submit.py:641} INFO - 
[2025-01-15T10:59:45.923+0000] {taskinstance.py:441} INFO - ::group::Post task execution logs
[2025-01-15T10:59:45.936+0000] {taskinstance.py:2905} ERROR - Task failed with exception
Traceback (most recent call last):
  File "/home/airflow/.local/lib/python3.10/site-packages/airflow/models/taskinstance.py", line 465, in _execute_task
    result = _execute_callable(context=context, **execute_callable_kwargs)
  File "/home/airflow/.local/lib/python3.10/site-packages/airflow/models/taskinstance.py", line 432, in _execute_callable
    return execute_callable(context=context, **execute_callable_kwargs)
  File "/home/airflow/.local/lib/python3.10/site-packages/airflow/models/baseoperator.py", line 401, in wrapper
    return func(self, *args, **kwargs)
  File "/home/airflow/.local/lib/python3.10/site-packages/airflow/providers/apache/spark/operators/spark_submit.py", line 177, in execute
    self._hook.submit(self.application)
  File "/home/airflow/.local/lib/python3.10/site-packages/airflow/providers/apache/spark/hooks/spark_submit.py", line 567, in submit
    raise AirflowException(
airflow.exceptions.AirflowException: Cannot execute: spark-submit --master spark://spark-master:7077 --jars /spark-scripts/jars/jars_postgresql-42.2.20.jar --name arrow-spark /spark-scripts/data_ingestion_products.py. Error code is: 1.
[2025-01-15T10:59:45.941+0000] {taskinstance.py:1206} INFO - Marking task as FAILED. dag_id=Data_Ingestions_produts, task_id=spark_submit_task, run_id=manual__2025-01-15T10:58:35.234776+00:00, execution_date=20250115T105835, start_date=20250115T105837, end_date=20250115T105945
[2025-01-15T10:59:45.958+0000] {standard_task_runner.py:110} ERROR - Failed to execute job 10 for task spark_submit_task (Cannot execute: spark-submit --master spark://spark-master:7077 --jars /spark-scripts/jars/jars_postgresql-42.2.20.jar --name arrow-spark /spark-scripts/data_ingestion_products.py. Error code is: 1.; 2208)
[2025-01-15T10:59:45.972+0000] {local_task_job_runner.py:240} INFO - Task exited with return code 1
[2025-01-15T10:59:46.005+0000] {taskinstance.py:3503} INFO - 0 downstream tasks scheduled from follow-on schedule check
[2025-01-15T10:59:46.016+0000] {local_task_job_runner.py:222} INFO - ::endgroup::
