[2025-01-16T15:48:11.141+0000] {local_task_job_runner.py:120} INFO - ::group::Pre task execution logs
[2025-01-16T15:48:11.168+0000] {taskinstance.py:2076} INFO - Dependencies all met for dep_context=non-requeueable deps ti=<TaskInstance: ETL.transform_data manual__2025-01-16T15:47:59.249865+00:00 [queued]>
[2025-01-16T15:48:11.176+0000] {taskinstance.py:2076} INFO - Dependencies all met for dep_context=requeueable deps ti=<TaskInstance: ETL.transform_data manual__2025-01-16T15:47:59.249865+00:00 [queued]>
[2025-01-16T15:48:11.178+0000] {taskinstance.py:2306} INFO - Starting attempt 1 of 1
[2025-01-16T15:48:11.190+0000] {taskinstance.py:2330} INFO - Executing <Task(SparkSubmitOperator): transform_data> on 2025-01-16 15:47:59.249865+00:00
[2025-01-16T15:48:11.194+0000] {standard_task_runner.py:63} INFO - Started process 3132 to run task
[2025-01-16T15:48:11.198+0000] {standard_task_runner.py:90} INFO - Running: ['airflow', 'tasks', 'run', 'ETL', 'transform_data', 'manual__2025-01-16T15:47:59.249865+00:00', '--job-id', '31', '--raw', '--subdir', 'DAGS_FOLDER/ETL.py', '--cfg-path', '/tmp/tmp8of9bzpw']
[2025-01-16T15:48:11.199+0000] {standard_task_runner.py:91} INFO - Job 31: Subtask transform_data
[2025-01-16T15:48:11.239+0000] {task_command.py:426} INFO - Running <TaskInstance: ETL.transform_data manual__2025-01-16T15:47:59.249865+00:00 [running]> on host airflow-scheduler
[2025-01-16T15:48:11.315+0000] {taskinstance.py:2648} INFO - Exporting env vars: AIRFLOW_CTX_DAG_OWNER='Ajied(WhatsApp), Ajied(Email)' AIRFLOW_CTX_DAG_ID='ETL' AIRFLOW_CTX_TASK_ID='transform_data' AIRFLOW_CTX_EXECUTION_DATE='2025-01-16T15:47:59.249865+00:00' AIRFLOW_CTX_TRY_NUMBER='1' AIRFLOW_CTX_DAG_RUN_ID='manual__2025-01-16T15:47:59.249865+00:00'
[2025-01-16T15:48:11.316+0000] {taskinstance.py:430} INFO - ::endgroup::
[2025-01-16T15:48:11.323+0000] {base.py:84} INFO - Using connection ID 'spark_main' for task execution.
[2025-01-16T15:48:11.324+0000] {spark_submit.py:474} INFO - Spark-Submit cmd: spark-submit --master spark://spark-master:7077 --jars /spark-scripts/jars/jars_postgresql-42.2.20.jar --name arrow-spark /spark-scripts/resources/transform.py
[2025-01-16T15:48:12.723+0000] {spark_submit.py:641} INFO - 25/01/16 15:48:12 WARN NativeCodeLoader: Unable to load native-hadoop library for your platform... using builtin-java classes where applicable
[2025-01-16T15:48:13.744+0000] {spark_submit.py:641} INFO - 25/01/16 15:48:13 INFO SparkContext: Running Spark version 3.3.2
[2025-01-16T15:48:13.768+0000] {spark_submit.py:641} INFO - 25/01/16 15:48:13 INFO ResourceUtils: ==============================================================
[2025-01-16T15:48:13.768+0000] {spark_submit.py:641} INFO - 25/01/16 15:48:13 INFO ResourceUtils: No custom resources configured for spark.driver.
[2025-01-16T15:48:13.769+0000] {spark_submit.py:641} INFO - 25/01/16 15:48:13 INFO ResourceUtils: ==============================================================
[2025-01-16T15:48:13.769+0000] {spark_submit.py:641} INFO - 25/01/16 15:48:13 INFO SparkContext: Submitted application: Data Transform
[2025-01-16T15:48:13.784+0000] {spark_submit.py:641} INFO - 25/01/16 15:48:13 INFO ResourceProfile: Default ResourceProfile created, executor resources: Map(cores -> name: cores, amount: 1, script: , vendor: , memory -> name: memory, amount: 1024, script: , vendor: , offHeap -> name: offHeap, amount: 0, script: , vendor: ), task resources: Map(cpus -> name: cpus, amount: 1.0)
[2025-01-16T15:48:13.791+0000] {spark_submit.py:641} INFO - 25/01/16 15:48:13 INFO ResourceProfile: Limiting resource is cpu
[2025-01-16T15:48:13.792+0000] {spark_submit.py:641} INFO - 25/01/16 15:48:13 INFO ResourceProfileManager: Added ResourceProfile id: 0
[2025-01-16T15:48:13.825+0000] {spark_submit.py:641} INFO - 25/01/16 15:48:13 INFO SecurityManager: Changing view acls to: airflow
[2025-01-16T15:48:13.826+0000] {spark_submit.py:641} INFO - 25/01/16 15:48:13 INFO SecurityManager: Changing modify acls to: airflow
[2025-01-16T15:48:13.826+0000] {spark_submit.py:641} INFO - 25/01/16 15:48:13 INFO SecurityManager: Changing view acls groups to:
[2025-01-16T15:48:13.826+0000] {spark_submit.py:641} INFO - 25/01/16 15:48:13 INFO SecurityManager: Changing modify acls groups to:
[2025-01-16T15:48:13.827+0000] {spark_submit.py:641} INFO - 25/01/16 15:48:13 INFO SecurityManager: SecurityManager: authentication disabled; ui acls disabled; users  with view permissions: Set(airflow); groups with view permissions: Set(); users  with modify permissions: Set(airflow); groups with modify permissions: Set()
[2025-01-16T15:48:13.991+0000] {spark_submit.py:641} INFO - 25/01/16 15:48:13 INFO Utils: Successfully started service 'sparkDriver' on port 36201.
[2025-01-16T15:48:14.014+0000] {spark_submit.py:641} INFO - 25/01/16 15:48:14 INFO SparkEnv: Registering MapOutputTracker
[2025-01-16T15:48:14.040+0000] {spark_submit.py:641} INFO - 25/01/16 15:48:14 INFO SparkEnv: Registering BlockManagerMaster
[2025-01-16T15:48:14.055+0000] {spark_submit.py:641} INFO - 25/01/16 15:48:14 INFO BlockManagerMasterEndpoint: Using org.apache.spark.storage.DefaultTopologyMapper for getting topology information
[2025-01-16T15:48:14.056+0000] {spark_submit.py:641} INFO - 25/01/16 15:48:14 INFO BlockManagerMasterEndpoint: BlockManagerMasterEndpoint up
[2025-01-16T15:48:14.060+0000] {spark_submit.py:641} INFO - 25/01/16 15:48:14 INFO SparkEnv: Registering BlockManagerMasterHeartbeat
[2025-01-16T15:48:14.076+0000] {spark_submit.py:641} INFO - 25/01/16 15:48:14 INFO DiskBlockManager: Created local directory at /tmp/blockmgr-c3739887-1370-43b8-b238-c483ecc9e4a7
[2025-01-16T15:48:14.089+0000] {spark_submit.py:641} INFO - 25/01/16 15:48:14 INFO MemoryStore: MemoryStore started with capacity 434.4 MiB
[2025-01-16T15:48:14.104+0000] {spark_submit.py:641} INFO - 25/01/16 15:48:14 INFO SparkEnv: Registering OutputCommitCoordinator
[2025-01-16T15:48:14.248+0000] {spark_submit.py:641} INFO - 25/01/16 15:48:14 INFO Utils: Successfully started service 'SparkUI' on port 4040.
[2025-01-16T15:48:14.283+0000] {spark_submit.py:641} INFO - 25/01/16 15:48:14 ERROR SparkContext: Failed to add /opt/bitnami/spark/jars/postgresql-42.2.18.jar to Spark environment
[2025-01-16T15:48:14.284+0000] {spark_submit.py:641} INFO - java.io.FileNotFoundException: Jar /opt/bitnami/spark/jars/postgresql-42.2.18.jar not found
[2025-01-16T15:48:14.284+0000] {spark_submit.py:641} INFO - at org.apache.spark.SparkContext.addLocalJarFile$1(SparkContext.scala:1959)
[2025-01-16T15:48:14.285+0000] {spark_submit.py:641} INFO - at org.apache.spark.SparkContext.addJar(SparkContext.scala:2014)
[2025-01-16T15:48:14.285+0000] {spark_submit.py:641} INFO - at org.apache.spark.SparkContext.$anonfun$new$12(SparkContext.scala:507)
[2025-01-16T15:48:14.285+0000] {spark_submit.py:641} INFO - at org.apache.spark.SparkContext.$anonfun$new$12$adapted(SparkContext.scala:507)
[2025-01-16T15:48:14.286+0000] {spark_submit.py:641} INFO - at scala.collection.mutable.ResizableArray.foreach(ResizableArray.scala:62)
[2025-01-16T15:48:14.286+0000] {spark_submit.py:641} INFO - at scala.collection.mutable.ResizableArray.foreach$(ResizableArray.scala:55)
[2025-01-16T15:48:14.287+0000] {spark_submit.py:641} INFO - at scala.collection.mutable.ArrayBuffer.foreach(ArrayBuffer.scala:49)
[2025-01-16T15:48:14.287+0000] {spark_submit.py:641} INFO - at org.apache.spark.SparkContext.<init>(SparkContext.scala:507)
[2025-01-16T15:48:14.287+0000] {spark_submit.py:641} INFO - at org.apache.spark.api.java.JavaSparkContext.<init>(JavaSparkContext.scala:58)
[2025-01-16T15:48:14.288+0000] {spark_submit.py:641} INFO - at java.base/jdk.internal.reflect.NativeConstructorAccessorImpl.newInstance0(Native Method)
[2025-01-16T15:48:14.288+0000] {spark_submit.py:641} INFO - at java.base/jdk.internal.reflect.NativeConstructorAccessorImpl.newInstance(NativeConstructorAccessorImpl.java:77)
[2025-01-16T15:48:14.288+0000] {spark_submit.py:641} INFO - at java.base/jdk.internal.reflect.DelegatingConstructorAccessorImpl.newInstance(DelegatingConstructorAccessorImpl.java:45)
[2025-01-16T15:48:14.289+0000] {spark_submit.py:641} INFO - at java.base/java.lang.reflect.Constructor.newInstanceWithCaller(Constructor.java:500)
[2025-01-16T15:48:14.289+0000] {spark_submit.py:641} INFO - at java.base/java.lang.reflect.Constructor.newInstance(Constructor.java:481)
[2025-01-16T15:48:14.289+0000] {spark_submit.py:641} INFO - at py4j.reflection.MethodInvoker.invoke(MethodInvoker.java:247)
[2025-01-16T15:48:14.290+0000] {spark_submit.py:641} INFO - at py4j.reflection.ReflectionEngine.invoke(ReflectionEngine.java:357)
[2025-01-16T15:48:14.290+0000] {spark_submit.py:641} INFO - at py4j.Gateway.invoke(Gateway.java:238)
[2025-01-16T15:48:14.290+0000] {spark_submit.py:641} INFO - at py4j.commands.ConstructorCommand.invokeConstructor(ConstructorCommand.java:80)
[2025-01-16T15:48:14.290+0000] {spark_submit.py:641} INFO - at py4j.commands.ConstructorCommand.execute(ConstructorCommand.java:69)
[2025-01-16T15:48:14.290+0000] {spark_submit.py:641} INFO - at py4j.ClientServerConnection.waitForCommands(ClientServerConnection.java:182)
[2025-01-16T15:48:14.291+0000] {spark_submit.py:641} INFO - at py4j.ClientServerConnection.run(ClientServerConnection.java:106)
[2025-01-16T15:48:14.291+0000] {spark_submit.py:641} INFO - at java.base/java.lang.Thread.run(Thread.java:840)
[2025-01-16T15:48:14.341+0000] {spark_submit.py:641} INFO - 25/01/16 15:48:14 INFO StandaloneAppClient$ClientEndpoint: Connecting to master spark://spark-master:7077...
[2025-01-16T15:48:14.374+0000] {spark_submit.py:641} INFO - 25/01/16 15:48:14 INFO TransportClientFactory: Successfully created connection to spark-master/172.18.0.5:7077 after 18 ms (0 ms spent in bootstraps)
[2025-01-16T15:48:14.447+0000] {spark_submit.py:641} INFO - 25/01/16 15:48:14 INFO StandaloneSchedulerBackend: Connected to Spark cluster with app ID app-20250116154814-0001
[2025-01-16T15:48:14.449+0000] {spark_submit.py:641} INFO - 25/01/16 15:48:14 INFO StandaloneAppClient$ClientEndpoint: Executor added: app-20250116154814-0001/0 on worker-20250116143101-172.18.0.6-38821 (172.18.0.6:38821) with 1 core(s)
[2025-01-16T15:48:14.451+0000] {spark_submit.py:641} INFO - 25/01/16 15:48:14 INFO StandaloneSchedulerBackend: Granted executor ID app-20250116154814-0001/0 on hostPort 172.18.0.6:38821 with 1 core(s), 1024.0 MiB RAM
[2025-01-16T15:48:14.453+0000] {spark_submit.py:641} INFO - 25/01/16 15:48:14 INFO Utils: Successfully started service 'org.apache.spark.network.netty.NettyBlockTransferService' on port 45133.
[2025-01-16T15:48:14.454+0000] {spark_submit.py:641} INFO - 25/01/16 15:48:14 INFO NettyBlockTransferService: Server created on airflow-scheduler:45133
[2025-01-16T15:48:14.455+0000] {spark_submit.py:641} INFO - 25/01/16 15:48:14 INFO BlockManager: Using org.apache.spark.storage.RandomBlockReplicationPolicy for block replication policy
[2025-01-16T15:48:14.460+0000] {spark_submit.py:641} INFO - 25/01/16 15:48:14 INFO BlockManagerMaster: Registering BlockManager BlockManagerId(driver, airflow-scheduler, 45133, None)
[2025-01-16T15:48:14.464+0000] {spark_submit.py:641} INFO - 25/01/16 15:48:14 INFO BlockManagerMasterEndpoint: Registering block manager airflow-scheduler:45133 with 434.4 MiB RAM, BlockManagerId(driver, airflow-scheduler, 45133, None)
[2025-01-16T15:48:14.465+0000] {spark_submit.py:641} INFO - 25/01/16 15:48:14 INFO BlockManagerMaster: Registered BlockManager BlockManagerId(driver, airflow-scheduler, 45133, None)
[2025-01-16T15:48:14.466+0000] {spark_submit.py:641} INFO - 25/01/16 15:48:14 INFO BlockManager: Initialized BlockManager: BlockManagerId(driver, airflow-scheduler, 45133, None)
[2025-01-16T15:48:14.518+0000] {spark_submit.py:641} INFO - 25/01/16 15:48:14 INFO StandaloneAppClient$ClientEndpoint: Executor updated: app-20250116154814-0001/0 is now RUNNING
[2025-01-16T15:48:14.653+0000] {spark_submit.py:641} INFO - 25/01/16 15:48:14 INFO StandaloneSchedulerBackend: SchedulerBackend is ready for scheduling beginning after reached minRegisteredResourcesRatio: 0.0
[2025-01-16T15:48:14.846+0000] {spark_submit.py:641} INFO - Extracting data from PostgreSQL (products)...
[2025-01-16T15:48:16.897+0000] {spark_submit.py:641} INFO - Extracting data from PostgreSQL (transactions)...
[2025-01-16T15:48:16.927+0000] {spark_submit.py:641} INFO - Transforming data...
[2025-01-16T15:48:18.629+0000] {spark_submit.py:641} INFO - +--------------------+--------------------+--------------------+--------------------+----------+------------------+
[2025-01-16T15:48:18.630+0000] {spark_submit.py:641} INFO - |          product_id|        product_name|            category|        manufacturer|base_price|  discounted_price|
[2025-01-16T15:48:18.630+0000] {spark_submit.py:641} INFO - +--------------------+--------------------+--------------------+--------------------+----------+------------------+
[2025-01-16T15:48:18.631+0000] {spark_submit.py:641} INFO - |       PROD-a7e8c7dd|       Books Item 72|               Books|             EcoTech|    475.85|428.26500000000004|
[2025-01-16T15:48:18.632+0000] {spark_submit.py:641} INFO - |       PROD-a9a7608e|Sports & Outdoors...|   Sports & Outdoors|        GlobalBrands|      null|              null|
[2025-01-16T15:48:18.632+0000] {spark_submit.py:641} INFO - |       PROD-38e2b395|Home & Kitchen It...|      Home & Kitchen|                -683|    235.03|211.52700000000002|
[2025-01-16T15:48:18.633+0000] {spark_submit.py:641} INFO - |       PROD-048762fb|Home & Kitchen It...|      Home & Kitchen|GlobalBrands_NOIS...|     20.09|            18.081|
[2025-01-16T15:48:18.634+0000] {spark_submit.py:641} INFO - |  Too often trouble.|      Books Item 192|               Books|        GlobalBrands|    469.89|           422.901|
[2025-01-16T15:48:18.635+0000] {spark_submit.py:641} INFO - |       PROD-1f031ffb|                -605|               Books|        FashionHouse|     99.87| 89.88300000000001|
[2025-01-16T15:48:18.635+0000] {spark_submit.py:641} INFO - |       PROD-83498373|Beauty & Personal...|Beauty & Personal...|           TechGiant|     13.46|            12.114|
[2025-01-16T15:48:18.636+0000] {spark_submit.py:641} INFO - |       PROD-ac904d51|                -193|      Home & Kitchen|        GlobalBrands|    309.81|           278.829|
[2025-01-16T15:48:18.636+0000] {spark_submit.py:641} INFO - |  PROD-69b00429_head|      Books Item 958|                Bo  |           SportsPro|    189.52|           170.568|
[2025-01-16T15:48:18.637+0000] {spark_submit.py:641} INFO - |       PROD-db9600bd|                null|Beauty & Personal...|         LuxuryGoods|      null|              null|
[2025-01-16T15:48:18.638+0000] {spark_submit.py:641} INFO - |       PROD-b8112728|Electronics Item 647|MISSING_DATA_66aa...|             EcoTech|      32.0|              28.8|
[2025-01-16T15:48:18.638+0000] {spark_submit.py:641} INFO - | PROD-75d4410d_child|Sports & Outdoors...|   Sports & Outdoors|        GlobalBrands|    230.74|207.66600000000003|
[2025-01-16T15:48:18.638+0000] {spark_submit.py:641} INFO - |       PROD-ef9b7568|Electronics Item 777|         Electronics|                -763|    483.16|434.84400000000005|
[2025-01-16T15:48:18.639+0000] {spark_submit.py:641} INFO - |       PROD-e5586dc8|    Clothing Item 92|            Clothing|        FashionHouse|     57.86|            52.074|
[2025-01-16T15:48:18.639+0000] {spark_submit.py:641} INFO - |       PROD-7b2cc2b9|MISSING_DATA_e625...|               Books|            Book    |      69.8|             62.82|
[2025-01-16T15:48:18.640+0000] {spark_submit.py:641} INFO - |        PROD-a      |Home & Kitchen It...|             service|        FashionHouse|    455.57|           410.013|
[2025-01-16T15:48:18.640+0000] {spark_submit.py:641} INFO - |PROD-cfa821be_report|      Books Item 566|               Books|           SportsPro|    162.74|           146.466|
[2025-01-16T15:48:18.640+0000] {spark_submit.py:641} INFO - | PROD-fc6f675d_argue|   Clothing Item 703|            Clothing|           BookWorld|    288.17|           259.353|
[2025-01-16T15:48:18.641+0000] {spark_submit.py:641} INFO - |       PROD-c1ca4f49|   Clothing Item 202|            Clothing|        GlobalBrands|    389.82|           350.838|
[2025-01-16T15:48:18.641+0000] {spark_submit.py:641} INFO - |       PROD-8ed7a88e|                  41|Beauty & Personal...|                null|    464.06|           417.654|
[2025-01-16T15:48:18.642+0000] {spark_submit.py:641} INFO - +--------------------+--------------------+--------------------+--------------------+----------+------------------+
[2025-01-16T15:48:18.642+0000] {spark_submit.py:641} INFO - only showing top 20 rows
[2025-01-16T15:48:18.643+0000] {spark_submit.py:641} INFO - 
[2025-01-16T15:48:19.831+0000] {spark_submit.py:641} INFO - 25/01/16 15:48:19 WARN TaskSetManager: Lost task 0.0 in stage 1.0 (TID 1) (172.18.0.6 executor 0): org.apache.spark.api.python.PythonException: Traceback (most recent call last):
[2025-01-16T15:48:19.831+0000] {spark_submit.py:641} INFO - File "/opt/bitnami/spark/python/lib/pyspark.zip/pyspark/worker.py", line 540, in main
[2025-01-16T15:48:19.832+0000] {spark_submit.py:641} INFO - raise RuntimeError(
[2025-01-16T15:48:19.832+0000] {spark_submit.py:641} INFO - RuntimeError: Python in worker has different version 3.9 than that in driver 3.10, PySpark cannot run with different minor versions. Please check environment variables PYSPARK_PYTHON and PYSPARK_DRIVER_PYTHON are correctly set.
[2025-01-16T15:48:19.833+0000] {spark_submit.py:641} INFO - 
[2025-01-16T15:48:19.834+0000] {spark_submit.py:641} INFO - at org.apache.spark.api.python.BasePythonRunner$ReaderIterator.handlePythonException(PythonRunner.scala:552)
[2025-01-16T15:48:19.834+0000] {spark_submit.py:641} INFO - at org.apache.spark.sql.execution.python.PythonUDFRunner$$anon$2.read(PythonUDFRunner.scala:86)
[2025-01-16T15:48:19.835+0000] {spark_submit.py:641} INFO - at org.apache.spark.sql.execution.python.PythonUDFRunner$$anon$2.read(PythonUDFRunner.scala:68)
[2025-01-16T15:48:19.835+0000] {spark_submit.py:641} INFO - at org.apache.spark.api.python.BasePythonRunner$ReaderIterator.hasNext(PythonRunner.scala:505)
[2025-01-16T15:48:19.836+0000] {spark_submit.py:641} INFO - at org.apache.spark.InterruptibleIterator.hasNext(InterruptibleIterator.scala:37)
[2025-01-16T15:48:19.836+0000] {spark_submit.py:641} INFO - at scala.collection.Iterator$$anon$11.hasNext(Iterator.scala:491)
[2025-01-16T15:48:19.837+0000] {spark_submit.py:641} INFO - at scala.collection.Iterator$$anon$10.hasNext(Iterator.scala:460)
[2025-01-16T15:48:19.837+0000] {spark_submit.py:641} INFO - at scala.collection.Iterator$$anon$10.hasNext(Iterator.scala:460)
[2025-01-16T15:48:19.837+0000] {spark_submit.py:641} INFO - at org.apache.spark.sql.catalyst.expressions.GeneratedClass$GeneratedIteratorForCodegenStage2.processNext(Unknown Source)
[2025-01-16T15:48:19.838+0000] {spark_submit.py:641} INFO - at org.apache.spark.sql.execution.BufferedRowIterator.hasNext(BufferedRowIterator.java:43)
[2025-01-16T15:48:19.838+0000] {spark_submit.py:641} INFO - at org.apache.spark.sql.execution.WholeStageCodegenExec$$anon$1.hasNext(WholeStageCodegenExec.scala:760)
[2025-01-16T15:48:19.839+0000] {spark_submit.py:641} INFO - at org.apache.spark.sql.execution.SparkPlan.$anonfun$getByteArrayRdd$1(SparkPlan.scala:364)
[2025-01-16T15:48:19.839+0000] {spark_submit.py:641} INFO - at org.apache.spark.rdd.RDD.$anonfun$mapPartitionsInternal$2(RDD.scala:890)
[2025-01-16T15:48:19.839+0000] {spark_submit.py:641} INFO - at org.apache.spark.rdd.RDD.$anonfun$mapPartitionsInternal$2$adapted(RDD.scala:890)
[2025-01-16T15:48:19.840+0000] {spark_submit.py:641} INFO - at org.apache.spark.rdd.MapPartitionsRDD.compute(MapPartitionsRDD.scala:52)
[2025-01-16T15:48:19.840+0000] {spark_submit.py:641} INFO - at org.apache.spark.rdd.RDD.computeOrReadCheckpoint(RDD.scala:365)
[2025-01-16T15:48:19.841+0000] {spark_submit.py:641} INFO - at org.apache.spark.rdd.RDD.iterator(RDD.scala:329)
[2025-01-16T15:48:19.841+0000] {spark_submit.py:641} INFO - at org.apache.spark.scheduler.ResultTask.runTask(ResultTask.scala:90)
[2025-01-16T15:48:19.842+0000] {spark_submit.py:641} INFO - at org.apache.spark.scheduler.Task.run(Task.scala:136)
[2025-01-16T15:48:19.842+0000] {spark_submit.py:641} INFO - at org.apache.spark.executor.Executor$TaskRunner.$anonfun$run$3(Executor.scala:548)
[2025-01-16T15:48:19.843+0000] {spark_submit.py:641} INFO - at org.apache.spark.util.Utils$.tryWithSafeFinally(Utils.scala:1504)
[2025-01-16T15:48:19.843+0000] {spark_submit.py:641} INFO - at org.apache.spark.executor.Executor$TaskRunner.run(Executor.scala:551)
[2025-01-16T15:48:19.843+0000] {spark_submit.py:641} INFO - at java.base/java.util.concurrent.ThreadPoolExecutor.runWorker(ThreadPoolExecutor.java:1136)
[2025-01-16T15:48:19.844+0000] {spark_submit.py:641} INFO - at java.base/java.util.concurrent.ThreadPoolExecutor$Worker.run(ThreadPoolExecutor.java:635)
[2025-01-16T15:48:19.844+0000] {spark_submit.py:641} INFO - at java.base/java.lang.Thread.run(Thread.java:833)
[2025-01-16T15:48:19.844+0000] {spark_submit.py:641} INFO - 
[2025-01-16T15:48:19.983+0000] {spark_submit.py:641} INFO - 25/01/16 15:48:19 ERROR TaskSetManager: Task 0 in stage 1.0 failed 4 times; aborting job
[2025-01-16T15:48:20.052+0000] {spark_submit.py:641} INFO - Traceback (most recent call last):
[2025-01-16T15:48:20.053+0000] {spark_submit.py:641} INFO - File "/spark-scripts/resources/transform.py", line 155, in <module>
[2025-01-16T15:48:20.055+0000] {spark_submit.py:641} INFO - transform_data()
[2025-01-16T15:48:20.056+0000] {spark_submit.py:641} INFO - File "/spark-scripts/resources/transform.py", line 130, in transform_data
[2025-01-16T15:48:20.057+0000] {spark_submit.py:641} INFO - transformed_transactions_df.show()
[2025-01-16T15:48:20.057+0000] {spark_submit.py:641} INFO - File "/home/airflow/.local/lib/python3.10/site-packages/pyspark/python/lib/pyspark.zip/pyspark/sql/dataframe.py", line 606, in show
[2025-01-16T15:48:20.058+0000] {spark_submit.py:641} INFO - File "/home/airflow/.local/lib/python3.10/site-packages/pyspark/python/lib/py4j-0.10.9.5-src.zip/py4j/java_gateway.py", line 1321, in __call__
[2025-01-16T15:48:20.058+0000] {spark_submit.py:641} INFO - File "/home/airflow/.local/lib/python3.10/site-packages/pyspark/python/lib/pyspark.zip/pyspark/sql/utils.py", line 196, in deco
[2025-01-16T15:48:20.063+0000] {spark_submit.py:641} INFO - pyspark.sql.utils.PythonException:
[2025-01-16T15:48:20.064+0000] {spark_submit.py:641} INFO - An exception was thrown from the Python worker. Please see the stack trace below.
[2025-01-16T15:48:20.064+0000] {spark_submit.py:641} INFO - Traceback (most recent call last):
[2025-01-16T15:48:20.064+0000] {spark_submit.py:641} INFO - File "/opt/bitnami/spark/python/lib/pyspark.zip/pyspark/worker.py", line 540, in main
[2025-01-16T15:48:20.065+0000] {spark_submit.py:641} INFO - raise RuntimeError(
[2025-01-16T15:48:20.065+0000] {spark_submit.py:641} INFO - RuntimeError: Python in worker has different version 3.9 than that in driver 3.10, PySpark cannot run with different minor versions. Please check environment variables PYSPARK_PYTHON and PYSPARK_DRIVER_PYTHON are correctly set.
[2025-01-16T15:48:20.065+0000] {spark_submit.py:641} INFO - 
[2025-01-16T15:48:20.192+0000] {taskinstance.py:441} INFO - ::group::Post task execution logs
[2025-01-16T15:48:20.201+0000] {taskinstance.py:2905} ERROR - Task failed with exception
Traceback (most recent call last):
  File "/home/airflow/.local/lib/python3.10/site-packages/airflow/models/taskinstance.py", line 465, in _execute_task
    result = _execute_callable(context=context, **execute_callable_kwargs)
  File "/home/airflow/.local/lib/python3.10/site-packages/airflow/models/taskinstance.py", line 432, in _execute_callable
    return execute_callable(context=context, **execute_callable_kwargs)
  File "/home/airflow/.local/lib/python3.10/site-packages/airflow/models/baseoperator.py", line 401, in wrapper
    return func(self, *args, **kwargs)
  File "/home/airflow/.local/lib/python3.10/site-packages/airflow/providers/apache/spark/operators/spark_submit.py", line 177, in execute
    self._hook.submit(self.application)
  File "/home/airflow/.local/lib/python3.10/site-packages/airflow/providers/apache/spark/hooks/spark_submit.py", line 567, in submit
    raise AirflowException(
airflow.exceptions.AirflowException: Cannot execute: spark-submit --master spark://spark-master:7077 --jars /spark-scripts/jars/jars_postgresql-42.2.20.jar --name arrow-spark /spark-scripts/resources/transform.py. Error code is: 1.
[2025-01-16T15:48:20.207+0000] {taskinstance.py:1206} INFO - Marking task as FAILED. dag_id=ETL, task_id=transform_data, run_id=manual__2025-01-16T15:47:59.249865+00:00, execution_date=20250116T154759, start_date=20250116T154811, end_date=20250116T154820
[2025-01-16T15:48:20.223+0000] {standard_task_runner.py:110} ERROR - Failed to execute job 31 for task transform_data (Cannot execute: spark-submit --master spark://spark-master:7077 --jars /spark-scripts/jars/jars_postgresql-42.2.20.jar --name arrow-spark /spark-scripts/resources/transform.py. Error code is: 1.; 3132)
[2025-01-16T15:48:20.241+0000] {local_task_job_runner.py:240} INFO - Task exited with return code 1
[2025-01-16T15:48:20.260+0000] {taskinstance.py:3503} INFO - 0 downstream tasks scheduled from follow-on schedule check
[2025-01-16T15:48:20.265+0000] {local_task_job_runner.py:222} INFO - ::endgroup::
