[2025-01-15T11:24:59.381+0000] {local_task_job_runner.py:120} INFO - ::group::Pre task execution logs
[2025-01-15T11:24:59.474+0000] {taskinstance.py:2076} INFO - Dependencies all met for dep_context=non-requeueable deps ti=<TaskInstance: Data_Ingestions_produts.spark_submit_task manual__2025-01-15T11:24:57.311534+00:00 [queued]>
[2025-01-15T11:24:59.497+0000] {taskinstance.py:2076} INFO - Dependencies all met for dep_context=requeueable deps ti=<TaskInstance: Data_Ingestions_produts.spark_submit_task manual__2025-01-15T11:24:57.311534+00:00 [queued]>
[2025-01-15T11:24:59.503+0000] {taskinstance.py:2306} INFO - Starting attempt 1 of 1
[2025-01-15T11:24:59.539+0000] {taskinstance.py:2330} INFO - Executing <Task(SparkSubmitOperator): spark_submit_task> on 2025-01-15 11:24:57.311534+00:00
[2025-01-15T11:24:59.551+0000] {standard_task_runner.py:63} INFO - Started process 3835 to run task
[2025-01-15T11:24:59.559+0000] {standard_task_runner.py:90} INFO - Running: ['airflow', 'tasks', 'run', 'Data_Ingestions_produts', 'spark_submit_task', 'manual__2025-01-15T11:24:57.311534+00:00', '--job-id', '16', '--raw', '--subdir', 'DAGS_FOLDER/Data_Ingestions_produts.py', '--cfg-path', '/tmp/tmp16wthtn2']
[2025-01-15T11:24:59.564+0000] {standard_task_runner.py:91} INFO - Job 16: Subtask spark_submit_task
[2025-01-15T11:24:59.687+0000] {task_command.py:426} INFO - Running <TaskInstance: Data_Ingestions_produts.spark_submit_task manual__2025-01-15T11:24:57.311534+00:00 [running]> on host airflow-scheduler
[2025-01-15T11:24:59.982+0000] {taskinstance.py:2648} INFO - Exporting env vars: AIRFLOW_CTX_DAG_OWNER='Ajied(WhatsApp), Ajied(Email)' AIRFLOW_CTX_DAG_ID='Data_Ingestions_produts' AIRFLOW_CTX_TASK_ID='spark_submit_task' AIRFLOW_CTX_EXECUTION_DATE='2025-01-15T11:24:57.311534+00:00' AIRFLOW_CTX_TRY_NUMBER='1' AIRFLOW_CTX_DAG_RUN_ID='manual__2025-01-15T11:24:57.311534+00:00'
[2025-01-15T11:24:59.986+0000] {taskinstance.py:430} INFO - ::endgroup::
[2025-01-15T11:25:00.014+0000] {base.py:84} INFO - Using connection ID 'spark_main' for task execution.
[2025-01-15T11:25:00.019+0000] {spark_submit.py:474} INFO - Spark-Submit cmd: spark-submit --master spark://spark-master:7077 --jars /spark-scripts/jars/jars_postgresql-42.2.20.jar --name arrow-spark /spark-scripts/data_ingestion_products.py
[2025-01-15T11:25:02.396+0000] {spark_submit.py:641} INFO - 25/01/15 11:25:02 WARN NativeCodeLoader: Unable to load native-hadoop library for your platform... using builtin-java classes where applicable
[2025-01-15T11:25:03.783+0000] {spark_submit.py:641} INFO - 25/01/15 11:25:03 INFO SparkContext: Running Spark version 3.5.4
[2025-01-15T11:25:03.783+0000] {spark_submit.py:641} INFO - 25/01/15 11:25:03 INFO SparkContext: OS info Linux, 5.15.153.1-microsoft-standard-WSL2, amd64
[2025-01-15T11:25:03.784+0000] {spark_submit.py:641} INFO - 25/01/15 11:25:03 INFO SparkContext: Java version 17.0.13
[2025-01-15T11:25:03.811+0000] {spark_submit.py:641} INFO - 25/01/15 11:25:03 INFO ResourceUtils: ==============================================================
[2025-01-15T11:25:03.812+0000] {spark_submit.py:641} INFO - 25/01/15 11:25:03 INFO ResourceUtils: No custom resources configured for spark.driver.
[2025-01-15T11:25:03.813+0000] {spark_submit.py:641} INFO - 25/01/15 11:25:03 INFO ResourceUtils: ==============================================================
[2025-01-15T11:25:03.814+0000] {spark_submit.py:641} INFO - 25/01/15 11:25:03 INFO SparkContext: Submitted application: arrow-spark
[2025-01-15T11:25:03.835+0000] {spark_submit.py:641} INFO - 25/01/15 11:25:03 INFO ResourceProfile: Default ResourceProfile created, executor resources: Map(memory -> name: memory, amount: 1024, script: , vendor: , offHeap -> name: offHeap, amount: 0, script: , vendor: ), task resources: Map(cpus -> name: cpus, amount: 1.0)
[2025-01-15T11:25:03.843+0000] {spark_submit.py:641} INFO - 25/01/15 11:25:03 INFO ResourceProfile: Limiting resource is cpu
[2025-01-15T11:25:03.844+0000] {spark_submit.py:641} INFO - 25/01/15 11:25:03 INFO ResourceProfileManager: Added ResourceProfile id: 0
[2025-01-15T11:25:03.894+0000] {spark_submit.py:641} INFO - 25/01/15 11:25:03 INFO SecurityManager: Changing view acls to: airflow
[2025-01-15T11:25:03.895+0000] {spark_submit.py:641} INFO - 25/01/15 11:25:03 INFO SecurityManager: Changing modify acls to: airflow
[2025-01-15T11:25:03.895+0000] {spark_submit.py:641} INFO - 25/01/15 11:25:03 INFO SecurityManager: Changing view acls groups to:
[2025-01-15T11:25:03.896+0000] {spark_submit.py:641} INFO - 25/01/15 11:25:03 INFO SecurityManager: Changing modify acls groups to:
[2025-01-15T11:25:03.897+0000] {spark_submit.py:641} INFO - 25/01/15 11:25:03 INFO SecurityManager: SecurityManager: authentication disabled; ui acls disabled; users with view permissions: airflow; groups with view permissions: EMPTY; users with modify permissions: airflow; groups with modify permissions: EMPTY
[2025-01-15T11:25:04.133+0000] {spark_submit.py:641} INFO - 25/01/15 11:25:04 INFO Utils: Successfully started service 'sparkDriver' on port 43963.
[2025-01-15T11:25:04.162+0000] {spark_submit.py:641} INFO - 25/01/15 11:25:04 INFO SparkEnv: Registering MapOutputTracker
[2025-01-15T11:25:04.197+0000] {spark_submit.py:641} INFO - 25/01/15 11:25:04 INFO SparkEnv: Registering BlockManagerMaster
[2025-01-15T11:25:04.212+0000] {spark_submit.py:641} INFO - 25/01/15 11:25:04 INFO BlockManagerMasterEndpoint: Using org.apache.spark.storage.DefaultTopologyMapper for getting topology information
[2025-01-15T11:25:04.213+0000] {spark_submit.py:641} INFO - 25/01/15 11:25:04 INFO BlockManagerMasterEndpoint: BlockManagerMasterEndpoint up
[2025-01-15T11:25:04.217+0000] {spark_submit.py:641} INFO - 25/01/15 11:25:04 INFO SparkEnv: Registering BlockManagerMasterHeartbeat
[2025-01-15T11:25:04.238+0000] {spark_submit.py:641} INFO - 25/01/15 11:25:04 INFO DiskBlockManager: Created local directory at /tmp/blockmgr-c0e247d2-d35f-4503-92e6-46a1cfbbd0e1
[2025-01-15T11:25:04.260+0000] {spark_submit.py:641} INFO - 25/01/15 11:25:04 INFO MemoryStore: MemoryStore started with capacity 434.4 MiB
[2025-01-15T11:25:04.274+0000] {spark_submit.py:641} INFO - 25/01/15 11:25:04 INFO SparkEnv: Registering OutputCommitCoordinator
[2025-01-15T11:25:04.390+0000] {spark_submit.py:641} INFO - 25/01/15 11:25:04 INFO JettyUtils: Start Jetty 0.0.0.0:4040 for SparkUI
[2025-01-15T11:25:04.463+0000] {spark_submit.py:641} INFO - 25/01/15 11:25:04 INFO Utils: Successfully started service 'SparkUI' on port 4040.
[2025-01-15T11:25:04.500+0000] {spark_submit.py:641} INFO - 25/01/15 11:25:04 ERROR SparkContext: Failed to add /opt/bitnami/spark/jars/postgresql-42.2.18.jar to Spark environment
[2025-01-15T11:25:04.500+0000] {spark_submit.py:641} INFO - java.io.FileNotFoundException: Jar /opt/bitnami/spark/jars/postgresql-42.2.18.jar not found
[2025-01-15T11:25:04.501+0000] {spark_submit.py:641} INFO - at org.apache.spark.SparkContext.addLocalJarFile$1(SparkContext.scala:2095)
[2025-01-15T11:25:04.502+0000] {spark_submit.py:641} INFO - at org.apache.spark.SparkContext.addJar(SparkContext.scala:2151)
[2025-01-15T11:25:04.502+0000] {spark_submit.py:641} INFO - at org.apache.spark.SparkContext.$anonfun$new$15(SparkContext.scala:521)
[2025-01-15T11:25:04.503+0000] {spark_submit.py:641} INFO - at org.apache.spark.SparkContext.$anonfun$new$15$adapted(SparkContext.scala:521)
[2025-01-15T11:25:04.503+0000] {spark_submit.py:641} INFO - at scala.collection.mutable.ResizableArray.foreach(ResizableArray.scala:62)
[2025-01-15T11:25:04.504+0000] {spark_submit.py:641} INFO - at scala.collection.mutable.ResizableArray.foreach$(ResizableArray.scala:55)
[2025-01-15T11:25:04.504+0000] {spark_submit.py:641} INFO - at scala.collection.mutable.ArrayBuffer.foreach(ArrayBuffer.scala:49)
[2025-01-15T11:25:04.505+0000] {spark_submit.py:641} INFO - at org.apache.spark.SparkContext.<init>(SparkContext.scala:521)
[2025-01-15T11:25:04.505+0000] {spark_submit.py:641} INFO - at org.apache.spark.api.java.JavaSparkContext.<init>(JavaSparkContext.scala:58)
[2025-01-15T11:25:04.506+0000] {spark_submit.py:641} INFO - at java.base/jdk.internal.reflect.NativeConstructorAccessorImpl.newInstance0(Native Method)
[2025-01-15T11:25:04.507+0000] {spark_submit.py:641} INFO - at java.base/jdk.internal.reflect.NativeConstructorAccessorImpl.newInstance(NativeConstructorAccessorImpl.java:77)
[2025-01-15T11:25:04.507+0000] {spark_submit.py:641} INFO - at java.base/jdk.internal.reflect.DelegatingConstructorAccessorImpl.newInstance(DelegatingConstructorAccessorImpl.java:45)
[2025-01-15T11:25:04.508+0000] {spark_submit.py:641} INFO - at java.base/java.lang.reflect.Constructor.newInstanceWithCaller(Constructor.java:500)
[2025-01-15T11:25:04.509+0000] {spark_submit.py:641} INFO - at java.base/java.lang.reflect.Constructor.newInstance(Constructor.java:481)
[2025-01-15T11:25:04.509+0000] {spark_submit.py:641} INFO - at py4j.reflection.MethodInvoker.invoke(MethodInvoker.java:247)
[2025-01-15T11:25:04.510+0000] {spark_submit.py:641} INFO - at py4j.reflection.ReflectionEngine.invoke(ReflectionEngine.java:374)
[2025-01-15T11:25:04.510+0000] {spark_submit.py:641} INFO - at py4j.Gateway.invoke(Gateway.java:238)
[2025-01-15T11:25:04.511+0000] {spark_submit.py:641} INFO - at py4j.commands.ConstructorCommand.invokeConstructor(ConstructorCommand.java:80)
[2025-01-15T11:25:04.512+0000] {spark_submit.py:641} INFO - at py4j.commands.ConstructorCommand.execute(ConstructorCommand.java:69)
[2025-01-15T11:25:04.512+0000] {spark_submit.py:641} INFO - at py4j.ClientServerConnection.waitForCommands(ClientServerConnection.java:182)
[2025-01-15T11:25:04.513+0000] {spark_submit.py:641} INFO - at py4j.ClientServerConnection.run(ClientServerConnection.java:106)
[2025-01-15T11:25:04.513+0000] {spark_submit.py:641} INFO - at java.base/java.lang.Thread.run(Thread.java:840)
[2025-01-15T11:25:04.574+0000] {spark_submit.py:641} INFO - 25/01/15 11:25:04 INFO StandaloneAppClient$ClientEndpoint: Connecting to master spark://spark-master:7077...
[2025-01-15T11:25:04.617+0000] {spark_submit.py:641} INFO - 25/01/15 11:25:04 INFO TransportClientFactory: Successfully created connection to spark-master/172.18.0.2:7077 after 24 ms (0 ms spent in bootstraps)
[2025-01-15T11:25:24.577+0000] {spark_submit.py:641} INFO - 25/01/15 11:25:24 INFO StandaloneAppClient$ClientEndpoint: Connecting to master spark://spark-master:7077...
[2025-01-15T11:25:44.577+0000] {spark_submit.py:641} INFO - 25/01/15 11:25:44 INFO StandaloneAppClient$ClientEndpoint: Connecting to master spark://spark-master:7077...
[2025-01-15T11:26:04.580+0000] {spark_submit.py:641} INFO - 25/01/15 11:26:04 ERROR StandaloneSchedulerBackend: Application has been killed. Reason: All masters are unresponsive! Giving up.
[2025-01-15T11:26:04.582+0000] {spark_submit.py:641} INFO - 25/01/15 11:26:04 WARN StandaloneSchedulerBackend: Application ID is not initialized yet.
[2025-01-15T11:26:04.610+0000] {spark_submit.py:641} INFO - 25/01/15 11:26:04 INFO Utils: Successfully started service 'org.apache.spark.network.netty.NettyBlockTransferService' on port 35125.
[2025-01-15T11:26:04.612+0000] {spark_submit.py:641} INFO - 25/01/15 11:26:04 INFO NettyBlockTransferService: Server created on airflow-scheduler:35125
[2025-01-15T11:26:04.616+0000] {spark_submit.py:641} INFO - 25/01/15 11:26:04 INFO BlockManager: Using org.apache.spark.storage.RandomBlockReplicationPolicy for block replication policy
[2025-01-15T11:26:04.640+0000] {spark_submit.py:641} INFO - 25/01/15 11:26:04 INFO BlockManagerMaster: Registering BlockManager BlockManagerId(driver, airflow-scheduler, 35125, None)
[2025-01-15T11:26:04.651+0000] {spark_submit.py:641} INFO - 25/01/15 11:26:04 INFO BlockManagerMasterEndpoint: Registering block manager airflow-scheduler:35125 with 434.4 MiB RAM, BlockManagerId(driver, airflow-scheduler, 35125, None)
[2025-01-15T11:26:04.660+0000] {spark_submit.py:641} INFO - 25/01/15 11:26:04 INFO BlockManagerMaster: Registered BlockManager BlockManagerId(driver, airflow-scheduler, 35125, None)
[2025-01-15T11:26:04.665+0000] {spark_submit.py:641} INFO - 25/01/15 11:26:04 INFO BlockManager: Initialized BlockManager: BlockManagerId(driver, airflow-scheduler, 35125, None)
[2025-01-15T11:26:04.913+0000] {spark_submit.py:641} INFO - 25/01/15 11:26:04 INFO StandaloneSchedulerBackend: SchedulerBackend is ready for scheduling beginning after reached minRegisteredResourcesRatio: 0.0
[2025-01-15T11:26:05.150+0000] {spark_submit.py:641} INFO - 25/01/15 11:26:05 WARN StandaloneAppClient$ClientEndpoint: Drop UnregisterApplication(null) because has not yet connected to master
[2025-01-15T11:26:06.630+0000] {spark_submit.py:641} INFO - Products Dataset:
[2025-01-15T11:26:07.432+0000] {spark_submit.py:641} INFO - Traceback (most recent call last):
[2025-01-15T11:26:07.433+0000] {spark_submit.py:641} INFO - File "/spark-scripts/data_ingestion_products.py", line 55, in <module>
[2025-01-15T11:26:07.437+0000] {spark_submit.py:641} INFO - products_dataset.show(10)
[2025-01-15T11:26:07.437+0000] {spark_submit.py:641} INFO - File "/home/airflow/.local/lib/python3.10/site-packages/pyspark/python/lib/pyspark.zip/pyspark/sql/dataframe.py", line 947, in show
[2025-01-15T11:26:07.438+0000] {spark_submit.py:641} INFO - File "/home/airflow/.local/lib/python3.10/site-packages/pyspark/python/lib/pyspark.zip/pyspark/sql/dataframe.py", line 965, in _show_string
[2025-01-15T11:26:07.438+0000] {spark_submit.py:641} INFO - File "/home/airflow/.local/lib/python3.10/site-packages/pyspark/python/lib/py4j-0.10.9.7-src.zip/py4j/java_gateway.py", line 1322, in __call__
[2025-01-15T11:26:07.439+0000] {spark_submit.py:641} INFO - File "/home/airflow/.local/lib/python3.10/site-packages/pyspark/python/lib/pyspark.zip/pyspark/errors/exceptions/captured.py", line 179, in deco
[2025-01-15T11:26:07.439+0000] {spark_submit.py:641} INFO - File "/home/airflow/.local/lib/python3.10/site-packages/pyspark/python/lib/py4j-0.10.9.7-src.zip/py4j/protocol.py", line 326, in get_return_value
[2025-01-15T11:26:07.439+0000] {spark_submit.py:641} INFO - py4j.protocol.Py4JJavaError: An error occurred while calling o38.showString.
[2025-01-15T11:26:07.440+0000] {spark_submit.py:641} INFO - : java.lang.IllegalStateException: Cannot call methods on a stopped SparkContext.
[2025-01-15T11:26:07.440+0000] {spark_submit.py:641} INFO - This stopped SparkContext was created at:
[2025-01-15T11:26:07.441+0000] {spark_submit.py:641} INFO - 
[2025-01-15T11:26:07.441+0000] {spark_submit.py:641} INFO - org.apache.spark.api.java.JavaSparkContext.<init>(JavaSparkContext.scala:58)
[2025-01-15T11:26:07.442+0000] {spark_submit.py:641} INFO - java.base/jdk.internal.reflect.NativeConstructorAccessorImpl.newInstance0(Native Method)
[2025-01-15T11:26:07.442+0000] {spark_submit.py:641} INFO - java.base/jdk.internal.reflect.NativeConstructorAccessorImpl.newInstance(NativeConstructorAccessorImpl.java:77)
[2025-01-15T11:26:07.443+0000] {spark_submit.py:641} INFO - java.base/jdk.internal.reflect.DelegatingConstructorAccessorImpl.newInstance(DelegatingConstructorAccessorImpl.java:45)
[2025-01-15T11:26:07.443+0000] {spark_submit.py:641} INFO - java.base/java.lang.reflect.Constructor.newInstanceWithCaller(Constructor.java:500)
[2025-01-15T11:26:07.444+0000] {spark_submit.py:641} INFO - java.base/java.lang.reflect.Constructor.newInstance(Constructor.java:481)
[2025-01-15T11:26:07.444+0000] {spark_submit.py:641} INFO - py4j.reflection.MethodInvoker.invoke(MethodInvoker.java:247)
[2025-01-15T11:26:07.444+0000] {spark_submit.py:641} INFO - py4j.reflection.ReflectionEngine.invoke(ReflectionEngine.java:374)
[2025-01-15T11:26:07.445+0000] {spark_submit.py:641} INFO - py4j.Gateway.invoke(Gateway.java:238)
[2025-01-15T11:26:07.445+0000] {spark_submit.py:641} INFO - py4j.commands.ConstructorCommand.invokeConstructor(ConstructorCommand.java:80)
[2025-01-15T11:26:07.446+0000] {spark_submit.py:641} INFO - py4j.commands.ConstructorCommand.execute(ConstructorCommand.java:69)
[2025-01-15T11:26:07.446+0000] {spark_submit.py:641} INFO - py4j.ClientServerConnection.waitForCommands(ClientServerConnection.java:182)
[2025-01-15T11:26:07.446+0000] {spark_submit.py:641} INFO - py4j.ClientServerConnection.run(ClientServerConnection.java:106)
[2025-01-15T11:26:07.447+0000] {spark_submit.py:641} INFO - java.base/java.lang.Thread.run(Thread.java:840)
[2025-01-15T11:26:07.447+0000] {spark_submit.py:641} INFO - 
[2025-01-15T11:26:07.448+0000] {spark_submit.py:641} INFO - The currently active SparkContext was created at:
[2025-01-15T11:26:07.448+0000] {spark_submit.py:641} INFO - 
[2025-01-15T11:26:07.448+0000] {spark_submit.py:641} INFO - (No active SparkContext.)
[2025-01-15T11:26:07.449+0000] {spark_submit.py:641} INFO - 
[2025-01-15T11:26:07.449+0000] {spark_submit.py:641} INFO - at org.apache.spark.SparkContext.assertNotStopped(SparkContext.scala:122)
[2025-01-15T11:26:07.450+0000] {spark_submit.py:641} INFO - at org.apache.spark.SparkContext.broadcastInternal(SparkContext.scala:1654)
[2025-01-15T11:26:07.450+0000] {spark_submit.py:641} INFO - at org.apache.spark.SparkContext.broadcast(SparkContext.scala:1639)
[2025-01-15T11:26:07.450+0000] {spark_submit.py:641} INFO - at org.apache.spark.sql.execution.datasources.csv.CSVFileFormat.buildReader(CSVFileFormat.scala:102)
[2025-01-15T11:26:07.451+0000] {spark_submit.py:641} INFO - at org.apache.spark.sql.execution.datasources.FileFormat.buildReaderWithPartitionValues(FileFormat.scala:138)
[2025-01-15T11:26:07.451+0000] {spark_submit.py:641} INFO - at org.apache.spark.sql.execution.datasources.FileFormat.buildReaderWithPartitionValues$(FileFormat.scala:129)
[2025-01-15T11:26:07.452+0000] {spark_submit.py:641} INFO - at org.apache.spark.sql.execution.datasources.TextBasedFileFormat.buildReaderWithPartitionValues(FileFormat.scala:346)
[2025-01-15T11:26:07.452+0000] {spark_submit.py:641} INFO - at org.apache.spark.sql.execution.FileSourceScanExec.inputRDD$lzycompute(DataSourceScanExec.scala:548)
[2025-01-15T11:26:07.452+0000] {spark_submit.py:641} INFO - at org.apache.spark.sql.execution.FileSourceScanExec.inputRDD(DataSourceScanExec.scala:537)
[2025-01-15T11:26:07.453+0000] {spark_submit.py:641} INFO - at org.apache.spark.sql.execution.FileSourceScanExec.doExecute(DataSourceScanExec.scala:575)
[2025-01-15T11:26:07.453+0000] {spark_submit.py:641} INFO - at org.apache.spark.sql.execution.SparkPlan.$anonfun$execute$1(SparkPlan.scala:195)
[2025-01-15T11:26:07.454+0000] {spark_submit.py:641} INFO - at org.apache.spark.sql.execution.SparkPlan.$anonfun$executeQuery$1(SparkPlan.scala:246)
[2025-01-15T11:26:07.454+0000] {spark_submit.py:641} INFO - at org.apache.spark.rdd.RDDOperationScope$.withScope(RDDOperationScope.scala:151)
[2025-01-15T11:26:07.455+0000] {spark_submit.py:641} INFO - at org.apache.spark.sql.execution.SparkPlan.executeQuery(SparkPlan.scala:243)
[2025-01-15T11:26:07.455+0000] {spark_submit.py:641} INFO - at org.apache.spark.sql.execution.SparkPlan.execute(SparkPlan.scala:191)
[2025-01-15T11:26:07.456+0000] {spark_submit.py:641} INFO - at org.apache.spark.sql.execution.InputAdapter.inputRDD(WholeStageCodegenExec.scala:527)
[2025-01-15T11:26:07.456+0000] {spark_submit.py:641} INFO - at org.apache.spark.sql.execution.InputRDDCodegen.inputRDDs(WholeStageCodegenExec.scala:455)
[2025-01-15T11:26:07.456+0000] {spark_submit.py:641} INFO - at org.apache.spark.sql.execution.InputRDDCodegen.inputRDDs$(WholeStageCodegenExec.scala:454)
[2025-01-15T11:26:07.457+0000] {spark_submit.py:641} INFO - at org.apache.spark.sql.execution.InputAdapter.inputRDDs(WholeStageCodegenExec.scala:498)
[2025-01-15T11:26:07.457+0000] {spark_submit.py:641} INFO - at org.apache.spark.sql.execution.ProjectExec.inputRDDs(basicPhysicalOperators.scala:51)
[2025-01-15T11:26:07.458+0000] {spark_submit.py:641} INFO - at org.apache.spark.sql.execution.WholeStageCodegenExec.doExecute(WholeStageCodegenExec.scala:751)
[2025-01-15T11:26:07.458+0000] {spark_submit.py:641} INFO - at org.apache.spark.sql.execution.SparkPlan.$anonfun$execute$1(SparkPlan.scala:195)
[2025-01-15T11:26:07.459+0000] {spark_submit.py:641} INFO - at org.apache.spark.sql.execution.SparkPlan.$anonfun$executeQuery$1(SparkPlan.scala:246)
[2025-01-15T11:26:07.459+0000] {spark_submit.py:641} INFO - at org.apache.spark.rdd.RDDOperationScope$.withScope(RDDOperationScope.scala:151)
[2025-01-15T11:26:07.460+0000] {spark_submit.py:641} INFO - at org.apache.spark.sql.execution.SparkPlan.executeQuery(SparkPlan.scala:243)
[2025-01-15T11:26:07.460+0000] {spark_submit.py:641} INFO - at org.apache.spark.sql.execution.SparkPlan.execute(SparkPlan.scala:191)
[2025-01-15T11:26:07.461+0000] {spark_submit.py:641} INFO - at org.apache.spark.sql.execution.SparkPlan.getByteArrayRdd(SparkPlan.scala:364)
[2025-01-15T11:26:07.461+0000] {spark_submit.py:641} INFO - at org.apache.spark.sql.execution.SparkPlan.executeTake(SparkPlan.scala:498)
[2025-01-15T11:26:07.461+0000] {spark_submit.py:641} INFO - at org.apache.spark.sql.execution.SparkPlan.executeTake(SparkPlan.scala:483)
[2025-01-15T11:26:07.462+0000] {spark_submit.py:641} INFO - at org.apache.spark.sql.execution.CollectLimitExec.executeCollect(limit.scala:61)
[2025-01-15T11:26:07.462+0000] {spark_submit.py:641} INFO - at org.apache.spark.sql.Dataset.collectFromPlan(Dataset.scala:4333)
[2025-01-15T11:26:07.463+0000] {spark_submit.py:641} INFO - at org.apache.spark.sql.Dataset.$anonfun$head$1(Dataset.scala:3316)
[2025-01-15T11:26:07.463+0000] {spark_submit.py:641} INFO - at org.apache.spark.sql.Dataset.$anonfun$withAction$2(Dataset.scala:4323)
[2025-01-15T11:26:07.464+0000] {spark_submit.py:641} INFO - at org.apache.spark.sql.execution.QueryExecution$.withInternalError(QueryExecution.scala:546)
[2025-01-15T11:26:07.464+0000] {spark_submit.py:641} INFO - at org.apache.spark.sql.Dataset.$anonfun$withAction$1(Dataset.scala:4321)
[2025-01-15T11:26:07.464+0000] {spark_submit.py:641} INFO - at org.apache.spark.sql.execution.SQLExecution$.$anonfun$withNewExecutionId$6(SQLExecution.scala:125)
[2025-01-15T11:26:07.465+0000] {spark_submit.py:641} INFO - at org.apache.spark.sql.execution.SQLExecution$.withSQLConfPropagated(SQLExecution.scala:201)
[2025-01-15T11:26:07.465+0000] {spark_submit.py:641} INFO - at org.apache.spark.sql.execution.SQLExecution$.$anonfun$withNewExecutionId$1(SQLExecution.scala:108)
[2025-01-15T11:26:07.466+0000] {spark_submit.py:641} INFO - at org.apache.spark.sql.SparkSession.withActive(SparkSession.scala:900)
[2025-01-15T11:26:07.466+0000] {spark_submit.py:641} INFO - at org.apache.spark.sql.execution.SQLExecution$.withNewExecutionId(SQLExecution.scala:66)
[2025-01-15T11:26:07.467+0000] {spark_submit.py:641} INFO - at org.apache.spark.sql.Dataset.withAction(Dataset.scala:4321)
[2025-01-15T11:26:07.467+0000] {spark_submit.py:641} INFO - at org.apache.spark.sql.Dataset.head(Dataset.scala:3316)
[2025-01-15T11:26:07.467+0000] {spark_submit.py:641} INFO - at org.apache.spark.sql.Dataset.take(Dataset.scala:3539)
[2025-01-15T11:26:07.468+0000] {spark_submit.py:641} INFO - at org.apache.spark.sql.Dataset.getRows(Dataset.scala:280)
[2025-01-15T11:26:07.468+0000] {spark_submit.py:641} INFO - at org.apache.spark.sql.Dataset.showString(Dataset.scala:315)
[2025-01-15T11:26:07.469+0000] {spark_submit.py:641} INFO - at java.base/jdk.internal.reflect.NativeMethodAccessorImpl.invoke0(Native Method)
[2025-01-15T11:26:07.469+0000] {spark_submit.py:641} INFO - at java.base/jdk.internal.reflect.NativeMethodAccessorImpl.invoke(NativeMethodAccessorImpl.java:77)
[2025-01-15T11:26:07.469+0000] {spark_submit.py:641} INFO - at java.base/jdk.internal.reflect.DelegatingMethodAccessorImpl.invoke(DelegatingMethodAccessorImpl.java:43)
[2025-01-15T11:26:07.470+0000] {spark_submit.py:641} INFO - at java.base/java.lang.reflect.Method.invoke(Method.java:569)
[2025-01-15T11:26:07.470+0000] {spark_submit.py:641} INFO - at py4j.reflection.MethodInvoker.invoke(MethodInvoker.java:244)
[2025-01-15T11:26:07.471+0000] {spark_submit.py:641} INFO - at py4j.reflection.ReflectionEngine.invoke(ReflectionEngine.java:374)
[2025-01-15T11:26:07.471+0000] {spark_submit.py:641} INFO - at py4j.Gateway.invoke(Gateway.java:282)
[2025-01-15T11:26:07.471+0000] {spark_submit.py:641} INFO - at py4j.commands.AbstractCommand.invokeMethod(AbstractCommand.java:132)
[2025-01-15T11:26:07.472+0000] {spark_submit.py:641} INFO - at py4j.commands.CallCommand.execute(CallCommand.java:79)
[2025-01-15T11:26:07.472+0000] {spark_submit.py:641} INFO - at py4j.ClientServerConnection.waitForCommands(ClientServerConnection.java:182)
[2025-01-15T11:26:07.473+0000] {spark_submit.py:641} INFO - at py4j.ClientServerConnection.run(ClientServerConnection.java:106)
[2025-01-15T11:26:07.473+0000] {spark_submit.py:641} INFO - at java.base/java.lang.Thread.run(Thread.java:840)
[2025-01-15T11:26:07.474+0000] {spark_submit.py:641} INFO - 
[2025-01-15T11:26:07.550+0000] {taskinstance.py:441} INFO - ::group::Post task execution logs
[2025-01-15T11:26:07.560+0000] {taskinstance.py:2905} ERROR - Task failed with exception
Traceback (most recent call last):
  File "/home/airflow/.local/lib/python3.10/site-packages/airflow/models/taskinstance.py", line 465, in _execute_task
    result = _execute_callable(context=context, **execute_callable_kwargs)
  File "/home/airflow/.local/lib/python3.10/site-packages/airflow/models/taskinstance.py", line 432, in _execute_callable
    return execute_callable(context=context, **execute_callable_kwargs)
  File "/home/airflow/.local/lib/python3.10/site-packages/airflow/models/baseoperator.py", line 401, in wrapper
    return func(self, *args, **kwargs)
  File "/home/airflow/.local/lib/python3.10/site-packages/airflow/providers/apache/spark/operators/spark_submit.py", line 177, in execute
    self._hook.submit(self.application)
  File "/home/airflow/.local/lib/python3.10/site-packages/airflow/providers/apache/spark/hooks/spark_submit.py", line 567, in submit
    raise AirflowException(
airflow.exceptions.AirflowException: Cannot execute: spark-submit --master spark://spark-master:7077 --jars /spark-scripts/jars/jars_postgresql-42.2.20.jar --name arrow-spark /spark-scripts/data_ingestion_products.py. Error code is: 1.
[2025-01-15T11:26:07.565+0000] {taskinstance.py:1206} INFO - Marking task as FAILED. dag_id=Data_Ingestions_produts, task_id=spark_submit_task, run_id=manual__2025-01-15T11:24:57.311534+00:00, execution_date=20250115T112457, start_date=20250115T112459, end_date=20250115T112607
[2025-01-15T11:26:07.588+0000] {standard_task_runner.py:110} ERROR - Failed to execute job 16 for task spark_submit_task (Cannot execute: spark-submit --master spark://spark-master:7077 --jars /spark-scripts/jars/jars_postgresql-42.2.20.jar --name arrow-spark /spark-scripts/data_ingestion_products.py. Error code is: 1.; 3835)
[2025-01-15T11:26:07.617+0000] {local_task_job_runner.py:240} INFO - Task exited with return code 1
[2025-01-15T11:26:07.653+0000] {taskinstance.py:3503} INFO - 0 downstream tasks scheduled from follow-on schedule check
[2025-01-15T11:26:07.662+0000] {local_task_job_runner.py:222} INFO - ::endgroup::
