[2025-01-15T16:42:53.389+0000] {local_task_job_runner.py:120} INFO - ::group::Pre task execution logs
[2025-01-15T16:42:53.460+0000] {taskinstance.py:2076} INFO - Dependencies all met for dep_context=non-requeueable deps ti=<TaskInstance: Data_Ingestions_produts.spark_submit_task manual__2025-01-15T16:42:50.835643+00:00 [queued]>
[2025-01-15T16:42:53.484+0000] {taskinstance.py:2076} INFO - Dependencies all met for dep_context=requeueable deps ti=<TaskInstance: Data_Ingestions_produts.spark_submit_task manual__2025-01-15T16:42:50.835643+00:00 [queued]>
[2025-01-15T16:42:53.497+0000] {taskinstance.py:2306} INFO - Starting attempt 1 of 1
[2025-01-15T16:42:53.542+0000] {taskinstance.py:2330} INFO - Executing <Task(SparkSubmitOperator): spark_submit_task> on 2025-01-15 16:42:50.835643+00:00
[2025-01-15T16:42:53.570+0000] {standard_task_runner.py:63} INFO - Started process 209 to run task
[2025-01-15T16:42:53.585+0000] {standard_task_runner.py:90} INFO - Running: ['airflow', 'tasks', 'run', 'Data_Ingestions_produts', 'spark_submit_task', 'manual__2025-01-15T16:42:50.835643+00:00', '--job-id', '2', '--raw', '--subdir', 'DAGS_FOLDER/Data_Ingestions_produts.py', '--cfg-path', '/tmp/tmpaomp45ek']
[2025-01-15T16:42:53.596+0000] {standard_task_runner.py:91} INFO - Job 2: Subtask spark_submit_task
[2025-01-15T16:42:53.671+0000] {logging_mixin.py:188} WARNING - /home/airflow/.local/lib/python3.10/site-packages/airflow/settings.py:195 DeprecationWarning: The sql_alchemy_conn option in [core] has been moved to the sql_alchemy_conn option in [database] - the old setting has been used, but please update your config.
[2025-01-15T16:42:53.823+0000] {task_command.py:426} INFO - Running <TaskInstance: Data_Ingestions_produts.spark_submit_task manual__2025-01-15T16:42:50.835643+00:00 [running]> on host airflow-scheduler
[2025-01-15T16:42:53.988+0000] {taskinstance.py:2648} INFO - Exporting env vars: AIRFLOW_CTX_DAG_OWNER='Ajied(WhatsApp), Ajied(Email)' AIRFLOW_CTX_DAG_ID='Data_Ingestions_produts' AIRFLOW_CTX_TASK_ID='spark_submit_task' AIRFLOW_CTX_EXECUTION_DATE='2025-01-15T16:42:50.835643+00:00' AIRFLOW_CTX_TRY_NUMBER='1' AIRFLOW_CTX_DAG_RUN_ID='manual__2025-01-15T16:42:50.835643+00:00'
[2025-01-15T16:42:53.990+0000] {taskinstance.py:430} INFO - ::endgroup::
[2025-01-15T16:42:54.000+0000] {base.py:84} INFO - Using connection ID 'spark_main' for task execution.
[2025-01-15T16:42:54.002+0000] {spark_submit.py:474} INFO - Spark-Submit cmd: spark-submit --master spark://spark-master:7077 --jars /spark-scripts/jars/jars_postgresql-42.2.20.jar --name arrow-spark /spark-scripts/data_ingestion_products.py
[2025-01-15T16:42:57.571+0000] {spark_submit.py:641} INFO - 25/01/15 16:42:57 WARN NativeCodeLoader: Unable to load native-hadoop library for your platform... using builtin-java classes where applicable
[2025-01-15T16:42:59.140+0000] {spark_submit.py:641} INFO - 25/01/15 16:42:59 INFO SparkContext: Running Spark version 3.5.4
[2025-01-15T16:42:59.141+0000] {spark_submit.py:641} INFO - 25/01/15 16:42:59 INFO SparkContext: OS info Linux, 5.15.153.1-microsoft-standard-WSL2, amd64
[2025-01-15T16:42:59.141+0000] {spark_submit.py:641} INFO - 25/01/15 16:42:59 INFO SparkContext: Java version 17.0.13
[2025-01-15T16:42:59.181+0000] {spark_submit.py:641} INFO - 25/01/15 16:42:59 INFO ResourceUtils: ==============================================================
[2025-01-15T16:42:59.182+0000] {spark_submit.py:641} INFO - 25/01/15 16:42:59 INFO ResourceUtils: No custom resources configured for spark.driver.
[2025-01-15T16:42:59.183+0000] {spark_submit.py:641} INFO - 25/01/15 16:42:59 INFO ResourceUtils: ==============================================================
[2025-01-15T16:42:59.184+0000] {spark_submit.py:641} INFO - 25/01/15 16:42:59 INFO SparkContext: Submitted application: Data Ingestion
[2025-01-15T16:42:59.217+0000] {spark_submit.py:641} INFO - 25/01/15 16:42:59 INFO ResourceProfile: Default ResourceProfile created, executor resources: Map(memory -> name: memory, amount: 1024, script: , vendor: , offHeap -> name: offHeap, amount: 0, script: , vendor: ), task resources: Map(cpus -> name: cpus, amount: 1.0)
[2025-01-15T16:42:59.229+0000] {spark_submit.py:641} INFO - 25/01/15 16:42:59 INFO ResourceProfile: Limiting resource is cpu
[2025-01-15T16:42:59.229+0000] {spark_submit.py:641} INFO - 25/01/15 16:42:59 INFO ResourceProfileManager: Added ResourceProfile id: 0
[2025-01-15T16:42:59.324+0000] {spark_submit.py:641} INFO - 25/01/15 16:42:59 INFO SecurityManager: Changing view acls to: airflow
[2025-01-15T16:42:59.325+0000] {spark_submit.py:641} INFO - 25/01/15 16:42:59 INFO SecurityManager: Changing modify acls to: airflow
[2025-01-15T16:42:59.326+0000] {spark_submit.py:641} INFO - 25/01/15 16:42:59 INFO SecurityManager: Changing view acls groups to:
[2025-01-15T16:42:59.326+0000] {spark_submit.py:641} INFO - 25/01/15 16:42:59 INFO SecurityManager: Changing modify acls groups to:
[2025-01-15T16:42:59.327+0000] {spark_submit.py:641} INFO - 25/01/15 16:42:59 INFO SecurityManager: SecurityManager: authentication disabled; ui acls disabled; users with view permissions: airflow; groups with view permissions: EMPTY; users with modify permissions: airflow; groups with modify permissions: EMPTY
[2025-01-15T16:42:59.625+0000] {spark_submit.py:641} INFO - 25/01/15 16:42:59 INFO Utils: Successfully started service 'sparkDriver' on port 39851.
[2025-01-15T16:42:59.672+0000] {spark_submit.py:641} INFO - 25/01/15 16:42:59 INFO SparkEnv: Registering MapOutputTracker
[2025-01-15T16:42:59.731+0000] {spark_submit.py:641} INFO - 25/01/15 16:42:59 INFO SparkEnv: Registering BlockManagerMaster
[2025-01-15T16:42:59.757+0000] {spark_submit.py:641} INFO - 25/01/15 16:42:59 INFO BlockManagerMasterEndpoint: Using org.apache.spark.storage.DefaultTopologyMapper for getting topology information
[2025-01-15T16:42:59.758+0000] {spark_submit.py:641} INFO - 25/01/15 16:42:59 INFO BlockManagerMasterEndpoint: BlockManagerMasterEndpoint up
[2025-01-15T16:42:59.763+0000] {spark_submit.py:641} INFO - 25/01/15 16:42:59 INFO SparkEnv: Registering BlockManagerMasterHeartbeat
[2025-01-15T16:42:59.799+0000] {spark_submit.py:641} INFO - 25/01/15 16:42:59 INFO DiskBlockManager: Created local directory at /tmp/blockmgr-19e7f60e-ec70-4952-bce8-22dbbd7fa151
[2025-01-15T16:42:59.824+0000] {spark_submit.py:641} INFO - 25/01/15 16:42:59 INFO MemoryStore: MemoryStore started with capacity 434.4 MiB
[2025-01-15T16:42:59.843+0000] {spark_submit.py:641} INFO - 25/01/15 16:42:59 INFO SparkEnv: Registering OutputCommitCoordinator
[2025-01-15T16:43:00.041+0000] {spark_submit.py:641} INFO - 25/01/15 16:43:00 INFO JettyUtils: Start Jetty 0.0.0.0:4040 for SparkUI
[2025-01-15T16:43:00.142+0000] {spark_submit.py:641} INFO - 25/01/15 16:43:00 INFO Utils: Successfully started service 'SparkUI' on port 4040.
[2025-01-15T16:43:00.185+0000] {spark_submit.py:641} INFO - 25/01/15 16:43:00 ERROR SparkContext: Failed to add /opt/bitnami/spark/jars/postgresql-42.2.18.jar to Spark environment
[2025-01-15T16:43:00.186+0000] {spark_submit.py:641} INFO - java.io.FileNotFoundException: Jar /opt/bitnami/spark/jars/postgresql-42.2.18.jar not found
[2025-01-15T16:43:00.187+0000] {spark_submit.py:641} INFO - at org.apache.spark.SparkContext.addLocalJarFile$1(SparkContext.scala:2095)
[2025-01-15T16:43:00.188+0000] {spark_submit.py:641} INFO - at org.apache.spark.SparkContext.addJar(SparkContext.scala:2151)
[2025-01-15T16:43:00.188+0000] {spark_submit.py:641} INFO - at org.apache.spark.SparkContext.$anonfun$new$15(SparkContext.scala:521)
[2025-01-15T16:43:00.189+0000] {spark_submit.py:641} INFO - at org.apache.spark.SparkContext.$anonfun$new$15$adapted(SparkContext.scala:521)
[2025-01-15T16:43:00.190+0000] {spark_submit.py:641} INFO - at scala.collection.mutable.ResizableArray.foreach(ResizableArray.scala:62)
[2025-01-15T16:43:00.190+0000] {spark_submit.py:641} INFO - at scala.collection.mutable.ResizableArray.foreach$(ResizableArray.scala:55)
[2025-01-15T16:43:00.191+0000] {spark_submit.py:641} INFO - at scala.collection.mutable.ArrayBuffer.foreach(ArrayBuffer.scala:49)
[2025-01-15T16:43:00.192+0000] {spark_submit.py:641} INFO - at org.apache.spark.SparkContext.<init>(SparkContext.scala:521)
[2025-01-15T16:43:00.192+0000] {spark_submit.py:641} INFO - at org.apache.spark.api.java.JavaSparkContext.<init>(JavaSparkContext.scala:58)
[2025-01-15T16:43:00.193+0000] {spark_submit.py:641} INFO - at java.base/jdk.internal.reflect.NativeConstructorAccessorImpl.newInstance0(Native Method)
[2025-01-15T16:43:00.194+0000] {spark_submit.py:641} INFO - at java.base/jdk.internal.reflect.NativeConstructorAccessorImpl.newInstance(NativeConstructorAccessorImpl.java:77)
[2025-01-15T16:43:00.194+0000] {spark_submit.py:641} INFO - at java.base/jdk.internal.reflect.DelegatingConstructorAccessorImpl.newInstance(DelegatingConstructorAccessorImpl.java:45)
[2025-01-15T16:43:00.195+0000] {spark_submit.py:641} INFO - at java.base/java.lang.reflect.Constructor.newInstanceWithCaller(Constructor.java:500)
[2025-01-15T16:43:00.195+0000] {spark_submit.py:641} INFO - at java.base/java.lang.reflect.Constructor.newInstance(Constructor.java:481)
[2025-01-15T16:43:00.196+0000] {spark_submit.py:641} INFO - at py4j.reflection.MethodInvoker.invoke(MethodInvoker.java:247)
[2025-01-15T16:43:00.197+0000] {spark_submit.py:641} INFO - at py4j.reflection.ReflectionEngine.invoke(ReflectionEngine.java:374)
[2025-01-15T16:43:00.197+0000] {spark_submit.py:641} INFO - at py4j.Gateway.invoke(Gateway.java:238)
[2025-01-15T16:43:00.198+0000] {spark_submit.py:641} INFO - at py4j.commands.ConstructorCommand.invokeConstructor(ConstructorCommand.java:80)
[2025-01-15T16:43:00.199+0000] {spark_submit.py:641} INFO - at py4j.commands.ConstructorCommand.execute(ConstructorCommand.java:69)
[2025-01-15T16:43:00.199+0000] {spark_submit.py:641} INFO - at py4j.ClientServerConnection.waitForCommands(ClientServerConnection.java:182)
[2025-01-15T16:43:00.200+0000] {spark_submit.py:641} INFO - at py4j.ClientServerConnection.run(ClientServerConnection.java:106)
[2025-01-15T16:43:00.200+0000] {spark_submit.py:641} INFO - at java.base/java.lang.Thread.run(Thread.java:840)
[2025-01-15T16:43:00.286+0000] {spark_submit.py:641} INFO - 25/01/15 16:43:00 INFO StandaloneAppClient$ClientEndpoint: Connecting to master spark://spark-master:7077...
[2025-01-15T16:43:00.336+0000] {spark_submit.py:641} INFO - 25/01/15 16:43:00 INFO TransportClientFactory: Successfully created connection to spark-master/172.18.0.2:7077 after 27 ms (0 ms spent in bootstraps)
[2025-01-15T16:43:20.289+0000] {spark_submit.py:641} INFO - 25/01/15 16:43:20 INFO StandaloneAppClient$ClientEndpoint: Connecting to master spark://spark-master:7077...
[2025-01-15T16:43:40.289+0000] {spark_submit.py:641} INFO - 25/01/15 16:43:40 INFO StandaloneAppClient$ClientEndpoint: Connecting to master spark://spark-master:7077...
[2025-01-15T16:44:00.291+0000] {spark_submit.py:641} INFO - 25/01/15 16:44:00 WARN StandaloneSchedulerBackend: Application ID is not initialized yet.
[2025-01-15T16:44:00.294+0000] {spark_submit.py:641} INFO - 25/01/15 16:44:00 ERROR StandaloneSchedulerBackend: Application has been killed. Reason: All masters are unresponsive! Giving up.
[2025-01-15T16:44:00.324+0000] {spark_submit.py:641} INFO - 25/01/15 16:44:00 INFO Utils: Successfully started service 'org.apache.spark.network.netty.NettyBlockTransferService' on port 46637.
[2025-01-15T16:44:00.327+0000] {spark_submit.py:641} INFO - 25/01/15 16:44:00 INFO NettyBlockTransferService: Server created on airflow-scheduler:46637
[2025-01-15T16:44:00.331+0000] {spark_submit.py:641} INFO - 25/01/15 16:44:00 INFO BlockManager: Using org.apache.spark.storage.RandomBlockReplicationPolicy for block replication policy
[2025-01-15T16:44:00.356+0000] {spark_submit.py:641} INFO - 25/01/15 16:44:00 INFO BlockManagerMaster: Registering BlockManager BlockManagerId(driver, airflow-scheduler, 46637, None)
[2025-01-15T16:44:00.368+0000] {spark_submit.py:641} INFO - 25/01/15 16:44:00 INFO BlockManagerMasterEndpoint: Registering block manager airflow-scheduler:46637 with 434.4 MiB RAM, BlockManagerId(driver, airflow-scheduler, 46637, None)
[2025-01-15T16:44:00.378+0000] {spark_submit.py:641} INFO - 25/01/15 16:44:00 INFO BlockManagerMaster: Registered BlockManager BlockManagerId(driver, airflow-scheduler, 46637, None)
[2025-01-15T16:44:00.384+0000] {spark_submit.py:641} INFO - 25/01/15 16:44:00 INFO BlockManager: Initialized BlockManager: BlockManagerId(driver, airflow-scheduler, 46637, None)
[2025-01-15T16:44:00.705+0000] {spark_submit.py:641} INFO - 25/01/15 16:44:00 INFO StandaloneSchedulerBackend: SchedulerBackend is ready for scheduling beginning after reached minRegisteredResourcesRatio: 0.0
[2025-01-15T16:44:00.993+0000] {spark_submit.py:641} INFO - 25/01/15 16:44:00 WARN StandaloneAppClient$ClientEndpoint: Drop UnregisterApplication(null) because has not yet connected to master
[2025-01-15T16:44:04.263+0000] {spark_submit.py:641} INFO - Traceback (most recent call last):
[2025-01-15T16:44:04.264+0000] {spark_submit.py:641} INFO - File "/spark-scripts/data_ingestion_products.py", line 47, in <module>
[2025-01-15T16:44:04.269+0000] {spark_submit.py:641} INFO - products_dataset.write.mode("overwrite").jdbc(jdbc_url, 'public.products', properties=jdbc_properties)
[2025-01-15T16:44:04.270+0000] {spark_submit.py:641} INFO - File "/home/airflow/.local/lib/python3.10/site-packages/pyspark/python/lib/pyspark.zip/pyspark/sql/readwriter.py", line 1984, in jdbc
[2025-01-15T16:44:04.271+0000] {spark_submit.py:641} INFO - File "/home/airflow/.local/lib/python3.10/site-packages/pyspark/python/lib/py4j-0.10.9.7-src.zip/py4j/java_gateway.py", line 1322, in __call__
[2025-01-15T16:44:04.271+0000] {spark_submit.py:641} INFO - File "/home/airflow/.local/lib/python3.10/site-packages/pyspark/python/lib/pyspark.zip/pyspark/errors/exceptions/captured.py", line 179, in deco
[2025-01-15T16:44:04.273+0000] {spark_submit.py:641} INFO - File "/home/airflow/.local/lib/python3.10/site-packages/pyspark/python/lib/py4j-0.10.9.7-src.zip/py4j/protocol.py", line 326, in get_return_value
[2025-01-15T16:44:04.323+0000] {spark_submit.py:641} INFO - py4j.protocol.Py4JJavaError: An error occurred while calling o41.jdbc.
[2025-01-15T16:44:04.325+0000] {spark_submit.py:641} INFO - : java.lang.IllegalStateException: Cannot call methods on a stopped SparkContext.
[2025-01-15T16:44:04.327+0000] {spark_submit.py:641} INFO - This stopped SparkContext was created at:
[2025-01-15T16:44:04.329+0000] {spark_submit.py:641} INFO - 
[2025-01-15T16:44:04.331+0000] {spark_submit.py:641} INFO - org.apache.spark.api.java.JavaSparkContext.<init>(JavaSparkContext.scala:58)
[2025-01-15T16:44:04.333+0000] {spark_submit.py:641} INFO - java.base/jdk.internal.reflect.NativeConstructorAccessorImpl.newInstance0(Native Method)
[2025-01-15T16:44:04.335+0000] {spark_submit.py:641} INFO - java.base/jdk.internal.reflect.NativeConstructorAccessorImpl.newInstance(NativeConstructorAccessorImpl.java:77)
[2025-01-15T16:44:04.336+0000] {spark_submit.py:641} INFO - java.base/jdk.internal.reflect.DelegatingConstructorAccessorImpl.newInstance(DelegatingConstructorAccessorImpl.java:45)
[2025-01-15T16:44:04.339+0000] {spark_submit.py:641} INFO - java.base/java.lang.reflect.Constructor.newInstanceWithCaller(Constructor.java:500)
[2025-01-15T16:44:04.340+0000] {spark_submit.py:641} INFO - java.base/java.lang.reflect.Constructor.newInstance(Constructor.java:481)
[2025-01-15T16:44:04.343+0000] {spark_submit.py:641} INFO - py4j.reflection.MethodInvoker.invoke(MethodInvoker.java:247)
[2025-01-15T16:44:04.344+0000] {spark_submit.py:641} INFO - py4j.reflection.ReflectionEngine.invoke(ReflectionEngine.java:374)
[2025-01-15T16:44:04.346+0000] {spark_submit.py:641} INFO - py4j.Gateway.invoke(Gateway.java:238)
[2025-01-15T16:44:04.348+0000] {spark_submit.py:641} INFO - py4j.commands.ConstructorCommand.invokeConstructor(ConstructorCommand.java:80)
[2025-01-15T16:44:04.350+0000] {spark_submit.py:641} INFO - py4j.commands.ConstructorCommand.execute(ConstructorCommand.java:69)
[2025-01-15T16:44:04.352+0000] {spark_submit.py:641} INFO - py4j.ClientServerConnection.waitForCommands(ClientServerConnection.java:182)
[2025-01-15T16:44:04.354+0000] {spark_submit.py:641} INFO - py4j.ClientServerConnection.run(ClientServerConnection.java:106)
[2025-01-15T16:44:04.356+0000] {spark_submit.py:641} INFO - java.base/java.lang.Thread.run(Thread.java:840)
[2025-01-15T16:44:04.358+0000] {spark_submit.py:641} INFO - 
[2025-01-15T16:44:04.360+0000] {spark_submit.py:641} INFO - The currently active SparkContext was created at:
[2025-01-15T16:44:04.361+0000] {spark_submit.py:641} INFO - 
[2025-01-15T16:44:04.363+0000] {spark_submit.py:641} INFO - (No active SparkContext.)
[2025-01-15T16:44:04.365+0000] {spark_submit.py:641} INFO - 
[2025-01-15T16:44:04.367+0000] {spark_submit.py:641} INFO - at org.apache.spark.SparkContext.assertNotStopped(SparkContext.scala:122)
[2025-01-15T16:44:04.369+0000] {spark_submit.py:641} INFO - at org.apache.spark.SparkContext.broadcastInternal(SparkContext.scala:1654)
[2025-01-15T16:44:04.371+0000] {spark_submit.py:641} INFO - at org.apache.spark.SparkContext.broadcast(SparkContext.scala:1639)
[2025-01-15T16:44:04.373+0000] {spark_submit.py:641} INFO - at org.apache.spark.sql.execution.datasources.csv.CSVFileFormat.buildReader(CSVFileFormat.scala:102)
[2025-01-15T16:44:04.375+0000] {spark_submit.py:641} INFO - at org.apache.spark.sql.execution.datasources.FileFormat.buildReaderWithPartitionValues(FileFormat.scala:138)
[2025-01-15T16:44:04.377+0000] {spark_submit.py:641} INFO - at org.apache.spark.sql.execution.datasources.FileFormat.buildReaderWithPartitionValues$(FileFormat.scala:129)
[2025-01-15T16:44:04.379+0000] {spark_submit.py:641} INFO - at org.apache.spark.sql.execution.datasources.TextBasedFileFormat.buildReaderWithPartitionValues(FileFormat.scala:346)
[2025-01-15T16:44:04.380+0000] {spark_submit.py:641} INFO - at org.apache.spark.sql.execution.FileSourceScanExec.inputRDD$lzycompute(DataSourceScanExec.scala:548)
[2025-01-15T16:44:04.382+0000] {spark_submit.py:641} INFO - at org.apache.spark.sql.execution.FileSourceScanExec.inputRDD(DataSourceScanExec.scala:537)
[2025-01-15T16:44:04.384+0000] {spark_submit.py:641} INFO - at org.apache.spark.sql.execution.FileSourceScanExec.doExecute(DataSourceScanExec.scala:575)
[2025-01-15T16:44:04.386+0000] {spark_submit.py:641} INFO - at org.apache.spark.sql.execution.SparkPlan.$anonfun$execute$1(SparkPlan.scala:195)
[2025-01-15T16:44:04.388+0000] {spark_submit.py:641} INFO - at org.apache.spark.sql.execution.SparkPlan.$anonfun$executeQuery$1(SparkPlan.scala:246)
[2025-01-15T16:44:04.390+0000] {spark_submit.py:641} INFO - at org.apache.spark.rdd.RDDOperationScope$.withScope(RDDOperationScope.scala:151)
[2025-01-15T16:44:04.392+0000] {spark_submit.py:641} INFO - at org.apache.spark.sql.execution.SparkPlan.executeQuery(SparkPlan.scala:243)
[2025-01-15T16:44:04.394+0000] {spark_submit.py:641} INFO - at org.apache.spark.sql.execution.SparkPlan.execute(SparkPlan.scala:191)
[2025-01-15T16:44:04.396+0000] {spark_submit.py:641} INFO - at org.apache.spark.sql.execution.DeserializeToObjectExec.doExecute(objects.scala:93)
[2025-01-15T16:44:04.398+0000] {spark_submit.py:641} INFO - at org.apache.spark.sql.execution.SparkPlan.$anonfun$execute$1(SparkPlan.scala:195)
[2025-01-15T16:44:04.400+0000] {spark_submit.py:641} INFO - at org.apache.spark.sql.execution.SparkPlan.$anonfun$executeQuery$1(SparkPlan.scala:246)
[2025-01-15T16:44:04.402+0000] {spark_submit.py:641} INFO - at org.apache.spark.rdd.RDDOperationScope$.withScope(RDDOperationScope.scala:151)
[2025-01-15T16:44:04.404+0000] {spark_submit.py:641} INFO - at org.apache.spark.sql.execution.SparkPlan.executeQuery(SparkPlan.scala:243)
[2025-01-15T16:44:04.405+0000] {spark_submit.py:641} INFO - at org.apache.spark.sql.execution.SparkPlan.execute(SparkPlan.scala:191)
[2025-01-15T16:44:04.407+0000] {spark_submit.py:641} INFO - at org.apache.spark.sql.execution.QueryExecution.toRdd$lzycompute(QueryExecution.scala:207)
[2025-01-15T16:44:04.409+0000] {spark_submit.py:641} INFO - at org.apache.spark.sql.execution.QueryExecution.toRdd(QueryExecution.scala:206)
[2025-01-15T16:44:04.411+0000] {spark_submit.py:641} INFO - at org.apache.spark.sql.Dataset.rdd$lzycompute(Dataset.scala:3851)
[2025-01-15T16:44:04.413+0000] {spark_submit.py:641} INFO - at org.apache.spark.sql.Dataset.rdd(Dataset.scala:3849)
[2025-01-15T16:44:04.415+0000] {spark_submit.py:641} INFO - at org.apache.spark.sql.Dataset.$anonfun$foreachPartition$1(Dataset.scala:3516)
[2025-01-15T16:44:04.417+0000] {spark_submit.py:641} INFO - at scala.runtime.java8.JFunction0$mcV$sp.apply(JFunction0$mcV$sp.java:23)
[2025-01-15T16:44:04.419+0000] {spark_submit.py:641} INFO - at org.apache.spark.sql.Dataset.$anonfun$withNewRDDExecutionId$1(Dataset.scala:4310)
[2025-01-15T16:44:04.421+0000] {spark_submit.py:641} INFO - at org.apache.spark.sql.execution.SQLExecution$.$anonfun$withNewExecutionId$6(SQLExecution.scala:125)
[2025-01-15T16:44:04.423+0000] {spark_submit.py:641} INFO - at org.apache.spark.sql.execution.SQLExecution$.withSQLConfPropagated(SQLExecution.scala:201)
[2025-01-15T16:44:04.426+0000] {spark_submit.py:641} INFO - at org.apache.spark.sql.execution.SQLExecution$.$anonfun$withNewExecutionId$1(SQLExecution.scala:108)
[2025-01-15T16:44:04.429+0000] {spark_submit.py:641} INFO - at org.apache.spark.sql.SparkSession.withActive(SparkSession.scala:900)
[2025-01-15T16:44:04.430+0000] {spark_submit.py:641} INFO - at org.apache.spark.sql.execution.SQLExecution$.withNewExecutionId(SQLExecution.scala:66)
[2025-01-15T16:44:04.432+0000] {spark_submit.py:641} INFO - at org.apache.spark.sql.Dataset.withNewRDDExecutionId(Dataset.scala:4308)
[2025-01-15T16:44:04.434+0000] {spark_submit.py:641} INFO - at org.apache.spark.sql.Dataset.foreachPartition(Dataset.scala:3516)
[2025-01-15T16:44:04.436+0000] {spark_submit.py:641} INFO - at org.apache.spark.sql.execution.datasources.jdbc.JdbcUtils$.saveTable(JdbcUtils.scala:903)
[2025-01-15T16:44:04.438+0000] {spark_submit.py:641} INFO - at org.apache.spark.sql.execution.datasources.jdbc.JdbcRelationProvider.createRelation(JdbcRelationProvider.scala:82)
[2025-01-15T16:44:04.439+0000] {spark_submit.py:641} INFO - at org.apache.spark.sql.execution.datasources.SaveIntoDataSourceCommand.run(SaveIntoDataSourceCommand.scala:48)
[2025-01-15T16:44:04.441+0000] {spark_submit.py:641} INFO - at org.apache.spark.sql.execution.command.ExecutedCommandExec.sideEffectResult$lzycompute(commands.scala:75)
[2025-01-15T16:44:04.443+0000] {spark_submit.py:641} INFO - at org.apache.spark.sql.execution.command.ExecutedCommandExec.sideEffectResult(commands.scala:73)
[2025-01-15T16:44:04.445+0000] {spark_submit.py:641} INFO - at org.apache.spark.sql.execution.command.ExecutedCommandExec.executeCollect(commands.scala:84)
[2025-01-15T16:44:04.446+0000] {spark_submit.py:641} INFO - at org.apache.spark.sql.execution.QueryExecution$$anonfun$eagerlyExecuteCommands$1.$anonfun$applyOrElse$1(QueryExecution.scala:107)
[2025-01-15T16:44:04.448+0000] {spark_submit.py:641} INFO - at org.apache.spark.sql.execution.SQLExecution$.$anonfun$withNewExecutionId$6(SQLExecution.scala:125)
[2025-01-15T16:44:04.450+0000] {spark_submit.py:641} INFO - at org.apache.spark.sql.execution.SQLExecution$.withSQLConfPropagated(SQLExecution.scala:201)
[2025-01-15T16:44:04.451+0000] {spark_submit.py:641} INFO - at org.apache.spark.sql.execution.SQLExecution$.$anonfun$withNewExecutionId$1(SQLExecution.scala:108)
[2025-01-15T16:44:04.453+0000] {spark_submit.py:641} INFO - at org.apache.spark.sql.SparkSession.withActive(SparkSession.scala:900)
[2025-01-15T16:44:04.455+0000] {spark_submit.py:641} INFO - at org.apache.spark.sql.execution.SQLExecution$.withNewExecutionId(SQLExecution.scala:66)
[2025-01-15T16:44:04.457+0000] {spark_submit.py:641} INFO - at org.apache.spark.sql.execution.QueryExecution$$anonfun$eagerlyExecuteCommands$1.applyOrElse(QueryExecution.scala:107)
[2025-01-15T16:44:04.458+0000] {spark_submit.py:641} INFO - at org.apache.spark.sql.execution.QueryExecution$$anonfun$eagerlyExecuteCommands$1.applyOrElse(QueryExecution.scala:98)
[2025-01-15T16:44:04.460+0000] {spark_submit.py:641} INFO - at org.apache.spark.sql.catalyst.trees.TreeNode.$anonfun$transformDownWithPruning$1(TreeNode.scala:461)
[2025-01-15T16:44:04.462+0000] {spark_submit.py:641} INFO - at org.apache.spark.sql.catalyst.trees.CurrentOrigin$.withOrigin(origin.scala:76)
[2025-01-15T16:44:04.464+0000] {spark_submit.py:641} INFO - at org.apache.spark.sql.catalyst.trees.TreeNode.transformDownWithPruning(TreeNode.scala:461)
[2025-01-15T16:44:04.466+0000] {spark_submit.py:641} INFO - at org.apache.spark.sql.catalyst.plans.logical.LogicalPlan.org$apache$spark$sql$catalyst$plans$logical$AnalysisHelper$$super$transformDownWithPruning(LogicalPlan.scala:32)
[2025-01-15T16:44:04.467+0000] {spark_submit.py:641} INFO - at org.apache.spark.sql.catalyst.plans.logical.AnalysisHelper.transformDownWithPruning(AnalysisHelper.scala:267)
[2025-01-15T16:44:04.469+0000] {spark_submit.py:641} INFO - at org.apache.spark.sql.catalyst.plans.logical.AnalysisHelper.transformDownWithPruning$(AnalysisHelper.scala:263)
[2025-01-15T16:44:04.471+0000] {spark_submit.py:641} INFO - at org.apache.spark.sql.catalyst.plans.logical.LogicalPlan.transformDownWithPruning(LogicalPlan.scala:32)
[2025-01-15T16:44:04.472+0000] {spark_submit.py:641} INFO - at org.apache.spark.sql.catalyst.plans.logical.LogicalPlan.transformDownWithPruning(LogicalPlan.scala:32)
[2025-01-15T16:44:04.474+0000] {spark_submit.py:641} INFO - at org.apache.spark.sql.catalyst.trees.TreeNode.transformDown(TreeNode.scala:437)
[2025-01-15T16:44:04.476+0000] {spark_submit.py:641} INFO - at org.apache.spark.sql.execution.QueryExecution.eagerlyExecuteCommands(QueryExecution.scala:98)
[2025-01-15T16:44:04.478+0000] {spark_submit.py:641} INFO - at org.apache.spark.sql.execution.QueryExecution.commandExecuted$lzycompute(QueryExecution.scala:85)
[2025-01-15T16:44:04.479+0000] {spark_submit.py:641} INFO - at org.apache.spark.sql.execution.QueryExecution.commandExecuted(QueryExecution.scala:83)
[2025-01-15T16:44:04.481+0000] {spark_submit.py:641} INFO - at org.apache.spark.sql.execution.QueryExecution.assertCommandExecuted(QueryExecution.scala:142)
[2025-01-15T16:44:04.483+0000] {spark_submit.py:641} INFO - at org.apache.spark.sql.DataFrameWriter.runCommand(DataFrameWriter.scala:869)
[2025-01-15T16:44:04.485+0000] {spark_submit.py:641} INFO - at org.apache.spark.sql.DataFrameWriter.saveToV1Source(DataFrameWriter.scala:391)
[2025-01-15T16:44:04.486+0000] {spark_submit.py:641} INFO - at org.apache.spark.sql.DataFrameWriter.saveInternal(DataFrameWriter.scala:364)
[2025-01-15T16:44:04.488+0000] {spark_submit.py:641} INFO - at org.apache.spark.sql.DataFrameWriter.save(DataFrameWriter.scala:251)
[2025-01-15T16:44:04.490+0000] {spark_submit.py:641} INFO - at org.apache.spark.sql.DataFrameWriter.jdbc(DataFrameWriter.scala:766)
[2025-01-15T16:44:04.492+0000] {spark_submit.py:641} INFO - at java.base/jdk.internal.reflect.NativeMethodAccessorImpl.invoke0(Native Method)
[2025-01-15T16:44:04.493+0000] {spark_submit.py:641} INFO - at java.base/jdk.internal.reflect.NativeMethodAccessorImpl.invoke(NativeMethodAccessorImpl.java:77)
[2025-01-15T16:44:04.495+0000] {spark_submit.py:641} INFO - at java.base/jdk.internal.reflect.DelegatingMethodAccessorImpl.invoke(DelegatingMethodAccessorImpl.java:43)
[2025-01-15T16:44:04.496+0000] {spark_submit.py:641} INFO - at java.base/java.lang.reflect.Method.invoke(Method.java:569)
[2025-01-15T16:44:04.498+0000] {spark_submit.py:641} INFO - at py4j.reflection.MethodInvoker.invoke(MethodInvoker.java:244)
[2025-01-15T16:44:04.500+0000] {spark_submit.py:641} INFO - at py4j.reflection.ReflectionEngine.invoke(ReflectionEngine.java:374)
[2025-01-15T16:44:04.501+0000] {spark_submit.py:641} INFO - at py4j.Gateway.invoke(Gateway.java:282)
[2025-01-15T16:44:04.503+0000] {spark_submit.py:641} INFO - at py4j.commands.AbstractCommand.invokeMethod(AbstractCommand.java:132)
[2025-01-15T16:44:04.505+0000] {spark_submit.py:641} INFO - at py4j.commands.CallCommand.execute(CallCommand.java:79)
[2025-01-15T16:44:04.506+0000] {spark_submit.py:641} INFO - at py4j.ClientServerConnection.waitForCommands(ClientServerConnection.java:182)
[2025-01-15T16:44:04.508+0000] {spark_submit.py:641} INFO - at py4j.ClientServerConnection.run(ClientServerConnection.java:106)
[2025-01-15T16:44:04.509+0000] {spark_submit.py:641} INFO - at java.base/java.lang.Thread.run(Thread.java:840)
[2025-01-15T16:44:04.511+0000] {spark_submit.py:641} INFO - 
[2025-01-15T16:44:04.599+0000] {taskinstance.py:441} INFO - ::group::Post task execution logs
[2025-01-15T16:44:04.629+0000] {taskinstance.py:2905} ERROR - Task failed with exception
Traceback (most recent call last):
  File "/home/airflow/.local/lib/python3.10/site-packages/airflow/models/taskinstance.py", line 465, in _execute_task
    result = _execute_callable(context=context, **execute_callable_kwargs)
  File "/home/airflow/.local/lib/python3.10/site-packages/airflow/models/taskinstance.py", line 432, in _execute_callable
    return execute_callable(context=context, **execute_callable_kwargs)
  File "/home/airflow/.local/lib/python3.10/site-packages/airflow/models/baseoperator.py", line 401, in wrapper
    return func(self, *args, **kwargs)
  File "/home/airflow/.local/lib/python3.10/site-packages/airflow/providers/apache/spark/operators/spark_submit.py", line 177, in execute
    self._hook.submit(self.application)
  File "/home/airflow/.local/lib/python3.10/site-packages/airflow/providers/apache/spark/hooks/spark_submit.py", line 567, in submit
    raise AirflowException(
airflow.exceptions.AirflowException: Cannot execute: spark-submit --master spark://spark-master:7077 --jars /spark-scripts/jars/jars_postgresql-42.2.20.jar --name arrow-spark /spark-scripts/data_ingestion_products.py. Error code is: 1.
[2025-01-15T16:44:04.645+0000] {taskinstance.py:1206} INFO - Marking task as FAILED. dag_id=Data_Ingestions_produts, task_id=spark_submit_task, run_id=manual__2025-01-15T16:42:50.835643+00:00, execution_date=20250115T164250, start_date=20250115T164253, end_date=20250115T164404
[2025-01-15T16:44:04.686+0000] {standard_task_runner.py:110} ERROR - Failed to execute job 2 for task spark_submit_task (Cannot execute: spark-submit --master spark://spark-master:7077 --jars /spark-scripts/jars/jars_postgresql-42.2.20.jar --name arrow-spark /spark-scripts/data_ingestion_products.py. Error code is: 1.; 209)
[2025-01-15T16:44:04.741+0000] {local_task_job_runner.py:240} INFO - Task exited with return code 1
[2025-01-15T16:44:04.810+0000] {taskinstance.py:3503} INFO - 0 downstream tasks scheduled from follow-on schedule check
[2025-01-15T16:44:04.825+0000] {local_task_job_runner.py:222} INFO - ::endgroup::
