[2025-01-15T10:18:56.541+0000] {local_task_job_runner.py:120} INFO - ::group::Pre task execution logs
[2025-01-15T10:18:56.625+0000] {taskinstance.py:2076} INFO - Dependencies all met for dep_context=non-requeueable deps ti=<TaskInstance: Data_Ingestions.spark_submit_task manual__2025-01-15T10:18:53.253121+00:00 [queued]>
[2025-01-15T10:18:56.639+0000] {taskinstance.py:2076} INFO - Dependencies all met for dep_context=requeueable deps ti=<TaskInstance: Data_Ingestions.spark_submit_task manual__2025-01-15T10:18:53.253121+00:00 [queued]>
[2025-01-15T10:18:56.640+0000] {taskinstance.py:2306} INFO - Starting attempt 1 of 1
[2025-01-15T10:18:56.664+0000] {taskinstance.py:2330} INFO - Executing <Task(SparkSubmitOperator): spark_submit_task> on 2025-01-15 10:18:53.253121+00:00
[2025-01-15T10:18:56.674+0000] {standard_task_runner.py:63} INFO - Started process 308 to run task
[2025-01-15T10:18:56.679+0000] {standard_task_runner.py:90} INFO - Running: ['airflow', 'tasks', 'run', 'Data_Ingestions', 'spark_submit_task', 'manual__2025-01-15T10:18:53.253121+00:00', '--job-id', '2', '--raw', '--subdir', 'DAGS_FOLDER/Data_Ingestions.py', '--cfg-path', '/tmp/tmp9ofhiwyo']
[2025-01-15T10:18:56.684+0000] {standard_task_runner.py:91} INFO - Job 2: Subtask spark_submit_task
[2025-01-15T10:18:56.766+0000] {task_command.py:426} INFO - Running <TaskInstance: Data_Ingestions.spark_submit_task manual__2025-01-15T10:18:53.253121+00:00 [running]> on host airflow-scheduler
[2025-01-15T10:18:56.888+0000] {taskinstance.py:2648} INFO - Exporting env vars: AIRFLOW_CTX_DAG_OWNER='Ajied(WhatsApp), Ajied(Email)' AIRFLOW_CTX_DAG_ID='Data_Ingestions' AIRFLOW_CTX_TASK_ID='spark_submit_task' AIRFLOW_CTX_EXECUTION_DATE='2025-01-15T10:18:53.253121+00:00' AIRFLOW_CTX_TRY_NUMBER='1' AIRFLOW_CTX_DAG_RUN_ID='manual__2025-01-15T10:18:53.253121+00:00'
[2025-01-15T10:18:56.889+0000] {taskinstance.py:430} INFO - ::endgroup::
[2025-01-15T10:18:56.901+0000] {base.py:84} INFO - Using connection ID 'spark_main' for task execution.
[2025-01-15T10:18:56.903+0000] {spark_submit.py:474} INFO - Spark-Submit cmd: spark-submit --master spark://spark-master:7077 --jars /spark-scripts/jars/jars_postgresql-42.2.20.jar --name arrow-spark /spark-scripts/data_ingestion.py
[2025-01-15T10:19:00.214+0000] {spark_submit.py:641} INFO - 25/01/15 10:19:00 WARN NativeCodeLoader: Unable to load native-hadoop library for your platform... using builtin-java classes where applicable
[2025-01-15T10:19:02.057+0000] {spark_submit.py:641} INFO - 25/01/15 10:19:02 INFO SparkContext: Running Spark version 3.5.4
[2025-01-15T10:19:02.058+0000] {spark_submit.py:641} INFO - 25/01/15 10:19:02 INFO SparkContext: OS info Linux, 5.15.153.1-microsoft-standard-WSL2, amd64
[2025-01-15T10:19:02.059+0000] {spark_submit.py:641} INFO - 25/01/15 10:19:02 INFO SparkContext: Java version 17.0.13
[2025-01-15T10:19:02.096+0000] {spark_submit.py:641} INFO - 25/01/15 10:19:02 INFO ResourceUtils: ==============================================================
[2025-01-15T10:19:02.096+0000] {spark_submit.py:641} INFO - 25/01/15 10:19:02 INFO ResourceUtils: No custom resources configured for spark.driver.
[2025-01-15T10:19:02.097+0000] {spark_submit.py:641} INFO - 25/01/15 10:19:02 INFO ResourceUtils: ==============================================================
[2025-01-15T10:19:02.098+0000] {spark_submit.py:641} INFO - 25/01/15 10:19:02 INFO SparkContext: Submitted application: NTX
[2025-01-15T10:19:02.129+0000] {spark_submit.py:641} INFO - 25/01/15 10:19:02 INFO ResourceProfile: Default ResourceProfile created, executor resources: Map(memory -> name: memory, amount: 1024, script: , vendor: , offHeap -> name: offHeap, amount: 0, script: , vendor: ), task resources: Map(cpus -> name: cpus, amount: 1.0)
[2025-01-15T10:19:02.139+0000] {spark_submit.py:641} INFO - 25/01/15 10:19:02 INFO ResourceProfile: Limiting resource is cpu
[2025-01-15T10:19:02.140+0000] {spark_submit.py:641} INFO - 25/01/15 10:19:02 INFO ResourceProfileManager: Added ResourceProfile id: 0
[2025-01-15T10:19:02.233+0000] {spark_submit.py:641} INFO - 25/01/15 10:19:02 INFO SecurityManager: Changing view acls to: airflow
[2025-01-15T10:19:02.234+0000] {spark_submit.py:641} INFO - 25/01/15 10:19:02 INFO SecurityManager: Changing modify acls to: airflow
[2025-01-15T10:19:02.234+0000] {spark_submit.py:641} INFO - 25/01/15 10:19:02 INFO SecurityManager: Changing view acls groups to:
[2025-01-15T10:19:02.235+0000] {spark_submit.py:641} INFO - 25/01/15 10:19:02 INFO SecurityManager: Changing modify acls groups to:
[2025-01-15T10:19:02.236+0000] {spark_submit.py:641} INFO - 25/01/15 10:19:02 INFO SecurityManager: SecurityManager: authentication disabled; ui acls disabled; users with view permissions: airflow; groups with view permissions: EMPTY; users with modify permissions: airflow; groups with modify permissions: EMPTY
[2025-01-15T10:19:02.550+0000] {spark_submit.py:641} INFO - 25/01/15 10:19:02 INFO Utils: Successfully started service 'sparkDriver' on port 36709.
[2025-01-15T10:19:02.599+0000] {spark_submit.py:641} INFO - 25/01/15 10:19:02 INFO SparkEnv: Registering MapOutputTracker
[2025-01-15T10:19:02.653+0000] {spark_submit.py:641} INFO - 25/01/15 10:19:02 INFO SparkEnv: Registering BlockManagerMaster
[2025-01-15T10:19:02.679+0000] {spark_submit.py:641} INFO - 25/01/15 10:19:02 INFO BlockManagerMasterEndpoint: Using org.apache.spark.storage.DefaultTopologyMapper for getting topology information
[2025-01-15T10:19:02.681+0000] {spark_submit.py:641} INFO - 25/01/15 10:19:02 INFO BlockManagerMasterEndpoint: BlockManagerMasterEndpoint up
[2025-01-15T10:19:02.686+0000] {spark_submit.py:641} INFO - 25/01/15 10:19:02 INFO SparkEnv: Registering BlockManagerMasterHeartbeat
[2025-01-15T10:19:02.734+0000] {spark_submit.py:641} INFO - 25/01/15 10:19:02 INFO DiskBlockManager: Created local directory at /tmp/blockmgr-c56e88a2-44d5-46fc-994a-ef0b03f474e9
[2025-01-15T10:19:02.752+0000] {spark_submit.py:641} INFO - 25/01/15 10:19:02 INFO MemoryStore: MemoryStore started with capacity 434.4 MiB
[2025-01-15T10:19:02.772+0000] {spark_submit.py:641} INFO - 25/01/15 10:19:02 INFO SparkEnv: Registering OutputCommitCoordinator
[2025-01-15T10:19:02.974+0000] {spark_submit.py:641} INFO - 25/01/15 10:19:02 INFO JettyUtils: Start Jetty 0.0.0.0:4040 for SparkUI
[2025-01-15T10:19:03.079+0000] {spark_submit.py:641} INFO - 25/01/15 10:19:03 INFO Utils: Successfully started service 'SparkUI' on port 4040.
[2025-01-15T10:19:03.124+0000] {spark_submit.py:641} INFO - 25/01/15 10:19:03 ERROR SparkContext: Failed to add /opt/bitnami/spark/jars/postgresql-42.2.18.jar to Spark environment
[2025-01-15T10:19:03.125+0000] {spark_submit.py:641} INFO - java.io.FileNotFoundException: Jar /opt/bitnami/spark/jars/postgresql-42.2.18.jar not found
[2025-01-15T10:19:03.125+0000] {spark_submit.py:641} INFO - at org.apache.spark.SparkContext.addLocalJarFile$1(SparkContext.scala:2095)
[2025-01-15T10:19:03.126+0000] {spark_submit.py:641} INFO - at org.apache.spark.SparkContext.addJar(SparkContext.scala:2151)
[2025-01-15T10:19:03.127+0000] {spark_submit.py:641} INFO - at org.apache.spark.SparkContext.$anonfun$new$15(SparkContext.scala:521)
[2025-01-15T10:19:03.127+0000] {spark_submit.py:641} INFO - at org.apache.spark.SparkContext.$anonfun$new$15$adapted(SparkContext.scala:521)
[2025-01-15T10:19:03.128+0000] {spark_submit.py:641} INFO - at scala.collection.mutable.ResizableArray.foreach(ResizableArray.scala:62)
[2025-01-15T10:19:03.129+0000] {spark_submit.py:641} INFO - at scala.collection.mutable.ResizableArray.foreach$(ResizableArray.scala:55)
[2025-01-15T10:19:03.129+0000] {spark_submit.py:641} INFO - at scala.collection.mutable.ArrayBuffer.foreach(ArrayBuffer.scala:49)
[2025-01-15T10:19:03.130+0000] {spark_submit.py:641} INFO - at org.apache.spark.SparkContext.<init>(SparkContext.scala:521)
[2025-01-15T10:19:03.130+0000] {spark_submit.py:641} INFO - at org.apache.spark.api.java.JavaSparkContext.<init>(JavaSparkContext.scala:58)
[2025-01-15T10:19:03.131+0000] {spark_submit.py:641} INFO - at java.base/jdk.internal.reflect.NativeConstructorAccessorImpl.newInstance0(Native Method)
[2025-01-15T10:19:03.132+0000] {spark_submit.py:641} INFO - at java.base/jdk.internal.reflect.NativeConstructorAccessorImpl.newInstance(NativeConstructorAccessorImpl.java:77)
[2025-01-15T10:19:03.132+0000] {spark_submit.py:641} INFO - at java.base/jdk.internal.reflect.DelegatingConstructorAccessorImpl.newInstance(DelegatingConstructorAccessorImpl.java:45)
[2025-01-15T10:19:03.133+0000] {spark_submit.py:641} INFO - at java.base/java.lang.reflect.Constructor.newInstanceWithCaller(Constructor.java:500)
[2025-01-15T10:19:03.134+0000] {spark_submit.py:641} INFO - at java.base/java.lang.reflect.Constructor.newInstance(Constructor.java:481)
[2025-01-15T10:19:03.135+0000] {spark_submit.py:641} INFO - at py4j.reflection.MethodInvoker.invoke(MethodInvoker.java:247)
[2025-01-15T10:19:03.135+0000] {spark_submit.py:641} INFO - at py4j.reflection.ReflectionEngine.invoke(ReflectionEngine.java:374)
[2025-01-15T10:19:03.136+0000] {spark_submit.py:641} INFO - at py4j.Gateway.invoke(Gateway.java:238)
[2025-01-15T10:19:03.136+0000] {spark_submit.py:641} INFO - at py4j.commands.ConstructorCommand.invokeConstructor(ConstructorCommand.java:80)
[2025-01-15T10:19:03.137+0000] {spark_submit.py:641} INFO - at py4j.commands.ConstructorCommand.execute(ConstructorCommand.java:69)
[2025-01-15T10:19:03.137+0000] {spark_submit.py:641} INFO - at py4j.ClientServerConnection.waitForCommands(ClientServerConnection.java:182)
[2025-01-15T10:19:03.138+0000] {spark_submit.py:641} INFO - at py4j.ClientServerConnection.run(ClientServerConnection.java:106)
[2025-01-15T10:19:03.139+0000] {spark_submit.py:641} INFO - at java.base/java.lang.Thread.run(Thread.java:840)
[2025-01-15T10:19:03.233+0000] {spark_submit.py:641} INFO - 25/01/15 10:19:03 INFO StandaloneAppClient$ClientEndpoint: Connecting to master spark://spark-master:7077...
[2025-01-15T10:19:03.285+0000] {spark_submit.py:641} INFO - 25/01/15 10:19:03 INFO TransportClientFactory: Successfully created connection to spark-master/172.18.0.2:7077 after 30 ms (0 ms spent in bootstraps)
[2025-01-15T10:19:23.233+0000] {spark_submit.py:641} INFO - 25/01/15 10:19:23 INFO StandaloneAppClient$ClientEndpoint: Connecting to master spark://spark-master:7077...
[2025-01-15T10:19:43.237+0000] {spark_submit.py:641} INFO - 25/01/15 10:19:43 INFO StandaloneAppClient$ClientEndpoint: Connecting to master spark://spark-master:7077...
[2025-01-15T10:20:03.240+0000] {spark_submit.py:641} INFO - 25/01/15 10:20:03 WARN StandaloneSchedulerBackend: Application ID is not initialized yet.
[2025-01-15T10:20:03.243+0000] {spark_submit.py:641} INFO - 25/01/15 10:20:03 ERROR StandaloneSchedulerBackend: Application has been killed. Reason: All masters are unresponsive! Giving up.
[2025-01-15T10:20:03.291+0000] {spark_submit.py:641} INFO - 25/01/15 10:20:03 INFO Utils: Successfully started service 'org.apache.spark.network.netty.NettyBlockTransferService' on port 33041.
[2025-01-15T10:20:03.293+0000] {spark_submit.py:641} INFO - 25/01/15 10:20:03 INFO NettyBlockTransferService: Server created on airflow-scheduler:33041
[2025-01-15T10:20:03.299+0000] {spark_submit.py:641} INFO - 25/01/15 10:20:03 INFO BlockManager: Using org.apache.spark.storage.RandomBlockReplicationPolicy for block replication policy
[2025-01-15T10:20:03.330+0000] {spark_submit.py:641} INFO - 25/01/15 10:20:03 INFO BlockManagerMaster: Registering BlockManager BlockManagerId(driver, airflow-scheduler, 33041, None)
[2025-01-15T10:20:03.343+0000] {spark_submit.py:641} INFO - 25/01/15 10:20:03 INFO BlockManagerMasterEndpoint: Registering block manager airflow-scheduler:33041 with 434.4 MiB RAM, BlockManagerId(driver, airflow-scheduler, 33041, None)
[2025-01-15T10:20:03.352+0000] {spark_submit.py:641} INFO - 25/01/15 10:20:03 INFO BlockManagerMaster: Registered BlockManager BlockManagerId(driver, airflow-scheduler, 33041, None)
[2025-01-15T10:20:03.356+0000] {spark_submit.py:641} INFO - 25/01/15 10:20:03 INFO BlockManager: Initialized BlockManager: BlockManagerId(driver, airflow-scheduler, 33041, None)
[2025-01-15T10:20:03.986+0000] {spark_submit.py:641} INFO - 25/01/15 10:20:03 INFO StandaloneSchedulerBackend: SchedulerBackend is ready for scheduling beginning after reached minRegisteredResourcesRatio: 0.0
[2025-01-15T10:20:04.381+0000] {spark_submit.py:641} INFO - 25/01/15 10:20:04 WARN StandaloneAppClient$ClientEndpoint: Drop UnregisterApplication(null) because has not yet connected to master
[2025-01-15T10:20:07.031+0000] {spark_submit.py:641} INFO - Traceback (most recent call last):
[2025-01-15T10:20:07.032+0000] {spark_submit.py:641} INFO - File "/spark-scripts/data_ingestion.py", line 64, in <module>
[2025-01-15T10:20:07.036+0000] {spark_submit.py:641} INFO - products_dataset
[2025-01-15T10:20:07.037+0000] {spark_submit.py:641} INFO - File "/home/airflow/.local/lib/python3.10/site-packages/pyspark/python/lib/pyspark.zip/pyspark/sql/readwriter.py", line 1984, in jdbc
[2025-01-15T10:20:07.037+0000] {spark_submit.py:641} INFO - File "/home/airflow/.local/lib/python3.10/site-packages/pyspark/python/lib/py4j-0.10.9.7-src.zip/py4j/java_gateway.py", line 1322, in __call__
[2025-01-15T10:20:07.038+0000] {spark_submit.py:641} INFO - File "/home/airflow/.local/lib/python3.10/site-packages/pyspark/python/lib/pyspark.zip/pyspark/errors/exceptions/captured.py", line 179, in deco
[2025-01-15T10:20:07.039+0000] {spark_submit.py:641} INFO - File "/home/airflow/.local/lib/python3.10/site-packages/pyspark/python/lib/py4j-0.10.9.7-src.zip/py4j/protocol.py", line 326, in get_return_value
[2025-01-15T10:20:07.040+0000] {spark_submit.py:641} INFO - py4j.protocol.Py4JJavaError: An error occurred while calling o53.jdbc.
[2025-01-15T10:20:07.041+0000] {spark_submit.py:641} INFO - : org.postgresql.util.PSQLException: FATAL: database "None" does not exist
[2025-01-15T10:20:07.041+0000] {spark_submit.py:641} INFO - at org.postgresql.core.v3.QueryExecutorImpl.receiveErrorResponse(QueryExecutorImpl.java:2553)
[2025-01-15T10:20:07.042+0000] {spark_submit.py:641} INFO - at org.postgresql.core.v3.QueryExecutorImpl.readStartupMessages(QueryExecutorImpl.java:2665)
[2025-01-15T10:20:07.042+0000] {spark_submit.py:641} INFO - at org.postgresql.core.v3.QueryExecutorImpl.<init>(QueryExecutorImpl.java:147)
[2025-01-15T10:20:07.043+0000] {spark_submit.py:641} INFO - at org.postgresql.core.v3.ConnectionFactoryImpl.openConnectionImpl(ConnectionFactoryImpl.java:273)
[2025-01-15T10:20:07.043+0000] {spark_submit.py:641} INFO - at org.postgresql.core.ConnectionFactory.openConnection(ConnectionFactory.java:51)
[2025-01-15T10:20:07.044+0000] {spark_submit.py:641} INFO - at org.postgresql.jdbc.PgConnection.<init>(PgConnection.java:223)
[2025-01-15T10:20:07.044+0000] {spark_submit.py:641} INFO - at org.postgresql.Driver.makeConnection(Driver.java:465)
[2025-01-15T10:20:07.045+0000] {spark_submit.py:641} INFO - at org.postgresql.Driver.connect(Driver.java:264)
[2025-01-15T10:20:07.045+0000] {spark_submit.py:641} INFO - at org.apache.spark.sql.execution.datasources.jdbc.connection.BasicConnectionProvider.getConnection(BasicConnectionProvider.scala:49)
[2025-01-15T10:20:07.046+0000] {spark_submit.py:641} INFO - at org.apache.spark.sql.execution.datasources.jdbc.connection.ConnectionProviderBase.create(ConnectionProvider.scala:102)
[2025-01-15T10:20:07.046+0000] {spark_submit.py:641} INFO - at org.apache.spark.sql.jdbc.JdbcDialect.$anonfun$createConnectionFactory$1(JdbcDialects.scala:161)
[2025-01-15T10:20:07.047+0000] {spark_submit.py:641} INFO - at org.apache.spark.sql.jdbc.JdbcDialect.$anonfun$createConnectionFactory$1$adapted(JdbcDialects.scala:157)
[2025-01-15T10:20:07.047+0000] {spark_submit.py:641} INFO - at org.apache.spark.sql.execution.datasources.jdbc.JdbcRelationProvider.createRelation(JdbcRelationProvider.scala:50)
[2025-01-15T10:20:07.048+0000] {spark_submit.py:641} INFO - at org.apache.spark.sql.execution.datasources.SaveIntoDataSourceCommand.run(SaveIntoDataSourceCommand.scala:48)
[2025-01-15T10:20:07.048+0000] {spark_submit.py:641} INFO - at org.apache.spark.sql.execution.command.ExecutedCommandExec.sideEffectResult$lzycompute(commands.scala:75)
[2025-01-15T10:20:07.048+0000] {spark_submit.py:641} INFO - at org.apache.spark.sql.execution.command.ExecutedCommandExec.sideEffectResult(commands.scala:73)
[2025-01-15T10:20:07.049+0000] {spark_submit.py:641} INFO - at org.apache.spark.sql.execution.command.ExecutedCommandExec.executeCollect(commands.scala:84)
[2025-01-15T10:20:07.049+0000] {spark_submit.py:641} INFO - at org.apache.spark.sql.execution.QueryExecution$$anonfun$eagerlyExecuteCommands$1.$anonfun$applyOrElse$1(QueryExecution.scala:107)
[2025-01-15T10:20:07.050+0000] {spark_submit.py:641} INFO - at org.apache.spark.sql.execution.SQLExecution$.$anonfun$withNewExecutionId$6(SQLExecution.scala:125)
[2025-01-15T10:20:07.050+0000] {spark_submit.py:641} INFO - at org.apache.spark.sql.execution.SQLExecution$.withSQLConfPropagated(SQLExecution.scala:201)
[2025-01-15T10:20:07.051+0000] {spark_submit.py:641} INFO - at org.apache.spark.sql.execution.SQLExecution$.$anonfun$withNewExecutionId$1(SQLExecution.scala:108)
[2025-01-15T10:20:07.051+0000] {spark_submit.py:641} INFO - at org.apache.spark.sql.SparkSession.withActive(SparkSession.scala:900)
[2025-01-15T10:20:07.052+0000] {spark_submit.py:641} INFO - at org.apache.spark.sql.execution.SQLExecution$.withNewExecutionId(SQLExecution.scala:66)
[2025-01-15T10:20:07.052+0000] {spark_submit.py:641} INFO - at org.apache.spark.sql.execution.QueryExecution$$anonfun$eagerlyExecuteCommands$1.applyOrElse(QueryExecution.scala:107)
[2025-01-15T10:20:07.053+0000] {spark_submit.py:641} INFO - at org.apache.spark.sql.execution.QueryExecution$$anonfun$eagerlyExecuteCommands$1.applyOrElse(QueryExecution.scala:98)
[2025-01-15T10:20:07.053+0000] {spark_submit.py:641} INFO - at org.apache.spark.sql.catalyst.trees.TreeNode.$anonfun$transformDownWithPruning$1(TreeNode.scala:461)
[2025-01-15T10:20:07.054+0000] {spark_submit.py:641} INFO - at org.apache.spark.sql.catalyst.trees.CurrentOrigin$.withOrigin(origin.scala:76)
[2025-01-15T10:20:07.054+0000] {spark_submit.py:641} INFO - at org.apache.spark.sql.catalyst.trees.TreeNode.transformDownWithPruning(TreeNode.scala:461)
[2025-01-15T10:20:07.055+0000] {spark_submit.py:641} INFO - at org.apache.spark.sql.catalyst.plans.logical.LogicalPlan.org$apache$spark$sql$catalyst$plans$logical$AnalysisHelper$$super$transformDownWithPruning(LogicalPlan.scala:32)
[2025-01-15T10:20:07.056+0000] {spark_submit.py:641} INFO - at org.apache.spark.sql.catalyst.plans.logical.AnalysisHelper.transformDownWithPruning(AnalysisHelper.scala:267)
[2025-01-15T10:20:07.056+0000] {spark_submit.py:641} INFO - at org.apache.spark.sql.catalyst.plans.logical.AnalysisHelper.transformDownWithPruning$(AnalysisHelper.scala:263)
[2025-01-15T10:20:07.057+0000] {spark_submit.py:641} INFO - at org.apache.spark.sql.catalyst.plans.logical.LogicalPlan.transformDownWithPruning(LogicalPlan.scala:32)
[2025-01-15T10:20:07.057+0000] {spark_submit.py:641} INFO - at org.apache.spark.sql.catalyst.plans.logical.LogicalPlan.transformDownWithPruning(LogicalPlan.scala:32)
[2025-01-15T10:20:07.058+0000] {spark_submit.py:641} INFO - at org.apache.spark.sql.catalyst.trees.TreeNode.transformDown(TreeNode.scala:437)
[2025-01-15T10:20:07.058+0000] {spark_submit.py:641} INFO - at org.apache.spark.sql.execution.QueryExecution.eagerlyExecuteCommands(QueryExecution.scala:98)
[2025-01-15T10:20:07.059+0000] {spark_submit.py:641} INFO - at org.apache.spark.sql.execution.QueryExecution.commandExecuted$lzycompute(QueryExecution.scala:85)
[2025-01-15T10:20:07.060+0000] {spark_submit.py:641} INFO - at org.apache.spark.sql.execution.QueryExecution.commandExecuted(QueryExecution.scala:83)
[2025-01-15T10:20:07.060+0000] {spark_submit.py:641} INFO - at org.apache.spark.sql.execution.QueryExecution.assertCommandExecuted(QueryExecution.scala:142)
[2025-01-15T10:20:07.061+0000] {spark_submit.py:641} INFO - at org.apache.spark.sql.DataFrameWriter.runCommand(DataFrameWriter.scala:869)
[2025-01-15T10:20:07.061+0000] {spark_submit.py:641} INFO - at org.apache.spark.sql.DataFrameWriter.saveToV1Source(DataFrameWriter.scala:391)
[2025-01-15T10:20:07.062+0000] {spark_submit.py:641} INFO - at org.apache.spark.sql.DataFrameWriter.saveInternal(DataFrameWriter.scala:364)
[2025-01-15T10:20:07.063+0000] {spark_submit.py:641} INFO - at org.apache.spark.sql.DataFrameWriter.save(DataFrameWriter.scala:251)
[2025-01-15T10:20:07.063+0000] {spark_submit.py:641} INFO - at org.apache.spark.sql.DataFrameWriter.jdbc(DataFrameWriter.scala:766)
[2025-01-15T10:20:07.064+0000] {spark_submit.py:641} INFO - at java.base/jdk.internal.reflect.NativeMethodAccessorImpl.invoke0(Native Method)
[2025-01-15T10:20:07.064+0000] {spark_submit.py:641} INFO - at java.base/jdk.internal.reflect.NativeMethodAccessorImpl.invoke(NativeMethodAccessorImpl.java:77)
[2025-01-15T10:20:07.065+0000] {spark_submit.py:641} INFO - at java.base/jdk.internal.reflect.DelegatingMethodAccessorImpl.invoke(DelegatingMethodAccessorImpl.java:43)
[2025-01-15T10:20:07.066+0000] {spark_submit.py:641} INFO - at java.base/java.lang.reflect.Method.invoke(Method.java:569)
[2025-01-15T10:20:07.066+0000] {spark_submit.py:641} INFO - at py4j.reflection.MethodInvoker.invoke(MethodInvoker.java:244)
[2025-01-15T10:20:07.067+0000] {spark_submit.py:641} INFO - at py4j.reflection.ReflectionEngine.invoke(ReflectionEngine.java:374)
[2025-01-15T10:20:07.067+0000] {spark_submit.py:641} INFO - at py4j.Gateway.invoke(Gateway.java:282)
[2025-01-15T10:20:07.068+0000] {spark_submit.py:641} INFO - at py4j.commands.AbstractCommand.invokeMethod(AbstractCommand.java:132)
[2025-01-15T10:20:07.069+0000] {spark_submit.py:641} INFO - at py4j.commands.CallCommand.execute(CallCommand.java:79)
[2025-01-15T10:20:07.069+0000] {spark_submit.py:641} INFO - at py4j.ClientServerConnection.waitForCommands(ClientServerConnection.java:182)
[2025-01-15T10:20:07.070+0000] {spark_submit.py:641} INFO - at py4j.ClientServerConnection.run(ClientServerConnection.java:106)
[2025-01-15T10:20:07.070+0000] {spark_submit.py:641} INFO - at java.base/java.lang.Thread.run(Thread.java:840)
[2025-01-15T10:20:07.071+0000] {spark_submit.py:641} INFO - 
[2025-01-15T10:20:07.149+0000] {taskinstance.py:441} INFO - ::group::Post task execution logs
[2025-01-15T10:20:07.158+0000] {taskinstance.py:2905} ERROR - Task failed with exception
Traceback (most recent call last):
  File "/home/airflow/.local/lib/python3.10/site-packages/airflow/models/taskinstance.py", line 465, in _execute_task
    result = _execute_callable(context=context, **execute_callable_kwargs)
  File "/home/airflow/.local/lib/python3.10/site-packages/airflow/models/taskinstance.py", line 432, in _execute_callable
    return execute_callable(context=context, **execute_callable_kwargs)
  File "/home/airflow/.local/lib/python3.10/site-packages/airflow/models/baseoperator.py", line 401, in wrapper
    return func(self, *args, **kwargs)
  File "/home/airflow/.local/lib/python3.10/site-packages/airflow/providers/apache/spark/operators/spark_submit.py", line 177, in execute
    self._hook.submit(self.application)
  File "/home/airflow/.local/lib/python3.10/site-packages/airflow/providers/apache/spark/hooks/spark_submit.py", line 567, in submit
    raise AirflowException(
airflow.exceptions.AirflowException: Cannot execute: spark-submit --master spark://spark-master:7077 --jars /spark-scripts/jars/jars_postgresql-42.2.20.jar --name arrow-spark /spark-scripts/data_ingestion.py. Error code is: 1.
[2025-01-15T10:20:07.166+0000] {taskinstance.py:1206} INFO - Marking task as FAILED. dag_id=Data_Ingestions, task_id=spark_submit_task, run_id=manual__2025-01-15T10:18:53.253121+00:00, execution_date=20250115T101853, start_date=20250115T101856, end_date=20250115T102007
[2025-01-15T10:20:07.184+0000] {standard_task_runner.py:110} ERROR - Failed to execute job 2 for task spark_submit_task (Cannot execute: spark-submit --master spark://spark-master:7077 --jars /spark-scripts/jars/jars_postgresql-42.2.20.jar --name arrow-spark /spark-scripts/data_ingestion.py. Error code is: 1.; 308)
[2025-01-15T10:20:07.219+0000] {local_task_job_runner.py:240} INFO - Task exited with return code 1
[2025-01-15T10:20:07.276+0000] {taskinstance.py:3503} INFO - 0 downstream tasks scheduled from follow-on schedule check
[2025-01-15T10:20:07.288+0000] {local_task_job_runner.py:222} INFO - ::endgroup::
