[2025-01-15T10:37:44.121+0000] {local_task_job_runner.py:120} INFO - ::group::Pre task execution logs
[2025-01-15T10:37:44.258+0000] {taskinstance.py:2076} INFO - Dependencies all met for dep_context=non-requeueable deps ti=<TaskInstance: Data_Ingestions.spark_submit_task manual__2025-01-15T10:37:40.891246+00:00 [queued]>
[2025-01-15T10:37:44.294+0000] {taskinstance.py:2076} INFO - Dependencies all met for dep_context=requeueable deps ti=<TaskInstance: Data_Ingestions.spark_submit_task manual__2025-01-15T10:37:40.891246+00:00 [queued]>
[2025-01-15T10:37:44.306+0000] {taskinstance.py:2306} INFO - Starting attempt 1 of 1
[2025-01-15T10:37:44.364+0000] {taskinstance.py:2330} INFO - Executing <Task(SparkSubmitOperator): spark_submit_task> on 2025-01-15 10:37:40.891246+00:00
[2025-01-15T10:37:44.380+0000] {standard_task_runner.py:63} INFO - Started process 1054 to run task
[2025-01-15T10:37:44.393+0000] {standard_task_runner.py:90} INFO - Running: ['airflow', 'tasks', 'run', 'Data_Ingestions', 'spark_submit_task', 'manual__2025-01-15T10:37:40.891246+00:00', '--job-id', '5', '--raw', '--subdir', 'DAGS_FOLDER/Data_Ingestions.py', '--cfg-path', '/tmp/tmpv03b_883']
[2025-01-15T10:37:44.404+0000] {standard_task_runner.py:91} INFO - Job 5: Subtask spark_submit_task
[2025-01-15T10:37:44.621+0000] {task_command.py:426} INFO - Running <TaskInstance: Data_Ingestions.spark_submit_task manual__2025-01-15T10:37:40.891246+00:00 [running]> on host airflow-scheduler
[2025-01-15T10:37:45.026+0000] {taskinstance.py:2648} INFO - Exporting env vars: AIRFLOW_CTX_DAG_OWNER='Ajied(WhatsApp), Ajied(Email)' AIRFLOW_CTX_DAG_ID='Data_Ingestions' AIRFLOW_CTX_TASK_ID='spark_submit_task' AIRFLOW_CTX_EXECUTION_DATE='2025-01-15T10:37:40.891246+00:00' AIRFLOW_CTX_TRY_NUMBER='1' AIRFLOW_CTX_DAG_RUN_ID='manual__2025-01-15T10:37:40.891246+00:00'
[2025-01-15T10:37:45.031+0000] {taskinstance.py:430} INFO - ::endgroup::
[2025-01-15T10:37:45.067+0000] {base.py:84} INFO - Using connection ID 'spark_main' for task execution.
[2025-01-15T10:37:45.072+0000] {spark_submit.py:474} INFO - Spark-Submit cmd: spark-submit --master spark://spark-master:7077 --jars /spark-scripts/jars/jars_postgresql-42.2.20.jar --name arrow-spark /spark-scripts/data_ingestion.py
[2025-01-15T10:37:47.965+0000] {spark_submit.py:641} INFO - 25/01/15 10:37:47 WARN NativeCodeLoader: Unable to load native-hadoop library for your platform... using builtin-java classes where applicable
[2025-01-15T10:37:49.567+0000] {spark_submit.py:641} INFO - 25/01/15 10:37:49 INFO SparkContext: Running Spark version 3.5.4
[2025-01-15T10:37:49.568+0000] {spark_submit.py:641} INFO - 25/01/15 10:37:49 INFO SparkContext: OS info Linux, 5.15.153.1-microsoft-standard-WSL2, amd64
[2025-01-15T10:37:49.568+0000] {spark_submit.py:641} INFO - 25/01/15 10:37:49 INFO SparkContext: Java version 17.0.13
[2025-01-15T10:37:49.598+0000] {spark_submit.py:641} INFO - 25/01/15 10:37:49 INFO ResourceUtils: ==============================================================
[2025-01-15T10:37:49.599+0000] {spark_submit.py:641} INFO - 25/01/15 10:37:49 INFO ResourceUtils: No custom resources configured for spark.driver.
[2025-01-15T10:37:49.599+0000] {spark_submit.py:641} INFO - 25/01/15 10:37:49 INFO ResourceUtils: ==============================================================
[2025-01-15T10:37:49.600+0000] {spark_submit.py:641} INFO - 25/01/15 10:37:49 INFO SparkContext: Submitted application: Dibimbing
[2025-01-15T10:37:49.625+0000] {spark_submit.py:641} INFO - 25/01/15 10:37:49 INFO ResourceProfile: Default ResourceProfile created, executor resources: Map(memory -> name: memory, amount: 1024, script: , vendor: , offHeap -> name: offHeap, amount: 0, script: , vendor: ), task resources: Map(cpus -> name: cpus, amount: 1.0)
[2025-01-15T10:37:49.634+0000] {spark_submit.py:641} INFO - 25/01/15 10:37:49 INFO ResourceProfile: Limiting resource is cpu
[2025-01-15T10:37:49.635+0000] {spark_submit.py:641} INFO - 25/01/15 10:37:49 INFO ResourceProfileManager: Added ResourceProfile id: 0
[2025-01-15T10:37:49.690+0000] {spark_submit.py:641} INFO - 25/01/15 10:37:49 INFO SecurityManager: Changing view acls to: airflow
[2025-01-15T10:37:49.691+0000] {spark_submit.py:641} INFO - 25/01/15 10:37:49 INFO SecurityManager: Changing modify acls to: airflow
[2025-01-15T10:37:49.692+0000] {spark_submit.py:641} INFO - 25/01/15 10:37:49 INFO SecurityManager: Changing view acls groups to:
[2025-01-15T10:37:49.693+0000] {spark_submit.py:641} INFO - 25/01/15 10:37:49 INFO SecurityManager: Changing modify acls groups to:
[2025-01-15T10:37:49.693+0000] {spark_submit.py:641} INFO - 25/01/15 10:37:49 INFO SecurityManager: SecurityManager: authentication disabled; ui acls disabled; users with view permissions: airflow; groups with view permissions: EMPTY; users with modify permissions: airflow; groups with modify permissions: EMPTY
[2025-01-15T10:37:49.924+0000] {spark_submit.py:641} INFO - 25/01/15 10:37:49 INFO Utils: Successfully started service 'sparkDriver' on port 41899.
[2025-01-15T10:37:49.958+0000] {spark_submit.py:641} INFO - 25/01/15 10:37:49 INFO SparkEnv: Registering MapOutputTracker
[2025-01-15T10:37:49.997+0000] {spark_submit.py:641} INFO - 25/01/15 10:37:49 INFO SparkEnv: Registering BlockManagerMaster
[2025-01-15T10:37:50.021+0000] {spark_submit.py:641} INFO - 25/01/15 10:37:50 INFO BlockManagerMasterEndpoint: Using org.apache.spark.storage.DefaultTopologyMapper for getting topology information
[2025-01-15T10:37:50.022+0000] {spark_submit.py:641} INFO - 25/01/15 10:37:50 INFO BlockManagerMasterEndpoint: BlockManagerMasterEndpoint up
[2025-01-15T10:37:50.026+0000] {spark_submit.py:641} INFO - 25/01/15 10:37:50 INFO SparkEnv: Registering BlockManagerMasterHeartbeat
[2025-01-15T10:37:50.050+0000] {spark_submit.py:641} INFO - 25/01/15 10:37:50 INFO DiskBlockManager: Created local directory at /tmp/blockmgr-ffa7af51-51a7-4802-90e6-f095b1924779
[2025-01-15T10:37:50.073+0000] {spark_submit.py:641} INFO - 25/01/15 10:37:50 INFO MemoryStore: MemoryStore started with capacity 434.4 MiB
[2025-01-15T10:37:50.089+0000] {spark_submit.py:641} INFO - 25/01/15 10:37:50 INFO SparkEnv: Registering OutputCommitCoordinator
[2025-01-15T10:37:50.216+0000] {spark_submit.py:641} INFO - 25/01/15 10:37:50 INFO JettyUtils: Start Jetty 0.0.0.0:4040 for SparkUI
[2025-01-15T10:37:50.296+0000] {spark_submit.py:641} INFO - 25/01/15 10:37:50 INFO Utils: Successfully started service 'SparkUI' on port 4040.
[2025-01-15T10:37:50.337+0000] {spark_submit.py:641} INFO - 25/01/15 10:37:50 ERROR SparkContext: Failed to add /opt/bitnami/spark/jars/postgresql-42.2.18.jar to Spark environment
[2025-01-15T10:37:50.338+0000] {spark_submit.py:641} INFO - java.io.FileNotFoundException: Jar /opt/bitnami/spark/jars/postgresql-42.2.18.jar not found
[2025-01-15T10:37:50.338+0000] {spark_submit.py:641} INFO - at org.apache.spark.SparkContext.addLocalJarFile$1(SparkContext.scala:2095)
[2025-01-15T10:37:50.339+0000] {spark_submit.py:641} INFO - at org.apache.spark.SparkContext.addJar(SparkContext.scala:2151)
[2025-01-15T10:37:50.340+0000] {spark_submit.py:641} INFO - at org.apache.spark.SparkContext.$anonfun$new$15(SparkContext.scala:521)
[2025-01-15T10:37:50.340+0000] {spark_submit.py:641} INFO - at org.apache.spark.SparkContext.$anonfun$new$15$adapted(SparkContext.scala:521)
[2025-01-15T10:37:50.341+0000] {spark_submit.py:641} INFO - at scala.collection.mutable.ResizableArray.foreach(ResizableArray.scala:62)
[2025-01-15T10:37:50.342+0000] {spark_submit.py:641} INFO - at scala.collection.mutable.ResizableArray.foreach$(ResizableArray.scala:55)
[2025-01-15T10:37:50.342+0000] {spark_submit.py:641} INFO - at scala.collection.mutable.ArrayBuffer.foreach(ArrayBuffer.scala:49)
[2025-01-15T10:37:50.343+0000] {spark_submit.py:641} INFO - at org.apache.spark.SparkContext.<init>(SparkContext.scala:521)
[2025-01-15T10:37:50.344+0000] {spark_submit.py:641} INFO - at org.apache.spark.api.java.JavaSparkContext.<init>(JavaSparkContext.scala:58)
[2025-01-15T10:37:50.345+0000] {spark_submit.py:641} INFO - at java.base/jdk.internal.reflect.NativeConstructorAccessorImpl.newInstance0(Native Method)
[2025-01-15T10:37:50.345+0000] {spark_submit.py:641} INFO - at java.base/jdk.internal.reflect.NativeConstructorAccessorImpl.newInstance(NativeConstructorAccessorImpl.java:77)
[2025-01-15T10:37:50.346+0000] {spark_submit.py:641} INFO - at java.base/jdk.internal.reflect.DelegatingConstructorAccessorImpl.newInstance(DelegatingConstructorAccessorImpl.java:45)
[2025-01-15T10:37:50.347+0000] {spark_submit.py:641} INFO - at java.base/java.lang.reflect.Constructor.newInstanceWithCaller(Constructor.java:500)
[2025-01-15T10:37:50.348+0000] {spark_submit.py:641} INFO - at java.base/java.lang.reflect.Constructor.newInstance(Constructor.java:481)
[2025-01-15T10:37:50.348+0000] {spark_submit.py:641} INFO - at py4j.reflection.MethodInvoker.invoke(MethodInvoker.java:247)
[2025-01-15T10:37:50.349+0000] {spark_submit.py:641} INFO - at py4j.reflection.ReflectionEngine.invoke(ReflectionEngine.java:374)
[2025-01-15T10:37:50.350+0000] {spark_submit.py:641} INFO - at py4j.Gateway.invoke(Gateway.java:238)
[2025-01-15T10:37:50.351+0000] {spark_submit.py:641} INFO - at py4j.commands.ConstructorCommand.invokeConstructor(ConstructorCommand.java:80)
[2025-01-15T10:37:50.351+0000] {spark_submit.py:641} INFO - at py4j.commands.ConstructorCommand.execute(ConstructorCommand.java:69)
[2025-01-15T10:37:50.352+0000] {spark_submit.py:641} INFO - at py4j.ClientServerConnection.waitForCommands(ClientServerConnection.java:182)
[2025-01-15T10:37:50.353+0000] {spark_submit.py:641} INFO - at py4j.ClientServerConnection.run(ClientServerConnection.java:106)
[2025-01-15T10:37:50.354+0000] {spark_submit.py:641} INFO - at java.base/java.lang.Thread.run(Thread.java:840)
[2025-01-15T10:37:50.423+0000] {spark_submit.py:641} INFO - 25/01/15 10:37:50 INFO StandaloneAppClient$ClientEndpoint: Connecting to master spark://spark-master:7077...
[2025-01-15T10:37:50.470+0000] {spark_submit.py:641} INFO - 25/01/15 10:37:50 INFO TransportClientFactory: Successfully created connection to spark-master/172.18.0.2:7077 after 26 ms (0 ms spent in bootstraps)
[2025-01-15T10:38:10.426+0000] {spark_submit.py:641} INFO - 25/01/15 10:38:10 INFO StandaloneAppClient$ClientEndpoint: Connecting to master spark://spark-master:7077...
[2025-01-15T10:38:30.426+0000] {spark_submit.py:641} INFO - 25/01/15 10:38:30 INFO StandaloneAppClient$ClientEndpoint: Connecting to master spark://spark-master:7077...
[2025-01-15T10:38:50.430+0000] {spark_submit.py:641} INFO - 25/01/15 10:38:50 WARN StandaloneSchedulerBackend: Application ID is not initialized yet.
[2025-01-15T10:38:50.432+0000] {spark_submit.py:641} INFO - 25/01/15 10:38:50 ERROR StandaloneSchedulerBackend: Application has been killed. Reason: All masters are unresponsive! Giving up.
[2025-01-15T10:38:50.455+0000] {spark_submit.py:641} INFO - 25/01/15 10:38:50 INFO Utils: Successfully started service 'org.apache.spark.network.netty.NettyBlockTransferService' on port 40873.
[2025-01-15T10:38:50.458+0000] {spark_submit.py:641} INFO - 25/01/15 10:38:50 INFO NettyBlockTransferService: Server created on airflow-scheduler:40873
[2025-01-15T10:38:50.462+0000] {spark_submit.py:641} INFO - 25/01/15 10:38:50 INFO BlockManager: Using org.apache.spark.storage.RandomBlockReplicationPolicy for block replication policy
[2025-01-15T10:38:50.480+0000] {spark_submit.py:641} INFO - 25/01/15 10:38:50 INFO BlockManagerMaster: Registering BlockManager BlockManagerId(driver, airflow-scheduler, 40873, None)
[2025-01-15T10:38:50.492+0000] {spark_submit.py:641} INFO - 25/01/15 10:38:50 INFO BlockManagerMasterEndpoint: Registering block manager airflow-scheduler:40873 with 434.4 MiB RAM, BlockManagerId(driver, airflow-scheduler, 40873, None)
[2025-01-15T10:38:50.499+0000] {spark_submit.py:641} INFO - 25/01/15 10:38:50 INFO BlockManagerMaster: Registered BlockManager BlockManagerId(driver, airflow-scheduler, 40873, None)
[2025-01-15T10:38:50.502+0000] {spark_submit.py:641} INFO - 25/01/15 10:38:50 INFO BlockManager: Initialized BlockManager: BlockManagerId(driver, airflow-scheduler, 40873, None)
[2025-01-15T10:38:50.918+0000] {spark_submit.py:641} INFO - 25/01/15 10:38:50 INFO StandaloneSchedulerBackend: SchedulerBackend is ready for scheduling beginning after reached minRegisteredResourcesRatio: 0.0
[2025-01-15T10:38:51.186+0000] {spark_submit.py:641} INFO - 25/01/15 10:38:51 WARN StandaloneAppClient$ClientEndpoint: Drop UnregisterApplication(null) because has not yet connected to master
[2025-01-15T10:38:53.496+0000] {spark_submit.py:641} INFO - Traceback (most recent call last):
[2025-01-15T10:38:53.497+0000] {spark_submit.py:641} INFO - File "/spark-scripts/data_ingestion.py", line 66, in <module>
[2025-01-15T10:38:53.502+0000] {spark_submit.py:641} INFO - products_dataset
[2025-01-15T10:38:53.503+0000] {spark_submit.py:641} INFO - File "/home/airflow/.local/lib/python3.10/site-packages/pyspark/python/lib/pyspark.zip/pyspark/sql/readwriter.py", line 1984, in jdbc
[2025-01-15T10:38:53.503+0000] {spark_submit.py:641} INFO - File "/home/airflow/.local/lib/python3.10/site-packages/pyspark/python/lib/py4j-0.10.9.7-src.zip/py4j/java_gateway.py", line 1322, in __call__
[2025-01-15T10:38:53.504+0000] {spark_submit.py:641} INFO - File "/home/airflow/.local/lib/python3.10/site-packages/pyspark/python/lib/pyspark.zip/pyspark/errors/exceptions/captured.py", line 179, in deco
[2025-01-15T10:38:53.504+0000] {spark_submit.py:641} INFO - File "/home/airflow/.local/lib/python3.10/site-packages/pyspark/python/lib/py4j-0.10.9.7-src.zip/py4j/protocol.py", line 326, in get_return_value
[2025-01-15T10:38:53.505+0000] {spark_submit.py:641} INFO - py4j.protocol.Py4JJavaError: An error occurred while calling o53.jdbc.
[2025-01-15T10:38:53.505+0000] {spark_submit.py:641} INFO - : org.postgresql.util.PSQLException: FATAL: database "None" does not exist
[2025-01-15T10:38:53.506+0000] {spark_submit.py:641} INFO - at org.postgresql.core.v3.QueryExecutorImpl.receiveErrorResponse(QueryExecutorImpl.java:2553)
[2025-01-15T10:38:53.507+0000] {spark_submit.py:641} INFO - at org.postgresql.core.v3.QueryExecutorImpl.readStartupMessages(QueryExecutorImpl.java:2665)
[2025-01-15T10:38:53.507+0000] {spark_submit.py:641} INFO - at org.postgresql.core.v3.QueryExecutorImpl.<init>(QueryExecutorImpl.java:147)
[2025-01-15T10:38:53.508+0000] {spark_submit.py:641} INFO - at org.postgresql.core.v3.ConnectionFactoryImpl.openConnectionImpl(ConnectionFactoryImpl.java:273)
[2025-01-15T10:38:53.508+0000] {spark_submit.py:641} INFO - at org.postgresql.core.ConnectionFactory.openConnection(ConnectionFactory.java:51)
[2025-01-15T10:38:53.509+0000] {spark_submit.py:641} INFO - at org.postgresql.jdbc.PgConnection.<init>(PgConnection.java:223)
[2025-01-15T10:38:53.509+0000] {spark_submit.py:641} INFO - at org.postgresql.Driver.makeConnection(Driver.java:465)
[2025-01-15T10:38:53.510+0000] {spark_submit.py:641} INFO - at org.postgresql.Driver.connect(Driver.java:264)
[2025-01-15T10:38:53.511+0000] {spark_submit.py:641} INFO - at org.apache.spark.sql.execution.datasources.jdbc.connection.BasicConnectionProvider.getConnection(BasicConnectionProvider.scala:49)
[2025-01-15T10:38:53.511+0000] {spark_submit.py:641} INFO - at org.apache.spark.sql.execution.datasources.jdbc.connection.ConnectionProviderBase.create(ConnectionProvider.scala:102)
[2025-01-15T10:38:53.512+0000] {spark_submit.py:641} INFO - at org.apache.spark.sql.jdbc.JdbcDialect.$anonfun$createConnectionFactory$1(JdbcDialects.scala:161)
[2025-01-15T10:38:53.512+0000] {spark_submit.py:641} INFO - at org.apache.spark.sql.jdbc.JdbcDialect.$anonfun$createConnectionFactory$1$adapted(JdbcDialects.scala:157)
[2025-01-15T10:38:53.513+0000] {spark_submit.py:641} INFO - at org.apache.spark.sql.execution.datasources.jdbc.JdbcRelationProvider.createRelation(JdbcRelationProvider.scala:50)
[2025-01-15T10:38:53.513+0000] {spark_submit.py:641} INFO - at org.apache.spark.sql.execution.datasources.SaveIntoDataSourceCommand.run(SaveIntoDataSourceCommand.scala:48)
[2025-01-15T10:38:53.514+0000] {spark_submit.py:641} INFO - at org.apache.spark.sql.execution.command.ExecutedCommandExec.sideEffectResult$lzycompute(commands.scala:75)
[2025-01-15T10:38:53.514+0000] {spark_submit.py:641} INFO - at org.apache.spark.sql.execution.command.ExecutedCommandExec.sideEffectResult(commands.scala:73)
[2025-01-15T10:38:53.515+0000] {spark_submit.py:641} INFO - at org.apache.spark.sql.execution.command.ExecutedCommandExec.executeCollect(commands.scala:84)
[2025-01-15T10:38:53.515+0000] {spark_submit.py:641} INFO - at org.apache.spark.sql.execution.QueryExecution$$anonfun$eagerlyExecuteCommands$1.$anonfun$applyOrElse$1(QueryExecution.scala:107)
[2025-01-15T10:38:53.516+0000] {spark_submit.py:641} INFO - at org.apache.spark.sql.execution.SQLExecution$.$anonfun$withNewExecutionId$6(SQLExecution.scala:125)
[2025-01-15T10:38:53.517+0000] {spark_submit.py:641} INFO - at org.apache.spark.sql.execution.SQLExecution$.withSQLConfPropagated(SQLExecution.scala:201)
[2025-01-15T10:38:53.518+0000] {spark_submit.py:641} INFO - at org.apache.spark.sql.execution.SQLExecution$.$anonfun$withNewExecutionId$1(SQLExecution.scala:108)
[2025-01-15T10:38:53.518+0000] {spark_submit.py:641} INFO - at org.apache.spark.sql.SparkSession.withActive(SparkSession.scala:900)
[2025-01-15T10:38:53.519+0000] {spark_submit.py:641} INFO - at org.apache.spark.sql.execution.SQLExecution$.withNewExecutionId(SQLExecution.scala:66)
[2025-01-15T10:38:53.519+0000] {spark_submit.py:641} INFO - at org.apache.spark.sql.execution.QueryExecution$$anonfun$eagerlyExecuteCommands$1.applyOrElse(QueryExecution.scala:107)
[2025-01-15T10:38:53.520+0000] {spark_submit.py:641} INFO - at org.apache.spark.sql.execution.QueryExecution$$anonfun$eagerlyExecuteCommands$1.applyOrElse(QueryExecution.scala:98)
[2025-01-15T10:38:53.520+0000] {spark_submit.py:641} INFO - at org.apache.spark.sql.catalyst.trees.TreeNode.$anonfun$transformDownWithPruning$1(TreeNode.scala:461)
[2025-01-15T10:38:53.521+0000] {spark_submit.py:641} INFO - at org.apache.spark.sql.catalyst.trees.CurrentOrigin$.withOrigin(origin.scala:76)
[2025-01-15T10:38:53.522+0000] {spark_submit.py:641} INFO - at org.apache.spark.sql.catalyst.trees.TreeNode.transformDownWithPruning(TreeNode.scala:461)
[2025-01-15T10:38:53.522+0000] {spark_submit.py:641} INFO - at org.apache.spark.sql.catalyst.plans.logical.LogicalPlan.org$apache$spark$sql$catalyst$plans$logical$AnalysisHelper$$super$transformDownWithPruning(LogicalPlan.scala:32)
[2025-01-15T10:38:53.523+0000] {spark_submit.py:641} INFO - at org.apache.spark.sql.catalyst.plans.logical.AnalysisHelper.transformDownWithPruning(AnalysisHelper.scala:267)
[2025-01-15T10:38:53.523+0000] {spark_submit.py:641} INFO - at org.apache.spark.sql.catalyst.plans.logical.AnalysisHelper.transformDownWithPruning$(AnalysisHelper.scala:263)
[2025-01-15T10:38:53.524+0000] {spark_submit.py:641} INFO - at org.apache.spark.sql.catalyst.plans.logical.LogicalPlan.transformDownWithPruning(LogicalPlan.scala:32)
[2025-01-15T10:38:53.525+0000] {spark_submit.py:641} INFO - at org.apache.spark.sql.catalyst.plans.logical.LogicalPlan.transformDownWithPruning(LogicalPlan.scala:32)
[2025-01-15T10:38:53.525+0000] {spark_submit.py:641} INFO - at org.apache.spark.sql.catalyst.trees.TreeNode.transformDown(TreeNode.scala:437)
[2025-01-15T10:38:53.526+0000] {spark_submit.py:641} INFO - at org.apache.spark.sql.execution.QueryExecution.eagerlyExecuteCommands(QueryExecution.scala:98)
[2025-01-15T10:38:53.527+0000] {spark_submit.py:641} INFO - at org.apache.spark.sql.execution.QueryExecution.commandExecuted$lzycompute(QueryExecution.scala:85)
[2025-01-15T10:38:53.527+0000] {spark_submit.py:641} INFO - at org.apache.spark.sql.execution.QueryExecution.commandExecuted(QueryExecution.scala:83)
[2025-01-15T10:38:53.528+0000] {spark_submit.py:641} INFO - at org.apache.spark.sql.execution.QueryExecution.assertCommandExecuted(QueryExecution.scala:142)
[2025-01-15T10:38:53.529+0000] {spark_submit.py:641} INFO - at org.apache.spark.sql.DataFrameWriter.runCommand(DataFrameWriter.scala:869)
[2025-01-15T10:38:53.529+0000] {spark_submit.py:641} INFO - at org.apache.spark.sql.DataFrameWriter.saveToV1Source(DataFrameWriter.scala:391)
[2025-01-15T10:38:53.530+0000] {spark_submit.py:641} INFO - at org.apache.spark.sql.DataFrameWriter.saveInternal(DataFrameWriter.scala:364)
[2025-01-15T10:38:53.530+0000] {spark_submit.py:641} INFO - at org.apache.spark.sql.DataFrameWriter.save(DataFrameWriter.scala:251)
[2025-01-15T10:38:53.531+0000] {spark_submit.py:641} INFO - at org.apache.spark.sql.DataFrameWriter.jdbc(DataFrameWriter.scala:766)
[2025-01-15T10:38:53.531+0000] {spark_submit.py:641} INFO - at java.base/jdk.internal.reflect.NativeMethodAccessorImpl.invoke0(Native Method)
[2025-01-15T10:38:53.532+0000] {spark_submit.py:641} INFO - at java.base/jdk.internal.reflect.NativeMethodAccessorImpl.invoke(NativeMethodAccessorImpl.java:77)
[2025-01-15T10:38:53.533+0000] {spark_submit.py:641} INFO - at java.base/jdk.internal.reflect.DelegatingMethodAccessorImpl.invoke(DelegatingMethodAccessorImpl.java:43)
[2025-01-15T10:38:53.533+0000] {spark_submit.py:641} INFO - at java.base/java.lang.reflect.Method.invoke(Method.java:569)
[2025-01-15T10:38:53.534+0000] {spark_submit.py:641} INFO - at py4j.reflection.MethodInvoker.invoke(MethodInvoker.java:244)
[2025-01-15T10:38:53.534+0000] {spark_submit.py:641} INFO - at py4j.reflection.ReflectionEngine.invoke(ReflectionEngine.java:374)
[2025-01-15T10:38:53.535+0000] {spark_submit.py:641} INFO - at py4j.Gateway.invoke(Gateway.java:282)
[2025-01-15T10:38:53.535+0000] {spark_submit.py:641} INFO - at py4j.commands.AbstractCommand.invokeMethod(AbstractCommand.java:132)
[2025-01-15T10:38:53.536+0000] {spark_submit.py:641} INFO - at py4j.commands.CallCommand.execute(CallCommand.java:79)
[2025-01-15T10:38:53.536+0000] {spark_submit.py:641} INFO - at py4j.ClientServerConnection.waitForCommands(ClientServerConnection.java:182)
[2025-01-15T10:38:53.537+0000] {spark_submit.py:641} INFO - at py4j.ClientServerConnection.run(ClientServerConnection.java:106)
[2025-01-15T10:38:53.538+0000] {spark_submit.py:641} INFO - at java.base/java.lang.Thread.run(Thread.java:840)
[2025-01-15T10:38:53.538+0000] {spark_submit.py:641} INFO - 
[2025-01-15T10:38:53.604+0000] {taskinstance.py:441} INFO - ::group::Post task execution logs
[2025-01-15T10:38:53.615+0000] {taskinstance.py:2905} ERROR - Task failed with exception
Traceback (most recent call last):
  File "/home/airflow/.local/lib/python3.10/site-packages/airflow/models/taskinstance.py", line 465, in _execute_task
    result = _execute_callable(context=context, **execute_callable_kwargs)
  File "/home/airflow/.local/lib/python3.10/site-packages/airflow/models/taskinstance.py", line 432, in _execute_callable
    return execute_callable(context=context, **execute_callable_kwargs)
  File "/home/airflow/.local/lib/python3.10/site-packages/airflow/models/baseoperator.py", line 401, in wrapper
    return func(self, *args, **kwargs)
  File "/home/airflow/.local/lib/python3.10/site-packages/airflow/providers/apache/spark/operators/spark_submit.py", line 177, in execute
    self._hook.submit(self.application)
  File "/home/airflow/.local/lib/python3.10/site-packages/airflow/providers/apache/spark/hooks/spark_submit.py", line 567, in submit
    raise AirflowException(
airflow.exceptions.AirflowException: Cannot execute: spark-submit --master spark://spark-master:7077 --jars /spark-scripts/jars/jars_postgresql-42.2.20.jar --name arrow-spark /spark-scripts/data_ingestion.py. Error code is: 1.
[2025-01-15T10:38:53.620+0000] {taskinstance.py:1206} INFO - Marking task as FAILED. dag_id=Data_Ingestions, task_id=spark_submit_task, run_id=manual__2025-01-15T10:37:40.891246+00:00, execution_date=20250115T103740, start_date=20250115T103744, end_date=20250115T103853
[2025-01-15T10:38:53.644+0000] {standard_task_runner.py:110} ERROR - Failed to execute job 5 for task spark_submit_task (Cannot execute: spark-submit --master spark://spark-master:7077 --jars /spark-scripts/jars/jars_postgresql-42.2.20.jar --name arrow-spark /spark-scripts/data_ingestion.py. Error code is: 1.; 1054)
[2025-01-15T10:38:53.680+0000] {local_task_job_runner.py:240} INFO - Task exited with return code 1
[2025-01-15T10:38:53.715+0000] {taskinstance.py:3503} INFO - 0 downstream tasks scheduled from follow-on schedule check
[2025-01-15T10:38:53.724+0000] {local_task_job_runner.py:222} INFO - ::endgroup::
