[2025-01-17T03:08:32.216+0000] {local_task_job_runner.py:120} INFO - ::group::Pre task execution logs
[2025-01-17T03:08:32.245+0000] {taskinstance.py:2076} INFO - Dependencies all met for dep_context=non-requeueable deps ti=<TaskInstance: ETL.transform_data manual__2025-01-17T03:08:22.104320+00:00 [queued]>
[2025-01-17T03:08:32.256+0000] {taskinstance.py:2076} INFO - Dependencies all met for dep_context=requeueable deps ti=<TaskInstance: ETL.transform_data manual__2025-01-17T03:08:22.104320+00:00 [queued]>
[2025-01-17T03:08:32.257+0000] {taskinstance.py:2306} INFO - Starting attempt 1 of 1
[2025-01-17T03:08:32.271+0000] {taskinstance.py:2330} INFO - Executing <Task(SparkSubmitOperator): transform_data> on 2025-01-17 03:08:22.104320+00:00
[2025-01-17T03:08:32.275+0000] {standard_task_runner.py:63} INFO - Started process 7262 to run task
[2025-01-17T03:08:32.278+0000] {standard_task_runner.py:90} INFO - Running: ['airflow', 'tasks', 'run', 'ETL', 'transform_data', 'manual__2025-01-17T03:08:22.104320+00:00', '--job-id', '56', '--raw', '--subdir', 'DAGS_FOLDER/ETL.py', '--cfg-path', '/tmp/tmpjygrp4hx']
[2025-01-17T03:08:32.280+0000] {standard_task_runner.py:91} INFO - Job 56: Subtask transform_data
[2025-01-17T03:08:32.326+0000] {task_command.py:426} INFO - Running <TaskInstance: ETL.transform_data manual__2025-01-17T03:08:22.104320+00:00 [running]> on host airflow-scheduler
[2025-01-17T03:08:32.415+0000] {taskinstance.py:2648} INFO - Exporting env vars: AIRFLOW_CTX_DAG_OWNER='Ajied(WhatsApp), Ajied(Email)' AIRFLOW_CTX_DAG_ID='ETL' AIRFLOW_CTX_TASK_ID='transform_data' AIRFLOW_CTX_EXECUTION_DATE='2025-01-17T03:08:22.104320+00:00' AIRFLOW_CTX_TRY_NUMBER='1' AIRFLOW_CTX_DAG_RUN_ID='manual__2025-01-17T03:08:22.104320+00:00'
[2025-01-17T03:08:32.416+0000] {taskinstance.py:430} INFO - ::endgroup::
[2025-01-17T03:08:32.424+0000] {base.py:84} INFO - Using connection ID 'spark_main' for task execution.
[2025-01-17T03:08:32.425+0000] {spark_submit.py:474} INFO - Spark-Submit cmd: spark-submit --master spark://spark-master:7077 --jars /spark-scripts/jars/jars_postgresql-42.2.20.jar --name arrow-spark /spark-scripts/resources/transform.py
[2025-01-17T03:08:33.972+0000] {spark_submit.py:641} INFO - 25/01/17 03:08:33 WARN NativeCodeLoader: Unable to load native-hadoop library for your platform... using builtin-java classes where applicable
[2025-01-17T03:08:35.056+0000] {spark_submit.py:641} INFO - 25/01/17 03:08:35 INFO SparkContext: Running Spark version 3.3.2
[2025-01-17T03:08:35.083+0000] {spark_submit.py:641} INFO - 25/01/17 03:08:35 INFO ResourceUtils: ==============================================================
[2025-01-17T03:08:35.084+0000] {spark_submit.py:641} INFO - 25/01/17 03:08:35 INFO ResourceUtils: No custom resources configured for spark.driver.
[2025-01-17T03:08:35.085+0000] {spark_submit.py:641} INFO - 25/01/17 03:08:35 INFO ResourceUtils: ==============================================================
[2025-01-17T03:08:35.085+0000] {spark_submit.py:641} INFO - 25/01/17 03:08:35 INFO SparkContext: Submitted application: Data Transform
[2025-01-17T03:08:35.104+0000] {spark_submit.py:641} INFO - 25/01/17 03:08:35 INFO ResourceProfile: Default ResourceProfile created, executor resources: Map(cores -> name: cores, amount: 1, script: , vendor: , memory -> name: memory, amount: 1024, script: , vendor: , offHeap -> name: offHeap, amount: 0, script: , vendor: ), task resources: Map(cpus -> name: cpus, amount: 1.0)
[2025-01-17T03:08:35.111+0000] {spark_submit.py:641} INFO - 25/01/17 03:08:35 INFO ResourceProfile: Limiting resource is cpu
[2025-01-17T03:08:35.112+0000] {spark_submit.py:641} INFO - 25/01/17 03:08:35 INFO ResourceProfileManager: Added ResourceProfile id: 0
[2025-01-17T03:08:35.151+0000] {spark_submit.py:641} INFO - 25/01/17 03:08:35 INFO SecurityManager: Changing view acls to: airflow
[2025-01-17T03:08:35.152+0000] {spark_submit.py:641} INFO - 25/01/17 03:08:35 INFO SecurityManager: Changing modify acls to: airflow
[2025-01-17T03:08:35.153+0000] {spark_submit.py:641} INFO - 25/01/17 03:08:35 INFO SecurityManager: Changing view acls groups to:
[2025-01-17T03:08:35.153+0000] {spark_submit.py:641} INFO - 25/01/17 03:08:35 INFO SecurityManager: Changing modify acls groups to:
[2025-01-17T03:08:35.154+0000] {spark_submit.py:641} INFO - 25/01/17 03:08:35 INFO SecurityManager: SecurityManager: authentication disabled; ui acls disabled; users  with view permissions: Set(airflow); groups with view permissions: Set(); users  with modify permissions: Set(airflow); groups with modify permissions: Set()
[2025-01-17T03:08:35.343+0000] {spark_submit.py:641} INFO - 25/01/17 03:08:35 INFO Utils: Successfully started service 'sparkDriver' on port 40737.
[2025-01-17T03:08:35.365+0000] {spark_submit.py:641} INFO - 25/01/17 03:08:35 INFO SparkEnv: Registering MapOutputTracker
[2025-01-17T03:08:35.399+0000] {spark_submit.py:641} INFO - 25/01/17 03:08:35 INFO SparkEnv: Registering BlockManagerMaster
[2025-01-17T03:08:35.417+0000] {spark_submit.py:641} INFO - 25/01/17 03:08:35 INFO BlockManagerMasterEndpoint: Using org.apache.spark.storage.DefaultTopologyMapper for getting topology information
[2025-01-17T03:08:35.418+0000] {spark_submit.py:641} INFO - 25/01/17 03:08:35 INFO BlockManagerMasterEndpoint: BlockManagerMasterEndpoint up
[2025-01-17T03:08:35.424+0000] {spark_submit.py:641} INFO - 25/01/17 03:08:35 INFO SparkEnv: Registering BlockManagerMasterHeartbeat
[2025-01-17T03:08:35.441+0000] {spark_submit.py:641} INFO - 25/01/17 03:08:35 INFO DiskBlockManager: Created local directory at /tmp/blockmgr-5b6c5fcd-8b4a-4665-9d8a-a630c263167e
[2025-01-17T03:08:35.454+0000] {spark_submit.py:641} INFO - 25/01/17 03:08:35 INFO MemoryStore: MemoryStore started with capacity 434.4 MiB
[2025-01-17T03:08:35.477+0000] {spark_submit.py:641} INFO - 25/01/17 03:08:35 INFO SparkEnv: Registering OutputCommitCoordinator
[2025-01-17T03:08:35.641+0000] {spark_submit.py:641} INFO - 25/01/17 03:08:35 INFO Utils: Successfully started service 'SparkUI' on port 4040.
[2025-01-17T03:08:35.682+0000] {spark_submit.py:641} INFO - 25/01/17 03:08:35 ERROR SparkContext: Failed to add /opt/bitnami/spark/jars/postgresql-42.2.18.jar to Spark environment
[2025-01-17T03:08:35.682+0000] {spark_submit.py:641} INFO - java.io.FileNotFoundException: Jar /opt/bitnami/spark/jars/postgresql-42.2.18.jar not found
[2025-01-17T03:08:35.683+0000] {spark_submit.py:641} INFO - at org.apache.spark.SparkContext.addLocalJarFile$1(SparkContext.scala:1959)
[2025-01-17T03:08:35.683+0000] {spark_submit.py:641} INFO - at org.apache.spark.SparkContext.addJar(SparkContext.scala:2014)
[2025-01-17T03:08:35.683+0000] {spark_submit.py:641} INFO - at org.apache.spark.SparkContext.$anonfun$new$12(SparkContext.scala:507)
[2025-01-17T03:08:35.684+0000] {spark_submit.py:641} INFO - at org.apache.spark.SparkContext.$anonfun$new$12$adapted(SparkContext.scala:507)
[2025-01-17T03:08:35.684+0000] {spark_submit.py:641} INFO - at scala.collection.mutable.ResizableArray.foreach(ResizableArray.scala:62)
[2025-01-17T03:08:35.685+0000] {spark_submit.py:641} INFO - at scala.collection.mutable.ResizableArray.foreach$(ResizableArray.scala:55)
[2025-01-17T03:08:35.685+0000] {spark_submit.py:641} INFO - at scala.collection.mutable.ArrayBuffer.foreach(ArrayBuffer.scala:49)
[2025-01-17T03:08:35.686+0000] {spark_submit.py:641} INFO - at org.apache.spark.SparkContext.<init>(SparkContext.scala:507)
[2025-01-17T03:08:35.686+0000] {spark_submit.py:641} INFO - at org.apache.spark.api.java.JavaSparkContext.<init>(JavaSparkContext.scala:58)
[2025-01-17T03:08:35.686+0000] {spark_submit.py:641} INFO - at java.base/jdk.internal.reflect.NativeConstructorAccessorImpl.newInstance0(Native Method)
[2025-01-17T03:08:35.687+0000] {spark_submit.py:641} INFO - at java.base/jdk.internal.reflect.NativeConstructorAccessorImpl.newInstance(NativeConstructorAccessorImpl.java:77)
[2025-01-17T03:08:35.687+0000] {spark_submit.py:641} INFO - at java.base/jdk.internal.reflect.DelegatingConstructorAccessorImpl.newInstance(DelegatingConstructorAccessorImpl.java:45)
[2025-01-17T03:08:35.688+0000] {spark_submit.py:641} INFO - at java.base/java.lang.reflect.Constructor.newInstanceWithCaller(Constructor.java:500)
[2025-01-17T03:08:35.688+0000] {spark_submit.py:641} INFO - at java.base/java.lang.reflect.Constructor.newInstance(Constructor.java:481)
[2025-01-17T03:08:35.689+0000] {spark_submit.py:641} INFO - at py4j.reflection.MethodInvoker.invoke(MethodInvoker.java:247)
[2025-01-17T03:08:35.689+0000] {spark_submit.py:641} INFO - at py4j.reflection.ReflectionEngine.invoke(ReflectionEngine.java:357)
[2025-01-17T03:08:35.690+0000] {spark_submit.py:641} INFO - at py4j.Gateway.invoke(Gateway.java:238)
[2025-01-17T03:08:35.690+0000] {spark_submit.py:641} INFO - at py4j.commands.ConstructorCommand.invokeConstructor(ConstructorCommand.java:80)
[2025-01-17T03:08:35.691+0000] {spark_submit.py:641} INFO - at py4j.commands.ConstructorCommand.execute(ConstructorCommand.java:69)
[2025-01-17T03:08:35.691+0000] {spark_submit.py:641} INFO - at py4j.ClientServerConnection.waitForCommands(ClientServerConnection.java:182)
[2025-01-17T03:08:35.692+0000] {spark_submit.py:641} INFO - at py4j.ClientServerConnection.run(ClientServerConnection.java:106)
[2025-01-17T03:08:35.692+0000] {spark_submit.py:641} INFO - at java.base/java.lang.Thread.run(Thread.java:840)
[2025-01-17T03:08:35.757+0000] {spark_submit.py:641} INFO - 25/01/17 03:08:35 INFO StandaloneAppClient$ClientEndpoint: Connecting to master spark://spark-master:7077...
[2025-01-17T03:08:35.791+0000] {spark_submit.py:641} INFO - 25/01/17 03:08:35 INFO TransportClientFactory: Successfully created connection to spark-master/172.18.0.5:7077 after 18 ms (0 ms spent in bootstraps)
[2025-01-17T03:08:35.859+0000] {spark_submit.py:641} INFO - 25/01/17 03:08:35 INFO StandaloneSchedulerBackend: Connected to Spark cluster with app ID app-20250117030835-0009
[2025-01-17T03:08:35.862+0000] {spark_submit.py:641} INFO - 25/01/17 03:08:35 INFO StandaloneAppClient$ClientEndpoint: Executor added: app-20250117030835-0009/0 on worker-20250117005035-172.18.0.6-44131 (172.18.0.6:44131) with 1 core(s)
[2025-01-17T03:08:35.864+0000] {spark_submit.py:641} INFO - 25/01/17 03:08:35 INFO StandaloneSchedulerBackend: Granted executor ID app-20250117030835-0009/0 on hostPort 172.18.0.6:44131 with 1 core(s), 1024.0 MiB RAM
[2025-01-17T03:08:35.866+0000] {spark_submit.py:641} INFO - 25/01/17 03:08:35 INFO Utils: Successfully started service 'org.apache.spark.network.netty.NettyBlockTransferService' on port 37439.
[2025-01-17T03:08:35.867+0000] {spark_submit.py:641} INFO - 25/01/17 03:08:35 INFO NettyBlockTransferService: Server created on airflow-scheduler:37439
[2025-01-17T03:08:35.868+0000] {spark_submit.py:641} INFO - 25/01/17 03:08:35 INFO BlockManager: Using org.apache.spark.storage.RandomBlockReplicationPolicy for block replication policy
[2025-01-17T03:08:35.875+0000] {spark_submit.py:641} INFO - 25/01/17 03:08:35 INFO BlockManagerMaster: Registering BlockManager BlockManagerId(driver, airflow-scheduler, 37439, None)
[2025-01-17T03:08:35.879+0000] {spark_submit.py:641} INFO - 25/01/17 03:08:35 INFO BlockManagerMasterEndpoint: Registering block manager airflow-scheduler:37439 with 434.4 MiB RAM, BlockManagerId(driver, airflow-scheduler, 37439, None)
[2025-01-17T03:08:35.881+0000] {spark_submit.py:641} INFO - 25/01/17 03:08:35 INFO BlockManagerMaster: Registered BlockManager BlockManagerId(driver, airflow-scheduler, 37439, None)
[2025-01-17T03:08:35.882+0000] {spark_submit.py:641} INFO - 25/01/17 03:08:35 INFO BlockManager: Initialized BlockManager: BlockManagerId(driver, airflow-scheduler, 37439, None)
[2025-01-17T03:08:35.919+0000] {spark_submit.py:641} INFO - 25/01/17 03:08:35 INFO StandaloneAppClient$ClientEndpoint: Executor updated: app-20250117030835-0009/0 is now RUNNING
[2025-01-17T03:08:36.078+0000] {spark_submit.py:641} INFO - 25/01/17 03:08:36 INFO StandaloneSchedulerBackend: SchedulerBackend is ready for scheduling beginning after reached minRegisteredResourcesRatio: 0.0
[2025-01-17T03:08:36.225+0000] {spark_submit.py:641} INFO - Extracting data from PostgreSQL (products)...
[2025-01-17T03:08:38.611+0000] {spark_submit.py:641} INFO - Extracting data from PostgreSQL (transactions)...
[2025-01-17T03:08:38.640+0000] {spark_submit.py:641} INFO - Transforming data...
[2025-01-17T03:08:39.141+0000] {spark_submit.py:641} INFO - Traceback (most recent call last):
[2025-01-17T03:08:39.141+0000] {spark_submit.py:641} INFO - File "/spark-scripts/resources/transform.py", line 223, in <module>
[2025-01-17T03:08:39.144+0000] {spark_submit.py:641} INFO - transform_data()
[2025-01-17T03:08:39.144+0000] {spark_submit.py:641} INFO - File "/spark-scripts/resources/transform.py", line 137, in transform_data
[2025-01-17T03:08:39.145+0000] {spark_submit.py:641} INFO - .withColumn("base_price", F.when("base_price").rlike("^[0-9]+(\.[0-9]+)?$"), F.col("base_price")).otherwise("0")
[2025-01-17T03:08:39.146+0000] {spark_submit.py:641} INFO - TypeError: when() missing 1 required positional argument: 'value'
[2025-01-17T03:08:39.279+0000] {taskinstance.py:441} INFO - ::group::Post task execution logs
[2025-01-17T03:08:39.287+0000] {taskinstance.py:2905} ERROR - Task failed with exception
Traceback (most recent call last):
  File "/home/airflow/.local/lib/python3.10/site-packages/airflow/models/taskinstance.py", line 465, in _execute_task
    result = _execute_callable(context=context, **execute_callable_kwargs)
  File "/home/airflow/.local/lib/python3.10/site-packages/airflow/models/taskinstance.py", line 432, in _execute_callable
    return execute_callable(context=context, **execute_callable_kwargs)
  File "/home/airflow/.local/lib/python3.10/site-packages/airflow/models/baseoperator.py", line 401, in wrapper
    return func(self, *args, **kwargs)
  File "/home/airflow/.local/lib/python3.10/site-packages/airflow/providers/apache/spark/operators/spark_submit.py", line 177, in execute
    self._hook.submit(self.application)
  File "/home/airflow/.local/lib/python3.10/site-packages/airflow/providers/apache/spark/hooks/spark_submit.py", line 567, in submit
    raise AirflowException(
airflow.exceptions.AirflowException: Cannot execute: spark-submit --master spark://spark-master:7077 --jars /spark-scripts/jars/jars_postgresql-42.2.20.jar --name arrow-spark /spark-scripts/resources/transform.py. Error code is: 1.
[2025-01-17T03:08:39.291+0000] {taskinstance.py:1206} INFO - Marking task as FAILED. dag_id=ETL, task_id=transform_data, run_id=manual__2025-01-17T03:08:22.104320+00:00, execution_date=20250117T030822, start_date=20250117T030832, end_date=20250117T030839
[2025-01-17T03:08:39.306+0000] {standard_task_runner.py:110} ERROR - Failed to execute job 56 for task transform_data (Cannot execute: spark-submit --master spark://spark-master:7077 --jars /spark-scripts/jars/jars_postgresql-42.2.20.jar --name arrow-spark /spark-scripts/resources/transform.py. Error code is: 1.; 7262)
[2025-01-17T03:08:39.321+0000] {local_task_job_runner.py:240} INFO - Task exited with return code 1
[2025-01-17T03:08:39.344+0000] {taskinstance.py:3503} INFO - 0 downstream tasks scheduled from follow-on schedule check
[2025-01-17T03:08:39.351+0000] {local_task_job_runner.py:222} INFO - ::endgroup::
