[2025-01-17T14:15:42.481+0000] {processor.py:161} INFO - Started process (PID=1098) to work on /opt/airflow/dags/e_commerce.py
[2025-01-17T14:15:42.486+0000] {processor.py:830} INFO - Processing file /opt/airflow/dags/e_commerce.py for tasks to queue
[2025-01-17T14:15:42.496+0000] {logging_mixin.py:188} INFO - [2025-01-17T14:15:42.495+0000] {dagbag.py:545} INFO - Filling up the DagBag from /opt/airflow/dags/e_commerce.py
[2025-01-17T14:15:42.630+0000] {processor.py:840} INFO - DAG(s) 'e_commerce' retrieved from /opt/airflow/dags/e_commerce.py
[2025-01-17T14:15:43.140+0000] {logging_mixin.py:188} INFO - [2025-01-17T14:15:43.139+0000] {override.py:1829} INFO - Created Permission View: can read on DAG:e_commerce
[2025-01-17T14:15:43.156+0000] {logging_mixin.py:188} INFO - [2025-01-17T14:15:43.155+0000] {override.py:1829} INFO - Created Permission View: can delete on DAG:e_commerce
[2025-01-17T14:15:43.168+0000] {logging_mixin.py:188} INFO - [2025-01-17T14:15:43.168+0000] {override.py:1829} INFO - Created Permission View: can edit on DAG:e_commerce
[2025-01-17T14:15:43.170+0000] {logging_mixin.py:188} INFO - [2025-01-17T14:15:43.169+0000] {dag.py:3096} INFO - Sync 1 DAGs
[2025-01-17T14:15:43.191+0000] {logging_mixin.py:188} INFO - [2025-01-17T14:15:43.190+0000] {dag.py:3118} INFO - Creating ORM DAG for e_commerce
[2025-01-17T14:15:43.193+0000] {logging_mixin.py:188} INFO - [2025-01-17T14:15:43.193+0000] {dag.py:3954} INFO - Setting next_dagrun for e_commerce to None, run_after=None
[2025-01-17T14:15:43.288+0000] {processor.py:183} INFO - Processing /opt/airflow/dags/e_commerce.py took 0.835 seconds
[2025-01-17T14:16:13.596+0000] {processor.py:161} INFO - Started process (PID=1118) to work on /opt/airflow/dags/e_commerce.py
[2025-01-17T14:16:13.601+0000] {processor.py:830} INFO - Processing file /opt/airflow/dags/e_commerce.py for tasks to queue
[2025-01-17T14:16:13.614+0000] {logging_mixin.py:188} INFO - [2025-01-17T14:16:13.613+0000] {dagbag.py:545} INFO - Filling up the DagBag from /opt/airflow/dags/e_commerce.py
[2025-01-17T14:16:13.712+0000] {processor.py:840} INFO - DAG(s) 'e_commerce' retrieved from /opt/airflow/dags/e_commerce.py
[2025-01-17T14:16:13.852+0000] {logging_mixin.py:188} INFO - [2025-01-17T14:16:13.851+0000] {dag.py:3096} INFO - Sync 1 DAGs
[2025-01-17T14:16:13.916+0000] {logging_mixin.py:188} INFO - [2025-01-17T14:16:13.915+0000] {dag.py:3954} INFO - Setting next_dagrun for e_commerce to None, run_after=None
[2025-01-17T14:16:14.016+0000] {processor.py:183} INFO - Processing /opt/airflow/dags/e_commerce.py took 0.459 seconds
[2025-01-17T14:16:44.214+0000] {processor.py:161} INFO - Started process (PID=1333) to work on /opt/airflow/dags/e_commerce.py
[2025-01-17T14:16:44.216+0000] {processor.py:830} INFO - Processing file /opt/airflow/dags/e_commerce.py for tasks to queue
[2025-01-17T14:16:44.218+0000] {logging_mixin.py:188} INFO - [2025-01-17T14:16:44.217+0000] {dagbag.py:545} INFO - Filling up the DagBag from /opt/airflow/dags/e_commerce.py
[2025-01-17T14:16:44.244+0000] {processor.py:840} INFO - DAG(s) 'e_commerce' retrieved from /opt/airflow/dags/e_commerce.py
[2025-01-17T14:16:44.278+0000] {logging_mixin.py:188} INFO - [2025-01-17T14:16:44.278+0000] {dag.py:3096} INFO - Sync 1 DAGs
[2025-01-17T14:16:44.293+0000] {logging_mixin.py:188} INFO - [2025-01-17T14:16:44.292+0000] {dag.py:3954} INFO - Setting next_dagrun for e_commerce to None, run_after=None
[2025-01-17T14:16:44.318+0000] {processor.py:183} INFO - Processing /opt/airflow/dags/e_commerce.py took 0.110 seconds
[2025-01-17T14:17:15.188+0000] {processor.py:161} INFO - Started process (PID=1353) to work on /opt/airflow/dags/e_commerce.py
[2025-01-17T14:17:15.190+0000] {processor.py:830} INFO - Processing file /opt/airflow/dags/e_commerce.py for tasks to queue
[2025-01-17T14:17:15.194+0000] {logging_mixin.py:188} INFO - [2025-01-17T14:17:15.193+0000] {dagbag.py:545} INFO - Filling up the DagBag from /opt/airflow/dags/e_commerce.py
[2025-01-17T14:17:15.224+0000] {processor.py:840} INFO - DAG(s) 'e_commerce' retrieved from /opt/airflow/dags/e_commerce.py
[2025-01-17T14:17:15.273+0000] {logging_mixin.py:188} INFO - [2025-01-17T14:17:15.273+0000] {dag.py:3096} INFO - Sync 1 DAGs
[2025-01-17T14:17:15.291+0000] {logging_mixin.py:188} INFO - [2025-01-17T14:17:15.291+0000] {dag.py:3954} INFO - Setting next_dagrun for e_commerce to None, run_after=None
[2025-01-17T14:17:15.331+0000] {processor.py:183} INFO - Processing /opt/airflow/dags/e_commerce.py took 0.154 seconds
[2025-01-17T14:17:45.606+0000] {processor.py:161} INFO - Started process (PID=1373) to work on /opt/airflow/dags/e_commerce.py
[2025-01-17T14:17:45.610+0000] {processor.py:830} INFO - Processing file /opt/airflow/dags/e_commerce.py for tasks to queue
[2025-01-17T14:17:45.616+0000] {logging_mixin.py:188} INFO - [2025-01-17T14:17:45.615+0000] {dagbag.py:545} INFO - Filling up the DagBag from /opt/airflow/dags/e_commerce.py
[2025-01-17T14:17:45.691+0000] {processor.py:840} INFO - DAG(s) 'e_commerce' retrieved from /opt/airflow/dags/e_commerce.py
[2025-01-17T14:17:45.791+0000] {logging_mixin.py:188} INFO - [2025-01-17T14:17:45.790+0000] {dag.py:3096} INFO - Sync 1 DAGs
[2025-01-17T14:17:45.835+0000] {logging_mixin.py:188} INFO - [2025-01-17T14:17:45.834+0000] {dag.py:3954} INFO - Setting next_dagrun for e_commerce to None, run_after=None
[2025-01-17T14:17:45.913+0000] {processor.py:183} INFO - Processing /opt/airflow/dags/e_commerce.py took 0.330 seconds
[2025-01-17T14:18:16.758+0000] {processor.py:161} INFO - Started process (PID=1393) to work on /opt/airflow/dags/e_commerce.py
[2025-01-17T14:18:16.760+0000] {processor.py:830} INFO - Processing file /opt/airflow/dags/e_commerce.py for tasks to queue
[2025-01-17T14:18:16.762+0000] {logging_mixin.py:188} INFO - [2025-01-17T14:18:16.762+0000] {dagbag.py:545} INFO - Filling up the DagBag from /opt/airflow/dags/e_commerce.py
[2025-01-17T14:18:16.791+0000] {processor.py:840} INFO - DAG(s) 'e_commerce' retrieved from /opt/airflow/dags/e_commerce.py
[2025-01-17T14:18:16.827+0000] {logging_mixin.py:188} INFO - [2025-01-17T14:18:16.827+0000] {dag.py:3096} INFO - Sync 1 DAGs
[2025-01-17T14:18:16.844+0000] {logging_mixin.py:188} INFO - [2025-01-17T14:18:16.844+0000] {dag.py:3954} INFO - Setting next_dagrun for e_commerce to None, run_after=None
[2025-01-17T14:18:16.874+0000] {processor.py:183} INFO - Processing /opt/airflow/dags/e_commerce.py took 0.124 seconds
[2025-01-17T14:18:47.118+0000] {processor.py:161} INFO - Started process (PID=1413) to work on /opt/airflow/dags/e_commerce.py
[2025-01-17T14:18:47.124+0000] {processor.py:830} INFO - Processing file /opt/airflow/dags/e_commerce.py for tasks to queue
[2025-01-17T14:18:47.133+0000] {logging_mixin.py:188} INFO - [2025-01-17T14:18:47.132+0000] {dagbag.py:545} INFO - Filling up the DagBag from /opt/airflow/dags/e_commerce.py
[2025-01-17T14:18:47.226+0000] {processor.py:840} INFO - DAG(s) 'e_commerce' retrieved from /opt/airflow/dags/e_commerce.py
[2025-01-17T14:18:47.355+0000] {logging_mixin.py:188} INFO - [2025-01-17T14:18:47.354+0000] {dag.py:3096} INFO - Sync 1 DAGs
[2025-01-17T14:18:47.409+0000] {logging_mixin.py:188} INFO - [2025-01-17T14:18:47.408+0000] {dag.py:3954} INFO - Setting next_dagrun for e_commerce to None, run_after=None
[2025-01-17T14:18:47.465+0000] {processor.py:183} INFO - Processing /opt/airflow/dags/e_commerce.py took 0.378 seconds
[2025-01-17T14:19:17.802+0000] {processor.py:161} INFO - Started process (PID=1433) to work on /opt/airflow/dags/e_commerce.py
[2025-01-17T14:19:17.806+0000] {processor.py:830} INFO - Processing file /opt/airflow/dags/e_commerce.py for tasks to queue
[2025-01-17T14:19:17.813+0000] {logging_mixin.py:188} INFO - [2025-01-17T14:19:17.812+0000] {dagbag.py:545} INFO - Filling up the DagBag from /opt/airflow/dags/e_commerce.py
[2025-01-17T14:19:17.892+0000] {processor.py:840} INFO - DAG(s) 'e_commerce' retrieved from /opt/airflow/dags/e_commerce.py
[2025-01-17T14:19:17.940+0000] {logging_mixin.py:188} INFO - [2025-01-17T14:19:17.939+0000] {dag.py:3096} INFO - Sync 1 DAGs
[2025-01-17T14:19:17.958+0000] {logging_mixin.py:188} INFO - [2025-01-17T14:19:17.958+0000] {dag.py:3954} INFO - Setting next_dagrun for e_commerce to None, run_after=None
[2025-01-17T14:19:17.998+0000] {processor.py:183} INFO - Processing /opt/airflow/dags/e_commerce.py took 0.225 seconds
[2025-01-17T14:19:48.199+0000] {processor.py:161} INFO - Started process (PID=1453) to work on /opt/airflow/dags/e_commerce.py
[2025-01-17T14:19:48.203+0000] {processor.py:830} INFO - Processing file /opt/airflow/dags/e_commerce.py for tasks to queue
[2025-01-17T14:19:48.212+0000] {logging_mixin.py:188} INFO - [2025-01-17T14:19:48.211+0000] {dagbag.py:545} INFO - Filling up the DagBag from /opt/airflow/dags/e_commerce.py
[2025-01-17T14:19:48.292+0000] {processor.py:840} INFO - DAG(s) 'e_commerce' retrieved from /opt/airflow/dags/e_commerce.py
[2025-01-17T14:19:48.339+0000] {logging_mixin.py:188} INFO - [2025-01-17T14:19:48.338+0000] {dag.py:3096} INFO - Sync 1 DAGs
[2025-01-17T14:19:48.357+0000] {logging_mixin.py:188} INFO - [2025-01-17T14:19:48.356+0000] {dag.py:3954} INFO - Setting next_dagrun for e_commerce to None, run_after=None
[2025-01-17T14:19:48.397+0000] {processor.py:183} INFO - Processing /opt/airflow/dags/e_commerce.py took 0.223 seconds
[2025-01-17T14:20:18.780+0000] {processor.py:161} INFO - Started process (PID=1473) to work on /opt/airflow/dags/e_commerce.py
[2025-01-17T14:20:18.781+0000] {processor.py:830} INFO - Processing file /opt/airflow/dags/e_commerce.py for tasks to queue
[2025-01-17T14:20:18.785+0000] {logging_mixin.py:188} INFO - [2025-01-17T14:20:18.785+0000] {dagbag.py:545} INFO - Filling up the DagBag from /opt/airflow/dags/e_commerce.py
[2025-01-17T14:20:18.810+0000] {processor.py:840} INFO - DAG(s) 'e_commerce' retrieved from /opt/airflow/dags/e_commerce.py
[2025-01-17T14:20:18.849+0000] {logging_mixin.py:188} INFO - [2025-01-17T14:20:18.849+0000] {dag.py:3096} INFO - Sync 1 DAGs
[2025-01-17T14:20:18.867+0000] {logging_mixin.py:188} INFO - [2025-01-17T14:20:18.866+0000] {dag.py:3954} INFO - Setting next_dagrun for e_commerce to None, run_after=None
[2025-01-17T14:20:18.902+0000] {processor.py:183} INFO - Processing /opt/airflow/dags/e_commerce.py took 0.130 seconds
[2025-01-17T14:20:49.382+0000] {processor.py:161} INFO - Started process (PID=1493) to work on /opt/airflow/dags/e_commerce.py
[2025-01-17T14:20:49.386+0000] {processor.py:830} INFO - Processing file /opt/airflow/dags/e_commerce.py for tasks to queue
[2025-01-17T14:20:49.392+0000] {logging_mixin.py:188} INFO - [2025-01-17T14:20:49.391+0000] {dagbag.py:545} INFO - Filling up the DagBag from /opt/airflow/dags/e_commerce.py
[2025-01-17T14:20:49.469+0000] {processor.py:840} INFO - DAG(s) 'e_commerce' retrieved from /opt/airflow/dags/e_commerce.py
[2025-01-17T14:20:49.580+0000] {logging_mixin.py:188} INFO - [2025-01-17T14:20:49.579+0000] {dag.py:3096} INFO - Sync 1 DAGs
[2025-01-17T14:20:49.602+0000] {logging_mixin.py:188} INFO - [2025-01-17T14:20:49.602+0000] {dag.py:3954} INFO - Setting next_dagrun for e_commerce to None, run_after=None
[2025-01-17T14:20:49.639+0000] {processor.py:183} INFO - Processing /opt/airflow/dags/e_commerce.py took 0.283 seconds
[2025-01-17T14:21:19.849+0000] {processor.py:161} INFO - Started process (PID=1513) to work on /opt/airflow/dags/e_commerce.py
[2025-01-17T14:21:19.851+0000] {processor.py:830} INFO - Processing file /opt/airflow/dags/e_commerce.py for tasks to queue
[2025-01-17T14:21:19.853+0000] {logging_mixin.py:188} INFO - [2025-01-17T14:21:19.852+0000] {dagbag.py:545} INFO - Filling up the DagBag from /opt/airflow/dags/e_commerce.py
[2025-01-17T14:21:19.882+0000] {processor.py:840} INFO - DAG(s) 'e_commerce' retrieved from /opt/airflow/dags/e_commerce.py
[2025-01-17T14:21:19.924+0000] {logging_mixin.py:188} INFO - [2025-01-17T14:21:19.923+0000] {dag.py:3096} INFO - Sync 1 DAGs
[2025-01-17T14:21:19.939+0000] {logging_mixin.py:188} INFO - [2025-01-17T14:21:19.939+0000] {dag.py:3954} INFO - Setting next_dagrun for e_commerce to None, run_after=None
[2025-01-17T14:21:19.967+0000] {processor.py:183} INFO - Processing /opt/airflow/dags/e_commerce.py took 0.126 seconds
[2025-01-17T14:21:50.670+0000] {processor.py:161} INFO - Started process (PID=1533) to work on /opt/airflow/dags/e_commerce.py
[2025-01-17T14:21:50.675+0000] {processor.py:830} INFO - Processing file /opt/airflow/dags/e_commerce.py for tasks to queue
[2025-01-17T14:21:50.684+0000] {logging_mixin.py:188} INFO - [2025-01-17T14:21:50.683+0000] {dagbag.py:545} INFO - Filling up the DagBag from /opt/airflow/dags/e_commerce.py
[2025-01-17T14:21:50.779+0000] {processor.py:840} INFO - DAG(s) 'e_commerce' retrieved from /opt/airflow/dags/e_commerce.py
[2025-01-17T14:21:50.905+0000] {logging_mixin.py:188} INFO - [2025-01-17T14:21:50.904+0000] {dag.py:3096} INFO - Sync 1 DAGs
[2025-01-17T14:21:50.978+0000] {logging_mixin.py:188} INFO - [2025-01-17T14:21:50.977+0000] {dag.py:3954} INFO - Setting next_dagrun for e_commerce to None, run_after=None
[2025-01-17T14:21:51.079+0000] {processor.py:183} INFO - Processing /opt/airflow/dags/e_commerce.py took 0.439 seconds
[2025-01-17T14:22:21.740+0000] {processor.py:161} INFO - Started process (PID=1553) to work on /opt/airflow/dags/e_commerce.py
[2025-01-17T14:22:21.742+0000] {processor.py:830} INFO - Processing file /opt/airflow/dags/e_commerce.py for tasks to queue
[2025-01-17T14:22:21.745+0000] {logging_mixin.py:188} INFO - [2025-01-17T14:22:21.744+0000] {dagbag.py:545} INFO - Filling up the DagBag from /opt/airflow/dags/e_commerce.py
[2025-01-17T14:22:21.775+0000] {processor.py:840} INFO - DAG(s) 'e_commerce' retrieved from /opt/airflow/dags/e_commerce.py
[2025-01-17T14:22:21.821+0000] {logging_mixin.py:188} INFO - [2025-01-17T14:22:21.821+0000] {dag.py:3096} INFO - Sync 1 DAGs
[2025-01-17T14:22:21.837+0000] {logging_mixin.py:188} INFO - [2025-01-17T14:22:21.837+0000] {dag.py:3954} INFO - Setting next_dagrun for e_commerce to None, run_after=None
[2025-01-17T14:22:21.876+0000] {processor.py:183} INFO - Processing /opt/airflow/dags/e_commerce.py took 0.147 seconds
[2025-01-17T14:22:52.438+0000] {processor.py:161} INFO - Started process (PID=1573) to work on /opt/airflow/dags/e_commerce.py
[2025-01-17T14:22:52.442+0000] {processor.py:830} INFO - Processing file /opt/airflow/dags/e_commerce.py for tasks to queue
[2025-01-17T14:22:52.450+0000] {logging_mixin.py:188} INFO - [2025-01-17T14:22:52.449+0000] {dagbag.py:545} INFO - Filling up the DagBag from /opt/airflow/dags/e_commerce.py
[2025-01-17T14:22:52.539+0000] {processor.py:840} INFO - DAG(s) 'e_commerce' retrieved from /opt/airflow/dags/e_commerce.py
[2025-01-17T14:22:52.672+0000] {logging_mixin.py:188} INFO - [2025-01-17T14:22:52.671+0000] {dag.py:3096} INFO - Sync 1 DAGs
[2025-01-17T14:22:52.719+0000] {logging_mixin.py:188} INFO - [2025-01-17T14:22:52.719+0000] {dag.py:3954} INFO - Setting next_dagrun for e_commerce to None, run_after=None
[2025-01-17T14:22:52.755+0000] {processor.py:183} INFO - Processing /opt/airflow/dags/e_commerce.py took 0.347 seconds
[2025-01-17T14:23:23.519+0000] {processor.py:161} INFO - Started process (PID=1593) to work on /opt/airflow/dags/e_commerce.py
[2025-01-17T14:23:23.523+0000] {processor.py:830} INFO - Processing file /opt/airflow/dags/e_commerce.py for tasks to queue
[2025-01-17T14:23:23.528+0000] {logging_mixin.py:188} INFO - [2025-01-17T14:23:23.527+0000] {dagbag.py:545} INFO - Filling up the DagBag from /opt/airflow/dags/e_commerce.py
[2025-01-17T14:23:23.592+0000] {processor.py:840} INFO - DAG(s) 'e_commerce' retrieved from /opt/airflow/dags/e_commerce.py
[2025-01-17T14:23:23.627+0000] {logging_mixin.py:188} INFO - [2025-01-17T14:23:23.627+0000] {dag.py:3096} INFO - Sync 1 DAGs
[2025-01-17T14:23:23.642+0000] {logging_mixin.py:188} INFO - [2025-01-17T14:23:23.642+0000] {dag.py:3954} INFO - Setting next_dagrun for e_commerce to None, run_after=None
[2025-01-17T14:23:23.676+0000] {processor.py:183} INFO - Processing /opt/airflow/dags/e_commerce.py took 0.177 seconds
[2025-01-17T14:23:54.574+0000] {processor.py:161} INFO - Started process (PID=1613) to work on /opt/airflow/dags/e_commerce.py
[2025-01-17T14:23:54.578+0000] {processor.py:830} INFO - Processing file /opt/airflow/dags/e_commerce.py for tasks to queue
[2025-01-17T14:23:54.586+0000] {logging_mixin.py:188} INFO - [2025-01-17T14:23:54.585+0000] {dagbag.py:545} INFO - Filling up the DagBag from /opt/airflow/dags/e_commerce.py
[2025-01-17T14:23:54.668+0000] {processor.py:840} INFO - DAG(s) 'e_commerce' retrieved from /opt/airflow/dags/e_commerce.py
[2025-01-17T14:23:54.780+0000] {logging_mixin.py:188} INFO - [2025-01-17T14:23:54.779+0000] {dag.py:3096} INFO - Sync 1 DAGs
[2025-01-17T14:23:54.830+0000] {logging_mixin.py:188} INFO - [2025-01-17T14:23:54.830+0000] {dag.py:3954} INFO - Setting next_dagrun for e_commerce to None, run_after=None
[2025-01-17T14:23:54.925+0000] {processor.py:183} INFO - Processing /opt/airflow/dags/e_commerce.py took 0.377 seconds
[2025-01-17T14:24:25.433+0000] {processor.py:161} INFO - Started process (PID=1633) to work on /opt/airflow/dags/e_commerce.py
[2025-01-17T14:24:25.434+0000] {processor.py:830} INFO - Processing file /opt/airflow/dags/e_commerce.py for tasks to queue
[2025-01-17T14:24:25.437+0000] {logging_mixin.py:188} INFO - [2025-01-17T14:24:25.436+0000] {dagbag.py:545} INFO - Filling up the DagBag from /opt/airflow/dags/e_commerce.py
[2025-01-17T14:24:25.462+0000] {processor.py:840} INFO - DAG(s) 'e_commerce' retrieved from /opt/airflow/dags/e_commerce.py
[2025-01-17T14:24:25.500+0000] {logging_mixin.py:188} INFO - [2025-01-17T14:24:25.500+0000] {dag.py:3096} INFO - Sync 1 DAGs
[2025-01-17T14:24:25.517+0000] {logging_mixin.py:188} INFO - [2025-01-17T14:24:25.517+0000] {dag.py:3954} INFO - Setting next_dagrun for e_commerce to None, run_after=None
[2025-01-17T14:24:25.554+0000] {processor.py:183} INFO - Processing /opt/airflow/dags/e_commerce.py took 0.130 seconds
[2025-01-17T14:24:56.669+0000] {processor.py:161} INFO - Started process (PID=1653) to work on /opt/airflow/dags/e_commerce.py
[2025-01-17T14:24:56.673+0000] {processor.py:830} INFO - Processing file /opt/airflow/dags/e_commerce.py for tasks to queue
[2025-01-17T14:24:56.681+0000] {logging_mixin.py:188} INFO - [2025-01-17T14:24:56.679+0000] {dagbag.py:545} INFO - Filling up the DagBag from /opt/airflow/dags/e_commerce.py
[2025-01-17T14:24:56.763+0000] {processor.py:840} INFO - DAG(s) 'e_commerce' retrieved from /opt/airflow/dags/e_commerce.py
[2025-01-17T14:24:56.885+0000] {logging_mixin.py:188} INFO - [2025-01-17T14:24:56.884+0000] {dag.py:3096} INFO - Sync 1 DAGs
[2025-01-17T14:24:56.940+0000] {logging_mixin.py:188} INFO - [2025-01-17T14:24:56.939+0000] {dag.py:3954} INFO - Setting next_dagrun for e_commerce to None, run_after=None
[2025-01-17T14:24:57.047+0000] {processor.py:183} INFO - Processing /opt/airflow/dags/e_commerce.py took 0.404 seconds
[2025-01-17T14:25:28.060+0000] {processor.py:161} INFO - Started process (PID=1673) to work on /opt/airflow/dags/e_commerce.py
[2025-01-17T14:25:28.064+0000] {processor.py:830} INFO - Processing file /opt/airflow/dags/e_commerce.py for tasks to queue
[2025-01-17T14:25:28.071+0000] {logging_mixin.py:188} INFO - [2025-01-17T14:25:28.070+0000] {dagbag.py:545} INFO - Filling up the DagBag from /opt/airflow/dags/e_commerce.py
[2025-01-17T14:25:28.153+0000] {processor.py:840} INFO - DAG(s) 'e_commerce' retrieved from /opt/airflow/dags/e_commerce.py
[2025-01-17T14:25:28.260+0000] {logging_mixin.py:188} INFO - [2025-01-17T14:25:28.259+0000] {dag.py:3096} INFO - Sync 1 DAGs
[2025-01-17T14:25:28.282+0000] {logging_mixin.py:188} INFO - [2025-01-17T14:25:28.282+0000] {dag.py:3954} INFO - Setting next_dagrun for e_commerce to None, run_after=None
[2025-01-17T14:25:28.316+0000] {processor.py:183} INFO - Processing /opt/airflow/dags/e_commerce.py took 0.281 seconds
[2025-01-17T14:25:59.023+0000] {processor.py:161} INFO - Started process (PID=1693) to work on /opt/airflow/dags/e_commerce.py
[2025-01-17T14:25:59.026+0000] {processor.py:830} INFO - Processing file /opt/airflow/dags/e_commerce.py for tasks to queue
[2025-01-17T14:25:59.034+0000] {logging_mixin.py:188} INFO - [2025-01-17T14:25:59.032+0000] {dagbag.py:545} INFO - Filling up the DagBag from /opt/airflow/dags/e_commerce.py
[2025-01-17T14:25:59.123+0000] {processor.py:840} INFO - DAG(s) 'e_commerce' retrieved from /opt/airflow/dags/e_commerce.py
[2025-01-17T14:25:59.186+0000] {logging_mixin.py:188} INFO - [2025-01-17T14:25:59.186+0000] {dag.py:3096} INFO - Sync 1 DAGs
[2025-01-17T14:25:59.207+0000] {logging_mixin.py:188} INFO - [2025-01-17T14:25:59.206+0000] {dag.py:3954} INFO - Setting next_dagrun for e_commerce to None, run_after=None
[2025-01-17T14:25:59.241+0000] {processor.py:183} INFO - Processing /opt/airflow/dags/e_commerce.py took 0.248 seconds
[2025-01-17T14:26:30.039+0000] {processor.py:161} INFO - Started process (PID=1713) to work on /opt/airflow/dags/e_commerce.py
[2025-01-17T14:26:30.044+0000] {processor.py:830} INFO - Processing file /opt/airflow/dags/e_commerce.py for tasks to queue
[2025-01-17T14:26:30.055+0000] {logging_mixin.py:188} INFO - [2025-01-17T14:26:30.053+0000] {dagbag.py:545} INFO - Filling up the DagBag from /opt/airflow/dags/e_commerce.py
[2025-01-17T14:26:30.139+0000] {processor.py:840} INFO - DAG(s) 'e_commerce' retrieved from /opt/airflow/dags/e_commerce.py
[2025-01-17T14:26:30.255+0000] {logging_mixin.py:188} INFO - [2025-01-17T14:26:30.254+0000] {dag.py:3096} INFO - Sync 1 DAGs
[2025-01-17T14:26:30.305+0000] {logging_mixin.py:188} INFO - [2025-01-17T14:26:30.304+0000] {dag.py:3954} INFO - Setting next_dagrun for e_commerce to None, run_after=None
[2025-01-17T14:26:30.399+0000] {processor.py:183} INFO - Processing /opt/airflow/dags/e_commerce.py took 0.388 seconds
